2025-08-27 20:52:32,644 - INFO - Starting schicluster processing for stages: ['E80']
2025-08-27 20:52:32,645 - INFO - Parameters: resolution=100000, batch_size=1536, cpu_per_job=30
2025-08-27 20:52:32,645 - INFO - 
==================================================
2025-08-27 20:52:32,645 - INFO - Processing stage: E80
2025-08-27 20:52:32,645 - INFO - ==================================================
2025-08-27 20:52:32,647 - INFO - Processing 559 cells for stage E80
2025-08-27 20:52:32,647 - INFO - Starting complete schicluster pipeline for stage E80
2025-08-27 20:52:32,647 - INFO - Step 1: Running prepare-impute for stage E80
2025-08-27 20:52:32,647 - INFO - Command: hicluster prepare-impute --cell_table /Volumes/SumSung500/CSU/0_HiRES/hires_data_processing/contact_tables/contact_table_E80.tsv --batch_size 1536 --pad 1 --cpu_per_job 30 --chr1 1 --pos1 2 --chr2 5 --pos2 6 --output_dir /Volumes/SumSung500/CSU/0_HiRES/hires_data_processing/outputs/E80/impute/100K --chrom_size_path /Volumes/SumSung500/CSU/0_HiRES/mm10_chrom_sizes_with_chrY.txt --output_dist 500000000 --window_size 500000000 --step_size 500000000 --resolution 100000
2025-08-27 20:52:32,647 - INFO - Output directory: /Volumes/SumSung500/CSU/0_HiRES/hires_data_processing/outputs/E80/impute/100K
2025-08-27 20:52:32,647 - INFO - Contact table: /Volumes/SumSung500/CSU/0_HiRES/hires_data_processing/contact_tables/contact_table_E80.tsv
2025-08-27 20:52:35,806 - INFO - Successfully completed prepare-impute for stage E80
2025-08-27 20:52:35,806 - INFO - STDOUT: command	prepare-impute
output_dir	/Volumes/SumSung500/CSU/0_HiRES/hires_data_processing/outputs/E80/impute/100K
chrom_size_path	/Volumes/SumSung500/CSU/0_HiRES/mm10_chrom_sizes_with_chrY.txt
output_dist	500000000
window_size	500000000
step_size	500000000
resolution	100000
input_scool	None
cell_table	/Volumes/SumSung500/CSU/0_HiRES/hires_data_processing/contact_tables/contact_table_E80.tsv
batch_size	1536
logscale	False
pad	1
std	1
rp	0.5
tol	0.01
min_cutoff	1e-05
cpu_per_job	30
chrom1	1
chrom2	5
pos1	2
pos2	6
hicluster: Executing prepare-impute...
prepare-impute finished.

2025-08-27 20:52:35,806 - INFO - Step 2: Running snakemake imputation for stage E80
2025-08-27 20:52:35,806 - INFO - Command: snakemake -d /Volumes/SumSung500/CSU/0_HiRES/hires_data_processing/outputs/E80/impute/100K/chunk0 --snakefile /Volumes/SumSung500/CSU/0_HiRES/hires_data_processing/outputs/E80/impute/100K/chunk0/Snakefile -j 30
