[0;34m[INFO][0m 2025-09-10 14:22:46 - 开始批处理 JSON to H5AD 转换
[0;34m[INFO][0m 2025-09-10 14:22:46 - 处理模式: 正常模式
[0;34m[INFO][0m 2025-09-10 14:22:46 - 出错策略: 停止处理
[0;34m[INFO][0m 2025-09-10 14:22:46 - 要处理的stages: E70 E75 E80 E85 E95 EX05 EX15
[0;34m[INFO][0m 2025-09-10 14:22:46 - 检查依赖...
[0;34m[INFO][0m 2025-09-10 14:22:46 - 检查Python环境...
[0;32m[SUCCESS][0m 2025-09-10 14:22:49 - 依赖检查通过
[0;34m[INFO][0m 2025-09-10 14:22:49 - 磁盘空间检查通过
[0;34m[INFO][0m 2025-09-10 14:22:49 - 开始处理 Stage E70
[0;32m[SUCCESS][0m 2025-09-10 14:22:52 - Stage E70 处理完成 (用时: 3s)
[0;34m[INFO][0m 2025-09-10 14:22:52 - 等待5秒后处理下一个stage...
[0;34m[INFO][0m 2025-09-10 14:22:57 - 开始处理 Stage E75
[0;32m[SUCCESS][0m 2025-09-10 14:23:18 - Stage E75 处理完成 (用时: 21s)
[0;34m[INFO][0m 2025-09-10 14:23:18 - 等待5秒后处理下一个stage...
[0;34m[INFO][0m 2025-09-10 14:23:23 - 开始处理 Stage E80
[0;32m[SUCCESS][0m 2025-09-10 14:23:32 - Stage E80 处理完成 (用时: 9s)
[0;34m[INFO][0m 2025-09-10 14:23:32 - 等待5秒后处理下一个stage...
[0;34m[INFO][0m 2025-09-10 14:23:37 - 开始处理 Stage E85
[0;32m[SUCCESS][0m 2025-09-10 14:23:58 - Stage E85 处理完成 (用时: 21s)
[0;34m[INFO][0m 2025-09-10 14:23:58 - 等待5秒后处理下一个stage...
[0;34m[INFO][0m 2025-09-10 14:24:03 - 开始处理 Stage E95
[0;32m[SUCCESS][0m 2025-09-10 14:24:18 - Stage E95 处理完成 (用时: 15s)
[0;34m[INFO][0m 2025-09-10 14:24:18 - 等待5秒后处理下一个stage...
[0;34m[INFO][0m 2025-09-10 14:24:23 - 开始处理 Stage EX05
[0;32m[SUCCESS][0m 2025-09-10 14:24:41 - Stage EX05 处理完成 (用时: 18s)
[0;34m[INFO][0m 2025-09-10 14:24:41 - 等待5秒后处理下一个stage...
[0;34m[INFO][0m 2025-09-10 14:24:46 - 开始处理 Stage EX15
[0;32m[SUCCESS][0m 2025-09-10 14:25:03 - Stage EX15 处理完成 (用时: 17s)
[0;34m[INFO][0m 2025-09-10 14:25:03 - 等待5秒后处理下一个stage...
[0;34m[INFO][0m 2025-09-10 14:25:08 - 生成处理报告...
[0;34m[INFO][0m 2025-09-10 14:25:08 - 处理报告已保存: /Volumes/SumSung500/CSU/0_HiRES/4_contact_decay_profile_2_h5ad/json2h5ad/logs/batch_processing_report_20250910_142508.txt
[0;34m[INFO][0m 2025-09-10 14:25:08 - 批处理完成，总用时: 139s
[0;32m[SUCCESS][0m 2025-09-10 14:25:08 - 成功处理: 7/7 个stages
[0;32m[SUCCESS][0m 2025-09-10 14:25:08 - 所有stages处理成功!
