2025-09-10 14:23:38 - root - INFO - 日志系统初始化完成，日志文件: /Volumes/SumSung500/CSU/0_HiRES/4_contact_decay_profile_2_h5ad/json2h5ad/logs/stage_E85_processing_20250910_142338.log
2025-09-10 14:23:38 - root - INFO - 开始处理 Stage E85
2025-09-10 14:23:38 - root - INFO - 系统信息: {'platform': 'darwin', 'python_version': '3.12.11 | packaged by conda-forge | (main, Jun  4 2025, 14:38:53) [Clang 18.1.8 ]', 'cpu_count': 10, 'memory_total_gb': 24.0, 'memory_available_gb': 4.7111053466796875, 'current_time': '2025-09-10T14:23:38.708408'}
2025-09-10 14:23:38 - metadata_processor - INFO - 加载元数据文件: /Volumes/SumSung500/CSU/0_HiRES/4_contact_decay_profile_2_h5ad/json2h5ad/GSE223917_HiRES_emb_metadata.xlsx
2025-09-10 14:23:39 - metadata_processor - INFO - 成功加载元数据: 7469 个细胞记录
2025-09-10 14:23:39 - root - INFO - 找到 705 个JSON文件
2025-09-10 14:23:41 - utils - INFO - 处理 Stage E85 JSON文件: 100/705 (14.2%) - 已用时: 2.3s - 预计剩余: 14.2s
2025-09-10 14:23:44 - utils - INFO - 处理 Stage E85 JSON文件: 200/705 (28.4%) - 已用时: 4.6s - 预计剩余: 11.7s
2025-09-10 14:23:46 - utils - INFO - 处理 Stage E85 JSON文件: 300/705 (42.6%) - 已用时: 7.1s - 预计剩余: 9.6s
2025-09-10 14:23:48 - utils - INFO - 处理 Stage E85 JSON文件: 400/705 (56.7%) - 已用时: 9.4s - 预计剩余: 7.2s
2025-09-10 14:23:51 - utils - INFO - 处理 Stage E85 JSON文件: 500/705 (70.9%) - 已用时: 11.7s - 预计剩余: 4.8s
2025-09-10 14:23:53 - utils - INFO - 处理 Stage E85 JSON文件: 600/705 (85.1%) - 已用时: 14.1s - 预计剩余: 2.5s
2025-09-10 14:23:53 - root - INFO - 处理了 600 个文件: 1492.4 MB (+1252.7 MB from start)
2025-09-10 14:23:55 - utils - INFO - 处理 Stage E85 JSON文件: 700/705 (99.3%) - 已用时: 16.5s - 预计剩余: 0.1s
2025-09-10 14:23:56 - utils - INFO - 处理 Stage E85 JSON文件: 705/705 (100.0%) - 已用时: 16.6s - 预计剩余: 0.0s
2025-09-10 14:23:56 - utils - INFO - 处理 Stage E85 JSON文件 完成! 总用时: 16.6s
2025-09-10 14:23:56 - root - INFO - 成功处理 705 个文件
2025-09-10 14:23:56 - root - INFO - 处理 Stage E85 的 705 个文件 完成 - 用时: 16.6s - 内存变化: +1508.6 MB
2025-09-10 14:23:56 - data_validator - WARNING - Stage E85 distances长度差异较大: {24285: 1, 25328: 1, 23792: 1, 23353: 1, 24022: 1, 24307: 2, 25318: 3, 24084: 1, 25585: 1, 24675: 1, 25024: 1, 24074: 2, 21926: 1, 25007: 1, 23693: 1, 24834: 1, 23452: 2, 23364: 1, 25162: 2, 22422: 1, 22893: 1, 23820: 1, 21485: 1, 25377: 1, 24796: 1, 22013: 1, 24736: 1, 25068: 1, 25039: 1, 22985: 1, 22843: 2, 24370: 1, 23680: 1, 23550: 1, 23071: 1, 22695: 2, 23396: 2, 24000: 1, 24233: 1, 24615: 1, 24932: 1, 25419: 1, 23687: 1, 24484: 3, 24078: 1, 20671: 1, 23876: 1, 25410: 2, 23218: 1, 22652: 1, 21542: 1, 20435: 1, 24143: 1, 24254: 1, 23233: 1, 23151: 1, 20623: 1, 22806: 1, 25085: 1, 25090: 2, 22678: 2, 23991: 1, 24525: 1, 24161: 2, 21712: 1, 25077: 1, 25670: 1, 23875: 1, 23323: 1, 24308: 1, 24413: 2, 24189: 1, 24469: 1, 20788: 1, 24520: 1, 25227: 1, 23442: 1, 24043: 1, 23954: 1, 15311: 1, 23870: 1, 21319: 1, 25255: 1, 22788: 1, 22162: 1, 21783: 1, 21813: 2, 21517: 1, 24672: 1, 22311: 1, 23993: 2, 24870: 1, 24512: 1, 22467: 1, 23115: 2, 21869: 1, 22113: 1, 23744: 1, 24581: 1, 21403: 1, 23231: 1, 24099: 2, 23565: 2, 23742: 1, 24410: 1, 23285: 1, 23148: 1, 20556: 1, 22443: 2, 21664: 1, 23682: 1, 24516: 1, 21817: 1, 24992: 1, 22106: 1, 22713: 2, 25132: 1, 24778: 1, 21171: 2, 22107: 1, 23665: 1, 24843: 1, 24795: 1, 23135: 1, 23454: 1, 24219: 1, 24397: 1, 23872: 2, 23811: 1, 24517: 1, 22871: 1, 24994: 1, 24083: 1, 23094: 1, 22616: 1, 23341: 1, 23628: 1, 22494: 1, 24660: 1, 23633: 1, 23540: 1, 21392: 1, 23749: 1, 22001: 1, 20656: 1, 23696: 1, 24424: 1, 21929: 1, 18643: 1, 22340: 1, 22967: 1, 20804: 1, 24321: 2, 21402: 1, 21653: 1, 23666: 1, 23056: 1, 22677: 1, 24230: 1, 23849: 1, 21825: 1, 21469: 1, 24762: 1, 22122: 1, 25577: 1, 22598: 1, 24327: 1, 22314: 2, 23765: 2, 22539: 1, 25497: 1, 22821: 1, 23601: 1, 22511: 1, 22143: 1, 23518: 1, 24900: 1, 23436: 2, 25038: 1, 25487: 1, 17981: 1, 21643: 1, 22260: 1, 21260: 1, 21940: 1, 25584: 1, 23817: 1, 24574: 2, 24431: 2, 23538: 1, 23424: 1, 24868: 1, 24170: 1, 24228: 1, 23961: 1, 24270: 1, 23678: 1, 21481: 1, 24594: 1, 23649: 1, 22520: 1, 23155: 1, 23338: 2, 24664: 1, 22477: 1, 25212: 1, 23586: 1, 24510: 2, 25131: 1, 23321: 1, 22706: 1, 25111: 1, 25340: 1, 23465: 1, 23980: 1, 23292: 1, 23176: 1, 21000: 1, 24632: 1, 23334: 1, 18760: 1, 23398: 1, 23812: 1, 25203: 1, 21597: 1, 21737: 1, 23897: 1, 24058: 1, 23972: 1, 24320: 1, 23917: 1, 22202: 1, 22191: 1, 22290: 1, 21535: 1, 24619: 1, 24067: 1, 20456: 1, 24759: 1, 19915: 1, 23677: 1, 23546: 1, 25025: 1, 24851: 1, 23229: 1, 21568: 1, 25050: 1, 23733: 1, 25387: 1, 24883: 1, 25003: 1, 25083: 1, 22440: 1, 24613: 1, 24060: 1, 21734: 1, 22783: 1, 25448: 1, 24113: 1, 21857: 1, 23141: 1, 23770: 1, 22841: 1, 23704: 4, 24653: 1, 23223: 1, 24114: 1, 24009: 1, 23686: 2, 24633: 1, 24160: 1, 23688: 1, 20241: 1, 24048: 1, 24390: 1, 23348: 1, 24100: 1, 18646: 1, 21496: 1, 22190: 1, 23943: 1, 23948: 1, 24599: 1, 23880: 1, 23681: 1, 23559: 1, 19050: 1, 23281: 1, 24894: 1, 24939: 2, 20552: 1, 20209: 1, 23090: 1, 24543: 1, 19394: 1, 23395: 2, 24804: 1, 25338: 1, 24587: 1, 25008: 1, 23569: 1, 22346: 1, 22946: 1, 25625: 1, 22620: 1, 24359: 1, 24163: 1, 25503: 1, 25168: 1, 23990: 2, 25673: 1, 23946: 1, 20640: 1, 24033: 1, 25693: 1, 25243: 1, 23009: 1, 22485: 1, 22354: 1, 25128: 1, 24470: 1, 25070: 2, 23266: 1, 21507: 1, 22393: 1, 24243: 1, 23161: 2, 23325: 2, 24383: 1, 16747: 1, 22698: 1, 24130: 2, 23065: 1, 25291: 1, 24121: 1, 23444: 1, 25372: 1, 24047: 1, 25457: 2, 23377: 1, 21140: 1, 21030: 1, 21862: 1, 25578: 1, 24182: 1, 23618: 3, 24549: 1, 21725: 1, 23461: 2, 24608: 1, 24029: 1, 23896: 1, 23241: 1, 24246: 1, 20710: 1, 23837: 1, 25161: 1, 24244: 1, 20186: 1, 22984: 1, 24353: 1, 23271: 2, 23675: 1, 23863: 1, 23583: 1, 23371: 1, 23246: 1, 22615: 1, 23697: 1, 21894: 1, 23711: 1, 24258: 1, 22880: 1, 21423: 1, 24709: 1, 25639: 1, 24220: 1, 21859: 1, 22114: 1, 25556: 1, 22618: 1, 22757: 1, 21058: 1, 22815: 1, 22775: 1, 22176: 1, 21386: 1, 23746: 1, 25011: 1, 22344: 1, 23312: 1, 24670: 1, 24310: 1, 25009: 1, 21098: 1, 23842: 1, 22116: 1, 24075: 1, 19658: 1, 20264: 1, 24386: 1, 23879: 1, 22891: 1, 22863: 1, 22199: 1, 23784: 1, 24125: 1, 23703: 1, 22904: 1, 21102: 1, 25369: 1, 23388: 1, 20657: 1, 23277: 2, 25383: 1, 24088: 1, 21501: 1, 24794: 1, 20748: 1, 25141: 1, 22449: 1, 23181: 1, 22023: 1, 25034: 1, 22411: 1, 21534: 1, 21361: 1, 18854: 1, 23497: 1, 18069: 1, 22528: 1, 24929: 1, 23640: 1, 23320: 1, 23613: 1, 24618: 2, 25253: 1, 22919: 1, 24467: 2, 21761: 2, 22542: 1, 24717: 2, 25152: 1, 25234: 1, 23644: 2, 23968: 1, 23136: 1, 22858: 1, 22810: 1, 21301: 1, 23800: 1, 22746: 1, 22188: 1, 17649: 1, 22768: 1, 24720: 1, 24057: 1, 24464: 1, 25679: 2, 24740: 1, 22437: 1, 24554: 1, 24848: 1, 23251: 1, 25381: 1, 22894: 1, 23908: 1, 21112: 1, 24533: 1, 25010: 1, 24617: 1, 24482: 1, 23791: 1, 23944: 1, 24201: 1, 24523: 1, 24217: 1, 25300: 1, 24186: 1, 22950: 1, 24142: 1, 23959: 2, 25633: 1, 24666: 1, 22313: 1, 24157: 1, 24110: 1, 24872: 1, 25072: 1, 23832: 1, 23887: 1, 24781: 2, 23563: 1, 25403: 1, 24337: 1, 22968: 1, 25036: 1, 24239: 2, 24449: 1, 23753: 1, 25170: 1, 24032: 1, 22222: 1, 25171: 1, 23932: 1, 24432: 1, 22438: 1, 25241: 1, 24850: 1, 23133: 1, 23632: 1, 24358: 1, 24212: 1, 21849: 1, 18557: 1, 24646: 1, 24420: 1, 25575: 1, 25005: 1, 25660: 1, 23766: 1, 24155: 1, 23063: 1, 24210: 1, 22307: 1, 23487: 1, 24852: 1, 22463: 1, 25343: 1, 24644: 1, 23835: 1, 24524: 1, 24565: 1, 22910: 1, 24264: 1, 23400: 1, 24054: 1, 24729: 1, 24330: 2, 25637: 1, 23041: 1, 24681: 1, 21397: 1, 24622: 1, 23369: 1, 23335: 1, 23081: 1, 23999: 1, 22388: 1, 24352: 1, 25100: 1, 24806: 1, 22778: 1, 25656: 1, 25109: 1, 23627: 1, 22596: 1, 23157: 1, 23513: 1, 24476: 1, 22305: 1, 23202: 1, 24108: 1, 22590: 1, 19538: 1, 24887: 1, 23532: 1, 24404: 1, 20112: 1, 23236: 1, 21180: 1, 24306: 1, 22787: 1, 24845: 1, 23407: 1, 23843: 1, 24001: 1, 24052: 1, 24853: 1, 24287: 1, 21694: 1, 25437: 1, 25344: 1, 23877: 1, 25145: 1, 25543: 1, 24045: 1, 22622: 1, 24889: 1, 25209: 1, 22743: 1, 23159: 1, 23752: 1, 24972: 1, 22900: 1, 24063: 1, 24199: 1, 24873: 1, 25665: 1, 23020: 1, 25117: 1, 20740: 1, 21738: 1, 22671: 1, 22692: 1, 24480: 1, 24799: 1, 23707: 1, 24139: 1, 22074: 1, 25597: 1, 23167: 1, 25325: 1, 23864: 1, 24426: 1, 23692: 1, 22898: 1, 19433: 1, 23671: 1, 25618: 1, 25112: 1, 24878: 1, 24739: 1, 25492: 1, 22251: 1, 23132: 1, 24773: 1, 24296: 1, 24165: 1, 23803: 1, 23645: 1, 24910: 1, 22446: 1, 22665: 1, 24614: 1, 22129: 1, 23608: 1, 25409: 1, 22836: 1, 25356: 1, 23459: 1, 22323: 1, 23834: 1, 24975: 1, 24112: 1}
2025-09-10 14:23:56 - root - INFO - Stage E85 统计信息:
2025-09-10 14:23:56 - root - INFO -   细胞数量: 705
2025-09-10 14:23:56 - root - INFO -   距离长度范围: (15311, 25693)
2025-09-10 14:23:56 - root - INFO -   最常见长度: (23704, 4)
2025-09-10 14:23:56 - root - INFO -   分辨率: [100000]
2025-09-10 14:23:56 - root - INFO -   总contacts范围: (6, 13)
2025-09-10 14:23:56 - root - INFO -   平均contacts: 9.7
2025-09-10 14:23:56 - data_validator - WARNING - 验证发现 1 个警告:
2025-09-10 14:23:56 - data_validator - WARNING -   - Stage E85 distances长度差异较大: {24285: 1, 25328: 1, 23792: 1, 23353: 1, 24022: 1, 24307: 2, 25318: 3, 24084: 1, 25585: 1, 24675: 1, 25024: 1, 24074: 2, 21926: 1, 25007: 1, 23693: 1, 24834: 1, 23452: 2, 23364: 1, 25162: 2, 22422: 1, 22893: 1, 23820: 1, 21485: 1, 25377: 1, 24796: 1, 22013: 1, 24736: 1, 25068: 1, 25039: 1, 22985: 1, 22843: 2, 24370: 1, 23680: 1, 23550: 1, 23071: 1, 22695: 2, 23396: 2, 24000: 1, 24233: 1, 24615: 1, 24932: 1, 25419: 1, 23687: 1, 24484: 3, 24078: 1, 20671: 1, 23876: 1, 25410: 2, 23218: 1, 22652: 1, 21542: 1, 20435: 1, 24143: 1, 24254: 1, 23233: 1, 23151: 1, 20623: 1, 22806: 1, 25085: 1, 25090: 2, 22678: 2, 23991: 1, 24525: 1, 24161: 2, 21712: 1, 25077: 1, 25670: 1, 23875: 1, 23323: 1, 24308: 1, 24413: 2, 24189: 1, 24469: 1, 20788: 1, 24520: 1, 25227: 1, 23442: 1, 24043: 1, 23954: 1, 15311: 1, 23870: 1, 21319: 1, 25255: 1, 22788: 1, 22162: 1, 21783: 1, 21813: 2, 21517: 1, 24672: 1, 22311: 1, 23993: 2, 24870: 1, 24512: 1, 22467: 1, 23115: 2, 21869: 1, 22113: 1, 23744: 1, 24581: 1, 21403: 1, 23231: 1, 24099: 2, 23565: 2, 23742: 1, 24410: 1, 23285: 1, 23148: 1, 20556: 1, 22443: 2, 21664: 1, 23682: 1, 24516: 1, 21817: 1, 24992: 1, 22106: 1, 22713: 2, 25132: 1, 24778: 1, 21171: 2, 22107: 1, 23665: 1, 24843: 1, 24795: 1, 23135: 1, 23454: 1, 24219: 1, 24397: 1, 23872: 2, 23811: 1, 24517: 1, 22871: 1, 24994: 1, 24083: 1, 23094: 1, 22616: 1, 23341: 1, 23628: 1, 22494: 1, 24660: 1, 23633: 1, 23540: 1, 21392: 1, 23749: 1, 22001: 1, 20656: 1, 23696: 1, 24424: 1, 21929: 1, 18643: 1, 22340: 1, 22967: 1, 20804: 1, 24321: 2, 21402: 1, 21653: 1, 23666: 1, 23056: 1, 22677: 1, 24230: 1, 23849: 1, 21825: 1, 21469: 1, 24762: 1, 22122: 1, 25577: 1, 22598: 1, 24327: 1, 22314: 2, 23765: 2, 22539: 1, 25497: 1, 22821: 1, 23601: 1, 22511: 1, 22143: 1, 23518: 1, 24900: 1, 23436: 2, 25038: 1, 25487: 1, 17981: 1, 21643: 1, 22260: 1, 21260: 1, 21940: 1, 25584: 1, 23817: 1, 24574: 2, 24431: 2, 23538: 1, 23424: 1, 24868: 1, 24170: 1, 24228: 1, 23961: 1, 24270: 1, 23678: 1, 21481: 1, 24594: 1, 23649: 1, 22520: 1, 23155: 1, 23338: 2, 24664: 1, 22477: 1, 25212: 1, 23586: 1, 24510: 2, 25131: 1, 23321: 1, 22706: 1, 25111: 1, 25340: 1, 23465: 1, 23980: 1, 23292: 1, 23176: 1, 21000: 1, 24632: 1, 23334: 1, 18760: 1, 23398: 1, 23812: 1, 25203: 1, 21597: 1, 21737: 1, 23897: 1, 24058: 1, 23972: 1, 24320: 1, 23917: 1, 22202: 1, 22191: 1, 22290: 1, 21535: 1, 24619: 1, 24067: 1, 20456: 1, 24759: 1, 19915: 1, 23677: 1, 23546: 1, 25025: 1, 24851: 1, 23229: 1, 21568: 1, 25050: 1, 23733: 1, 25387: 1, 24883: 1, 25003: 1, 25083: 1, 22440: 1, 24613: 1, 24060: 1, 21734: 1, 22783: 1, 25448: 1, 24113: 1, 21857: 1, 23141: 1, 23770: 1, 22841: 1, 23704: 4, 24653: 1, 23223: 1, 24114: 1, 24009: 1, 23686: 2, 24633: 1, 24160: 1, 23688: 1, 20241: 1, 24048: 1, 24390: 1, 23348: 1, 24100: 1, 18646: 1, 21496: 1, 22190: 1, 23943: 1, 23948: 1, 24599: 1, 23880: 1, 23681: 1, 23559: 1, 19050: 1, 23281: 1, 24894: 1, 24939: 2, 20552: 1, 20209: 1, 23090: 1, 24543: 1, 19394: 1, 23395: 2, 24804: 1, 25338: 1, 24587: 1, 25008: 1, 23569: 1, 22346: 1, 22946: 1, 25625: 1, 22620: 1, 24359: 1, 24163: 1, 25503: 1, 25168: 1, 23990: 2, 25673: 1, 23946: 1, 20640: 1, 24033: 1, 25693: 1, 25243: 1, 23009: 1, 22485: 1, 22354: 1, 25128: 1, 24470: 1, 25070: 2, 23266: 1, 21507: 1, 22393: 1, 24243: 1, 23161: 2, 23325: 2, 24383: 1, 16747: 1, 22698: 1, 24130: 2, 23065: 1, 25291: 1, 24121: 1, 23444: 1, 25372: 1, 24047: 1, 25457: 2, 23377: 1, 21140: 1, 21030: 1, 21862: 1, 25578: 1, 24182: 1, 23618: 3, 24549: 1, 21725: 1, 23461: 2, 24608: 1, 24029: 1, 23896: 1, 23241: 1, 24246: 1, 20710: 1, 23837: 1, 25161: 1, 24244: 1, 20186: 1, 22984: 1, 24353: 1, 23271: 2, 23675: 1, 23863: 1, 23583: 1, 23371: 1, 23246: 1, 22615: 1, 23697: 1, 21894: 1, 23711: 1, 24258: 1, 22880: 1, 21423: 1, 24709: 1, 25639: 1, 24220: 1, 21859: 1, 22114: 1, 25556: 1, 22618: 1, 22757: 1, 21058: 1, 22815: 1, 22775: 1, 22176: 1, 21386: 1, 23746: 1, 25011: 1, 22344: 1, 23312: 1, 24670: 1, 24310: 1, 25009: 1, 21098: 1, 23842: 1, 22116: 1, 24075: 1, 19658: 1, 20264: 1, 24386: 1, 23879: 1, 22891: 1, 22863: 1, 22199: 1, 23784: 1, 24125: 1, 23703: 1, 22904: 1, 21102: 1, 25369: 1, 23388: 1, 20657: 1, 23277: 2, 25383: 1, 24088: 1, 21501: 1, 24794: 1, 20748: 1, 25141: 1, 22449: 1, 23181: 1, 22023: 1, 25034: 1, 22411: 1, 21534: 1, 21361: 1, 18854: 1, 23497: 1, 18069: 1, 22528: 1, 24929: 1, 23640: 1, 23320: 1, 23613: 1, 24618: 2, 25253: 1, 22919: 1, 24467: 2, 21761: 2, 22542: 1, 24717: 2, 25152: 1, 25234: 1, 23644: 2, 23968: 1, 23136: 1, 22858: 1, 22810: 1, 21301: 1, 23800: 1, 22746: 1, 22188: 1, 17649: 1, 22768: 1, 24720: 1, 24057: 1, 24464: 1, 25679: 2, 24740: 1, 22437: 1, 24554: 1, 24848: 1, 23251: 1, 25381: 1, 22894: 1, 23908: 1, 21112: 1, 24533: 1, 25010: 1, 24617: 1, 24482: 1, 23791: 1, 23944: 1, 24201: 1, 24523: 1, 24217: 1, 25300: 1, 24186: 1, 22950: 1, 24142: 1, 23959: 2, 25633: 1, 24666: 1, 22313: 1, 24157: 1, 24110: 1, 24872: 1, 25072: 1, 23832: 1, 23887: 1, 24781: 2, 23563: 1, 25403: 1, 24337: 1, 22968: 1, 25036: 1, 24239: 2, 24449: 1, 23753: 1, 25170: 1, 24032: 1, 22222: 1, 25171: 1, 23932: 1, 24432: 1, 22438: 1, 25241: 1, 24850: 1, 23133: 1, 23632: 1, 24358: 1, 24212: 1, 21849: 1, 18557: 1, 24646: 1, 24420: 1, 25575: 1, 25005: 1, 25660: 1, 23766: 1, 24155: 1, 23063: 1, 24210: 1, 22307: 1, 23487: 1, 24852: 1, 22463: 1, 25343: 1, 24644: 1, 23835: 1, 24524: 1, 24565: 1, 22910: 1, 24264: 1, 23400: 1, 24054: 1, 24729: 1, 24330: 2, 25637: 1, 23041: 1, 24681: 1, 21397: 1, 24622: 1, 23369: 1, 23335: 1, 23081: 1, 23999: 1, 22388: 1, 24352: 1, 25100: 1, 24806: 1, 22778: 1, 25656: 1, 25109: 1, 23627: 1, 22596: 1, 23157: 1, 23513: 1, 24476: 1, 22305: 1, 23202: 1, 24108: 1, 22590: 1, 19538: 1, 24887: 1, 23532: 1, 24404: 1, 20112: 1, 23236: 1, 21180: 1, 24306: 1, 22787: 1, 24845: 1, 23407: 1, 23843: 1, 24001: 1, 24052: 1, 24853: 1, 24287: 1, 21694: 1, 25437: 1, 25344: 1, 23877: 1, 25145: 1, 25543: 1, 24045: 1, 22622: 1, 24889: 1, 25209: 1, 22743: 1, 23159: 1, 23752: 1, 24972: 1, 22900: 1, 24063: 1, 24199: 1, 24873: 1, 25665: 1, 23020: 1, 25117: 1, 20740: 1, 21738: 1, 22671: 1, 22692: 1, 24480: 1, 24799: 1, 23707: 1, 24139: 1, 22074: 1, 25597: 1, 23167: 1, 25325: 1, 23864: 1, 24426: 1, 23692: 1, 22898: 1, 19433: 1, 23671: 1, 25618: 1, 25112: 1, 24878: 1, 24739: 1, 25492: 1, 22251: 1, 23132: 1, 24773: 1, 24296: 1, 24165: 1, 23803: 1, 23645: 1, 24910: 1, 22446: 1, 22665: 1, 24614: 1, 22129: 1, 23608: 1, 25409: 1, 22836: 1, 25356: 1, 23459: 1, 22323: 1, 23834: 1, 24975: 1, 24112: 1}
2025-09-10 14:23:56 - root - INFO - 验证和对齐数据 完成 - 用时: 0.0s - 内存变化: +2.0 MB
2025-09-10 14:23:56 - data_validator - INFO - 统一distances长度为: 23704
2025-09-10 14:23:56 - data_validator - WARNING - 细胞 OrgbE851001 的decay_values被截断从 24285 到 23704
2025-09-10 14:23:56 - data_validator - WARNING - 细胞 OrgbE851002 的decay_values被截断从 25328 到 23704
2025-09-10 14:23:56 - data_validator - WARNING - 细胞 OrgbE851003 的decay_values被截断从 23792 到 23704
2025-09-10 14:23:56 - data_validator - WARNING - 细胞 OrgbE851004 的decay_values被填充从 23353 到 23704
2025-09-10 14:23:56 - data_validator - WARNING - 细胞 OrgbE851007 的decay_values被截断从 24022 到 23704
2025-09-10 14:23:56 - data_validator - WARNING - 细胞 OrgbE851008 的decay_values被截断从 24307 到 23704
2025-09-10 14:23:56 - data_validator - WARNING - 细胞 OrgbE851009 的decay_values被截断从 25318 到 23704
2025-09-10 14:23:56 - data_validator - WARNING - 细胞 OrgbE851010 的decay_values被截断从 24084 到 23704
2025-09-10 14:23:56 - data_validator - WARNING - 细胞 OrgbE851011 的decay_values被截断从 25585 到 23704
2025-09-10 14:23:56 - data_validator - WARNING - 细胞 OrgbE851013 的decay_values被截断从 24675 到 23704
2025-09-10 14:23:56 - data_validator - WARNING - 细胞 OrgbE851014 的decay_values被截断从 25024 到 23704
2025-09-10 14:23:56 - data_validator - WARNING - 细胞 OrgbE851015 的decay_values被截断从 24074 到 23704
2025-09-10 14:23:56 - data_validator - WARNING - 细胞 OrgbE851016 的decay_values被填充从 21926 到 23704
2025-09-10 14:23:56 - data_validator - WARNING - 细胞 OrgbE851017 的decay_values被截断从 25007 到 23704
2025-09-10 14:23:56 - data_validator - WARNING - 细胞 OrgbE851018 的decay_values被填充从 23693 到 23704
2025-09-10 14:23:56 - data_validator - WARNING - 细胞 OrgbE851019 的decay_values被截断从 24834 到 23704
2025-09-10 14:23:56 - data_validator - WARNING - 细胞 OrgbE851027 的decay_values被填充从 23452 到 23704
2025-09-10 14:23:56 - data_validator - WARNING - 细胞 OrgbE851028 的decay_values被填充从 23364 到 23704
2025-09-10 14:23:56 - data_validator - WARNING - 细胞 OrgbE851029 的decay_values被截断从 25162 到 23704
2025-09-10 14:23:56 - data_validator - WARNING - 细胞 OrgbE851030 的decay_values被填充从 22422 到 23704
2025-09-10 14:23:56 - data_validator - WARNING - 细胞 OrgbE851031 的decay_values被填充从 22893 到 23704
2025-09-10 14:23:56 - data_validator - WARNING - 细胞 OrgbE851033 的decay_values被截断从 23820 到 23704
2025-09-10 14:23:56 - data_validator - WARNING - 细胞 OrgbE851034 的decay_values被填充从 21485 到 23704
2025-09-10 14:23:56 - data_validator - WARNING - 细胞 OrgbE851036 的decay_values被截断从 25377 到 23704
2025-09-10 14:23:56 - data_validator - WARNING - 细胞 OrgbE851037 的decay_values被截断从 24796 到 23704
2025-09-10 14:23:56 - data_validator - WARNING - 细胞 OrgbE851038 的decay_values被填充从 22013 到 23704
2025-09-10 14:23:56 - data_validator - WARNING - 细胞 OrgbE851040 的decay_values被截断从 24736 到 23704
2025-09-10 14:23:56 - data_validator - WARNING - 细胞 OrgbE851042 的decay_values被截断从 25068 到 23704
2025-09-10 14:23:56 - data_validator - WARNING - 细胞 OrgbE851043 的decay_values被截断从 25039 到 23704
2025-09-10 14:23:56 - data_validator - WARNING - 细胞 OrgbE851044 的decay_values被填充从 22985 到 23704
2025-09-10 14:23:56 - data_validator - WARNING - 细胞 OrgbE851046 的decay_values被填充从 22843 到 23704
2025-09-10 14:23:56 - data_validator - WARNING - 细胞 OrgbE851048 的decay_values被截断从 24370 到 23704
2025-09-10 14:23:56 - data_validator - WARNING - 细胞 OrgbE851050 的decay_values被填充从 23680 到 23704
2025-09-10 14:23:56 - data_validator - WARNING - 细胞 OrgbE851054 的decay_values被填充从 23550 到 23704
2025-09-10 14:23:56 - data_validator - WARNING - 细胞 OrgbE851055 的decay_values被填充从 23071 到 23704
2025-09-10 14:23:56 - data_validator - WARNING - 细胞 OrgbE851056 的decay_values被填充从 22695 到 23704
2025-09-10 14:23:56 - data_validator - WARNING - 细胞 OrgbE851058 的decay_values被填充从 23396 到 23704
2025-09-10 14:23:56 - data_validator - WARNING - 细胞 OrgbE851059 的decay_values被截断从 24000 到 23704
2025-09-10 14:23:56 - data_validator - WARNING - 细胞 OrgbE851060 的decay_values被截断从 24233 到 23704
2025-09-10 14:23:56 - data_validator - WARNING - 细胞 OrgbE851061 的decay_values被截断从 24615 到 23704
2025-09-10 14:23:56 - data_validator - WARNING - 细胞 OrgbE851062 的decay_values被截断从 24932 到 23704
2025-09-10 14:23:56 - data_validator - WARNING - 细胞 OrgbE851063 的decay_values被截断从 25419 到 23704
2025-09-10 14:23:56 - data_validator - WARNING - 细胞 OrgbE851064 的decay_values被填充从 23687 到 23704
2025-09-10 14:23:56 - data_validator - WARNING - 细胞 OrgbE851065 的decay_values被截断从 24484 到 23704
2025-09-10 14:23:56 - data_validator - WARNING - 细胞 OrgbE851066 的decay_values被截断从 24078 到 23704
2025-09-10 14:23:56 - data_validator - WARNING - 细胞 OrgbE851067 的decay_values被填充从 20671 到 23704
2025-09-10 14:23:56 - data_validator - WARNING - 细胞 OrgbE851068 的decay_values被截断从 23876 到 23704
2025-09-10 14:23:56 - data_validator - WARNING - 细胞 OrgbE851069 的decay_values被截断从 25410 到 23704
2025-09-10 14:23:56 - data_validator - WARNING - 细胞 OrgbE851070 的decay_values被填充从 23218 到 23704
2025-09-10 14:23:56 - data_validator - WARNING - 细胞 OrgbE851071 的decay_values被填充从 22652 到 23704
2025-09-10 14:23:56 - data_validator - WARNING - 细胞 OrgbE851072 的decay_values被填充从 21542 到 23704
2025-09-10 14:23:56 - data_validator - WARNING - 细胞 OrgbE851073 的decay_values被填充从 20435 到 23704
2025-09-10 14:23:56 - data_validator - WARNING - 细胞 OrgbE851075 的decay_values被截断从 24143 到 23704
2025-09-10 14:23:56 - data_validator - WARNING - 细胞 OrgbE851078 的decay_values被截断从 24254 到 23704
2025-09-10 14:23:56 - data_validator - WARNING - 细胞 OrgbE851079 的decay_values被填充从 23233 到 23704
2025-09-10 14:23:56 - data_validator - WARNING - 细胞 OrgbE851080 的decay_values被填充从 23151 到 23704
2025-09-10 14:23:56 - data_validator - WARNING - 细胞 OrgbE851081 的decay_values被填充从 20623 到 23704
2025-09-10 14:23:56 - data_validator - WARNING - 细胞 OrgbE851082 的decay_values被填充从 22806 到 23704
2025-09-10 14:23:56 - data_validator - WARNING - 细胞 OrgbE851083 的decay_values被截断从 25085 到 23704
2025-09-10 14:23:56 - data_validator - WARNING - 细胞 OrgbE851084 的decay_values被截断从 25090 到 23704
2025-09-10 14:23:56 - data_validator - WARNING - 细胞 OrgbE851085 的decay_values被填充从 22678 到 23704
2025-09-10 14:23:56 - data_validator - WARNING - 细胞 OrgbE851086 的decay_values被截断从 23991 到 23704
2025-09-10 14:23:56 - data_validator - WARNING - 细胞 OrgbE851088 的decay_values被截断从 24525 到 23704
2025-09-10 14:23:56 - data_validator - WARNING - 细胞 OrgbE851089 的decay_values被截断从 24161 到 23704
2025-09-10 14:23:56 - data_validator - WARNING - 细胞 OrgbE851091 的decay_values被填充从 21712 到 23704
2025-09-10 14:23:56 - data_validator - WARNING - 细胞 OrgbE851094 的decay_values被截断从 25077 到 23704
2025-09-10 14:23:56 - data_validator - WARNING - 细胞 OrgbE851095 的decay_values被截断从 25670 到 23704
2025-09-10 14:23:56 - data_validator - WARNING - 细胞 OrgbE851096 的decay_values被截断从 23875 到 23704
2025-09-10 14:23:56 - data_validator - WARNING - 细胞 OrgbE851097 的decay_values被填充从 23323 到 23704
2025-09-10 14:23:56 - data_validator - WARNING - 细胞 OrgbE851098 的decay_values被截断从 24308 到 23704
2025-09-10 14:23:56 - data_validator - WARNING - 细胞 OrgbE851099 的decay_values被截断从 24413 到 23704
2025-09-10 14:23:56 - data_validator - WARNING - 细胞 OrgbE851100 的decay_values被截断从 24189 到 23704
2025-09-10 14:23:56 - data_validator - WARNING - 细胞 OrgbE851101 的decay_values被截断从 24469 到 23704
2025-09-10 14:23:56 - data_validator - WARNING - 细胞 OrgbE851102 的decay_values被填充从 20788 到 23704
2025-09-10 14:23:56 - data_validator - WARNING - 细胞 OrgbE851105 的decay_values被截断从 24520 到 23704
2025-09-10 14:23:56 - data_validator - WARNING - 细胞 OrgbE851106 的decay_values被截断从 25227 到 23704
2025-09-10 14:23:56 - data_validator - WARNING - 细胞 OrgbE851107 的decay_values被填充从 23442 到 23704
2025-09-10 14:23:56 - data_validator - WARNING - 细胞 OrgbE851108 的decay_values被截断从 24484 到 23704
2025-09-10 14:23:56 - data_validator - WARNING - 细胞 OrgbE851111 的decay_values被截断从 24043 到 23704
2025-09-10 14:23:56 - data_validator - WARNING - 细胞 OrgbE851113 的decay_values被截断从 23954 到 23704
2025-09-10 14:23:56 - data_validator - WARNING - 细胞 OrgbE851114 的decay_values被填充从 15311 到 23704
2025-09-10 14:23:56 - data_validator - WARNING - 细胞 OrgbE851115 的decay_values被截断从 23870 到 23704
2025-09-10 14:23:56 - data_validator - WARNING - 细胞 OrgbE851117 的decay_values被填充从 21319 到 23704
2025-09-10 14:23:56 - data_validator - WARNING - 细胞 OrgbE851118 的decay_values被截断从 25255 到 23704
2025-09-10 14:23:56 - data_validator - WARNING - 细胞 OrgbE851119 的decay_values被填充从 22788 到 23704
2025-09-10 14:23:56 - data_validator - WARNING - 细胞 OrgbE851120 的decay_values被填充从 22162 到 23704
2025-09-10 14:23:56 - data_validator - WARNING - 细胞 OrgbE851121 的decay_values被填充从 21783 到 23704
2025-09-10 14:23:56 - data_validator - WARNING - 细胞 OrgbE851123 的decay_values被填充从 21813 到 23704
2025-09-10 14:23:56 - data_validator - WARNING - 细胞 OrgbE851124 的decay_values被填充从 21517 到 23704
2025-09-10 14:23:56 - data_validator - WARNING - 细胞 OrgbE851125 的decay_values被截断从 24672 到 23704
2025-09-10 14:23:56 - data_validator - WARNING - 细胞 OrgbE851126 的decay_values被填充从 22311 到 23704
2025-09-10 14:23:56 - data_validator - WARNING - 细胞 OrgbE851127 的decay_values被截断从 23993 到 23704
2025-09-10 14:23:56 - data_validator - WARNING - 细胞 OrgbE851129 的decay_values被截断从 24870 到 23704
2025-09-10 14:23:56 - data_validator - WARNING - 细胞 OrgbE851130 的decay_values被截断从 24512 到 23704
2025-09-10 14:23:56 - data_validator - WARNING - 细胞 OrgbE851131 的decay_values被填充从 22467 到 23704
2025-09-10 14:23:56 - data_validator - WARNING - 细胞 OrgbE851132 的decay_values被填充从 23115 到 23704
2025-09-10 14:23:56 - data_validator - WARNING - 细胞 OrgbE851134 的decay_values被填充从 21869 到 23704
2025-09-10 14:23:56 - data_validator - WARNING - 细胞 OrgbE851135 的decay_values被填充从 22113 到 23704
2025-09-10 14:23:56 - data_validator - WARNING - 细胞 OrgbE851136 的decay_values被截断从 23744 到 23704
2025-09-10 14:23:56 - data_validator - WARNING - 细胞 OrgbE851138 的decay_values被截断从 24581 到 23704
2025-09-10 14:23:56 - data_validator - WARNING - 细胞 OrgbE851140 的decay_values被填充从 21403 到 23704
2025-09-10 14:23:56 - data_validator - WARNING - 细胞 OrgbE851141 的decay_values被填充从 23231 到 23704
2025-09-10 14:23:56 - data_validator - WARNING - 细胞 OrgbE851143 的decay_values被截断从 24099 到 23704
2025-09-10 14:23:56 - data_validator - WARNING - 细胞 OrgbE851144 的decay_values被填充从 23565 到 23704
2025-09-10 14:23:56 - data_validator - WARNING - 细胞 OrgbE851145 的decay_values被截断从 23742 到 23704
2025-09-10 14:23:56 - data_validator - WARNING - 细胞 OrgbE851148 的decay_values被截断从 24410 到 23704
2025-09-10 14:23:56 - data_validator - WARNING - 细胞 OrgbE851149 的decay_values被填充从 23285 到 23704
2025-09-10 14:23:56 - data_validator - WARNING - 细胞 OrgbE851151 的decay_values被填充从 23148 到 23704
2025-09-10 14:23:56 - data_validator - WARNING - 细胞 OrgbE851152 的decay_values被填充从 20556 到 23704
2025-09-10 14:23:56 - data_validator - WARNING - 细胞 OrgbE851153 的decay_values被填充从 22443 到 23704
2025-09-10 14:23:56 - data_validator - WARNING - 细胞 OrgbE851154 的decay_values被填充从 21664 到 23704
2025-09-10 14:23:56 - data_validator - WARNING - 细胞 OrgbE851155 的decay_values被填充从 23682 到 23704
2025-09-10 14:23:56 - data_validator - WARNING - 细胞 OrgbE851157 的decay_values被截断从 24516 到 23704
2025-09-10 14:23:56 - data_validator - WARNING - 细胞 OrgbE851158 的decay_values被填充从 21817 到 23704
2025-09-10 14:23:56 - data_validator - WARNING - 细胞 OrgbE851161 的decay_values被截断从 24992 到 23704
2025-09-10 14:23:56 - data_validator - WARNING - 细胞 OrgbE851162 的decay_values被填充从 22106 到 23704
2025-09-10 14:23:56 - data_validator - WARNING - 细胞 OrgbE851173 的decay_values被填充从 22713 到 23704
2025-09-10 14:23:56 - data_validator - WARNING - 细胞 OrgbE851174 的decay_values被截断从 25132 到 23704
2025-09-10 14:23:56 - data_validator - WARNING - 细胞 OrgbE851175 的decay_values被截断从 24778 到 23704
2025-09-10 14:23:56 - data_validator - WARNING - 细胞 OrgbE851177 的decay_values被填充从 21171 到 23704
2025-09-10 14:23:56 - data_validator - WARNING - 细胞 OrgbE851178 的decay_values被填充从 22107 到 23704
2025-09-10 14:23:56 - data_validator - WARNING - 细胞 OrgbE851179 的decay_values被填充从 23665 到 23704
2025-09-10 14:23:56 - data_validator - WARNING - 细胞 OrgbE851180 的decay_values被截断从 24843 到 23704
2025-09-10 14:23:56 - data_validator - WARNING - 细胞 OrgbE851185 的decay_values被截断从 24795 到 23704
2025-09-10 14:23:56 - data_validator - WARNING - 细胞 OrgbE851186 的decay_values被填充从 23135 到 23704
2025-09-10 14:23:56 - data_validator - WARNING - 细胞 OrgbE851187 的decay_values被填充从 23454 到 23704
2025-09-10 14:23:56 - data_validator - WARNING - 细胞 OrgbE851188 的decay_values被截断从 24219 到 23704
2025-09-10 14:23:56 - data_validator - WARNING - 细胞 OrgbE851189 的decay_values被截断从 24397 到 23704
2025-09-10 14:23:56 - data_validator - WARNING - 细胞 OrgbE851190 的decay_values被截断从 23872 到 23704
2025-09-10 14:23:56 - data_validator - WARNING - 细胞 OrgbE851192 的decay_values被截断从 23811 到 23704
2025-09-10 14:23:56 - data_validator - WARNING - 细胞 OrgbE851193 的decay_values被截断从 24517 到 23704
2025-09-10 14:23:56 - data_validator - WARNING - 细胞 OrgbE851194 的decay_values被填充从 22871 到 23704
2025-09-10 14:23:56 - data_validator - WARNING - 细胞 OrgbE851195 的decay_values被截断从 24994 到 23704
2025-09-10 14:23:56 - data_validator - WARNING - 细胞 OrgbE851196 的decay_values被截断从 24083 到 23704
2025-09-10 14:23:56 - data_validator - WARNING - 细胞 OrgbE851197 的decay_values被填充从 23094 到 23704
2025-09-10 14:23:56 - data_validator - WARNING - 细胞 OrgbE851199 的decay_values被填充从 22616 到 23704
2025-09-10 14:23:56 - data_validator - WARNING - 细胞 OrgbE851202 的decay_values被填充从 23341 到 23704
2025-09-10 14:23:56 - data_validator - WARNING - 细胞 OrgbE851203 的decay_values被填充从 23628 到 23704
2025-09-10 14:23:56 - data_validator - WARNING - 细胞 OrgbE851204 的decay_values被填充从 22494 到 23704
2025-09-10 14:23:56 - data_validator - WARNING - 细胞 OrgbE851205 的decay_values被截断从 24660 到 23704
2025-09-10 14:23:56 - data_validator - WARNING - 细胞 OrgbE851208 的decay_values被填充从 23633 到 23704
2025-09-10 14:23:56 - data_validator - WARNING - 细胞 OrgbE851210 的decay_values被填充从 23540 到 23704
2025-09-10 14:23:56 - data_validator - WARNING - 细胞 OrgbE851211 的decay_values被填充从 21392 到 23704
2025-09-10 14:23:56 - data_validator - WARNING - 细胞 OrgbE851213 的decay_values被截断从 23749 到 23704
2025-09-10 14:23:56 - data_validator - WARNING - 细胞 OrgbE851214 的decay_values被填充从 22001 到 23704
2025-09-10 14:23:56 - data_validator - WARNING - 细胞 OrgbE851215 的decay_values被填充从 22678 到 23704
2025-09-10 14:23:56 - data_validator - WARNING - 细胞 OrgbE851216 的decay_values被填充从 20656 到 23704
2025-09-10 14:23:56 - data_validator - WARNING - 细胞 OrgbE851217 的decay_values被填充从 23696 到 23704
2025-09-10 14:23:56 - data_validator - WARNING - 细胞 OrgbE851218 的decay_values被截断从 24424 到 23704
2025-09-10 14:23:56 - data_validator - WARNING - 细胞 OrgbE851221 的decay_values被填充从 21929 到 23704
2025-09-10 14:23:56 - data_validator - WARNING - 细胞 OrgbE851222 的decay_values被填充从 18643 到 23704
2025-09-10 14:23:56 - data_validator - WARNING - 细胞 OrgbE851224 的decay_values被填充从 22340 到 23704
2025-09-10 14:23:56 - data_validator - WARNING - 细胞 OrgbE851227 的decay_values被填充从 22967 到 23704
2025-09-10 14:23:56 - data_validator - WARNING - 细胞 OrgbE851230 的decay_values被填充从 20804 到 23704
2025-09-10 14:23:56 - data_validator - WARNING - 细胞 OrgbE851231 的decay_values被截断从 24321 到 23704
2025-09-10 14:23:56 - data_validator - WARNING - 细胞 OrgbE851233 的decay_values被填充从 21402 到 23704
2025-09-10 14:23:56 - data_validator - WARNING - 细胞 OrgbE851234 的decay_values被填充从 21653 到 23704
2025-09-10 14:23:56 - data_validator - WARNING - 细胞 OrgbE851235 的decay_values被填充从 23666 到 23704
2025-09-10 14:23:56 - data_validator - WARNING - 细胞 OrgbE851236 的decay_values被填充从 23056 到 23704
2025-09-10 14:23:56 - data_validator - WARNING - 细胞 OrgbE851237 的decay_values被填充从 22677 到 23704
2025-09-10 14:23:56 - data_validator - WARNING - 细胞 OrgbE851238 的decay_values被截断从 24230 到 23704
2025-09-10 14:23:56 - data_validator - WARNING - 细胞 OrgbE851239 的decay_values被截断从 23849 到 23704
2025-09-10 14:23:56 - data_validator - WARNING - 细胞 OrgbE851242 的decay_values被填充从 21825 到 23704
2025-09-10 14:23:56 - data_validator - WARNING - 细胞 OrgbE851244 的decay_values被填充从 21469 到 23704
2025-09-10 14:23:56 - data_validator - WARNING - 细胞 OrgbE851245 的decay_values被截断从 24762 到 23704
2025-09-10 14:23:56 - data_validator - WARNING - 细胞 OrgbE851246 的decay_values被填充从 22122 到 23704
2025-09-10 14:23:56 - data_validator - WARNING - 细胞 OrgbE851247 的decay_values被截断从 25577 到 23704
2025-09-10 14:23:56 - data_validator - WARNING - 细胞 OrgbE851248 的decay_values被填充从 22598 到 23704
2025-09-10 14:23:56 - data_validator - WARNING - 细胞 OrgbE851249 的decay_values被截断从 24327 到 23704
2025-09-10 14:23:56 - data_validator - WARNING - 细胞 OrgbE851250 的decay_values被填充从 22314 到 23704
2025-09-10 14:23:56 - data_validator - WARNING - 细胞 OrgbE851251 的decay_values被截断从 23765 到 23704
2025-09-10 14:23:56 - data_validator - WARNING - 细胞 OrgbE851252 的decay_values被填充从 22539 到 23704
2025-09-10 14:23:56 - data_validator - WARNING - 细胞 OrgbE851253 的decay_values被截断从 25497 到 23704
2025-09-10 14:23:56 - data_validator - WARNING - 细胞 OrgbE851254 的decay_values被填充从 22821 到 23704
2025-09-10 14:23:56 - data_validator - WARNING - 细胞 OrgbE851256 的decay_values被填充从 23601 到 23704
2025-09-10 14:23:56 - data_validator - WARNING - 细胞 OrgbE851258 的decay_values被填充从 22511 到 23704
2025-09-10 14:23:56 - data_validator - WARNING - 细胞 OrgbE851259 的decay_values被填充从 22143 到 23704
2025-09-10 14:23:56 - data_validator - WARNING - 细胞 OrgbE851260 的decay_values被填充从 23518 到 23704
2025-09-10 14:23:56 - data_validator - WARNING - 细胞 OrgbE851262 的decay_values被截断从 24900 到 23704
2025-09-10 14:23:56 - data_validator - WARNING - 细胞 OrgbE851267 的decay_values被填充从 23436 到 23704
2025-09-10 14:23:56 - data_validator - WARNING - 细胞 OrgbE851268 的decay_values被截断从 25038 到 23704
2025-09-10 14:23:56 - data_validator - WARNING - 细胞 OrgbE851270 的decay_values被截断从 25487 到 23704
2025-09-10 14:23:56 - data_validator - WARNING - 细胞 OrgbE851272 的decay_values被填充从 17981 到 23704
2025-09-10 14:23:56 - data_validator - WARNING - 细胞 OrgbE851273 的decay_values被填充从 21643 到 23704
2025-09-10 14:23:56 - data_validator - WARNING - 细胞 OrgbE851275 的decay_values被填充从 22260 到 23704
2025-09-10 14:23:56 - data_validator - WARNING - 细胞 OrgbE851276 的decay_values被填充从 21260 到 23704
2025-09-10 14:23:56 - data_validator - WARNING - 细胞 OrgbE851277 的decay_values被填充从 21940 到 23704
2025-09-10 14:23:56 - data_validator - WARNING - 细胞 OrgbE851278 的decay_values被截断从 25584 到 23704
2025-09-10 14:23:56 - data_validator - WARNING - 细胞 OrgbE851279 的decay_values被截断从 23817 到 23704
2025-09-10 14:23:56 - data_validator - WARNING - 细胞 OrgbE851280 的decay_values被截断从 24574 到 23704
2025-09-10 14:23:56 - data_validator - WARNING - 细胞 OrgbE851281 的decay_values被填充从 22843 到 23704
2025-09-10 14:23:56 - data_validator - WARNING - 细胞 OrgbE851282 的decay_values被截断从 24431 到 23704
2025-09-10 14:23:56 - data_validator - WARNING - 细胞 OrgbE851283 的decay_values被填充从 23538 到 23704
2025-09-10 14:23:56 - data_validator - WARNING - 细胞 OrgbE851284 的decay_values被填充从 23424 到 23704
2025-09-10 14:23:56 - data_validator - WARNING - 细胞 OrgbE851288 的decay_values被截断从 24868 到 23704
2025-09-10 14:23:56 - data_validator - WARNING - 细胞 OrgbE851289 的decay_values被截断从 24170 到 23704
2025-09-10 14:23:56 - data_validator - WARNING - 细胞 OrgbE851290 的decay_values被截断从 24228 到 23704
2025-09-10 14:23:56 - data_validator - WARNING - 细胞 OrgbE851291 的decay_values被截断从 23961 到 23704
2025-09-10 14:23:56 - data_validator - WARNING - 细胞 OrgbE851294 的decay_values被截断从 24270 到 23704
2025-09-10 14:23:56 - data_validator - WARNING - 细胞 OrgbE851295 的decay_values被填充从 23678 到 23704
2025-09-10 14:23:56 - data_validator - WARNING - 细胞 OrgbE851298 的decay_values被填充从 21481 到 23704
2025-09-10 14:23:56 - data_validator - WARNING - 细胞 OrgbE851299 的decay_values被截断从 24594 到 23704
2025-09-10 14:23:56 - data_validator - WARNING - 细胞 OrgbE851300 的decay_values被填充从 23649 到 23704
2025-09-10 14:23:56 - data_validator - WARNING - 细胞 OrgbE851303 的decay_values被填充从 22520 到 23704
2025-09-10 14:23:56 - data_validator - WARNING - 细胞 OrgbE851304 的decay_values被填充从 23155 到 23704
2025-09-10 14:23:56 - data_validator - WARNING - 细胞 OrgbE851305 的decay_values被填充从 23338 到 23704
2025-09-10 14:23:56 - data_validator - WARNING - 细胞 OrgbE851306 的decay_values被截断从 24664 到 23704
2025-09-10 14:23:56 - data_validator - WARNING - 细胞 OrgbE851307 的decay_values被填充从 22477 到 23704
2025-09-10 14:23:56 - data_validator - WARNING - 细胞 OrgbE851308 的decay_values被截断从 25212 到 23704
2025-09-10 14:23:56 - data_validator - WARNING - 细胞 OrgbE851309 的decay_values被填充从 23586 到 23704
2025-09-10 14:23:56 - data_validator - WARNING - 细胞 OrgbE851310 的decay_values被截断从 24510 到 23704
2025-09-10 14:23:56 - data_validator - WARNING - 细胞 OrgbE851311 的decay_values被截断从 25131 到 23704
2025-09-10 14:23:56 - data_validator - WARNING - 细胞 OrgbE851312 的decay_values被填充从 23321 到 23704
2025-09-10 14:23:56 - data_validator - WARNING - 细胞 OrgbE851314 的decay_values被填充从 22706 到 23704
2025-09-10 14:23:56 - data_validator - WARNING - 细胞 OrgbE851318 的decay_values被截断从 25111 到 23704
2025-09-10 14:23:56 - data_validator - WARNING - 细胞 OrgbE851319 的decay_values被截断从 25340 到 23704
2025-09-10 14:23:56 - data_validator - WARNING - 细胞 OrgbE851320 的decay_values被填充从 23465 到 23704
2025-09-10 14:23:56 - data_validator - WARNING - 细胞 OrgbE851321 的decay_values被截断从 23980 到 23704
2025-09-10 14:23:56 - data_validator - WARNING - 细胞 OrgbE851323 的decay_values被填充从 23292 到 23704
2025-09-10 14:23:56 - data_validator - WARNING - 细胞 OrgbE851325 的decay_values被填充从 23565 到 23704
2025-09-10 14:23:56 - data_validator - WARNING - 细胞 OrgbE851326 的decay_values被填充从 23176 到 23704
2025-09-10 14:23:56 - data_validator - WARNING - 细胞 OrgbE851328 的decay_values被填充从 21000 到 23704
2025-09-10 14:23:56 - data_validator - WARNING - 细胞 OrgbE851331 的decay_values被截断从 24632 到 23704
2025-09-10 14:23:56 - data_validator - WARNING - 细胞 OrgbE851332 的decay_values被填充从 23334 到 23704
2025-09-10 14:23:56 - data_validator - WARNING - 细胞 OrgbE851334 的decay_values被填充从 18760 到 23704
2025-09-10 14:23:56 - data_validator - WARNING - 细胞 OrgbE851336 的decay_values被填充从 23398 到 23704
2025-09-10 14:23:56 - data_validator - WARNING - 细胞 OrgbE851337 的decay_values被截断从 23812 到 23704
2025-09-10 14:23:56 - data_validator - WARNING - 细胞 OrgbE851338 的decay_values被截断从 25203 到 23704
2025-09-10 14:23:56 - data_validator - WARNING - 细胞 OrgbE851341 的decay_values被填充从 21597 到 23704
2025-09-10 14:23:56 - data_validator - WARNING - 细胞 OrgbE851343 的decay_values被填充从 21737 到 23704
2025-09-10 14:23:56 - data_validator - WARNING - 细胞 OrgbE851344 的decay_values被截断从 23897 到 23704
2025-09-10 14:23:56 - data_validator - WARNING - 细胞 OrgbE851345 的decay_values被截断从 24058 到 23704
2025-09-10 14:23:56 - data_validator - WARNING - 细胞 OrgbE851346 的decay_values被截断从 23972 到 23704
2025-09-10 14:23:56 - data_validator - WARNING - 细胞 OrgbE851349 的decay_values被截断从 24320 到 23704
2025-09-10 14:23:56 - data_validator - WARNING - 细胞 OrgbE851352 的decay_values被截断从 23917 到 23704
2025-09-10 14:23:56 - data_validator - WARNING - 细胞 OrgbE851353 的decay_values被填充从 22202 到 23704
2025-09-10 14:23:56 - data_validator - WARNING - 细胞 OrgbE851354 的decay_values被填充从 22191 到 23704
2025-09-10 14:23:56 - data_validator - WARNING - 细胞 OrgbE851356 的decay_values被填充从 22290 到 23704
2025-09-10 14:23:56 - data_validator - WARNING - 细胞 OrgbE851357 的decay_values被填充从 21535 到 23704
2025-09-10 14:23:56 - data_validator - WARNING - 细胞 OrgbE851358 的decay_values被截断从 24619 到 23704
2025-09-10 14:23:56 - data_validator - WARNING - 细胞 OrgbE851359 的decay_values被截断从 24067 到 23704
2025-09-10 14:23:56 - data_validator - WARNING - 细胞 OrgbE851363 的decay_values被填充从 20456 到 23704
2025-09-10 14:23:56 - data_validator - WARNING - 细胞 OrgbE851364 的decay_values被截断从 24759 到 23704
2025-09-10 14:23:56 - data_validator - WARNING - 细胞 OrgbE851365 的decay_values被填充从 19915 到 23704
2025-09-10 14:23:56 - data_validator - WARNING - 细胞 OrgbE851367 的decay_values被填充从 23677 到 23704
2025-09-10 14:23:56 - data_validator - WARNING - 细胞 OrgbE851368 的decay_values被填充从 23546 到 23704
2025-09-10 14:23:56 - data_validator - WARNING - 细胞 OrgbE851370 的decay_values被截断从 25025 到 23704
2025-09-10 14:23:56 - data_validator - WARNING - 细胞 OrgbE851371 的decay_values被截断从 24851 到 23704
2025-09-10 14:23:56 - data_validator - WARNING - 细胞 OrgbE851373 的decay_values被填充从 23229 到 23704
2025-09-10 14:23:56 - data_validator - WARNING - 细胞 OrgbE851377 的decay_values被填充从 21568 到 23704
2025-09-10 14:23:56 - data_validator - WARNING - 细胞 OrgbE851378 的decay_values被截断从 25050 到 23704
2025-09-10 14:23:56 - data_validator - WARNING - 细胞 OrgbE851379 的decay_values被截断从 23733 到 23704
2025-09-10 14:23:56 - data_validator - WARNING - 细胞 OrgbE851380 的decay_values被截断从 25387 到 23704
2025-09-10 14:23:56 - data_validator - WARNING - 细胞 OrgbE851382 的decay_values被截断从 24883 到 23704
2025-09-10 14:23:56 - data_validator - WARNING - 细胞 OrgbE851383 的decay_values被截断从 25003 到 23704
2025-09-10 14:23:56 - data_validator - WARNING - 细胞 OrgbE851384 的decay_values被截断从 25083 到 23704
2025-09-10 14:23:56 - data_validator - WARNING - 细胞 OrgcE851002 的decay_values被填充从 22440 到 23704
2025-09-10 14:23:56 - data_validator - WARNING - 细胞 OrgcE851006 的decay_values被截断从 24613 到 23704
2025-09-10 14:23:56 - data_validator - WARNING - 细胞 OrgcE851008 的decay_values被截断从 24060 到 23704
2025-09-10 14:23:56 - data_validator - WARNING - 细胞 OrgcE851010 的decay_values被填充从 21734 到 23704
2025-09-10 14:23:56 - data_validator - WARNING - 细胞 OrgcE851011 的decay_values被填充从 22783 到 23704
2025-09-10 14:23:56 - data_validator - WARNING - 细胞 OrgcE851012 的decay_values被截断从 25448 到 23704
2025-09-10 14:23:56 - data_validator - WARNING - 细胞 OrgcE851013 的decay_values被截断从 24113 到 23704
2025-09-10 14:23:56 - data_validator - WARNING - 细胞 OrgcE851014 的decay_values被填充从 21857 到 23704
2025-09-10 14:23:56 - data_validator - WARNING - 细胞 OrgcE851015 的decay_values被填充从 23141 到 23704
2025-09-10 14:23:56 - data_validator - WARNING - 细胞 OrgcE851016 的decay_values被截断从 23770 到 23704
2025-09-10 14:23:56 - data_validator - WARNING - 细胞 OrgcE851017 的decay_values被填充从 22841 到 23704
2025-09-10 14:23:56 - data_validator - WARNING - 细胞 OrgcE851024 的decay_values被截断从 24653 到 23704
2025-09-10 14:23:56 - data_validator - WARNING - 细胞 OrgcE851025 的decay_values被填充从 23223 到 23704
2025-09-10 14:23:56 - data_validator - WARNING - 细胞 OrgcE851026 的decay_values被截断从 24114 到 23704
2025-09-10 14:23:56 - data_validator - WARNING - 细胞 OrgcE851027 的decay_values被截断从 24009 到 23704
2025-09-10 14:23:56 - data_validator - WARNING - 细胞 OrgcE851030 的decay_values被填充从 23686 到 23704
2025-09-10 14:23:56 - data_validator - WARNING - 细胞 OrgcE851032 的decay_values被截断从 24633 到 23704
2025-09-10 14:23:56 - data_validator - WARNING - 细胞 OrgcE851033 的decay_values被截断从 24160 到 23704
2025-09-10 14:23:56 - data_validator - WARNING - 细胞 OrgcE851036 的decay_values被填充从 23688 到 23704
2025-09-10 14:23:56 - data_validator - WARNING - 细胞 OrgcE851038 的decay_values被填充从 20241 到 23704
2025-09-10 14:23:56 - data_validator - WARNING - 细胞 OrgcE851041 的decay_values被截断从 24048 到 23704
2025-09-10 14:23:56 - data_validator - WARNING - 细胞 OrgcE851043 的decay_values被截断从 24390 到 23704
2025-09-10 14:23:56 - data_validator - WARNING - 细胞 OrgcE851044 的decay_values被填充从 23348 到 23704
2025-09-10 14:23:56 - data_validator - WARNING - 细胞 OrgcE851045 的decay_values被截断从 24100 到 23704
2025-09-10 14:23:56 - data_validator - WARNING - 细胞 OrgcE851046 的decay_values被填充从 18646 到 23704
2025-09-10 14:23:56 - data_validator - WARNING - 细胞 OrgcE851047 的decay_values被填充从 21496 到 23704
2025-09-10 14:23:56 - data_validator - WARNING - 细胞 OrgcE851048 的decay_values被填充从 22190 到 23704
2025-09-10 14:23:56 - data_validator - WARNING - 细胞 OrgcE851049 的decay_values被截断从 23943 到 23704
2025-09-10 14:23:56 - data_validator - WARNING - 细胞 OrgcE851051 的decay_values被截断从 23948 到 23704
2025-09-10 14:23:56 - data_validator - WARNING - 细胞 OrgcE851052 的decay_values被截断从 24599 到 23704
2025-09-10 14:23:56 - data_validator - WARNING - 细胞 OrgcE851053 的decay_values被截断从 23880 到 23704
2025-09-10 14:23:56 - data_validator - WARNING - 细胞 OrgcE851054 的decay_values被填充从 23681 到 23704
2025-09-10 14:23:56 - data_validator - WARNING - 细胞 OrgcE851056 的decay_values被填充从 23559 到 23704
2025-09-10 14:23:56 - data_validator - WARNING - 细胞 OrgcE851057 的decay_values被填充从 19050 到 23704
2025-09-10 14:23:56 - data_validator - WARNING - 细胞 OrgcE851058 的decay_values被填充从 23281 到 23704
2025-09-10 14:23:56 - data_validator - WARNING - 细胞 OrgcE851060 的decay_values被截断从 24894 到 23704
2025-09-10 14:23:56 - data_validator - WARNING - 细胞 OrgcE851061 的decay_values被截断从 24939 到 23704
2025-09-10 14:23:56 - data_validator - WARNING - 细胞 OrgcE851066 的decay_values被填充从 20552 到 23704
2025-09-10 14:23:56 - data_validator - WARNING - 细胞 OrgcE851067 的decay_values被填充从 20209 到 23704
2025-09-10 14:23:56 - data_validator - WARNING - 细胞 OrgcE851068 的decay_values被填充从 23090 到 23704
2025-09-10 14:23:56 - data_validator - WARNING - 细胞 OrgcE851071 的decay_values被截断从 25090 到 23704
2025-09-10 14:23:56 - data_validator - WARNING - 细胞 OrgcE851072 的decay_values被截断从 24543 到 23704
2025-09-10 14:23:56 - data_validator - WARNING - 细胞 OrgcE851073 的decay_values被填充从 19394 到 23704
2025-09-10 14:23:56 - data_validator - WARNING - 细胞 OrgcE851074 的decay_values被填充从 23395 到 23704
2025-09-10 14:23:56 - data_validator - WARNING - 细胞 OrgcE851075 的decay_values被截断从 24804 到 23704
2025-09-10 14:23:56 - data_validator - WARNING - 细胞 OrgcE851076 的decay_values被截断从 25338 到 23704
2025-09-10 14:23:56 - data_validator - WARNING - 细胞 OrgcE851077 的decay_values被截断从 24587 到 23704
2025-09-10 14:23:56 - data_validator - WARNING - 细胞 OrgcE851078 的decay_values被截断从 25008 到 23704
2025-09-10 14:23:56 - data_validator - WARNING - 细胞 OrgcE851079 的decay_values被填充从 23569 到 23704
2025-09-10 14:23:56 - data_validator - WARNING - 细胞 OrgcE851083 的decay_values被填充从 22346 到 23704
2025-09-10 14:23:56 - data_validator - WARNING - 细胞 OrgcE851085 的decay_values被填充从 22946 到 23704
2025-09-10 14:23:56 - data_validator - WARNING - 细胞 OrgcE851086 的decay_values被截断从 25625 到 23704
2025-09-10 14:23:56 - data_validator - WARNING - 细胞 OrgcE851087 的decay_values被填充从 22620 到 23704
2025-09-10 14:23:56 - data_validator - WARNING - 细胞 OrgcE851089 的decay_values被截断从 24359 到 23704
2025-09-10 14:23:56 - data_validator - WARNING - 细胞 OrgcE851090 的decay_values被截断从 24163 到 23704
2025-09-10 14:23:56 - data_validator - WARNING - 细胞 OrgcE851092 的decay_values被截断从 25503 到 23704
2025-09-10 14:23:56 - data_validator - WARNING - 细胞 OrgcE851096 的decay_values被截断从 25168 到 23704
2025-09-10 14:23:56 - data_validator - WARNING - 细胞 OrgcE851101 的decay_values被截断从 23990 到 23704
2025-09-10 14:23:56 - data_validator - WARNING - 细胞 OrgcE851102 的decay_values被截断从 25673 到 23704
2025-09-10 14:23:56 - data_validator - WARNING - 细胞 OrgcE851104 的decay_values被截断从 23946 到 23704
2025-09-10 14:23:56 - data_validator - WARNING - 细胞 OrgcE851108 的decay_values被填充从 20640 到 23704
2025-09-10 14:23:56 - data_validator - WARNING - 细胞 OrgcE851109 的decay_values被截断从 24033 到 23704
2025-09-10 14:23:56 - data_validator - WARNING - 细胞 OrgcE851110 的decay_values被截断从 24510 到 23704
2025-09-10 14:23:56 - data_validator - WARNING - 细胞 OrgcE851112 的decay_values被截断从 25693 到 23704
2025-09-10 14:23:56 - data_validator - WARNING - 细胞 OrgcE851114 的decay_values被截断从 25243 到 23704
2025-09-10 14:23:56 - data_validator - WARNING - 细胞 OrgcE851115 的decay_values被填充从 23009 到 23704
2025-09-10 14:23:56 - data_validator - WARNING - 细胞 OrgcE851116 的decay_values被填充从 22485 到 23704
2025-09-10 14:23:56 - data_validator - WARNING - 细胞 OrgcE851117 的decay_values被填充从 22354 到 23704
2025-09-10 14:23:56 - data_validator - WARNING - 细胞 OrgcE851118 的decay_values被截断从 25128 到 23704
2025-09-10 14:23:56 - data_validator - WARNING - 细胞 OrgcE851119 的decay_values被截断从 24470 到 23704
2025-09-10 14:23:56 - data_validator - WARNING - 细胞 OrgcE851121 的decay_values被截断从 25070 到 23704
2025-09-10 14:23:56 - data_validator - WARNING - 细胞 OrgcE851122 的decay_values被填充从 23266 到 23704
2025-09-10 14:23:56 - data_validator - WARNING - 细胞 OrgcE851123 的decay_values被填充从 21507 到 23704
2025-09-10 14:23:56 - data_validator - WARNING - 细胞 OrgcE851125 的decay_values被填充从 22393 到 23704
2025-09-10 14:23:56 - data_validator - WARNING - 细胞 OrgcE851126 的decay_values被截断从 24243 到 23704
2025-09-10 14:23:56 - data_validator - WARNING - 细胞 OrgcE851127 的decay_values被截断从 25410 到 23704
2025-09-10 14:23:56 - data_validator - WARNING - 细胞 OrgcE851128 的decay_values被填充从 23161 到 23704
2025-09-10 14:23:56 - data_validator - WARNING - 细胞 OrgcE851130 的decay_values被填充从 23325 到 23704
2025-09-10 14:23:56 - data_validator - WARNING - 细胞 OrgcE851133 的decay_values被截断从 24383 到 23704
2025-09-10 14:23:56 - data_validator - WARNING - 细胞 OrgcE851134 的decay_values被填充从 16747 到 23704
2025-09-10 14:23:56 - data_validator - WARNING - 细胞 OrgcE851135 的decay_values被填充从 22698 到 23704
2025-09-10 14:23:56 - data_validator - WARNING - 细胞 OrgcE851137 的decay_values被截断从 24130 到 23704
2025-09-10 14:23:56 - data_validator - WARNING - 细胞 OrgcE851138 的decay_values被填充从 23065 到 23704
2025-09-10 14:23:56 - data_validator - WARNING - 细胞 OrgcE851140 的decay_values被截断从 25291 到 23704
2025-09-10 14:23:56 - data_validator - WARNING - 细胞 OrgcE851141 的decay_values被截断从 24121 到 23704
2025-09-10 14:23:56 - data_validator - WARNING - 细胞 OrgcE851142 的decay_values被填充从 23444 到 23704
2025-09-10 14:23:56 - data_validator - WARNING - 细胞 OrgcE851144 的decay_values被截断从 25372 到 23704
2025-09-10 14:23:56 - data_validator - WARNING - 细胞 OrgcE851146 的decay_values被截断从 24047 到 23704
2025-09-10 14:23:56 - data_validator - WARNING - 细胞 OrgcE851150 的decay_values被截断从 25457 到 23704
2025-09-10 14:23:56 - data_validator - WARNING - 细胞 OrgcE851151 的decay_values被填充从 23377 到 23704
2025-09-10 14:23:56 - data_validator - WARNING - 细胞 OrgcE851152 的decay_values被填充从 21140 到 23704
2025-09-10 14:23:56 - data_validator - WARNING - 细胞 OrgcE851153 的decay_values被填充从 21030 到 23704
2025-09-10 14:23:56 - data_validator - WARNING - 细胞 OrgcE851157 的decay_values被填充从 21862 到 23704
2025-09-10 14:23:56 - data_validator - WARNING - 细胞 OrgcE851159 的decay_values被截断从 25578 到 23704
2025-09-10 14:23:56 - data_validator - WARNING - 细胞 OrgcE851162 的decay_values被截断从 24182 到 23704
2025-09-10 14:23:56 - data_validator - WARNING - 细胞 OrgcE851165 的decay_values被填充从 23618 到 23704
2025-09-10 14:23:56 - data_validator - WARNING - 细胞 OrgcE851167 的decay_values被截断从 24549 到 23704
2025-09-10 14:23:56 - data_validator - WARNING - 细胞 OrgcE851168 的decay_values被截断从 24321 到 23704
2025-09-10 14:23:56 - data_validator - WARNING - 细胞 OrgcE851169 的decay_values被填充从 21725 到 23704
2025-09-10 14:23:56 - data_validator - WARNING - 细胞 OrgcE851172 的decay_values被填充从 22695 到 23704
2025-09-10 14:23:56 - data_validator - WARNING - 细胞 OrgcE851173 的decay_values被填充从 23461 到 23704
2025-09-10 14:23:56 - data_validator - WARNING - 细胞 OrgcE851174 的decay_values被截断从 24608 到 23704
2025-09-10 14:23:56 - data_validator - WARNING - 细胞 OrgcE851175 的decay_values被截断从 24029 到 23704
2025-09-10 14:23:56 - data_validator - WARNING - 细胞 OrgcE851177 的decay_values被截断从 23896 到 23704
2025-09-10 14:23:56 - data_validator - WARNING - 细胞 OrgcE851179 的decay_values被填充从 23241 到 23704
2025-09-10 14:23:56 - data_validator - WARNING - 细胞 OrgcE851181 的decay_values被截断从 24246 到 23704
2025-09-10 14:23:56 - data_validator - WARNING - 细胞 OrgcE851183 的decay_values被填充从 20710 到 23704
2025-09-10 14:23:56 - data_validator - WARNING - 细胞 OrgcE851185 的decay_values被截断从 23837 到 23704
2025-09-10 14:23:56 - data_validator - WARNING - 细胞 OrgcE851187 的decay_values被截断从 25161 到 23704
2025-09-10 14:23:56 - data_validator - WARNING - 细胞 OrgcE851189 的decay_values被截断从 24244 到 23704
2025-09-10 14:23:56 - data_validator - WARNING - 细胞 OrgcE851190 的decay_values被填充从 20186 到 23704
2025-09-10 14:23:56 - data_validator - WARNING - 细胞 OrgcE851191 的decay_values被填充从 22443 到 23704
2025-09-10 14:23:56 - data_validator - WARNING - 细胞 OrgcE851192 的decay_values被填充从 22984 到 23704
2025-09-10 14:23:56 - data_validator - WARNING - 细胞 OrgcE851193 的decay_values被截断从 24353 到 23704
2025-09-10 14:23:56 - data_validator - WARNING - 细胞 OrgcE851195 的decay_values被填充从 23271 到 23704
2025-09-10 14:23:56 - data_validator - WARNING - 细胞 OrgcE851196 的decay_values被填充从 23675 到 23704
2025-09-10 14:23:56 - data_validator - WARNING - 细胞 OrgcE851198 的decay_values被截断从 23863 到 23704
2025-09-10 14:23:56 - data_validator - WARNING - 细胞 OrgcE851201 的decay_values被填充从 23583 到 23704
2025-09-10 14:23:56 - data_validator - WARNING - 细胞 OrgcE851204 的decay_values被截断从 24307 到 23704
2025-09-10 14:23:56 - data_validator - WARNING - 细胞 OrgcE851205 的decay_values被填充从 23371 到 23704
2025-09-10 14:23:56 - data_validator - WARNING - 细胞 OrgcE851206 的decay_values被填充从 23246 到 23704
2025-09-10 14:23:56 - data_validator - WARNING - 细胞 OrgcE851208 的decay_values被填充从 22615 到 23704
2025-09-10 14:23:56 - data_validator - WARNING - 细胞 OrgcE851209 的decay_values被填充从 23697 到 23704
2025-09-10 14:23:56 - data_validator - WARNING - 细胞 OrgcE851213 的decay_values被填充从 23115 到 23704
2025-09-10 14:23:56 - data_validator - WARNING - 细胞 OrgcE851216 的decay_values被填充从 21894 到 23704
2025-09-10 14:23:56 - data_validator - WARNING - 细胞 OrgcE851218 的decay_values被填充从 23436 到 23704
2025-09-10 14:23:56 - data_validator - WARNING - 细胞 OrgcE851219 的decay_values被截断从 23711 到 23704
2025-09-10 14:23:56 - data_validator - WARNING - 细胞 OrgcE851224 的decay_values被截断从 24258 到 23704
2025-09-10 14:23:56 - data_validator - WARNING - 细胞 OrgcE851225 的decay_values被填充从 22880 到 23704
2025-09-10 14:23:56 - data_validator - WARNING - 细胞 OrgcE851227 的decay_values被填充从 21423 到 23704
2025-09-10 14:23:56 - data_validator - WARNING - 细胞 OrgcE851228 的decay_values被截断从 24709 到 23704
2025-09-10 14:23:56 - data_validator - WARNING - 细胞 OrgcE851229 的decay_values被截断从 25639 到 23704
2025-09-10 14:23:56 - data_validator - WARNING - 细胞 OrgcE851233 的decay_values被截断从 24220 到 23704
2025-09-10 14:23:56 - data_validator - WARNING - 细胞 OrgcE851235 的decay_values被填充从 23396 到 23704
2025-09-10 14:23:56 - data_validator - WARNING - 细胞 OrgcE851236 的decay_values被填充从 21859 到 23704
2025-09-10 14:23:56 - data_validator - WARNING - 细胞 OrgcE851237 的decay_values被填充从 22114 到 23704
2025-09-10 14:23:56 - data_validator - WARNING - 细胞 OrgcE851242 的decay_values被截断从 25556 到 23704
2025-09-10 14:23:56 - data_validator - WARNING - 细胞 OrgcE851243 的decay_values被填充从 22618 到 23704
2025-09-10 14:23:56 - data_validator - WARNING - 细胞 OrgcE851244 的decay_values被填充从 22757 到 23704
2025-09-10 14:23:56 - data_validator - WARNING - 细胞 OrgcE851245 的decay_values被填充从 21058 到 23704
2025-09-10 14:23:56 - data_validator - WARNING - 细胞 OrgcE851246 的decay_values被填充从 22815 到 23704
2025-09-10 14:23:56 - data_validator - WARNING - 细胞 OrgcE851247 的decay_values被填充从 22775 到 23704
2025-09-10 14:23:56 - data_validator - WARNING - 细胞 OrgcE851251 的decay_values被截断从 24939 到 23704
2025-09-10 14:23:56 - data_validator - WARNING - 细胞 OrgcE851252 的decay_values被填充从 22176 到 23704
2025-09-10 14:23:56 - data_validator - WARNING - 细胞 OrgcE851253 的decay_values被填充从 21386 到 23704
2025-09-10 14:23:56 - data_validator - WARNING - 细胞 OrgcE851254 的decay_values被截断从 23746 到 23704
2025-09-10 14:23:56 - data_validator - WARNING - 细胞 OrgcE851255 的decay_values被截断从 25011 到 23704
2025-09-10 14:23:56 - data_validator - WARNING - 细胞 OrgcE851259 的decay_values被填充从 22344 到 23704
2025-09-10 14:23:56 - data_validator - WARNING - 细胞 OrgcE851261 的decay_values被填充从 23312 到 23704
2025-09-10 14:23:56 - data_validator - WARNING - 细胞 OrgcE851262 的decay_values被截断从 24670 到 23704
2025-09-10 14:23:56 - data_validator - WARNING - 细胞 OrgcE851264 的decay_values被截断从 24310 到 23704
2025-09-10 14:23:56 - data_validator - WARNING - 细胞 OrgcE851266 的decay_values被截断从 25009 到 23704
2025-09-10 14:23:56 - data_validator - WARNING - 细胞 OrgcE851267 的decay_values被填充从 21098 到 23704
2025-09-10 14:23:56 - data_validator - WARNING - 细胞 OrgcE851268 的decay_values被填充从 23161 到 23704
2025-09-10 14:23:56 - data_validator - WARNING - 细胞 OrgcE851269 的decay_values被截断从 23842 到 23704
2025-09-10 14:23:56 - data_validator - WARNING - 细胞 OrgcE851270 的decay_values被截断从 25457 到 23704
2025-09-10 14:23:56 - data_validator - WARNING - 细胞 OrgcE851271 的decay_values被填充从 22116 到 23704
2025-09-10 14:23:56 - data_validator - WARNING - 细胞 OrgcE851273 的decay_values被截断从 24075 到 23704
2025-09-10 14:23:56 - data_validator - WARNING - 细胞 OrgcE851274 的decay_values被填充从 19658 到 23704
2025-09-10 14:23:56 - data_validator - WARNING - 细胞 OrgcE851275 的decay_values被填充从 20264 到 23704
2025-09-10 14:23:56 - data_validator - WARNING - 细胞 OrgcE851277 的decay_values被截断从 24386 到 23704
2025-09-10 14:23:56 - data_validator - WARNING - 细胞 OrgcE851278 的decay_values被截断从 23879 到 23704
2025-09-10 14:23:56 - data_validator - WARNING - 细胞 OrgcE851279 的decay_values被填充从 22891 到 23704
2025-09-10 14:23:56 - data_validator - WARNING - 细胞 OrgcE851280 的decay_values被填充从 22863 到 23704
2025-09-10 14:23:56 - data_validator - WARNING - 细胞 OrgcE851281 的decay_values被填充从 22199 到 23704
2025-09-10 14:23:56 - data_validator - WARNING - 细胞 OrgcE851282 的decay_values被截断从 23784 到 23704
2025-09-10 14:23:56 - data_validator - WARNING - 细胞 OrgcE851283 的decay_values被截断从 24125 到 23704
2025-09-10 14:23:56 - data_validator - WARNING - 细胞 OrgcE851284 的decay_values被截断从 24413 到 23704
2025-09-10 14:23:56 - data_validator - WARNING - 细胞 OrgcE851285 的decay_values被填充从 23703 到 23704
2025-09-10 14:23:56 - data_validator - WARNING - 细胞 OrgcE851286 的decay_values被填充从 22904 到 23704
2025-09-10 14:23:56 - data_validator - WARNING - 细胞 OrgcE851287 的decay_values被填充从 21102 到 23704
2025-09-10 14:23:56 - data_validator - WARNING - 细胞 OrgcE851289 的decay_values被截断从 25369 到 23704
2025-09-10 14:23:56 - data_validator - WARNING - 细胞 OrgcE851291 的decay_values被填充从 23388 到 23704
2025-09-10 14:23:56 - data_validator - WARNING - 细胞 OrgcE851292 的decay_values被填充从 20657 到 23704
2025-09-10 14:23:56 - data_validator - WARNING - 细胞 OrgcE851293 的decay_values被填充从 23277 到 23704
2025-09-10 14:23:56 - data_validator - WARNING - 细胞 OrgcE851296 的decay_values被填充从 23452 到 23704
2025-09-10 14:23:56 - data_validator - WARNING - 细胞 OrgcE851297 的decay_values被截断从 23765 到 23704
2025-09-10 14:23:56 - data_validator - WARNING - 细胞 OrgcE851298 的decay_values被截断从 25383 到 23704
2025-09-10 14:23:56 - data_validator - WARNING - 细胞 OrgcE851299 的decay_values被截断从 24088 到 23704
2025-09-10 14:23:56 - data_validator - WARNING - 细胞 OrgcE851300 的decay_values被填充从 21501 到 23704
2025-09-10 14:23:56 - data_validator - WARNING - 细胞 OrgcE851301 的decay_values被截断从 24794 到 23704
2025-09-10 14:23:56 - data_validator - WARNING - 细胞 OrgcE851303 的decay_values被填充从 20748 到 23704
2025-09-10 14:23:56 - data_validator - WARNING - 细胞 OrgcE851304 的decay_values被填充从 23618 到 23704
2025-09-10 14:23:56 - data_validator - WARNING - 细胞 OrgcE851308 的decay_values被截断从 25141 到 23704
2025-09-10 14:23:56 - data_validator - WARNING - 细胞 OrgcE851309 的decay_values被填充从 22449 到 23704
2025-09-10 14:23:56 - data_validator - WARNING - 细胞 OrgcE851310 的decay_values被填充从 23181 到 23704
2025-09-10 14:23:56 - data_validator - WARNING - 细胞 OrgcE851313 的decay_values被填充从 22023 到 23704
2025-09-10 14:23:56 - data_validator - WARNING - 细胞 OrgcE851314 的decay_values被截断从 25034 到 23704
2025-09-10 14:23:56 - data_validator - WARNING - 细胞 OrgcE851315 的decay_values被填充从 22411 到 23704
2025-09-10 14:23:56 - data_validator - WARNING - 细胞 OrgcE851317 的decay_values被填充从 21534 到 23704
2025-09-10 14:23:56 - data_validator - WARNING - 细胞 OrgcE851318 的decay_values被填充从 21361 到 23704
2025-09-10 14:23:56 - data_validator - WARNING - 细胞 OrgcE851320 的decay_values被填充从 18854 到 23704
2025-09-10 14:23:56 - data_validator - WARNING - 细胞 OrgcE851324 的decay_values被填充从 23497 到 23704
2025-09-10 14:23:56 - data_validator - WARNING - 细胞 OrgcE851325 的decay_values被填充从 18069 到 23704
2025-09-10 14:23:56 - data_validator - WARNING - 细胞 OrgcE851331 的decay_values被填充从 22528 到 23704
2025-09-10 14:23:56 - data_validator - WARNING - 细胞 OrgcE851332 的decay_values被截断从 24929 到 23704
2025-09-10 14:23:56 - data_validator - WARNING - 细胞 OrgcE851335 的decay_values被填充从 23640 到 23704
2025-09-10 14:23:56 - data_validator - WARNING - 细胞 OrgcE851336 的decay_values被填充从 23320 到 23704
2025-09-10 14:23:56 - data_validator - WARNING - 细胞 OrgcE851337 的decay_values被填充从 23613 到 23704
2025-09-10 14:23:56 - data_validator - WARNING - 细胞 OrgcE851338 的decay_values被截断从 24618 到 23704
2025-09-10 14:23:56 - data_validator - WARNING - 细胞 OrgcE851340 的decay_values被截断从 24099 到 23704
2025-09-10 14:23:56 - data_validator - WARNING - 细胞 OrgcE851341 的decay_values被截断从 25253 到 23704
2025-09-10 14:23:56 - data_validator - WARNING - 细胞 OrgcE851342 的decay_values被填充从 22919 到 23704
2025-09-10 14:23:56 - data_validator - WARNING - 细胞 OrgcE851343 的decay_values被截断从 24467 到 23704
2025-09-10 14:23:56 - data_validator - WARNING - 细胞 OrgcE851344 的decay_values被填充从 21761 到 23704
2025-09-10 14:23:56 - data_validator - WARNING - 细胞 OrgcE851345 的decay_values被填充从 22542 到 23704
2025-09-10 14:23:56 - data_validator - WARNING - 细胞 OrgcE851347 的decay_values被截断从 24717 到 23704
2025-09-10 14:23:56 - data_validator - WARNING - 细胞 OrgcE851348 的decay_values被截断从 25152 到 23704
2025-09-10 14:23:56 - data_validator - WARNING - 细胞 OrgcE851349 的decay_values被截断从 25234 到 23704
2025-09-10 14:23:56 - data_validator - WARNING - 细胞 OrgcE851351 的decay_values被填充从 23644 到 23704
2025-09-10 14:23:56 - data_validator - WARNING - 细胞 OrgcE851352 的decay_values被截断从 23968 到 23704
2025-09-10 14:23:56 - data_validator - WARNING - 细胞 OrgcE851354 的decay_values被填充从 23136 到 23704
2025-09-10 14:23:56 - data_validator - WARNING - 细胞 OrgcE851355 的decay_values被填充从 22858 到 23704
2025-09-10 14:23:56 - data_validator - WARNING - 细胞 OrgcE851356 的decay_values被填充从 22810 到 23704
2025-09-10 14:23:56 - data_validator - WARNING - 细胞 OrgcE851357 的decay_values被填充从 21301 到 23704
2025-09-10 14:23:56 - data_validator - WARNING - 细胞 OrgcE851359 的decay_values被截断从 23800 到 23704
2025-09-10 14:23:56 - data_validator - WARNING - 细胞 OrgcE851362 的decay_values被填充从 22746 到 23704
2025-09-10 14:23:56 - data_validator - WARNING - 细胞 OrgcE851363 的decay_values被填充从 22188 到 23704
2025-09-10 14:23:56 - data_validator - WARNING - 细胞 OrgcE851366 的decay_values被填充从 17649 到 23704
2025-09-10 14:23:56 - data_validator - WARNING - 细胞 OrgcE851368 的decay_values被填充从 22768 到 23704
2025-09-10 14:23:56 - data_validator - WARNING - 细胞 OrgcE851371 的decay_values被截断从 24720 到 23704
2025-09-10 14:23:56 - data_validator - WARNING - 细胞 OrgcE851373 的decay_values被截断从 23990 到 23704
2025-09-10 14:23:56 - data_validator - WARNING - 细胞 OrgcE851374 的decay_values被截断从 24057 到 23704
2025-09-10 14:23:56 - data_validator - WARNING - 细胞 OrgcE851375 的decay_values被截断从 24464 到 23704
2025-09-10 14:23:56 - data_validator - WARNING - 细胞 OrgcE851379 的decay_values被截断从 25679 到 23704
2025-09-10 14:23:56 - data_validator - WARNING - 细胞 OrgcE851381 的decay_values被截断从 24740 到 23704
2025-09-10 14:23:56 - data_validator - WARNING - 细胞 OrgcE851382 的decay_values被填充从 23395 到 23704
2025-09-10 14:23:56 - data_validator - WARNING - 细胞 OrgcE851383 的decay_values被填充从 22437 到 23704
2025-09-10 14:23:56 - data_validator - WARNING - 细胞 OrgcE851384 的decay_values被截断从 24554 到 23704
2025-09-10 14:23:56 - data_validator - WARNING - 细胞 OrgeE851001 的decay_values被截断从 24848 到 23704
2025-09-10 14:23:56 - data_validator - WARNING - 细胞 OrgeE851003 的decay_values被填充从 23251 到 23704
2025-09-10 14:23:56 - data_validator - WARNING - 细胞 OrgeE851004 的decay_values被截断从 25381 到 23704
2025-09-10 14:23:56 - data_validator - WARNING - 细胞 OrgeE851009 的decay_values被填充从 22894 到 23704
2025-09-10 14:23:56 - data_validator - WARNING - 细胞 OrgeE851010 的decay_values被截断从 23908 到 23704
2025-09-10 14:23:56 - data_validator - WARNING - 细胞 OrgeE851013 的decay_values被填充从 21112 到 23704
2025-09-10 14:23:56 - data_validator - WARNING - 细胞 OrgeE851014 的decay_values被截断从 24533 到 23704
2025-09-10 14:23:56 - data_validator - WARNING - 细胞 OrgeE851019 的decay_values被截断从 25010 到 23704
2025-09-10 14:23:56 - data_validator - WARNING - 细胞 OrgeE851020 的decay_values被截断从 24617 到 23704
2025-09-10 14:23:56 - data_validator - WARNING - 细胞 OrgeE851021 的decay_values被截断从 24482 到 23704
2025-09-10 14:23:56 - data_validator - WARNING - 细胞 OrgeE851022 的decay_values被截断从 25162 到 23704
2025-09-10 14:23:56 - data_validator - WARNING - 细胞 OrgeE851023 的decay_values被截断从 23791 到 23704
2025-09-10 14:23:56 - data_validator - WARNING - 细胞 OrgeE851024 的decay_values被截断从 23944 到 23704
2025-09-10 14:23:56 - data_validator - WARNING - 细胞 OrgeE851025 的decay_values被截断从 24201 到 23704
2025-09-10 14:23:56 - data_validator - WARNING - 细胞 OrgeE851026 的decay_values被截断从 24523 到 23704
2025-09-10 14:23:56 - data_validator - WARNING - 细胞 OrgeE851027 的decay_values被填充从 23338 到 23704
2025-09-10 14:23:56 - data_validator - WARNING - 细胞 OrgeE851029 的decay_values被截断从 24217 到 23704
2025-09-10 14:23:56 - data_validator - WARNING - 细胞 OrgeE851030 的decay_values被截断从 23993 到 23704
2025-09-10 14:23:56 - data_validator - WARNING - 细胞 OrgeE851031 的decay_values被截断从 25679 到 23704
2025-09-10 14:23:56 - data_validator - WARNING - 细胞 OrgeE851033 的decay_values被截断从 25300 到 23704
2025-09-10 14:23:56 - data_validator - WARNING - 细胞 OrgeE851035 的decay_values被截断从 24186 到 23704
2025-09-10 14:23:56 - data_validator - WARNING - 细胞 OrgeE851036 的decay_values被截断从 24161 到 23704
2025-09-10 14:23:56 - data_validator - WARNING - 细胞 OrgeE851037 的decay_values被填充从 22950 到 23704
2025-09-10 14:23:56 - data_validator - WARNING - 细胞 OrgeE851038 的decay_values被截断从 24142 到 23704
2025-09-10 14:23:56 - data_validator - WARNING - 细胞 OrgeE851039 的decay_values被截断从 25070 到 23704
2025-09-10 14:23:56 - data_validator - WARNING - 细胞 OrgeE851040 的decay_values被截断从 23959 到 23704
2025-09-10 14:23:56 - data_validator - WARNING - 细胞 OrgeE851041 的decay_values被截断从 25633 到 23704
2025-09-10 14:23:56 - data_validator - WARNING - 细胞 OrgeE851043 的decay_values被截断从 24666 到 23704
2025-09-10 14:23:56 - data_validator - WARNING - 细胞 OrgeE851044 的decay_values被填充从 22313 到 23704
2025-09-10 14:23:56 - data_validator - WARNING - 细胞 OrgeE851046 的decay_values被截断从 24157 到 23704
2025-09-10 14:23:56 - data_validator - WARNING - 细胞 OrgeE851048 的decay_values被截断从 24110 到 23704
2025-09-10 14:23:56 - data_validator - WARNING - 细胞 OrgeE851049 的decay_values被截断从 24872 到 23704
2025-09-10 14:23:56 - data_validator - WARNING - 细胞 OrgeE851050 的decay_values被截断从 25072 到 23704
2025-09-10 14:23:56 - data_validator - WARNING - 细胞 OrgeE851051 的decay_values被截断从 23832 到 23704
2025-09-10 14:23:56 - data_validator - WARNING - 细胞 OrgeE851052 的decay_values被截断从 23887 到 23704
2025-09-10 14:23:56 - data_validator - WARNING - 细胞 OrgeE851056 的decay_values被截断从 24781 到 23704
2025-09-10 14:23:56 - data_validator - WARNING - 细胞 OrgeE851057 的decay_values被截断从 23872 到 23704
2025-09-10 14:23:56 - data_validator - WARNING - 细胞 OrgeE851058 的decay_values被填充从 23563 到 23704
2025-09-10 14:23:56 - data_validator - WARNING - 细胞 OrgeE851059 的decay_values被截断从 25403 到 23704
2025-09-10 14:23:56 - data_validator - WARNING - 细胞 OrgeE851060 的decay_values被截断从 24337 到 23704
2025-09-10 14:23:56 - data_validator - WARNING - 细胞 OrgeE851063 的decay_values被填充从 22968 到 23704
2025-09-10 14:23:56 - data_validator - WARNING - 细胞 OrgeE851064 的decay_values被截断从 25036 到 23704
2025-09-10 14:23:56 - data_validator - WARNING - 细胞 OrgeE851066 的decay_values被截断从 24239 到 23704
2025-09-10 14:23:56 - data_validator - WARNING - 细胞 OrgeE851067 的decay_values被填充从 23325 到 23704
2025-09-10 14:23:56 - data_validator - WARNING - 细胞 OrgeE851068 的decay_values被截断从 24449 到 23704
2025-09-10 14:23:56 - data_validator - WARNING - 细胞 OrgeE851072 的decay_values被截断从 23753 到 23704
2025-09-10 14:23:56 - data_validator - WARNING - 细胞 OrgeE851075 的decay_values被截断从 25170 到 23704
2025-09-10 14:23:56 - data_validator - WARNING - 细胞 OrgeE851076 的decay_values被截断从 24032 到 23704
2025-09-10 14:23:56 - data_validator - WARNING - 细胞 OrgeE851077 的decay_values被填充从 22222 到 23704
2025-09-10 14:23:56 - data_validator - WARNING - 细胞 OrgeE851081 的decay_values被截断从 25171 到 23704
2025-09-10 14:23:56 - data_validator - WARNING - 细胞 OrgeE851082 的decay_values被截断从 23932 到 23704
2025-09-10 14:23:56 - data_validator - WARNING - 细胞 OrgeE851083 的decay_values被截断从 24432 到 23704
2025-09-10 14:23:56 - data_validator - WARNING - 细胞 OrgeE851085 的decay_values被填充从 22438 到 23704
2025-09-10 14:23:56 - data_validator - WARNING - 细胞 OrgeE851086 的decay_values被截断从 25241 到 23704
2025-09-10 14:23:56 - data_validator - WARNING - 细胞 OrgeE851088 的decay_values被截断从 24431 到 23704
2025-09-10 14:23:56 - data_validator - WARNING - 细胞 OrgeE851091 的decay_values被截断从 24850 到 23704
2025-09-10 14:23:56 - data_validator - WARNING - 细胞 OrgeE851093 的decay_values被填充从 23133 到 23704
2025-09-10 14:23:56 - data_validator - WARNING - 细胞 OrgeE851096 的decay_values被填充从 23632 到 23704
2025-09-10 14:23:56 - data_validator - WARNING - 细胞 OrgeE851098 的decay_values被截断从 24484 到 23704
2025-09-10 14:23:56 - data_validator - WARNING - 细胞 OrgeE851099 的decay_values被截断从 24358 到 23704
2025-09-10 14:23:56 - data_validator - WARNING - 细胞 OrgeE851100 的decay_values被截断从 24212 到 23704
2025-09-10 14:23:56 - data_validator - WARNING - 细胞 OrgeE851101 的decay_values被填充从 21849 到 23704
2025-09-10 14:23:56 - data_validator - WARNING - 细胞 OrgeE851102 的decay_values被填充从 18557 到 23704
2025-09-10 14:23:56 - data_validator - WARNING - 细胞 OrgeE851104 的decay_values被截断从 24646 到 23704
2025-09-10 14:23:56 - data_validator - WARNING - 细胞 OrgeE851105 的decay_values被截断从 24420 到 23704
2025-09-10 14:23:56 - data_validator - WARNING - 细胞 OrgeE851106 的decay_values被截断从 25575 到 23704
2025-09-10 14:23:56 - data_validator - WARNING - 细胞 OrgeE851108 的decay_values被截断从 25005 到 23704
2025-09-10 14:23:56 - data_validator - WARNING - 细胞 OrgeE851110 的decay_values被截断从 25660 到 23704
2025-09-10 14:23:56 - data_validator - WARNING - 细胞 OrgeE851111 的decay_values被截断从 23766 到 23704
2025-09-10 14:23:56 - data_validator - WARNING - 细胞 OrgeE851112 的decay_values被截断从 24155 到 23704
2025-09-10 14:23:56 - data_validator - WARNING - 细胞 OrgeE851113 的decay_values被填充从 23063 到 23704
2025-09-10 14:23:56 - data_validator - WARNING - 细胞 OrgeE851115 的decay_values被截断从 24210 到 23704
2025-09-10 14:23:56 - data_validator - WARNING - 细胞 OrgeE851118 的decay_values被填充从 22307 到 23704
2025-09-10 14:23:56 - data_validator - WARNING - 细胞 OrgeE851120 的decay_values被填充从 23487 到 23704
2025-09-10 14:23:56 - data_validator - WARNING - 细胞 OrgeE851121 的decay_values被截断从 24852 到 23704
2025-09-10 14:23:56 - data_validator - WARNING - 细胞 OrgeE851122 的decay_values被填充从 22463 到 23704
2025-09-10 14:23:56 - data_validator - WARNING - 细胞 OrgeE851124 的decay_values被截断从 25343 到 23704
2025-09-10 14:23:56 - data_validator - WARNING - 细胞 OrgeE851125 的decay_values被截断从 24644 到 23704
2025-09-10 14:23:56 - data_validator - WARNING - 细胞 OrgeE851127 的decay_values被截断从 23835 到 23704
2025-09-10 14:23:56 - data_validator - WARNING - 细胞 OrgeE851128 的decay_values被截断从 24524 到 23704
2025-09-10 14:23:56 - data_validator - WARNING - 细胞 OrgeE851129 的decay_values被截断从 24565 到 23704
2025-09-10 14:23:56 - data_validator - WARNING - 细胞 OrgeE851130 的decay_values被填充从 22910 到 23704
2025-09-10 14:23:56 - data_validator - WARNING - 细胞 OrgeE851131 的decay_values被截断从 24264 到 23704
2025-09-10 14:23:56 - data_validator - WARNING - 细胞 OrgeE851132 的decay_values被填充从 23400 到 23704
2025-09-10 14:23:56 - data_validator - WARNING - 细胞 OrgeE851136 的decay_values被截断从 24054 到 23704
2025-09-10 14:23:56 - data_validator - WARNING - 细胞 OrgeE851137 的decay_values被截断从 24729 到 23704
2025-09-10 14:23:56 - data_validator - WARNING - 细胞 OrgeE851138 的decay_values被截断从 24330 到 23704
2025-09-10 14:23:56 - data_validator - WARNING - 细胞 OrgeE851140 的decay_values被截断从 24781 到 23704
2025-09-10 14:23:56 - data_validator - WARNING - 细胞 OrgeE851141 的decay_values被截断从 25637 到 23704
2025-09-10 14:23:56 - data_validator - WARNING - 细胞 OrgeE851142 的decay_values被填充从 23041 到 23704
2025-09-10 14:23:56 - data_validator - WARNING - 细胞 OrgeE851144 的decay_values被截断从 24681 到 23704
2025-09-10 14:23:56 - data_validator - WARNING - 细胞 OrgeE851145 的decay_values被填充从 21397 到 23704
2025-09-10 14:23:56 - data_validator - WARNING - 细胞 OrgeE851147 的decay_values被截断从 24622 到 23704
2025-09-10 14:23:56 - data_validator - WARNING - 细胞 OrgeE851151 的decay_values被填充从 23644 到 23704
2025-09-10 14:23:56 - data_validator - WARNING - 细胞 OrgeE851152 的decay_values被填充从 23369 到 23704
2025-09-10 14:23:56 - data_validator - WARNING - 细胞 OrgeE851154 的decay_values被填充从 23335 到 23704
2025-09-10 14:23:56 - data_validator - WARNING - 细胞 OrgeE851155 的decay_values被填充从 23081 到 23704
2025-09-10 14:23:56 - data_validator - WARNING - 细胞 OrgeE851159 的decay_values被截断从 23999 到 23704
2025-09-10 14:23:56 - data_validator - WARNING - 细胞 OrgeE851160 的decay_values被填充从 22388 到 23704
2025-09-10 14:23:56 - data_validator - WARNING - 细胞 OrgeE851162 的decay_values被截断从 24352 到 23704
2025-09-10 14:23:56 - data_validator - WARNING - 细胞 OrgeE851163 的decay_values被截断从 25100 到 23704
2025-09-10 14:23:56 - data_validator - WARNING - 细胞 OrgeE851165 的decay_values被截断从 24330 到 23704
2025-09-10 14:23:56 - data_validator - WARNING - 细胞 OrgeE851166 的decay_values被截断从 24806 到 23704
2025-09-10 14:23:56 - data_validator - WARNING - 细胞 OrgeE851168 的decay_values被填充从 22778 到 23704
2025-09-10 14:23:56 - data_validator - WARNING - 细胞 OrgeE851169 的decay_values被截断从 25656 到 23704
2025-09-10 14:23:56 - data_validator - WARNING - 细胞 OrgeE851170 的decay_values被截断从 25109 到 23704
2025-09-10 14:23:56 - data_validator - WARNING - 细胞 OrgeE851171 的decay_values被填充从 23627 到 23704
2025-09-10 14:23:56 - data_validator - WARNING - 细胞 OrgeE851172 的decay_values被填充从 22596 到 23704
2025-09-10 14:23:56 - data_validator - WARNING - 细胞 OrgeE851175 的decay_values被填充从 23157 到 23704
2025-09-10 14:23:56 - data_validator - WARNING - 细胞 OrgeE851176 的decay_values被填充从 23513 到 23704
2025-09-10 14:23:56 - data_validator - WARNING - 细胞 OrgeE851178 的decay_values被截断从 24476 到 23704
2025-09-10 14:23:56 - data_validator - WARNING - 细胞 OrgeE851181 的decay_values被填充从 22305 到 23704
2025-09-10 14:23:56 - data_validator - WARNING - 细胞 OrgeE851182 的decay_values被填充从 23618 到 23704
2025-09-10 14:23:56 - data_validator - WARNING - 细胞 OrgeE851183 的decay_values被填充从 23202 到 23704
2025-09-10 14:23:56 - data_validator - WARNING - 细胞 OrgeE851187 的decay_values被截断从 24108 到 23704
2025-09-10 14:23:56 - data_validator - WARNING - 细胞 OrgeE851188 的decay_values被填充从 22590 到 23704
2025-09-10 14:23:56 - data_validator - WARNING - 细胞 OrgeE851189 的decay_values被填充从 19538 到 23704
2025-09-10 14:23:56 - data_validator - WARNING - 细胞 OrgeE851191 的decay_values被截断从 24887 到 23704
2025-09-10 14:23:56 - data_validator - WARNING - 细胞 OrgeE851192 的decay_values被填充从 23532 到 23704
2025-09-10 14:23:56 - data_validator - WARNING - 细胞 OrgeE851193 的decay_values被截断从 24404 到 23704
2025-09-10 14:23:56 - data_validator - WARNING - 细胞 OrgeE851194 的decay_values被填充从 21171 到 23704
2025-09-10 14:23:56 - data_validator - WARNING - 细胞 OrgeE851195 的decay_values被填充从 20112 到 23704
2025-09-10 14:23:56 - data_validator - WARNING - 细胞 OrgeE851197 的decay_values被填充从 23236 到 23704
2025-09-10 14:23:56 - data_validator - WARNING - 细胞 OrgeE851200 的decay_values被填充从 21180 到 23704
2025-09-10 14:23:56 - data_validator - WARNING - 细胞 OrgeE851201 的decay_values被截断从 24306 到 23704
2025-09-10 14:23:56 - data_validator - WARNING - 细胞 OrgeE851202 的decay_values被填充从 21761 到 23704
2025-09-10 14:23:56 - data_validator - WARNING - 细胞 OrgeE851204 的decay_values被填充从 22787 到 23704
2025-09-10 14:23:56 - data_validator - WARNING - 细胞 OrgeE851209 的decay_values被截断从 24845 到 23704
2025-09-10 14:23:56 - data_validator - WARNING - 细胞 OrgeE851212 的decay_values被截断从 24467 到 23704
2025-09-10 14:23:56 - data_validator - WARNING - 细胞 OrgeE851213 的decay_values被填充从 23407 到 23704
2025-09-10 14:23:56 - data_validator - WARNING - 细胞 OrgeE851214 的decay_values被截断从 23843 到 23704
2025-09-10 14:23:56 - data_validator - WARNING - 细胞 OrgeE851217 的decay_values被截断从 24001 到 23704
2025-09-10 14:23:56 - data_validator - WARNING - 细胞 OrgeE851218 的decay_values被截断从 24052 到 23704
2025-09-10 14:23:56 - data_validator - WARNING - 细胞 OrgeE851220 的decay_values被截断从 24853 到 23704
2025-09-10 14:23:56 - data_validator - WARNING - 细胞 OrgeE851223 的decay_values被截断从 24287 到 23704
2025-09-10 14:23:56 - data_validator - WARNING - 细胞 OrgeE851224 的decay_values被填充从 21694 到 23704
2025-09-10 14:23:56 - data_validator - WARNING - 细胞 OrgeE851225 的decay_values被截断从 25437 到 23704
2025-09-10 14:23:56 - data_validator - WARNING - 细胞 OrgeE851226 的decay_values被截断从 25344 到 23704
2025-09-10 14:23:56 - data_validator - WARNING - 细胞 OrgeE851227 的decay_values被截断从 23877 到 23704
2025-09-10 14:23:56 - data_validator - WARNING - 细胞 OrgeE851233 的decay_values被填充从 23277 到 23704
2025-09-10 14:23:56 - data_validator - WARNING - 细胞 OrgeE851238 的decay_values被截断从 25145 到 23704
2025-09-10 14:23:56 - data_validator - WARNING - 细胞 OrgeE851239 的decay_values被截断从 24074 到 23704
2025-09-10 14:23:56 - data_validator - WARNING - 细胞 OrgeE851242 的decay_values被截断从 25318 到 23704
2025-09-10 14:23:56 - data_validator - WARNING - 细胞 OrgeE851243 的decay_values被截断从 25543 到 23704
2025-09-10 14:23:56 - data_validator - WARNING - 细胞 OrgeE851244 的decay_values被填充从 22314 到 23704
2025-09-10 14:23:56 - data_validator - WARNING - 细胞 OrgeE851245 的decay_values被截断从 24045 到 23704
2025-09-10 14:23:56 - data_validator - WARNING - 细胞 OrgeE851247 的decay_values被截断从 24717 到 23704
2025-09-10 14:23:56 - data_validator - WARNING - 细胞 OrgeE851249 的decay_values被填充从 22622 到 23704
2025-09-10 14:23:56 - data_validator - WARNING - 细胞 OrgeE851251 的decay_values被截断从 24618 到 23704
2025-09-10 14:23:56 - data_validator - WARNING - 细胞 OrgeE851256 的decay_values被截断从 24889 到 23704
2025-09-10 14:23:56 - data_validator - WARNING - 细胞 OrgeE851258 的decay_values被截断从 25209 到 23704
2025-09-10 14:23:56 - data_validator - WARNING - 细胞 OrgeE851259 的decay_values被填充从 22743 到 23704
2025-09-10 14:23:56 - data_validator - WARNING - 细胞 OrgeE851260 的decay_values被截断从 24239 到 23704
2025-09-10 14:23:56 - data_validator - WARNING - 细胞 OrgeE851261 的decay_values被填充从 23159 到 23704
2025-09-10 14:23:56 - data_validator - WARNING - 细胞 OrgeE851263 的decay_values被截断从 23752 到 23704
2025-09-10 14:23:56 - data_validator - WARNING - 细胞 OrgeE851265 的decay_values被截断从 24972 到 23704
2025-09-10 14:23:56 - data_validator - WARNING - 细胞 OrgeE851267 的decay_values被填充从 22900 到 23704
2025-09-10 14:23:56 - data_validator - WARNING - 细胞 OrgeE851269 的decay_values被截断从 24063 到 23704
2025-09-10 14:23:56 - data_validator - WARNING - 细胞 OrgeE851273 的decay_values被截断从 24199 到 23704
2025-09-10 14:23:56 - data_validator - WARNING - 细胞 OrgeE851275 的decay_values被截断从 24873 到 23704
2025-09-10 14:23:56 - data_validator - WARNING - 细胞 OrgeE851277 的decay_values被截断从 23959 到 23704
2025-09-10 14:23:56 - data_validator - WARNING - 细胞 OrgeE851278 的decay_values被截断从 25665 到 23704
2025-09-10 14:23:56 - data_validator - WARNING - 细胞 OrgeE851279 的decay_values被填充从 23020 到 23704
2025-09-10 14:23:56 - data_validator - WARNING - 细胞 OrgeE851280 的decay_values被截断从 25117 到 23704
2025-09-10 14:23:56 - data_validator - WARNING - 细胞 OrgeE851282 的decay_values被填充从 20740 到 23704
2025-09-10 14:23:56 - data_validator - WARNING - 细胞 OrgeE851283 的decay_values被填充从 21738 到 23704
2025-09-10 14:23:56 - data_validator - WARNING - 细胞 OrgeE851284 的decay_values被填充从 22671 到 23704
2025-09-10 14:23:56 - data_validator - WARNING - 细胞 OrgeE851286 的decay_values被填充从 22692 到 23704
2025-09-10 14:23:56 - data_validator - WARNING - 细胞 OrgeE851288 的decay_values被填充从 21813 到 23704
2025-09-10 14:23:56 - data_validator - WARNING - 细胞 OrgeE851290 的decay_values被截断从 24480 到 23704
2025-09-10 14:23:56 - data_validator - WARNING - 细胞 OrgeE851293 的decay_values被截断从 24799 到 23704
2025-09-10 14:23:56 - data_validator - WARNING - 细胞 OrgeE851294 的decay_values被截断从 23707 到 23704
2025-09-10 14:23:56 - data_validator - WARNING - 细胞 OrgeE851298 的decay_values被截断从 24139 到 23704
2025-09-10 14:23:56 - data_validator - WARNING - 细胞 OrgeE851301 的decay_values被填充从 22074 到 23704
2025-09-10 14:23:56 - data_validator - WARNING - 细胞 OrgeE851303 的decay_values被截断从 25597 到 23704
2025-09-10 14:23:56 - data_validator - WARNING - 细胞 OrgeE851308 的decay_values被填充从 23167 到 23704
2025-09-10 14:23:56 - data_validator - WARNING - 细胞 OrgeE851309 的decay_values被截断从 25325 到 23704
2025-09-10 14:23:56 - data_validator - WARNING - 细胞 OrgeE851312 的decay_values被截断从 23864 到 23704
2025-09-10 14:23:56 - data_validator - WARNING - 细胞 OrgeE851313 的decay_values被截断从 24426 到 23704
2025-09-10 14:23:56 - data_validator - WARNING - 细胞 OrgeE851316 的decay_values被填充从 23692 到 23704
2025-09-10 14:23:56 - data_validator - WARNING - 细胞 OrgeE851317 的decay_values被填充从 22898 到 23704
2025-09-10 14:23:56 - data_validator - WARNING - 细胞 OrgeE851319 的decay_values被填充从 19433 到 23704
2025-09-10 14:23:56 - data_validator - WARNING - 细胞 OrgeE851321 的decay_values被填充从 23671 到 23704
2025-09-10 14:23:56 - data_validator - WARNING - 细胞 OrgeE851322 的decay_values被填充从 23686 到 23704
2025-09-10 14:23:56 - data_validator - WARNING - 细胞 OrgeE851324 的decay_values被截断从 25618 到 23704
2025-09-10 14:23:56 - data_validator - WARNING - 细胞 OrgeE851325 的decay_values被截断从 25112 到 23704
2025-09-10 14:23:56 - data_validator - WARNING - 细胞 OrgeE851326 的decay_values被截断从 24878 到 23704
2025-09-10 14:23:56 - data_validator - WARNING - 细胞 OrgeE851327 的decay_values被截断从 24739 到 23704
2025-09-10 14:23:56 - data_validator - WARNING - 细胞 OrgeE851332 的decay_values被截断从 25492 到 23704
2025-09-10 14:23:56 - data_validator - WARNING - 细胞 OrgeE851333 的decay_values被填充从 22251 到 23704
2025-09-10 14:23:56 - data_validator - WARNING - 细胞 OrgeE851334 的decay_values被填充从 23132 到 23704
2025-09-10 14:23:56 - data_validator - WARNING - 细胞 OrgeE851337 的decay_values被截断从 24773 到 23704
2025-09-10 14:23:56 - data_validator - WARNING - 细胞 OrgeE851341 的decay_values被填充从 23461 到 23704
2025-09-10 14:23:56 - data_validator - WARNING - 细胞 OrgeE851342 的decay_values被截断从 24296 到 23704
2025-09-10 14:23:56 - data_validator - WARNING - 细胞 OrgeE851343 的decay_values被填充从 22713 到 23704
2025-09-10 14:23:56 - data_validator - WARNING - 细胞 OrgeE851346 的decay_values被截断从 24130 到 23704
2025-09-10 14:23:56 - data_validator - WARNING - 细胞 OrgeE851347 的decay_values被截断从 24165 到 23704
2025-09-10 14:23:56 - data_validator - WARNING - 细胞 OrgeE851348 的decay_values被截断从 23803 到 23704
2025-09-10 14:23:56 - data_validator - WARNING - 细胞 OrgeE851350 的decay_values被填充从 23645 到 23704
2025-09-10 14:23:56 - data_validator - WARNING - 细胞 OrgeE851352 的decay_values被截断从 24910 到 23704
2025-09-10 14:23:56 - data_validator - WARNING - 细胞 OrgeE851354 的decay_values被填充从 22446 到 23704
2025-09-10 14:23:56 - data_validator - WARNING - 细胞 OrgeE851359 的decay_values被截断从 24574 到 23704
2025-09-10 14:23:56 - data_validator - WARNING - 细胞 OrgeE851361 的decay_values被填充从 22665 到 23704
2025-09-10 14:23:56 - data_validator - WARNING - 细胞 OrgeE851362 的decay_values被截断从 24614 到 23704
2025-09-10 14:23:56 - data_validator - WARNING - 细胞 OrgeE851366 的decay_values被填充从 22129 到 23704
2025-09-10 14:23:56 - data_validator - WARNING - 细胞 OrgeE851367 的decay_values被填充从 23608 到 23704
2025-09-10 14:23:56 - data_validator - WARNING - 细胞 OrgeE851368 的decay_values被截断从 25409 到 23704
2025-09-10 14:23:56 - data_validator - WARNING - 细胞 OrgeE851371 的decay_values被填充从 22836 到 23704
2025-09-10 14:23:56 - data_validator - WARNING - 细胞 OrgeE851372 的decay_values被截断从 25356 到 23704
2025-09-10 14:23:56 - data_validator - WARNING - 细胞 OrgeE851373 的decay_values被填充从 23459 到 23704
2025-09-10 14:23:56 - data_validator - WARNING - 细胞 OrgeE851374 的decay_values被截断从 25318 到 23704
2025-09-10 14:23:56 - data_validator - WARNING - 细胞 OrgeE851375 的decay_values被填充从 23271 到 23704
2025-09-10 14:23:56 - data_validator - WARNING - 细胞 OrgeE851377 的decay_values被填充从 22323 到 23704
2025-09-10 14:23:56 - data_validator - WARNING - 细胞 OrgeE851378 的decay_values被截断从 23834 到 23704
2025-09-10 14:23:56 - data_validator - WARNING - 细胞 OrgeE851382 的decay_values被截断从 24975 到 23704
2025-09-10 14:23:56 - data_validator - WARNING - 细胞 OrgeE851383 的decay_values被截断从 24112 到 23704
2025-09-10 14:23:56 - root - INFO - 创建了 705 × 23704 的decay矩阵
2025-09-10 14:23:56 - root - INFO - 创建AnnData对象: 705 细胞 × 23704 特征
2025-09-10 14:23:56 - root - INFO - 转换为H5AD格式 完成 - 用时: 0.6s - 内存变化: +433.1 MB
2025-09-10 14:23:56 - root - INFO - 保存H5AD文件: /Volumes/SumSung500/CSU/0_HiRES/4_contact_decay_profile_2_h5ad/json2h5ad/output/stage_E85.h5ad
2025-09-10 14:23:57 - root - INFO - H5AD文件已保存: /Volumes/SumSung500/CSU/0_HiRES/4_contact_decay_profile_2_h5ad/json2h5ad/output/stage_E85.h5ad (58.4 MB)
2025-09-10 14:23:57 - root - INFO - 处理摘要已保存: /Volumes/SumSung500/CSU/0_HiRES/4_contact_decay_profile_2_h5ad/json2h5ad/output/stage_E85_summary.json
2025-09-10 14:23:57 - root - INFO - 保存H5AD文件 完成 - 用时: 1.4s - 内存变化: +11.7 MB
2025-09-10 14:23:57 - root - INFO - 处理完成: 2215.0 MB (+1975.2 MB from start)
