2025-09-10 14:24:25 - root - INFO - 日志系统初始化完成，日志文件: /Volumes/SumSung500/CSU/0_HiRES/4_contact_decay_profile_2_h5ad/json2h5ad/logs/stage_EX05_processing_20250910_142425.log
2025-09-10 14:24:25 - root - INFO - 开始处理 Stage EX05
2025-09-10 14:24:25 - root - INFO - 系统信息: {'platform': 'darwin', 'python_version': '3.12.11 | packaged by conda-forge | (main, Jun  4 2025, 14:38:53) [Clang 18.1.8 ]', 'cpu_count': 10, 'memory_total_gb': 24.0, 'memory_available_gb': 4.5708465576171875, 'current_time': '2025-09-10T14:24:25.068330'}
2025-09-10 14:24:25 - metadata_processor - INFO - 加载元数据文件: /Volumes/SumSung500/CSU/0_HiRES/4_contact_decay_profile_2_h5ad/json2h5ad/GSE223917_HiRES_emb_metadata.xlsx
2025-09-10 14:24:25 - metadata_processor - INFO - 成功加载元数据: 7469 个细胞记录
2025-09-10 14:24:25 - root - INFO - 找到 554 个JSON文件
2025-09-10 14:24:28 - utils - INFO - 处理 Stage EX05 JSON文件: 100/554 (18.1%) - 已用时: 2.3s - 预计剩余: 10.4s
2025-09-10 14:24:30 - utils - INFO - 处理 Stage EX05 JSON文件: 200/554 (36.1%) - 已用时: 4.6s - 预计剩余: 8.2s
2025-09-10 14:24:32 - utils - INFO - 处理 Stage EX05 JSON文件: 300/554 (54.2%) - 已用时: 7.0s - 预计剩余: 5.9s
2025-09-10 14:24:35 - utils - INFO - 处理 Stage EX05 JSON文件: 400/554 (72.2%) - 已用时: 9.4s - 预计剩余: 3.6s
2025-09-10 14:24:38 - utils - INFO - 处理 Stage EX05 JSON文件: 500/554 (90.3%) - 已用时: 12.6s - 预计剩余: 1.4s
2025-09-10 14:24:39 - utils - INFO - 处理 Stage EX05 JSON文件: 554/554 (100.0%) - 已用时: 13.8s - 预计剩余: 0.0s
2025-09-10 14:24:39 - root - INFO - 处理了 554 个文件: 1760.4 MB (+1522.1 MB from start)
2025-09-10 14:24:39 - utils - INFO - 处理 Stage EX05 JSON文件 完成! 总用时: 13.8s
2025-09-10 14:24:39 - root - INFO - 成功处理 554 个文件
2025-09-10 14:24:39 - root - INFO - 处理 Stage EX05 的 554 个文件 完成 - 用时: 13.8s - 内存变化: +1504.5 MB
2025-09-10 14:24:39 - data_validator - WARNING - Stage EX05 distances长度差异较大: {23468: 1, 22698: 1, 23017: 2, 25671: 1, 22506: 1, 22798: 1, 24076: 1, 25494: 1, 25076: 1, 24915: 1, 25544: 1, 25439: 1, 25600: 1, 25112: 1, 24960: 2, 25038: 2, 23985: 1, 25475: 1, 24734: 1, 24905: 1, 25326: 1, 24892: 1, 24659: 1, 23339: 1, 25281: 1, 25214: 1, 25130: 2, 23455: 1, 25409: 1, 23702: 1, 25413: 1, 25508: 2, 25022: 1, 24821: 1, 25405: 2, 21144: 1, 24201: 1, 25428: 1, 25488: 3, 25319: 1, 24227: 1, 25411: 2, 24981: 1, 25140: 1, 24059: 1, 20701: 1, 25172: 1, 25539: 1, 25679: 1, 24609: 1, 24992: 1, 25592: 1, 24287: 1, 25178: 1, 24796: 1, 25608: 1, 25516: 1, 24964: 2, 24163: 1, 25278: 1, 25652: 1, 24231: 1, 25082: 1, 25164: 1, 25127: 1, 25059: 1, 24625: 1, 24176: 1, 23902: 1, 25107: 1, 25315: 2, 25004: 1, 25322: 1, 24695: 1, 24949: 1, 23690: 1, 24689: 1, 24545: 1, 22382: 1, 24278: 1, 24088: 1, 24081: 1, 24014: 1, 25167: 1, 25304: 1, 25279: 1, 23739: 2, 25482: 1, 25656: 1, 25583: 1, 24273: 1, 24401: 1, 23104: 1, 24946: 1, 25282: 1, 24843: 1, 25117: 1, 24770: 1, 25346: 2, 19954: 1, 24026: 1, 25120: 2, 25525: 1, 25401: 1, 24977: 2, 25420: 2, 24509: 1, 25513: 1, 24708: 1, 25061: 1, 25339: 1, 22875: 1, 24623: 1, 25449: 1, 25447: 1, 24122: 1, 22947: 1, 23342: 1, 23265: 1, 22505: 1, 24453: 1, 24338: 1, 25486: 1, 24751: 1, 25135: 1, 23715: 1, 25438: 2, 24556: 1, 24627: 1, 25528: 1, 25019: 2, 25276: 2, 24137: 1, 21458: 1, 23966: 1, 25227: 1, 22346: 1, 24685: 1, 23967: 1, 23851: 1, 25423: 1, 24160: 1, 24647: 1, 25555: 1, 25284: 1, 25138: 3, 25532: 1, 25131: 1, 24368: 2, 20335: 1, 25582: 1, 24330: 1, 25473: 1, 24144: 1, 25376: 1, 23655: 1, 25163: 1, 25568: 1, 25290: 1, 24498: 1, 25536: 1, 25170: 1, 25567: 2, 25152: 1, 25613: 1, 24912: 3, 24629: 1, 25265: 1, 22185: 1, 25204: 1, 24025: 1, 23365: 1, 25454: 1, 24479: 1, 23378: 1, 24631: 1, 24580: 2, 24043: 1, 24714: 1, 25191: 1, 25273: 1, 21833: 1, 25397: 1, 21558: 1, 23889: 1, 25443: 1, 25102: 1, 25442: 1, 24263: 1, 25046: 1, 25524: 1, 22127: 1, 20604: 1, 25646: 2, 21611: 1, 25690: 1, 25345: 1, 25565: 2, 25058: 1, 25053: 1, 25180: 1, 25678: 1, 25535: 2, 25511: 2, 25624: 1, 25318: 1, 24504: 1, 25496: 1, 24093: 1, 25675: 1, 24565: 1, 25635: 2, 25264: 1, 24692: 1, 25085: 1, 25465: 1, 24446: 1, 24618: 1, 25441: 2, 24285: 1, 24982: 1, 23780: 1, 25179: 2, 25183: 1, 25364: 1, 23730: 1, 24962: 1, 25366: 1, 24894: 1, 25182: 1, 23260: 1, 25483: 1, 22770: 1, 22081: 1, 25253: 1, 23519: 2, 24469: 1, 24232: 1, 25407: 2, 24882: 1, 24828: 1, 25459: 1, 25067: 1, 25196: 1, 25563: 1, 24957: 1, 24876: 1, 23570: 1, 25119: 1, 23899: 1, 25079: 1, 24280: 1, 23710: 1, 24906: 2, 24806: 1, 25452: 1, 25617: 1, 25162: 1, 25638: 1, 25584: 2, 21305: 1, 23118: 1, 23997: 2, 23808: 1, 23366: 1, 24575: 2, 23836: 1, 25677: 1, 25399: 2, 25474: 1, 25246: 1, 22822: 1, 24847: 1, 25529: 1, 25344: 2, 25666: 2, 24205: 1, 25292: 1, 25108: 1, 24331: 1, 25504: 1, 23316: 1, 24666: 1, 24173: 1, 25669: 1, 25242: 1, 25543: 2, 23491: 1, 25116: 1, 24931: 1, 25101: 1, 25218: 1, 23768: 1, 23934: 1, 25507: 1, 24701: 2, 24221: 1, 23209: 1, 23664: 1, 24130: 1, 25114: 1, 24810: 1, 23281: 1, 23045: 1, 25448: 1, 25673: 1, 22866: 1, 24220: 1, 24903: 1, 25456: 2, 24755: 2, 25105: 1, 24432: 1, 25421: 1, 25207: 1, 25331: 1, 24107: 1, 25531: 1, 24781: 1, 23885: 1, 25571: 1, 23796: 1, 25602: 1, 25136: 2, 25328: 1, 24613: 1, 19634: 1, 25310: 1, 24869: 1, 24507: 1, 25288: 1, 25394: 1, 25576: 2, 24441: 1, 23103: 1, 24495: 1, 24900: 1, 24056: 1, 25187: 1, 23793: 1, 24844: 1, 25621: 1, 24749: 1, 24799: 1, 25299: 2, 23344: 1, 25559: 1, 25604: 1, 25129: 1, 25036: 1, 25002: 2, 24587: 1, 24517: 1, 25212: 1, 25597: 1, 25300: 1, 25489: 1, 24335: 1, 25546: 1, 25498: 1, 25660: 1, 25217: 1, 24167: 2, 24823: 1, 25228: 1, 24953: 1, 24872: 2, 22032: 1, 24856: 1, 23189: 1, 21771: 1, 23983: 1, 22589: 1, 25585: 1, 25402: 1, 25373: 1, 24891: 1, 24924: 1, 25186: 1, 24488: 1, 25444: 1, 24730: 1, 25261: 1, 25548: 1, 23304: 1, 24637: 1, 24540: 1, 23915: 1, 25410: 1, 24956: 1, 25462: 1, 24222: 1, 22787: 1, 23559: 1, 25434: 1, 25618: 1, 24554: 1, 24048: 1, 24459: 1, 25342: 1, 22784: 1, 25200: 2, 24754: 1, 25312: 1, 25124: 1, 21541: 1, 25390: 1, 24418: 1, 24128: 1, 23974: 1, 24988: 1, 24777: 1, 23362: 1, 24922: 1, 25495: 2, 23466: 1, 21631: 1, 24346: 1, 25537: 1, 25440: 2, 25329: 1, 24215: 1, 23439: 1, 25255: 1, 25430: 3, 25547: 1, 25069: 1, 25626: 1, 25202: 1, 22106: 1, 24904: 1, 24864: 1, 24431: 1, 25683: 1, 24047: 1, 22031: 1, 25418: 3, 24196: 1, 24691: 1, 22973: 1, 25372: 1, 24617: 1, 24660: 1, 25293: 1, 24736: 1, 23604: 1, 24299: 1, 19622: 1, 25499: 1, 19986: 1, 25270: 1, 25021: 1, 25451: 1, 23744: 1, 25287: 1, 25005: 1, 25343: 1, 22989: 1, 24116: 1, 25210: 1, 23176: 2, 25189: 1, 24898: 1, 22237: 1, 25542: 1, 25249: 1, 25406: 1, 24744: 1, 23582: 1, 23729: 1, 23552: 1, 25225: 1, 24947: 1, 24428: 1, 25352: 1, 24147: 1, 25224: 1, 22914: 1, 25323: 1, 25471: 1, 25572: 1, 25500: 1, 24603: 1, 20895: 1, 25271: 1, 25090: 1, 23593: 1, 25254: 1, 24546: 1, 25645: 1, 23248: 1, 23737: 1, 25042: 1, 24908: 1}
2025-09-10 14:24:39 - root - INFO - Stage EX05 统计信息:
2025-09-10 14:24:39 - root - INFO -   细胞数量: 554
2025-09-10 14:24:39 - root - INFO -   距离长度范围: (19622, 25690)
2025-09-10 14:24:39 - root - INFO -   最常见长度: (25488, 3)
2025-09-10 14:24:39 - root - INFO -   分辨率: [100000]
2025-09-10 14:24:39 - root - INFO -   总contacts范围: (9, 13)
2025-09-10 14:24:39 - root - INFO -   平均contacts: 10.3
2025-09-10 14:24:39 - data_validator - WARNING - 验证发现 1 个警告:
2025-09-10 14:24:39 - data_validator - WARNING -   - Stage EX05 distances长度差异较大: {23468: 1, 22698: 1, 23017: 2, 25671: 1, 22506: 1, 22798: 1, 24076: 1, 25494: 1, 25076: 1, 24915: 1, 25544: 1, 25439: 1, 25600: 1, 25112: 1, 24960: 2, 25038: 2, 23985: 1, 25475: 1, 24734: 1, 24905: 1, 25326: 1, 24892: 1, 24659: 1, 23339: 1, 25281: 1, 25214: 1, 25130: 2, 23455: 1, 25409: 1, 23702: 1, 25413: 1, 25508: 2, 25022: 1, 24821: 1, 25405: 2, 21144: 1, 24201: 1, 25428: 1, 25488: 3, 25319: 1, 24227: 1, 25411: 2, 24981: 1, 25140: 1, 24059: 1, 20701: 1, 25172: 1, 25539: 1, 25679: 1, 24609: 1, 24992: 1, 25592: 1, 24287: 1, 25178: 1, 24796: 1, 25608: 1, 25516: 1, 24964: 2, 24163: 1, 25278: 1, 25652: 1, 24231: 1, 25082: 1, 25164: 1, 25127: 1, 25059: 1, 24625: 1, 24176: 1, 23902: 1, 25107: 1, 25315: 2, 25004: 1, 25322: 1, 24695: 1, 24949: 1, 23690: 1, 24689: 1, 24545: 1, 22382: 1, 24278: 1, 24088: 1, 24081: 1, 24014: 1, 25167: 1, 25304: 1, 25279: 1, 23739: 2, 25482: 1, 25656: 1, 25583: 1, 24273: 1, 24401: 1, 23104: 1, 24946: 1, 25282: 1, 24843: 1, 25117: 1, 24770: 1, 25346: 2, 19954: 1, 24026: 1, 25120: 2, 25525: 1, 25401: 1, 24977: 2, 25420: 2, 24509: 1, 25513: 1, 24708: 1, 25061: 1, 25339: 1, 22875: 1, 24623: 1, 25449: 1, 25447: 1, 24122: 1, 22947: 1, 23342: 1, 23265: 1, 22505: 1, 24453: 1, 24338: 1, 25486: 1, 24751: 1, 25135: 1, 23715: 1, 25438: 2, 24556: 1, 24627: 1, 25528: 1, 25019: 2, 25276: 2, 24137: 1, 21458: 1, 23966: 1, 25227: 1, 22346: 1, 24685: 1, 23967: 1, 23851: 1, 25423: 1, 24160: 1, 24647: 1, 25555: 1, 25284: 1, 25138: 3, 25532: 1, 25131: 1, 24368: 2, 20335: 1, 25582: 1, 24330: 1, 25473: 1, 24144: 1, 25376: 1, 23655: 1, 25163: 1, 25568: 1, 25290: 1, 24498: 1, 25536: 1, 25170: 1, 25567: 2, 25152: 1, 25613: 1, 24912: 3, 24629: 1, 25265: 1, 22185: 1, 25204: 1, 24025: 1, 23365: 1, 25454: 1, 24479: 1, 23378: 1, 24631: 1, 24580: 2, 24043: 1, 24714: 1, 25191: 1, 25273: 1, 21833: 1, 25397: 1, 21558: 1, 23889: 1, 25443: 1, 25102: 1, 25442: 1, 24263: 1, 25046: 1, 25524: 1, 22127: 1, 20604: 1, 25646: 2, 21611: 1, 25690: 1, 25345: 1, 25565: 2, 25058: 1, 25053: 1, 25180: 1, 25678: 1, 25535: 2, 25511: 2, 25624: 1, 25318: 1, 24504: 1, 25496: 1, 24093: 1, 25675: 1, 24565: 1, 25635: 2, 25264: 1, 24692: 1, 25085: 1, 25465: 1, 24446: 1, 24618: 1, 25441: 2, 24285: 1, 24982: 1, 23780: 1, 25179: 2, 25183: 1, 25364: 1, 23730: 1, 24962: 1, 25366: 1, 24894: 1, 25182: 1, 23260: 1, 25483: 1, 22770: 1, 22081: 1, 25253: 1, 23519: 2, 24469: 1, 24232: 1, 25407: 2, 24882: 1, 24828: 1, 25459: 1, 25067: 1, 25196: 1, 25563: 1, 24957: 1, 24876: 1, 23570: 1, 25119: 1, 23899: 1, 25079: 1, 24280: 1, 23710: 1, 24906: 2, 24806: 1, 25452: 1, 25617: 1, 25162: 1, 25638: 1, 25584: 2, 21305: 1, 23118: 1, 23997: 2, 23808: 1, 23366: 1, 24575: 2, 23836: 1, 25677: 1, 25399: 2, 25474: 1, 25246: 1, 22822: 1, 24847: 1, 25529: 1, 25344: 2, 25666: 2, 24205: 1, 25292: 1, 25108: 1, 24331: 1, 25504: 1, 23316: 1, 24666: 1, 24173: 1, 25669: 1, 25242: 1, 25543: 2, 23491: 1, 25116: 1, 24931: 1, 25101: 1, 25218: 1, 23768: 1, 23934: 1, 25507: 1, 24701: 2, 24221: 1, 23209: 1, 23664: 1, 24130: 1, 25114: 1, 24810: 1, 23281: 1, 23045: 1, 25448: 1, 25673: 1, 22866: 1, 24220: 1, 24903: 1, 25456: 2, 24755: 2, 25105: 1, 24432: 1, 25421: 1, 25207: 1, 25331: 1, 24107: 1, 25531: 1, 24781: 1, 23885: 1, 25571: 1, 23796: 1, 25602: 1, 25136: 2, 25328: 1, 24613: 1, 19634: 1, 25310: 1, 24869: 1, 24507: 1, 25288: 1, 25394: 1, 25576: 2, 24441: 1, 23103: 1, 24495: 1, 24900: 1, 24056: 1, 25187: 1, 23793: 1, 24844: 1, 25621: 1, 24749: 1, 24799: 1, 25299: 2, 23344: 1, 25559: 1, 25604: 1, 25129: 1, 25036: 1, 25002: 2, 24587: 1, 24517: 1, 25212: 1, 25597: 1, 25300: 1, 25489: 1, 24335: 1, 25546: 1, 25498: 1, 25660: 1, 25217: 1, 24167: 2, 24823: 1, 25228: 1, 24953: 1, 24872: 2, 22032: 1, 24856: 1, 23189: 1, 21771: 1, 23983: 1, 22589: 1, 25585: 1, 25402: 1, 25373: 1, 24891: 1, 24924: 1, 25186: 1, 24488: 1, 25444: 1, 24730: 1, 25261: 1, 25548: 1, 23304: 1, 24637: 1, 24540: 1, 23915: 1, 25410: 1, 24956: 1, 25462: 1, 24222: 1, 22787: 1, 23559: 1, 25434: 1, 25618: 1, 24554: 1, 24048: 1, 24459: 1, 25342: 1, 22784: 1, 25200: 2, 24754: 1, 25312: 1, 25124: 1, 21541: 1, 25390: 1, 24418: 1, 24128: 1, 23974: 1, 24988: 1, 24777: 1, 23362: 1, 24922: 1, 25495: 2, 23466: 1, 21631: 1, 24346: 1, 25537: 1, 25440: 2, 25329: 1, 24215: 1, 23439: 1, 25255: 1, 25430: 3, 25547: 1, 25069: 1, 25626: 1, 25202: 1, 22106: 1, 24904: 1, 24864: 1, 24431: 1, 25683: 1, 24047: 1, 22031: 1, 25418: 3, 24196: 1, 24691: 1, 22973: 1, 25372: 1, 24617: 1, 24660: 1, 25293: 1, 24736: 1, 23604: 1, 24299: 1, 19622: 1, 25499: 1, 19986: 1, 25270: 1, 25021: 1, 25451: 1, 23744: 1, 25287: 1, 25005: 1, 25343: 1, 22989: 1, 24116: 1, 25210: 1, 23176: 2, 25189: 1, 24898: 1, 22237: 1, 25542: 1, 25249: 1, 25406: 1, 24744: 1, 23582: 1, 23729: 1, 23552: 1, 25225: 1, 24947: 1, 24428: 1, 25352: 1, 24147: 1, 25224: 1, 22914: 1, 25323: 1, 25471: 1, 25572: 1, 25500: 1, 24603: 1, 20895: 1, 25271: 1, 25090: 1, 23593: 1, 25254: 1, 24546: 1, 25645: 1, 23248: 1, 23737: 1, 25042: 1, 24908: 1}
2025-09-10 14:24:39 - root - INFO - 验证和对齐数据 完成 - 用时: 0.0s - 内存变化: +0.0 MB
2025-09-10 14:24:39 - data_validator - INFO - 统一distances长度为: 25488
2025-09-10 14:24:39 - data_validator - WARNING - 细胞 OrgdEX052023 的decay_values被填充从 23468 到 25488
2025-09-10 14:24:39 - data_validator - WARNING - 细胞 OrgdEX052047 的decay_values被填充从 22698 到 25488
2025-09-10 14:24:39 - data_validator - WARNING - 细胞 OrgdEX052050 的decay_values被填充从 23017 到 25488
2025-09-10 14:24:39 - data_validator - WARNING - 细胞 OrgdEX052065 的decay_values被截断从 25671 到 25488
2025-09-10 14:24:39 - data_validator - WARNING - 细胞 OrgdEX052096 的decay_values被填充从 22506 到 25488
2025-09-10 14:24:39 - data_validator - WARNING - 细胞 OrgdEX052110 的decay_values被填充从 22798 到 25488
2025-09-10 14:24:39 - data_validator - WARNING - 细胞 OrgdEX052125 的decay_values被填充从 24076 到 25488
2025-09-10 14:24:39 - data_validator - WARNING - 细胞 OrgdEX052157 的decay_values被截断从 25494 到 25488
2025-09-10 14:24:39 - data_validator - WARNING - 细胞 OrgdEX052160 的decay_values被填充从 25076 到 25488
2025-09-10 14:24:39 - data_validator - WARNING - 细胞 OrgdEX052173 的decay_values被填充从 24915 到 25488
2025-09-10 14:24:39 - data_validator - WARNING - 细胞 OrgdEX052177 的decay_values被截断从 25544 到 25488
2025-09-10 14:24:39 - data_validator - WARNING - 细胞 OrgdEX052180 的decay_values被填充从 25439 到 25488
2025-09-10 14:24:39 - data_validator - WARNING - 细胞 OrgdEX052184 的decay_values被截断从 25600 到 25488
2025-09-10 14:24:39 - data_validator - WARNING - 细胞 OrgdEX052189 的decay_values被填充从 25112 到 25488
2025-09-10 14:24:39 - data_validator - WARNING - 细胞 OrgdEX052272 的decay_values被填充从 24960 到 25488
2025-09-10 14:24:39 - data_validator - WARNING - 细胞 OrgdEX052343 的decay_values被填充从 25038 到 25488
2025-09-10 14:24:39 - data_validator - WARNING - 细胞 OrgdEX052352 的decay_values被填充从 23985 到 25488
2025-09-10 14:24:39 - data_validator - WARNING - 细胞 OrgdEX052362 的decay_values被填充从 25475 到 25488
2025-09-10 14:24:39 - data_validator - WARNING - 细胞 OrgeEX052003 的decay_values被填充从 24734 到 25488
2025-09-10 14:24:39 - data_validator - WARNING - 细胞 OrgeEX052004 的decay_values被填充从 24905 到 25488
2025-09-10 14:24:39 - data_validator - WARNING - 细胞 OrgeEX052007 的decay_values被填充从 25326 到 25488
2025-09-10 14:24:39 - data_validator - WARNING - 细胞 OrgeEX052012 的decay_values被填充从 24892 到 25488
2025-09-10 14:24:39 - data_validator - WARNING - 细胞 OrgeEX052013 的decay_values被填充从 24659 到 25488
2025-09-10 14:24:39 - data_validator - WARNING - 细胞 OrgeEX052014 的decay_values被填充从 23339 到 25488
2025-09-10 14:24:39 - data_validator - WARNING - 细胞 OrgeEX052015 的decay_values被填充从 25281 到 25488
2025-09-10 14:24:39 - data_validator - WARNING - 细胞 OrgeEX052016 的decay_values被填充从 25214 到 25488
2025-09-10 14:24:39 - data_validator - WARNING - 细胞 OrgeEX052018 的decay_values被填充从 25130 到 25488
2025-09-10 14:24:39 - data_validator - WARNING - 细胞 OrgeEX052020 的decay_values被填充从 23455 到 25488
2025-09-10 14:24:39 - data_validator - WARNING - 细胞 OrgeEX052025 的decay_values被填充从 25409 到 25488
2025-09-10 14:24:39 - data_validator - WARNING - 细胞 OrgeEX052036 的decay_values被填充从 23702 到 25488
2025-09-10 14:24:39 - data_validator - WARNING - 细胞 OrgeEX052038 的decay_values被填充从 25413 到 25488
2025-09-10 14:24:39 - data_validator - WARNING - 细胞 OrgeEX052039 的decay_values被截断从 25508 到 25488
2025-09-10 14:24:39 - data_validator - WARNING - 细胞 OrgeEX052040 的decay_values被填充从 25022 到 25488
2025-09-10 14:24:39 - data_validator - WARNING - 细胞 OrgeEX052041 的decay_values被填充从 24821 到 25488
2025-09-10 14:24:39 - data_validator - WARNING - 细胞 OrgeEX052042 的decay_values被填充从 25405 到 25488
2025-09-10 14:24:39 - data_validator - WARNING - 细胞 OrgeEX052043 的decay_values被填充从 21144 到 25488
2025-09-10 14:24:39 - data_validator - WARNING - 细胞 OrgeEX052044 的decay_values被填充从 24201 到 25488
2025-09-10 14:24:39 - data_validator - WARNING - 细胞 OrgeEX052047 的decay_values被填充从 25428 到 25488
2025-09-10 14:24:39 - data_validator - WARNING - 细胞 OrgeEX052050 的decay_values被填充从 25319 到 25488
2025-09-10 14:24:39 - data_validator - WARNING - 细胞 OrgeEX052051 的decay_values被填充从 24227 到 25488
2025-09-10 14:24:39 - data_validator - WARNING - 细胞 OrgeEX052052 的decay_values被填充从 25411 到 25488
2025-09-10 14:24:39 - data_validator - WARNING - 细胞 OrgeEX052056 的decay_values被填充从 24981 到 25488
2025-09-10 14:24:39 - data_validator - WARNING - 细胞 OrgeEX052058 的decay_values被填充从 25038 到 25488
2025-09-10 14:24:39 - data_validator - WARNING - 细胞 OrgeEX052059 的decay_values被填充从 25140 到 25488
2025-09-10 14:24:39 - data_validator - WARNING - 细胞 OrgeEX052062 的decay_values被填充从 24059 到 25488
2025-09-10 14:24:39 - data_validator - WARNING - 细胞 OrgeEX052066 的decay_values被填充从 20701 到 25488
2025-09-10 14:24:39 - data_validator - WARNING - 细胞 OrgeEX052067 的decay_values被填充从 25172 到 25488
2025-09-10 14:24:39 - data_validator - WARNING - 细胞 OrgeEX052070 的decay_values被截断从 25539 到 25488
2025-09-10 14:24:39 - data_validator - WARNING - 细胞 OrgeEX052074 的decay_values被截断从 25679 到 25488
2025-09-10 14:24:39 - data_validator - WARNING - 细胞 OrgeEX052076 的decay_values被填充从 24609 到 25488
2025-09-10 14:24:39 - data_validator - WARNING - 细胞 OrgeEX052077 的decay_values被填充从 24992 到 25488
2025-09-10 14:24:39 - data_validator - WARNING - 细胞 OrgeEX052078 的decay_values被截断从 25592 到 25488
2025-09-10 14:24:39 - data_validator - WARNING - 细胞 OrgeEX052081 的decay_values被填充从 24287 到 25488
2025-09-10 14:24:39 - data_validator - WARNING - 细胞 OrgeEX052083 的decay_values被填充从 25178 到 25488
2025-09-10 14:24:39 - data_validator - WARNING - 细胞 OrgeEX052084 的decay_values被填充从 24796 到 25488
2025-09-10 14:24:39 - data_validator - WARNING - 细胞 OrgeEX052090 的decay_values被截断从 25608 到 25488
2025-09-10 14:24:39 - data_validator - WARNING - 细胞 OrgeEX052092 的decay_values被截断从 25516 到 25488
2025-09-10 14:24:39 - data_validator - WARNING - 细胞 OrgeEX052096 的decay_values被填充从 24964 到 25488
2025-09-10 14:24:39 - data_validator - WARNING - 细胞 OrgeEX052097 的decay_values被填充从 24163 到 25488
2025-09-10 14:24:39 - data_validator - WARNING - 细胞 OrgeEX052098 的decay_values被填充从 25278 到 25488
2025-09-10 14:24:39 - data_validator - WARNING - 细胞 OrgeEX052099 的decay_values被截断从 25652 到 25488
2025-09-10 14:24:39 - data_validator - WARNING - 细胞 OrgeEX052102 的decay_values被填充从 24231 到 25488
2025-09-10 14:24:39 - data_validator - WARNING - 细胞 OrgeEX052103 的decay_values被填充从 25082 到 25488
2025-09-10 14:24:39 - data_validator - WARNING - 细胞 OrgeEX052104 的decay_values被填充从 25164 到 25488
2025-09-10 14:24:39 - data_validator - WARNING - 细胞 OrgeEX052105 的decay_values被填充从 25127 到 25488
2025-09-10 14:24:39 - data_validator - WARNING - 细胞 OrgeEX052107 的decay_values被填充从 25059 到 25488
2025-09-10 14:24:39 - data_validator - WARNING - 细胞 OrgeEX052108 的decay_values被填充从 24625 到 25488
2025-09-10 14:24:39 - data_validator - WARNING - 细胞 OrgeEX052110 的decay_values被填充从 24176 到 25488
2025-09-10 14:24:39 - data_validator - WARNING - 细胞 OrgeEX052111 的decay_values被填充从 23902 到 25488
2025-09-10 14:24:39 - data_validator - WARNING - 细胞 OrgeEX052112 的decay_values被填充从 25107 到 25488
2025-09-10 14:24:39 - data_validator - WARNING - 细胞 OrgeEX052113 的decay_values被填充从 25315 到 25488
2025-09-10 14:24:39 - data_validator - WARNING - 细胞 OrgeEX052114 的decay_values被填充从 25004 到 25488
2025-09-10 14:24:39 - data_validator - WARNING - 细胞 OrgeEX052118 的decay_values被填充从 25322 到 25488
2025-09-10 14:24:39 - data_validator - WARNING - 细胞 OrgeEX052119 的decay_values被填充从 24695 到 25488
2025-09-10 14:24:39 - data_validator - WARNING - 细胞 OrgeEX052124 的decay_values被填充从 24949 到 25488
2025-09-10 14:24:39 - data_validator - WARNING - 细胞 OrgeEX052125 的decay_values被填充从 23690 到 25488
2025-09-10 14:24:39 - data_validator - WARNING - 细胞 OrgeEX052128 的decay_values被填充从 24689 到 25488
2025-09-10 14:24:39 - data_validator - WARNING - 细胞 OrgeEX052130 的decay_values被填充从 24545 到 25488
2025-09-10 14:24:39 - data_validator - WARNING - 细胞 OrgeEX052132 的decay_values被填充从 22382 到 25488
2025-09-10 14:24:39 - data_validator - WARNING - 细胞 OrgeEX052135 的decay_values被填充从 24278 到 25488
2025-09-10 14:24:39 - data_validator - WARNING - 细胞 OrgeEX052136 的decay_values被填充从 24088 到 25488
2025-09-10 14:24:39 - data_validator - WARNING - 细胞 OrgeEX052138 的decay_values被填充从 24081 到 25488
2025-09-10 14:24:39 - data_validator - WARNING - 细胞 OrgeEX052139 的decay_values被填充从 24014 到 25488
2025-09-10 14:24:39 - data_validator - WARNING - 细胞 OrgeEX052142 的decay_values被填充从 25167 到 25488
2025-09-10 14:24:39 - data_validator - WARNING - 细胞 OrgeEX052143 的decay_values被填充从 25304 到 25488
2025-09-10 14:24:39 - data_validator - WARNING - 细胞 OrgeEX052145 的decay_values被填充从 25279 到 25488
2025-09-10 14:24:39 - data_validator - WARNING - 细胞 OrgeEX052146 的decay_values被填充从 23739 到 25488
2025-09-10 14:24:39 - data_validator - WARNING - 细胞 OrgeEX052147 的decay_values被填充从 25482 到 25488
2025-09-10 14:24:39 - data_validator - WARNING - 细胞 OrgeEX052148 的decay_values被截断从 25656 到 25488
2025-09-10 14:24:39 - data_validator - WARNING - 细胞 OrgeEX052149 的decay_values被截断从 25583 到 25488
2025-09-10 14:24:39 - data_validator - WARNING - 细胞 OrgeEX052150 的decay_values被填充从 24273 到 25488
2025-09-10 14:24:39 - data_validator - WARNING - 细胞 OrgeEX052153 的decay_values被填充从 24401 到 25488
2025-09-10 14:24:39 - data_validator - WARNING - 细胞 OrgeEX052157 的decay_values被填充从 23104 到 25488
2025-09-10 14:24:39 - data_validator - WARNING - 细胞 OrgeEX052159 的decay_values被填充从 24946 到 25488
2025-09-10 14:24:39 - data_validator - WARNING - 细胞 OrgeEX052160 的decay_values被填充从 25282 到 25488
2025-09-10 14:24:39 - data_validator - WARNING - 细胞 OrgeEX052161 的decay_values被填充从 24843 到 25488
2025-09-10 14:24:39 - data_validator - WARNING - 细胞 OrgeEX052162 的decay_values被填充从 25117 到 25488
2025-09-10 14:24:39 - data_validator - WARNING - 细胞 OrgeEX052163 的decay_values被填充从 24770 到 25488
2025-09-10 14:24:39 - data_validator - WARNING - 细胞 OrgeEX052167 的decay_values被填充从 25346 到 25488
2025-09-10 14:24:39 - data_validator - WARNING - 细胞 OrgeEX052168 的decay_values被填充从 19954 到 25488
2025-09-10 14:24:39 - data_validator - WARNING - 细胞 OrgeEX052169 的decay_values被填充从 24026 到 25488
2025-09-10 14:24:39 - data_validator - WARNING - 细胞 OrgeEX052177 的decay_values被填充从 25120 到 25488
2025-09-10 14:24:39 - data_validator - WARNING - 细胞 OrgeEX052180 的decay_values被填充从 25411 到 25488
2025-09-10 14:24:39 - data_validator - WARNING - 细胞 OrgeEX052181 的decay_values被截断从 25525 到 25488
2025-09-10 14:24:39 - data_validator - WARNING - 细胞 OrgeEX052183 的decay_values被填充从 25401 到 25488
2025-09-10 14:24:39 - data_validator - WARNING - 细胞 OrgeEX052185 的decay_values被填充从 24977 到 25488
2025-09-10 14:24:39 - data_validator - WARNING - 细胞 OrgeEX052186 的decay_values被填充从 25420 到 25488
2025-09-10 14:24:39 - data_validator - WARNING - 细胞 OrgeEX052187 的decay_values被填充从 24509 到 25488
2025-09-10 14:24:39 - data_validator - WARNING - 细胞 OrgeEX052190 的decay_values被截断从 25513 到 25488
2025-09-10 14:24:39 - data_validator - WARNING - 细胞 OrgeEX052191 的decay_values被填充从 24708 到 25488
2025-09-10 14:24:39 - data_validator - WARNING - 细胞 OrgeEX052194 的decay_values被填充从 25061 到 25488
2025-09-10 14:24:39 - data_validator - WARNING - 细胞 OrgeEX052198 的decay_values被填充从 25339 到 25488
2025-09-10 14:24:39 - data_validator - WARNING - 细胞 OrgeEX052200 的decay_values被填充从 22875 到 25488
2025-09-10 14:24:39 - data_validator - WARNING - 细胞 OrgeEX052202 的decay_values被填充从 24623 到 25488
2025-09-10 14:24:39 - data_validator - WARNING - 细胞 OrgeEX052206 的decay_values被填充从 25449 到 25488
2025-09-10 14:24:39 - data_validator - WARNING - 细胞 OrgeEX052208 的decay_values被填充从 25447 到 25488
2025-09-10 14:24:39 - data_validator - WARNING - 细胞 OrgeEX052209 的decay_values被填充从 24122 到 25488
2025-09-10 14:24:39 - data_validator - WARNING - 细胞 OrgeEX052212 的decay_values被填充从 22947 到 25488
2025-09-10 14:24:39 - data_validator - WARNING - 细胞 OrgeEX052213 的decay_values被填充从 23342 到 25488
2025-09-10 14:24:39 - data_validator - WARNING - 细胞 OrgeEX052215 的decay_values被填充从 23265 到 25488
2025-09-10 14:24:39 - data_validator - WARNING - 细胞 OrgeEX052216 的decay_values被填充从 22505 到 25488
2025-09-10 14:24:39 - data_validator - WARNING - 细胞 OrgeEX052217 的decay_values被填充从 24453 到 25488
2025-09-10 14:24:39 - data_validator - WARNING - 细胞 OrgeEX052219 的decay_values被填充从 23017 到 25488
2025-09-10 14:24:39 - data_validator - WARNING - 细胞 OrgeEX052221 的decay_values被填充从 24338 到 25488
2025-09-10 14:24:39 - data_validator - WARNING - 细胞 OrgeEX052223 的decay_values被填充从 25486 到 25488
2025-09-10 14:24:39 - data_validator - WARNING - 细胞 OrgeEX052224 的decay_values被填充从 24751 到 25488
2025-09-10 14:24:39 - data_validator - WARNING - 细胞 OrgeEX052226 的decay_values被填充从 25135 到 25488
2025-09-10 14:24:39 - data_validator - WARNING - 细胞 OrgeEX052227 的decay_values被填充从 23715 到 25488
2025-09-10 14:24:39 - data_validator - WARNING - 细胞 OrgeEX052228 的decay_values被填充从 25438 到 25488
2025-09-10 14:24:39 - data_validator - WARNING - 细胞 OrgeEX052229 的decay_values被填充从 24556 到 25488
2025-09-10 14:24:39 - data_validator - WARNING - 细胞 OrgeEX052232 的decay_values被填充从 24627 到 25488
2025-09-10 14:24:39 - data_validator - WARNING - 细胞 OrgeEX052234 的decay_values被截断从 25528 到 25488
2025-09-10 14:24:39 - data_validator - WARNING - 细胞 OrgeEX052235 的decay_values被填充从 25019 到 25488
2025-09-10 14:24:39 - data_validator - WARNING - 细胞 OrgeEX052237 的decay_values被填充从 25276 到 25488
2025-09-10 14:24:39 - data_validator - WARNING - 细胞 OrgeEX052239 的decay_values被填充从 24137 到 25488
2025-09-10 14:24:39 - data_validator - WARNING - 细胞 OrgeEX052241 的decay_values被填充从 21458 到 25488
2025-09-10 14:24:39 - data_validator - WARNING - 细胞 OrgeEX052244 的decay_values被填充从 23966 到 25488
2025-09-10 14:24:39 - data_validator - WARNING - 细胞 OrgeEX052250 的decay_values被填充从 25227 到 25488
2025-09-10 14:24:39 - data_validator - WARNING - 细胞 OrgeEX052251 的decay_values被填充从 22346 到 25488
2025-09-10 14:24:39 - data_validator - WARNING - 细胞 OrgeEX052252 的decay_values被填充从 24685 到 25488
2025-09-10 14:24:39 - data_validator - WARNING - 细胞 OrgeEX052253 的decay_values被填充从 23967 到 25488
2025-09-10 14:24:39 - data_validator - WARNING - 细胞 OrgeEX052255 的decay_values被填充从 23851 到 25488
2025-09-10 14:24:39 - data_validator - WARNING - 细胞 OrgeEX052256 的decay_values被填充从 25423 到 25488
2025-09-10 14:24:39 - data_validator - WARNING - 细胞 OrgeEX052258 的decay_values被填充从 24160 到 25488
2025-09-10 14:24:39 - data_validator - WARNING - 细胞 OrgeEX052260 的decay_values被填充从 24647 到 25488
2025-09-10 14:24:39 - data_validator - WARNING - 细胞 OrgeEX052261 的decay_values被截断从 25555 到 25488
2025-09-10 14:24:39 - data_validator - WARNING - 细胞 OrgeEX052262 的decay_values被填充从 25284 到 25488
2025-09-10 14:24:39 - data_validator - WARNING - 细胞 OrgeEX052263 的decay_values被填充从 25138 到 25488
2025-09-10 14:24:39 - data_validator - WARNING - 细胞 OrgeEX052273 的decay_values被截断从 25532 到 25488
2025-09-10 14:24:39 - data_validator - WARNING - 细胞 OrgeEX052276 的decay_values被填充从 25131 到 25488
2025-09-10 14:24:39 - data_validator - WARNING - 细胞 OrgeEX052277 的decay_values被填充从 24368 到 25488
2025-09-10 14:24:39 - data_validator - WARNING - 细胞 OrgeEX052290 的decay_values被填充从 20335 到 25488
2025-09-10 14:24:39 - data_validator - WARNING - 细胞 OrgeEX052291 的decay_values被截断从 25582 到 25488
2025-09-10 14:24:39 - data_validator - WARNING - 细胞 OrgeEX052295 的decay_values被填充从 24330 到 25488
2025-09-10 14:24:39 - data_validator - WARNING - 细胞 OrgeEX052301 的decay_values被填充从 25473 到 25488
2025-09-10 14:24:39 - data_validator - WARNING - 细胞 OrgeEX052304 的decay_values被填充从 24144 到 25488
2025-09-10 14:24:39 - data_validator - WARNING - 细胞 OrgeEX052306 的decay_values被填充从 25376 到 25488
2025-09-10 14:24:39 - data_validator - WARNING - 细胞 OrgeEX052307 的decay_values被填充从 23655 到 25488
2025-09-10 14:24:39 - data_validator - WARNING - 细胞 OrgeEX052308 的decay_values被填充从 25163 到 25488
2025-09-10 14:24:39 - data_validator - WARNING - 细胞 OrgeEX052310 的decay_values被截断从 25568 到 25488
2025-09-10 14:24:39 - data_validator - WARNING - 细胞 OrgeEX052312 的decay_values被填充从 25290 到 25488
2025-09-10 14:24:39 - data_validator - WARNING - 细胞 OrgeEX052314 的decay_values被填充从 24498 到 25488
2025-09-10 14:24:39 - data_validator - WARNING - 细胞 OrgeEX052315 的decay_values被截断从 25536 到 25488
2025-09-10 14:24:39 - data_validator - WARNING - 细胞 OrgeEX052316 的decay_values被填充从 25170 到 25488
2025-09-10 14:24:39 - data_validator - WARNING - 细胞 OrgeEX052317 的decay_values被截断从 25567 到 25488
2025-09-10 14:24:39 - data_validator - WARNING - 细胞 OrgeEX052318 的decay_values被填充从 25152 到 25488
2025-09-10 14:24:39 - data_validator - WARNING - 细胞 OrgeEX052319 的decay_values被截断从 25613 到 25488
2025-09-10 14:24:39 - data_validator - WARNING - 细胞 OrgeEX052320 的decay_values被填充从 24912 到 25488
2025-09-10 14:24:39 - data_validator - WARNING - 细胞 OrgeEX052321 的decay_values被填充从 24629 到 25488
2025-09-10 14:24:39 - data_validator - WARNING - 细胞 OrgeEX052322 的decay_values被填充从 25265 到 25488
2025-09-10 14:24:39 - data_validator - WARNING - 细胞 OrgeEX052326 的decay_values被填充从 22185 到 25488
2025-09-10 14:24:39 - data_validator - WARNING - 细胞 OrgeEX052328 的decay_values被填充从 25204 到 25488
2025-09-10 14:24:39 - data_validator - WARNING - 细胞 OrgeEX052330 的decay_values被填充从 24025 到 25488
2025-09-10 14:24:39 - data_validator - WARNING - 细胞 OrgeEX052335 的decay_values被填充从 23365 到 25488
2025-09-10 14:24:39 - data_validator - WARNING - 细胞 OrgeEX052337 的decay_values被填充从 25454 到 25488
2025-09-10 14:24:39 - data_validator - WARNING - 细胞 OrgeEX052339 的decay_values被填充从 24479 到 25488
2025-09-10 14:24:39 - data_validator - WARNING - 细胞 OrgeEX052340 的decay_values被填充从 23378 到 25488
2025-09-10 14:24:39 - data_validator - WARNING - 细胞 OrgeEX052341 的decay_values被填充从 24631 到 25488
2025-09-10 14:24:39 - data_validator - WARNING - 细胞 OrgeEX052344 的decay_values被填充从 24580 到 25488
2025-09-10 14:24:39 - data_validator - WARNING - 细胞 OrgeEX052347 的decay_values被填充从 24043 到 25488
2025-09-10 14:24:39 - data_validator - WARNING - 细胞 OrgeEX052348 的decay_values被填充从 24714 到 25488
2025-09-10 14:24:39 - data_validator - WARNING - 细胞 OrgeEX052349 的decay_values被填充从 25191 到 25488
2025-09-10 14:24:39 - data_validator - WARNING - 细胞 OrgeEX052350 的decay_values被填充从 25273 到 25488
2025-09-10 14:24:39 - data_validator - WARNING - 细胞 OrgeEX052351 的decay_values被填充从 21833 到 25488
2025-09-10 14:24:39 - data_validator - WARNING - 细胞 OrgeEX052352 的decay_values被填充从 25397 到 25488
2025-09-10 14:24:39 - data_validator - WARNING - 细胞 OrgeEX052355 的decay_values被填充从 21558 到 25488
2025-09-10 14:24:39 - data_validator - WARNING - 细胞 OrgeEX052357 的decay_values被填充从 23889 到 25488
2025-09-10 14:24:39 - data_validator - WARNING - 细胞 OrgeEX052358 的decay_values被填充从 25443 到 25488
2025-09-10 14:24:39 - data_validator - WARNING - 细胞 OrgeEX052362 的decay_values被填充从 25102 到 25488
2025-09-10 14:24:39 - data_validator - WARNING - 细胞 OrgeEX052364 的decay_values被填充从 25442 到 25488
2025-09-10 14:24:39 - data_validator - WARNING - 细胞 OrgeEX052365 的decay_values被填充从 24263 到 25488
2025-09-10 14:24:39 - data_validator - WARNING - 细胞 OrgeEX052370 的decay_values被填充从 25046 到 25488
2025-09-10 14:24:39 - data_validator - WARNING - 细胞 OrgeEX052374 的decay_values被截断从 25524 到 25488
2025-09-10 14:24:39 - data_validator - WARNING - 细胞 OrgeEX052375 的decay_values被填充从 22127 到 25488
2025-09-10 14:24:39 - data_validator - WARNING - 细胞 OrgeEX052377 的decay_values被填充从 20604 到 25488
2025-09-10 14:24:39 - data_validator - WARNING - 细胞 OrgeEX052380 的decay_values被截断从 25646 到 25488
2025-09-10 14:24:39 - data_validator - WARNING - 细胞 OrgeEX052383 的decay_values被填充从 21611 到 25488
2025-09-10 14:24:39 - data_validator - WARNING - 细胞 OrgeEX053001 的decay_values被截断从 25690 到 25488
2025-09-10 14:24:39 - data_validator - WARNING - 细胞 OrgeEX053002 的decay_values被填充从 25345 到 25488
2025-09-10 14:24:39 - data_validator - WARNING - 细胞 OrgeEX053003 的decay_values被截断从 25565 到 25488
2025-09-10 14:24:39 - data_validator - WARNING - 细胞 OrgeEX053004 的decay_values被填充从 25058 到 25488
2025-09-10 14:24:39 - data_validator - WARNING - 细胞 OrgeEX053005 的decay_values被填充从 25053 到 25488
2025-09-10 14:24:39 - data_validator - WARNING - 细胞 OrgeEX053006 的decay_values被填充从 24580 到 25488
2025-09-10 14:24:39 - data_validator - WARNING - 细胞 OrgeEX053007 的decay_values被填充从 25180 到 25488
2025-09-10 14:24:39 - data_validator - WARNING - 细胞 OrgeEX053008 的decay_values被截断从 25678 到 25488
2025-09-10 14:24:39 - data_validator - WARNING - 细胞 OrgeEX053009 的decay_values被截断从 25535 到 25488
2025-09-10 14:24:39 - data_validator - WARNING - 细胞 OrgeEX053010 的decay_values被截断从 25511 到 25488
2025-09-10 14:24:39 - data_validator - WARNING - 细胞 OrgeEX053011 的decay_values被截断从 25624 到 25488
2025-09-10 14:24:39 - data_validator - WARNING - 细胞 OrgeEX053012 的decay_values被填充从 25318 到 25488
2025-09-10 14:24:39 - data_validator - WARNING - 细胞 OrgeEX053013 的decay_values被填充从 24504 到 25488
2025-09-10 14:24:39 - data_validator - WARNING - 细胞 OrgeEX053014 的decay_values被截断从 25496 到 25488
2025-09-10 14:24:39 - data_validator - WARNING - 细胞 OrgeEX053015 的decay_values被填充从 24093 到 25488
2025-09-10 14:24:39 - data_validator - WARNING - 细胞 OrgeEX053016 的decay_values被截断从 25675 到 25488
2025-09-10 14:24:39 - data_validator - WARNING - 细胞 OrgeEX053017 的decay_values被填充从 24565 到 25488
2025-09-10 14:24:39 - data_validator - WARNING - 细胞 OrgeEX053019 的decay_values被截断从 25635 到 25488
2025-09-10 14:24:39 - data_validator - WARNING - 细胞 OrgeEX053020 的decay_values被填充从 25264 到 25488
2025-09-10 14:24:39 - data_validator - WARNING - 细胞 OrgeEX053022 的decay_values被填充从 24692 到 25488
2025-09-10 14:24:39 - data_validator - WARNING - 细胞 OrgeEX053023 的decay_values被填充从 25085 到 25488
2025-09-10 14:24:39 - data_validator - WARNING - 细胞 OrgeEX053024 的decay_values被填充从 25465 到 25488
2025-09-10 14:24:39 - data_validator - WARNING - 细胞 OrgeEX053025 的decay_values被填充从 24446 到 25488
2025-09-10 14:24:39 - data_validator - WARNING - 细胞 OrgeEX053026 的decay_values被填充从 24964 到 25488
2025-09-10 14:24:39 - data_validator - WARNING - 细胞 OrgeEX053028 的decay_values被填充从 24618 到 25488
2025-09-10 14:24:39 - data_validator - WARNING - 细胞 OrgeEX053030 的decay_values被填充从 25441 到 25488
2025-09-10 14:24:39 - data_validator - WARNING - 细胞 OrgeEX053031 的decay_values被填充从 24285 到 25488
2025-09-10 14:24:39 - data_validator - WARNING - 细胞 OrgeEX053032 的decay_values被填充从 24982 到 25488
2025-09-10 14:24:39 - data_validator - WARNING - 细胞 OrgeEX053033 的decay_values被截断从 25567 到 25488
2025-09-10 14:24:39 - data_validator - WARNING - 细胞 OrgeEX053034 的decay_values被填充从 23780 到 25488
2025-09-10 14:24:39 - data_validator - WARNING - 细胞 OrgeEX053035 的decay_values被填充从 25179 到 25488
2025-09-10 14:24:39 - data_validator - WARNING - 细胞 OrgeEX053036 的decay_values被填充从 25183 到 25488
2025-09-10 14:24:39 - data_validator - WARNING - 细胞 OrgeEX053037 的decay_values被填充从 25364 到 25488
2025-09-10 14:24:39 - data_validator - WARNING - 细胞 OrgeEX053039 的decay_values被填充从 23730 到 25488
2025-09-10 14:24:39 - data_validator - WARNING - 细胞 OrgeEX053040 的decay_values被填充从 24962 到 25488
2025-09-10 14:24:39 - data_validator - WARNING - 细胞 OrgeEX053041 的decay_values被填充从 25366 到 25488
2025-09-10 14:24:39 - data_validator - WARNING - 细胞 OrgeEX053042 的decay_values被填充从 24894 到 25488
2025-09-10 14:24:39 - data_validator - WARNING - 细胞 OrgeEX053043 的decay_values被填充从 25182 到 25488
2025-09-10 14:24:39 - data_validator - WARNING - 细胞 OrgeEX053044 的decay_values被填充从 23260 到 25488
2025-09-10 14:24:39 - data_validator - WARNING - 细胞 OrgeEX053045 的decay_values被填充从 25483 到 25488
2025-09-10 14:24:39 - data_validator - WARNING - 细胞 OrgeEX053046 的decay_values被填充从 25019 到 25488
2025-09-10 14:24:39 - data_validator - WARNING - 细胞 OrgeEX053047 的decay_values被填充从 22770 到 25488
2025-09-10 14:24:39 - data_validator - WARNING - 细胞 OrgeEX053048 的decay_values被填充从 22081 到 25488
2025-09-10 14:24:39 - data_validator - WARNING - 细胞 OrgeEX053049 的decay_values被填充从 25179 到 25488
2025-09-10 14:24:39 - data_validator - WARNING - 细胞 OrgeEX053050 的decay_values被填充从 25253 到 25488
2025-09-10 14:24:39 - data_validator - WARNING - 细胞 OrgeEX053051 的decay_values被填充从 23519 到 25488
2025-09-10 14:24:39 - data_validator - WARNING - 细胞 OrgeEX053052 的decay_values被填充从 24469 到 25488
2025-09-10 14:24:39 - data_validator - WARNING - 细胞 OrgeEX053054 的decay_values被填充从 24232 到 25488
2025-09-10 14:24:39 - data_validator - WARNING - 细胞 OrgeEX053055 的decay_values被填充从 25407 到 25488
2025-09-10 14:24:39 - data_validator - WARNING - 细胞 OrgeEX053056 的decay_values被填充从 24882 到 25488
2025-09-10 14:24:39 - data_validator - WARNING - 细胞 OrgeEX053057 的decay_values被填充从 24828 到 25488
2025-09-10 14:24:39 - data_validator - WARNING - 细胞 OrgeEX053058 的decay_values被填充从 25459 到 25488
2025-09-10 14:24:39 - data_validator - WARNING - 细胞 OrgeEX053059 的decay_values被填充从 25067 到 25488
2025-09-10 14:24:39 - data_validator - WARNING - 细胞 OrgeEX053060 的decay_values被填充从 25196 到 25488
2025-09-10 14:24:39 - data_validator - WARNING - 细胞 OrgeEX053061 的decay_values被截断从 25563 到 25488
2025-09-10 14:24:39 - data_validator - WARNING - 细胞 OrgeEX053062 的decay_values被填充从 24957 到 25488
2025-09-10 14:24:39 - data_validator - WARNING - 细胞 OrgeEX053063 的decay_values被填充从 24876 到 25488
2025-09-10 14:24:39 - data_validator - WARNING - 细胞 OrgeEX053064 的decay_values被填充从 23570 到 25488
2025-09-10 14:24:39 - data_validator - WARNING - 细胞 OrgeEX053065 的decay_values被填充从 25119 到 25488
2025-09-10 14:24:39 - data_validator - WARNING - 细胞 OrgeEX053066 的decay_values被填充从 23899 到 25488
2025-09-10 14:24:39 - data_validator - WARNING - 细胞 OrgeEX053067 的decay_values被填充从 25079 到 25488
2025-09-10 14:24:39 - data_validator - WARNING - 细胞 OrgeEX053068 的decay_values被填充从 24280 到 25488
2025-09-10 14:24:39 - data_validator - WARNING - 细胞 OrgeEX053069 的decay_values被填充从 23710 到 25488
2025-09-10 14:24:39 - data_validator - WARNING - 细胞 OrgeEX053070 的decay_values被填充从 24906 到 25488
2025-09-10 14:24:39 - data_validator - WARNING - 细胞 OrgeEX053071 的decay_values被填充从 24368 到 25488
2025-09-10 14:24:39 - data_validator - WARNING - 细胞 OrgeEX053072 的decay_values被填充从 24806 到 25488
2025-09-10 14:24:39 - data_validator - WARNING - 细胞 OrgeEX053073 的decay_values被填充从 25452 到 25488
2025-09-10 14:24:39 - data_validator - WARNING - 细胞 OrgeEX053074 的decay_values被截断从 25617 到 25488
2025-09-10 14:24:39 - data_validator - WARNING - 细胞 OrgeEX053075 的decay_values被填充从 25162 到 25488
2025-09-10 14:24:39 - data_validator - WARNING - 细胞 OrgeEX053076 的decay_values被截断从 25638 到 25488
2025-09-10 14:24:39 - data_validator - WARNING - 细胞 OrgeEX053077 的decay_values被截断从 25584 到 25488
2025-09-10 14:24:39 - data_validator - WARNING - 细胞 OrgeEX053078 的decay_values被填充从 21305 到 25488
2025-09-10 14:24:39 - data_validator - WARNING - 细胞 OrgeEX053079 的decay_values被填充从 23118 到 25488
2025-09-10 14:24:39 - data_validator - WARNING - 细胞 OrgeEX053080 的decay_values被填充从 23997 到 25488
2025-09-10 14:24:39 - data_validator - WARNING - 细胞 OrgeEX053081 的decay_values被填充从 23808 到 25488
2025-09-10 14:24:39 - data_validator - WARNING - 细胞 OrgeEX053082 的decay_values被填充从 23366 到 25488
2025-09-10 14:24:39 - data_validator - WARNING - 细胞 OrgeEX053083 的decay_values被填充从 23997 到 25488
2025-09-10 14:24:39 - data_validator - WARNING - 细胞 OrgeEX053084 的decay_values被填充从 24575 到 25488
2025-09-10 14:24:39 - data_validator - WARNING - 细胞 OrgeEX053085 的decay_values被填充从 23836 到 25488
2025-09-10 14:24:39 - data_validator - WARNING - 细胞 OrgeEX053086 的decay_values被截断从 25677 到 25488
2025-09-10 14:24:39 - data_validator - WARNING - 细胞 OrgeEX053087 的decay_values被填充从 25441 到 25488
2025-09-10 14:24:39 - data_validator - WARNING - 细胞 OrgeEX053088 的decay_values被填充从 25399 到 25488
2025-09-10 14:24:39 - data_validator - WARNING - 细胞 OrgeEX053089 的decay_values被填充从 25474 到 25488
2025-09-10 14:24:39 - data_validator - WARNING - 细胞 OrgeEX053091 的decay_values被填充从 25246 到 25488
2025-09-10 14:24:39 - data_validator - WARNING - 细胞 OrgeEX053092 的decay_values被填充从 22822 到 25488
2025-09-10 14:24:39 - data_validator - WARNING - 细胞 OrgeEX053093 的decay_values被填充从 24847 到 25488
2025-09-10 14:24:39 - data_validator - WARNING - 细胞 OrgeEX053095 的decay_values被截断从 25529 到 25488
2025-09-10 14:24:39 - data_validator - WARNING - 细胞 OrgeEX053098 的decay_values被填充从 25344 到 25488
2025-09-10 14:24:39 - data_validator - WARNING - 细胞 OrgeEX053100 的decay_values被截断从 25666 到 25488
2025-09-10 14:24:39 - data_validator - WARNING - 细胞 OrgeEX053103 的decay_values被填充从 24205 到 25488
2025-09-10 14:24:39 - data_validator - WARNING - 细胞 OrgeEX053104 的decay_values被填充从 25292 到 25488
2025-09-10 14:24:39 - data_validator - WARNING - 细胞 OrgeEX053105 的decay_values被填充从 25108 到 25488
2025-09-10 14:24:39 - data_validator - WARNING - 细胞 OrgeEX053106 的decay_values被填充从 24331 到 25488
2025-09-10 14:24:39 - data_validator - WARNING - 细胞 OrgeEX053107 的decay_values被截断从 25504 到 25488
2025-09-10 14:24:39 - data_validator - WARNING - 细胞 OrgeEX053108 的decay_values被填充从 23316 到 25488
2025-09-10 14:24:39 - data_validator - WARNING - 细胞 OrgeEX053109 的decay_values被填充从 24666 到 25488
2025-09-10 14:24:39 - data_validator - WARNING - 细胞 OrgeEX053110 的decay_values被填充从 24977 到 25488
2025-09-10 14:24:39 - data_validator - WARNING - 细胞 OrgeEX053111 的decay_values被填充从 24173 到 25488
2025-09-10 14:24:39 - data_validator - WARNING - 细胞 OrgeEX053112 的decay_values被截断从 25669 到 25488
2025-09-10 14:24:39 - data_validator - WARNING - 细胞 OrgeEX053113 的decay_values被填充从 25242 到 25488
2025-09-10 14:24:39 - data_validator - WARNING - 细胞 OrgeEX053114 的decay_values被截断从 25543 到 25488
2025-09-10 14:24:39 - data_validator - WARNING - 细胞 OrgeEX053115 的decay_values被填充从 23491 到 25488
2025-09-10 14:24:39 - data_validator - WARNING - 细胞 OrgeEX053116 的decay_values被填充从 25116 到 25488
2025-09-10 14:24:39 - data_validator - WARNING - 细胞 OrgeEX053117 的decay_values被填充从 24931 到 25488
2025-09-10 14:24:39 - data_validator - WARNING - 细胞 OrgeEX053118 的decay_values被填充从 25101 到 25488
2025-09-10 14:24:39 - data_validator - WARNING - 细胞 OrgeEX053119 的decay_values被填充从 25218 到 25488
2025-09-10 14:24:39 - data_validator - WARNING - 细胞 OrgeEX053120 的decay_values被填充从 23768 到 25488
2025-09-10 14:24:39 - data_validator - WARNING - 细胞 OrgeEX053121 的decay_values被填充从 23934 到 25488
2025-09-10 14:24:39 - data_validator - WARNING - 细胞 OrgeEX053122 的decay_values被截断从 25507 到 25488
2025-09-10 14:24:39 - data_validator - WARNING - 细胞 OrgeEX053123 的decay_values被填充从 24701 到 25488
2025-09-10 14:24:39 - data_validator - WARNING - 细胞 OrgeEX053124 的decay_values被填充从 24221 到 25488
2025-09-10 14:24:39 - data_validator - WARNING - 细胞 OrgeEX053125 的decay_values被填充从 23209 到 25488
2025-09-10 14:24:39 - data_validator - WARNING - 细胞 OrgeEX053126 的decay_values被填充从 23664 到 25488
2025-09-10 14:24:39 - data_validator - WARNING - 细胞 OrgeEX053127 的decay_values被填充从 24130 到 25488
2025-09-10 14:24:39 - data_validator - WARNING - 细胞 OrgeEX053128 的decay_values被填充从 24701 到 25488
2025-09-10 14:24:39 - data_validator - WARNING - 细胞 OrgeEX053129 的decay_values被填充从 25114 到 25488
2025-09-10 14:24:39 - data_validator - WARNING - 细胞 OrgeEX053130 的decay_values被填充从 24810 到 25488
2025-09-10 14:24:39 - data_validator - WARNING - 细胞 OrgeEX053131 的decay_values被截断从 25646 到 25488
2025-09-10 14:24:39 - data_validator - WARNING - 细胞 OrgeEX053132 的decay_values被填充从 23281 到 25488
2025-09-10 14:24:39 - data_validator - WARNING - 细胞 OrgeEX053133 的decay_values被填充从 23045 到 25488
2025-09-10 14:24:39 - data_validator - WARNING - 细胞 OrgeEX053134 的decay_values被填充从 25448 到 25488
2025-09-10 14:24:39 - data_validator - WARNING - 细胞 OrgeEX053135 的decay_values被截断从 25673 到 25488
2025-09-10 14:24:39 - data_validator - WARNING - 细胞 OrgeEX053136 的decay_values被填充从 22866 到 25488
2025-09-10 14:24:39 - data_validator - WARNING - 细胞 OrgeEX053137 的decay_values被填充从 24220 到 25488
2025-09-10 14:24:39 - data_validator - WARNING - 细胞 OrgeEX053138 的decay_values被填充从 24903 到 25488
2025-09-10 14:24:39 - data_validator - WARNING - 细胞 OrgeEX053140 的decay_values被填充从 25456 到 25488
2025-09-10 14:24:39 - data_validator - WARNING - 细胞 OrgeEX053141 的decay_values被填充从 24755 到 25488
2025-09-10 14:24:39 - data_validator - WARNING - 细胞 OrgeEX053142 的decay_values被填充从 25105 到 25488
2025-09-10 14:24:39 - data_validator - WARNING - 细胞 OrgeEX053143 的decay_values被填充从 24432 到 25488
2025-09-10 14:24:39 - data_validator - WARNING - 细胞 OrgeEX053144 的decay_values被填充从 25421 到 25488
2025-09-10 14:24:39 - data_validator - WARNING - 细胞 OrgeEX053145 的decay_values被填充从 25207 到 25488
2025-09-10 14:24:39 - data_validator - WARNING - 细胞 OrgeEX053146 的decay_values被填充从 25331 到 25488
2025-09-10 14:24:39 - data_validator - WARNING - 细胞 OrgeEX053147 的decay_values被填充从 24107 到 25488
2025-09-10 14:24:39 - data_validator - WARNING - 细胞 OrgeEX053148 的decay_values被截断从 25531 到 25488
2025-09-10 14:24:39 - data_validator - WARNING - 细胞 OrgeEX053149 的decay_values被填充从 24781 到 25488
2025-09-10 14:24:39 - data_validator - WARNING - 细胞 OrgeEX053150 的decay_values被填充从 23885 到 25488
2025-09-10 14:24:39 - data_validator - WARNING - 细胞 OrgeEX053151 的decay_values被截断从 25571 到 25488
2025-09-10 14:24:39 - data_validator - WARNING - 细胞 OrgeEX053152 的decay_values被填充从 24575 到 25488
2025-09-10 14:24:39 - data_validator - WARNING - 细胞 OrgeEX053153 的decay_values被填充从 23796 到 25488
2025-09-10 14:24:39 - data_validator - WARNING - 细胞 OrgeEX053155 的decay_values被截断从 25602 到 25488
2025-09-10 14:24:39 - data_validator - WARNING - 细胞 OrgeEX053156 的decay_values被填充从 25136 到 25488
2025-09-10 14:24:39 - data_validator - WARNING - 细胞 OrgeEX053157 的decay_values被填充从 25328 到 25488
2025-09-10 14:24:39 - data_validator - WARNING - 细胞 OrgeEX053158 的decay_values被填充从 24613 到 25488
2025-09-10 14:24:39 - data_validator - WARNING - 细胞 OrgeEX053159 的decay_values被填充从 19634 到 25488
2025-09-10 14:24:39 - data_validator - WARNING - 细胞 OrgeEX053160 的decay_values被填充从 25310 到 25488
2025-09-10 14:24:39 - data_validator - WARNING - 细胞 OrgeEX053161 的decay_values被填充从 24869 到 25488
2025-09-10 14:24:39 - data_validator - WARNING - 细胞 OrgeEX053162 的decay_values被填充从 24507 到 25488
2025-09-10 14:24:39 - data_validator - WARNING - 细胞 OrgeEX053163 的decay_values被填充从 24912 到 25488
2025-09-10 14:24:39 - data_validator - WARNING - 细胞 OrgeEX053164 的decay_values被填充从 25288 到 25488
2025-09-10 14:24:39 - data_validator - WARNING - 细胞 OrgeEX053165 的decay_values被填充从 25394 到 25488
2025-09-10 14:24:39 - data_validator - WARNING - 细胞 OrgeEX053166 的decay_values被填充从 25438 到 25488
2025-09-10 14:24:39 - data_validator - WARNING - 细胞 OrgeEX053167 的decay_values被截断从 25576 到 25488
2025-09-10 14:24:39 - data_validator - WARNING - 细胞 OrgeEX053168 的decay_values被填充从 24441 到 25488
2025-09-10 14:24:39 - data_validator - WARNING - 细胞 OrgeEX053169 的decay_values被填充从 23103 到 25488
2025-09-10 14:24:39 - data_validator - WARNING - 细胞 OrgeEX053170 的decay_values被填充从 24495 到 25488
2025-09-10 14:24:39 - data_validator - WARNING - 细胞 OrgeEX053171 的decay_values被填充从 24900 到 25488
2025-09-10 14:24:39 - data_validator - WARNING - 细胞 OrgeEX053172 的decay_values被填充从 24056 到 25488
2025-09-10 14:24:39 - data_validator - WARNING - 细胞 OrgeEX053173 的decay_values被填充从 25187 到 25488
2025-09-10 14:24:39 - data_validator - WARNING - 细胞 OrgeEX053174 的decay_values被填充从 23793 到 25488
2025-09-10 14:24:39 - data_validator - WARNING - 细胞 OrgeEX053175 的decay_values被填充从 24844 到 25488
2025-09-10 14:24:39 - data_validator - WARNING - 细胞 OrgeEX053176 的decay_values被截断从 25621 到 25488
2025-09-10 14:24:39 - data_validator - WARNING - 细胞 OrgeEX053177 的decay_values被填充从 24749 到 25488
2025-09-10 14:24:39 - data_validator - WARNING - 细胞 OrgeEX053178 的decay_values被填充从 24799 到 25488
2025-09-10 14:24:39 - data_validator - WARNING - 细胞 OrgeEX053179 的decay_values被填充从 25299 到 25488
2025-09-10 14:24:39 - data_validator - WARNING - 细胞 OrgeEX053180 的decay_values被填充从 23344 到 25488
2025-09-10 14:24:39 - data_validator - WARNING - 细胞 OrgeEX053182 的decay_values被截断从 25559 到 25488
2025-09-10 14:24:39 - data_validator - WARNING - 细胞 OrgeEX053183 的decay_values被截断从 25604 到 25488
2025-09-10 14:24:39 - data_validator - WARNING - 细胞 OrgeEX053184 的decay_values被填充从 25129 到 25488
2025-09-10 14:24:39 - data_validator - WARNING - 细胞 OrgeEX053185 的decay_values被填充从 24906 到 25488
2025-09-10 14:24:39 - data_validator - WARNING - 细胞 OrgeEX053186 的decay_values被填充从 25036 到 25488
2025-09-10 14:24:39 - data_validator - WARNING - 细胞 OrgeEX053188 的decay_values被填充从 25002 到 25488
2025-09-10 14:24:39 - data_validator - WARNING - 细胞 OrgeEX053189 的decay_values被填充从 24587 到 25488
2025-09-10 14:24:39 - data_validator - WARNING - 细胞 OrgeEX053190 的decay_values被填充从 24517 到 25488
2025-09-10 14:24:39 - data_validator - WARNING - 细胞 OrgeEX053191 的decay_values被截断从 25584 到 25488
2025-09-10 14:24:39 - data_validator - WARNING - 细胞 OrgeEX053192 的decay_values被填充从 25212 到 25488
2025-09-10 14:24:39 - data_validator - WARNING - 细胞 OrgeEX053193 的decay_values被截断从 25597 到 25488
2025-09-10 14:24:39 - data_validator - WARNING - 细胞 OrgeEX053194 的decay_values被填充从 25300 到 25488
2025-09-10 14:24:39 - data_validator - WARNING - 细胞 OrgeEX053195 的decay_values被截断从 25489 到 25488
2025-09-10 14:24:39 - data_validator - WARNING - 细胞 OrgeEX053196 的decay_values被填充从 24335 到 25488
2025-09-10 14:24:39 - data_validator - WARNING - 细胞 OrgeEX053197 的decay_values被截断从 25546 到 25488
2025-09-10 14:24:39 - data_validator - WARNING - 细胞 OrgeEX053199 的decay_values被截断从 25498 到 25488
2025-09-10 14:24:39 - data_validator - WARNING - 细胞 OrgeEX053200 的decay_values被截断从 25660 到 25488
2025-09-10 14:24:39 - data_validator - WARNING - 细胞 OrgeEX053201 的decay_values被填充从 25217 到 25488
2025-09-10 14:24:39 - data_validator - WARNING - 细胞 OrgeEX053202 的decay_values被填充从 25456 到 25488
2025-09-10 14:24:39 - data_validator - WARNING - 细胞 OrgeEX053203 的decay_values被填充从 25120 到 25488
2025-09-10 14:24:39 - data_validator - WARNING - 细胞 OrgeEX053204 的decay_values被填充从 25405 到 25488
2025-09-10 14:24:39 - data_validator - WARNING - 细胞 OrgeEX053205 的decay_values被填充从 25138 到 25488
2025-09-10 14:24:39 - data_validator - WARNING - 细胞 OrgeEX053206 的decay_values被填充从 24167 到 25488
2025-09-10 14:24:39 - data_validator - WARNING - 细胞 OrgeEX053207 的decay_values被填充从 24823 到 25488
2025-09-10 14:24:39 - data_validator - WARNING - 细胞 OrgeEX053208 的decay_values被填充从 25228 到 25488
2025-09-10 14:24:39 - data_validator - WARNING - 细胞 OrgeEX053209 的decay_values被填充从 24953 到 25488
2025-09-10 14:24:39 - data_validator - WARNING - 细胞 OrgeEX053210 的decay_values被填充从 25315 到 25488
2025-09-10 14:24:39 - data_validator - WARNING - 细胞 OrgeEX053211 的decay_values被填充从 24872 到 25488
2025-09-10 14:24:39 - data_validator - WARNING - 细胞 OrgeEX053212 的decay_values被填充从 22032 到 25488
2025-09-10 14:24:39 - data_validator - WARNING - 细胞 OrgeEX053213 的decay_values被填充从 24856 到 25488
2025-09-10 14:24:39 - data_validator - WARNING - 细胞 OrgeEX053214 的decay_values被填充从 23189 到 25488
2025-09-10 14:24:39 - data_validator - WARNING - 细胞 OrgeEX053215 的decay_values被填充从 21771 到 25488
2025-09-10 14:24:39 - data_validator - WARNING - 细胞 OrgeEX053216 的decay_values被截断从 25666 到 25488
2025-09-10 14:24:39 - data_validator - WARNING - 细胞 OrgeEX053217 的decay_values被填充从 23983 到 25488
2025-09-10 14:24:39 - data_validator - WARNING - 细胞 OrgeEX053218 的decay_values被填充从 22589 到 25488
2025-09-10 14:24:39 - data_validator - WARNING - 细胞 OrgeEX053219 的decay_values被截断从 25585 到 25488
2025-09-10 14:24:39 - data_validator - WARNING - 细胞 OrgeEX053220 的decay_values被填充从 25402 到 25488
2025-09-10 14:24:39 - data_validator - WARNING - 细胞 OrgeEX053221 的decay_values被填充从 25373 到 25488
2025-09-10 14:24:39 - data_validator - WARNING - 细胞 OrgeEX053222 的decay_values被填充从 24891 到 25488
2025-09-10 14:24:39 - data_validator - WARNING - 细胞 OrgeEX053223 的decay_values被填充从 24924 到 25488
2025-09-10 14:24:39 - data_validator - WARNING - 细胞 OrgeEX053224 的decay_values被填充从 25186 到 25488
2025-09-10 14:24:39 - data_validator - WARNING - 细胞 OrgeEX053225 的decay_values被填充从 24488 到 25488
2025-09-10 14:24:39 - data_validator - WARNING - 细胞 OrgeEX053226 的decay_values被填充从 25444 到 25488
2025-09-10 14:24:39 - data_validator - WARNING - 细胞 OrgeEX053227 的decay_values被填充从 24730 到 25488
2025-09-10 14:24:39 - data_validator - WARNING - 细胞 OrgeEX053228 的decay_values被填充从 25261 到 25488
2025-09-10 14:24:39 - data_validator - WARNING - 细胞 OrgeEX053229 的decay_values被截断从 25548 到 25488
2025-09-10 14:24:39 - data_validator - WARNING - 细胞 OrgeEX053230 的decay_values被填充从 24755 到 25488
2025-09-10 14:24:39 - data_validator - WARNING - 细胞 OrgeEX053231 的decay_values被填充从 23304 到 25488
2025-09-10 14:24:39 - data_validator - WARNING - 细胞 OrgeEX053232 的decay_values被截断从 25535 到 25488
2025-09-10 14:24:39 - data_validator - WARNING - 细胞 OrgeEX053233 的decay_values被填充从 24637 到 25488
2025-09-10 14:24:39 - data_validator - WARNING - 细胞 OrgeEX053234 的decay_values被填充从 24912 到 25488
2025-09-10 14:24:39 - data_validator - WARNING - 细胞 OrgeEX053235 的decay_values被填充从 24540 到 25488
2025-09-10 14:24:39 - data_validator - WARNING - 细胞 OrgeEX053236 的decay_values被填充从 23915 到 25488
2025-09-10 14:24:39 - data_validator - WARNING - 细胞 OrgeEX053237 的decay_values被填充从 25130 到 25488
2025-09-10 14:24:39 - data_validator - WARNING - 细胞 OrgeEX053238 的decay_values被填充从 25410 到 25488
2025-09-10 14:24:39 - data_validator - WARNING - 细胞 OrgeEX053240 的decay_values被填充从 24956 到 25488
2025-09-10 14:24:39 - data_validator - WARNING - 细胞 OrgeEX053241 的decay_values被填充从 25462 到 25488
2025-09-10 14:24:39 - data_validator - WARNING - 细胞 OrgeEX053243 的decay_values被填充从 24222 到 25488
2025-09-10 14:24:39 - data_validator - WARNING - 细胞 OrgeEX053244 的decay_values被填充从 22787 到 25488
2025-09-10 14:24:39 - data_validator - WARNING - 细胞 OrgeEX053245 的decay_values被填充从 23559 到 25488
2025-09-10 14:24:39 - data_validator - WARNING - 细胞 OrgeEX053246 的decay_values被填充从 25434 到 25488
2025-09-10 14:24:39 - data_validator - WARNING - 细胞 OrgeEX053247 的decay_values被截断从 25618 到 25488
2025-09-10 14:24:39 - data_validator - WARNING - 细胞 OrgeEX053248 的decay_values被填充从 25299 到 25488
2025-09-10 14:24:39 - data_validator - WARNING - 细胞 OrgeEX053249 的decay_values被填充从 24554 到 25488
2025-09-10 14:24:39 - data_validator - WARNING - 细胞 OrgeEX053250 的decay_values被填充从 24048 到 25488
2025-09-10 14:24:39 - data_validator - WARNING - 细胞 OrgeEX053251 的decay_values被填充从 24459 到 25488
2025-09-10 14:24:39 - data_validator - WARNING - 细胞 OrgeEX053252 的decay_values被填充从 25342 到 25488
2025-09-10 14:24:39 - data_validator - WARNING - 细胞 OrgeEX053253 的decay_values被填充从 22784 到 25488
2025-09-10 14:24:39 - data_validator - WARNING - 细胞 OrgeEX053254 的decay_values被填充从 25200 到 25488
2025-09-10 14:24:39 - data_validator - WARNING - 细胞 OrgeEX053255 的decay_values被填充从 24754 到 25488
2025-09-10 14:24:39 - data_validator - WARNING - 细胞 OrgeEX053258 的decay_values被填充从 24167 到 25488
2025-09-10 14:24:39 - data_validator - WARNING - 细胞 OrgeEX053259 的decay_values被填充从 24960 到 25488
2025-09-10 14:24:39 - data_validator - WARNING - 细胞 OrgeEX053260 的decay_values被填充从 25312 到 25488
2025-09-10 14:24:39 - data_validator - WARNING - 细胞 OrgeEX053261 的decay_values被填充从 25124 到 25488
2025-09-10 14:24:39 - data_validator - WARNING - 细胞 OrgeEX053262 的decay_values被填充从 21541 到 25488
2025-09-10 14:24:39 - data_validator - WARNING - 细胞 OrgeEX053263 的decay_values被填充从 25346 到 25488
2025-09-10 14:24:39 - data_validator - WARNING - 细胞 OrgeEX053265 的decay_values被填充从 25390 到 25488
2025-09-10 14:24:39 - data_validator - WARNING - 细胞 OrgeEX053266 的decay_values被截断从 25576 到 25488
2025-09-10 14:24:39 - data_validator - WARNING - 细胞 OrgeEX053267 的decay_values被填充从 24418 到 25488
2025-09-10 14:24:39 - data_validator - WARNING - 细胞 OrgeEX053268 的decay_values被填充从 24128 到 25488
2025-09-10 14:24:39 - data_validator - WARNING - 细胞 OrgeEX053269 的decay_values被填充从 23974 到 25488
2025-09-10 14:24:39 - data_validator - WARNING - 细胞 OrgeEX053270 的decay_values被填充从 25407 到 25488
2025-09-10 14:24:39 - data_validator - WARNING - 细胞 OrgeEX053271 的decay_values被填充从 24988 到 25488
2025-09-10 14:24:39 - data_validator - WARNING - 细胞 OrgeEX053272 的decay_values被截断从 25511 到 25488
2025-09-10 14:24:39 - data_validator - WARNING - 细胞 OrgeEX053273 的decay_values被填充从 24777 到 25488
2025-09-10 14:24:39 - data_validator - WARNING - 细胞 OrgeEX053276 的decay_values被填充从 23362 到 25488
2025-09-10 14:24:39 - data_validator - WARNING - 细胞 OrgeEX053277 的decay_values被填充从 24922 到 25488
2025-09-10 14:24:39 - data_validator - WARNING - 细胞 OrgeEX053278 的decay_values被截断从 25508 到 25488
2025-09-10 14:24:39 - data_validator - WARNING - 细胞 OrgeEX053279 的decay_values被截断从 25495 到 25488
2025-09-10 14:24:39 - data_validator - WARNING - 细胞 OrgeEX053280 的decay_values被填充从 23466 到 25488
2025-09-10 14:24:39 - data_validator - WARNING - 细胞 OrgeEX053281 的decay_values被填充从 21631 到 25488
2025-09-10 14:24:39 - data_validator - WARNING - 细胞 OrgeEX053282 的decay_values被填充从 24346 到 25488
2025-09-10 14:24:39 - data_validator - WARNING - 细胞 OrgeEX053283 的decay_values被截断从 25537 到 25488
2025-09-10 14:24:39 - data_validator - WARNING - 细胞 OrgeEX053284 的decay_values被填充从 25440 到 25488
2025-09-10 14:24:39 - data_validator - WARNING - 细胞 OrgeEX053287 的decay_values被填充从 25329 到 25488
2025-09-10 14:24:39 - data_validator - WARNING - 细胞 OrgeEX053288 的decay_values被填充从 24215 到 25488
2025-09-10 14:24:39 - data_validator - WARNING - 细胞 OrgeEX053289 的decay_values被填充从 25200 到 25488
2025-09-10 14:24:39 - data_validator - WARNING - 细胞 OrgeEX053290 的decay_values被填充从 23439 到 25488
2025-09-10 14:24:39 - data_validator - WARNING - 细胞 OrgeEX053291 的decay_values被填充从 25255 到 25488
2025-09-10 14:24:39 - data_validator - WARNING - 细胞 OrgeEX053292 的decay_values被填充从 25430 到 25488
2025-09-10 14:24:39 - data_validator - WARNING - 细胞 OrgeEX053293 的decay_values被截断从 25547 到 25488
2025-09-10 14:24:39 - data_validator - WARNING - 细胞 OrgeEX053294 的decay_values被填充从 25430 到 25488
2025-09-10 14:24:39 - data_validator - WARNING - 细胞 OrgeEX053295 的decay_values被填充从 25002 到 25488
2025-09-10 14:24:39 - data_validator - WARNING - 细胞 OrgeEX053296 的decay_values被填充从 25069 到 25488
2025-09-10 14:24:39 - data_validator - WARNING - 细胞 OrgeEX053297 的decay_values被填充从 25430 到 25488
2025-09-10 14:24:39 - data_validator - WARNING - 细胞 OrgeEX053298 的decay_values被截断从 25626 到 25488
2025-09-10 14:24:39 - data_validator - WARNING - 细胞 OrgeEX053299 的decay_values被填充从 23519 到 25488
2025-09-10 14:24:39 - data_validator - WARNING - 细胞 OrgeEX053300 的decay_values被填充从 25202 到 25488
2025-09-10 14:24:39 - data_validator - WARNING - 细胞 OrgeEX053301 的decay_values被填充从 22106 到 25488
2025-09-10 14:24:39 - data_validator - WARNING - 细胞 OrgeEX053302 的decay_values被填充从 24904 到 25488
2025-09-10 14:24:39 - data_validator - WARNING - 细胞 OrgeEX053303 的decay_values被填充从 24864 到 25488
2025-09-10 14:24:39 - data_validator - WARNING - 细胞 OrgeEX053304 的decay_values被填充从 24431 到 25488
2025-09-10 14:24:39 - data_validator - WARNING - 细胞 OrgeEX053305 的decay_values被截断从 25683 到 25488
2025-09-10 14:24:39 - data_validator - WARNING - 细胞 OrgeEX053306 的decay_values被填充从 24047 到 25488
2025-09-10 14:24:39 - data_validator - WARNING - 细胞 OrgeEX053307 的decay_values被填充从 22031 到 25488
2025-09-10 14:24:39 - data_validator - WARNING - 细胞 OrgeEX053308 的decay_values被填充从 25418 到 25488
2025-09-10 14:24:39 - data_validator - WARNING - 细胞 OrgeEX053309 的decay_values被填充从 24196 到 25488
2025-09-10 14:24:39 - data_validator - WARNING - 细胞 OrgeEX053310 的decay_values被填充从 24691 到 25488
2025-09-10 14:24:39 - data_validator - WARNING - 细胞 OrgeEX053311 的decay_values被填充从 22973 到 25488
2025-09-10 14:24:39 - data_validator - WARNING - 细胞 OrgeEX053312 的decay_values被填充从 25399 到 25488
2025-09-10 14:24:39 - data_validator - WARNING - 细胞 OrgeEX053313 的decay_values被填充从 25372 到 25488
2025-09-10 14:24:39 - data_validator - WARNING - 细胞 OrgeEX053314 的decay_values被填充从 24617 到 25488
2025-09-10 14:24:39 - data_validator - WARNING - 细胞 OrgeEX053315 的decay_values被填充从 24660 到 25488
2025-09-10 14:24:39 - data_validator - WARNING - 细胞 OrgeEX053316 的decay_values被填充从 25293 到 25488
2025-09-10 14:24:39 - data_validator - WARNING - 细胞 OrgeEX053317 的decay_values被填充从 24736 到 25488
2025-09-10 14:24:39 - data_validator - WARNING - 细胞 OrgeEX053318 的decay_values被填充从 23604 到 25488
2025-09-10 14:24:39 - data_validator - WARNING - 细胞 OrgeEX053319 的decay_values被填充从 24299 到 25488
2025-09-10 14:24:39 - data_validator - WARNING - 细胞 OrgeEX053321 的decay_values被填充从 19622 到 25488
2025-09-10 14:24:39 - data_validator - WARNING - 细胞 OrgeEX053322 的decay_values被截断从 25499 到 25488
2025-09-10 14:24:39 - data_validator - WARNING - 细胞 OrgeEX053323 的decay_values被填充从 19986 到 25488
2025-09-10 14:24:39 - data_validator - WARNING - 细胞 OrgeEX053324 的decay_values被填充从 25270 到 25488
2025-09-10 14:24:39 - data_validator - WARNING - 细胞 OrgeEX053325 的decay_values被截断从 25635 到 25488
2025-09-10 14:24:39 - data_validator - WARNING - 细胞 OrgeEX053326 的decay_values被填充从 25021 到 25488
2025-09-10 14:24:39 - data_validator - WARNING - 细胞 OrgeEX053327 的decay_values被填充从 25451 到 25488
2025-09-10 14:24:39 - data_validator - WARNING - 细胞 OrgeEX053328 的decay_values被填充从 25440 到 25488
2025-09-10 14:24:39 - data_validator - WARNING - 细胞 OrgeEX053329 的decay_values被填充从 23744 到 25488
2025-09-10 14:24:39 - data_validator - WARNING - 细胞 OrgeEX053330 的decay_values被填充从 25287 到 25488
2025-09-10 14:24:39 - data_validator - WARNING - 细胞 OrgeEX053331 的decay_values被填充从 25138 到 25488
2025-09-10 14:24:39 - data_validator - WARNING - 细胞 OrgeEX053332 的decay_values被填充从 25005 到 25488
2025-09-10 14:24:39 - data_validator - WARNING - 细胞 OrgeEX053333 的decay_values被填充从 25343 到 25488
2025-09-10 14:24:39 - data_validator - WARNING - 细胞 OrgeEX053334 的decay_values被填充从 22989 到 25488
2025-09-10 14:24:39 - data_validator - WARNING - 细胞 OrgeEX053335 的decay_values被截断从 25565 到 25488
2025-09-10 14:24:39 - data_validator - WARNING - 细胞 OrgeEX053336 的decay_values被填充从 24116 到 25488
2025-09-10 14:24:39 - data_validator - WARNING - 细胞 OrgeEX053337 的decay_values被填充从 25210 到 25488
2025-09-10 14:24:39 - data_validator - WARNING - 细胞 OrgeEX053338 的decay_values被填充从 25276 到 25488
2025-09-10 14:24:39 - data_validator - WARNING - 细胞 OrgeEX053340 的decay_values被填充从 23176 到 25488
2025-09-10 14:24:39 - data_validator - WARNING - 细胞 OrgeEX053341 的decay_values被填充从 25189 到 25488
2025-09-10 14:24:39 - data_validator - WARNING - 细胞 OrgeEX053342 的decay_values被填充从 24898 到 25488
2025-09-10 14:24:39 - data_validator - WARNING - 细胞 OrgeEX053343 的decay_values被填充从 22237 到 25488
2025-09-10 14:24:39 - data_validator - WARNING - 细胞 OrgeEX053344 的decay_values被截断从 25542 到 25488
2025-09-10 14:24:39 - data_validator - WARNING - 细胞 OrgeEX053345 的decay_values被填充从 25249 到 25488
2025-09-10 14:24:39 - data_validator - WARNING - 细胞 OrgeEX053346 的decay_values被填充从 25406 到 25488
2025-09-10 14:24:39 - data_validator - WARNING - 细胞 OrgeEX053347 的decay_values被填充从 24744 到 25488
2025-09-10 14:24:39 - data_validator - WARNING - 细胞 OrgeEX053348 的decay_values被截断从 25543 到 25488
2025-09-10 14:24:39 - data_validator - WARNING - 细胞 OrgeEX053349 的decay_values被填充从 23176 到 25488
2025-09-10 14:24:39 - data_validator - WARNING - 细胞 OrgeEX053350 的decay_values被填充从 23582 到 25488
2025-09-10 14:24:39 - data_validator - WARNING - 细胞 OrgeEX053351 的decay_values被填充从 23739 到 25488
2025-09-10 14:24:39 - data_validator - WARNING - 细胞 OrgeEX053352 的decay_values被填充从 23729 到 25488
2025-09-10 14:24:39 - data_validator - WARNING - 细胞 OrgeEX053353 的decay_values被填充从 23552 到 25488
2025-09-10 14:24:39 - data_validator - WARNING - 细胞 OrgeEX053354 的decay_values被填充从 25225 到 25488
2025-09-10 14:24:39 - data_validator - WARNING - 细胞 OrgeEX053355 的decay_values被填充从 25418 到 25488
2025-09-10 14:24:39 - data_validator - WARNING - 细胞 OrgeEX053356 的decay_values被填充从 24947 到 25488
2025-09-10 14:24:39 - data_validator - WARNING - 细胞 OrgeEX053357 的decay_values被填充从 24428 到 25488
2025-09-10 14:24:39 - data_validator - WARNING - 细胞 OrgeEX053358 的decay_values被填充从 25352 到 25488
2025-09-10 14:24:39 - data_validator - WARNING - 细胞 OrgeEX053359 的decay_values被填充从 24147 到 25488
2025-09-10 14:24:39 - data_validator - WARNING - 细胞 OrgeEX053360 的decay_values被填充从 25420 到 25488
2025-09-10 14:24:39 - data_validator - WARNING - 细胞 OrgeEX053361 的decay_values被填充从 25224 到 25488
2025-09-10 14:24:39 - data_validator - WARNING - 细胞 OrgeEX053362 的decay_values被填充从 22914 到 25488
2025-09-10 14:24:39 - data_validator - WARNING - 细胞 OrgeEX053363 的decay_values被填充从 25323 到 25488
2025-09-10 14:24:39 - data_validator - WARNING - 细胞 OrgeEX053364 的decay_values被填充从 25471 到 25488
2025-09-10 14:24:39 - data_validator - WARNING - 细胞 OrgeEX053365 的decay_values被填充从 25344 到 25488
2025-09-10 14:24:39 - data_validator - WARNING - 细胞 OrgeEX053366 的decay_values被截断从 25572 到 25488
2025-09-10 14:24:39 - data_validator - WARNING - 细胞 OrgeEX053367 的decay_values被截断从 25500 到 25488
2025-09-10 14:24:39 - data_validator - WARNING - 细胞 OrgeEX053368 的decay_values被填充从 25418 到 25488
2025-09-10 14:24:39 - data_validator - WARNING - 细胞 OrgeEX053369 的decay_values被填充从 24603 到 25488
2025-09-10 14:24:39 - data_validator - WARNING - 细胞 OrgeEX053370 的decay_values被填充从 20895 到 25488
2025-09-10 14:24:39 - data_validator - WARNING - 细胞 OrgeEX053371 的decay_values被截断从 25495 到 25488
2025-09-10 14:24:39 - data_validator - WARNING - 细胞 OrgeEX053372 的decay_values被填充从 25136 到 25488
2025-09-10 14:24:39 - data_validator - WARNING - 细胞 OrgeEX053373 的decay_values被填充从 25271 到 25488
2025-09-10 14:24:39 - data_validator - WARNING - 细胞 OrgeEX053374 的decay_values被填充从 25090 到 25488
2025-09-10 14:24:39 - data_validator - WARNING - 细胞 OrgeEX053375 的decay_values被填充从 23593 到 25488
2025-09-10 14:24:39 - data_validator - WARNING - 细胞 OrgeEX053376 的decay_values被填充从 25254 到 25488
2025-09-10 14:24:39 - data_validator - WARNING - 细胞 OrgeEX053377 的decay_values被填充从 24546 到 25488
2025-09-10 14:24:39 - data_validator - WARNING - 细胞 OrgeEX053378 的decay_values被截断从 25645 到 25488
2025-09-10 14:24:39 - data_validator - WARNING - 细胞 OrgeEX053379 的decay_values被填充从 23248 到 25488
2025-09-10 14:24:39 - data_validator - WARNING - 细胞 OrgeEX053380 的decay_values被填充从 23737 到 25488
2025-09-10 14:24:39 - data_validator - WARNING - 细胞 OrgeEX053382 的decay_values被填充从 24872 到 25488
2025-09-10 14:24:39 - data_validator - WARNING - 细胞 OrgeEX053383 的decay_values被填充从 25042 到 25488
2025-09-10 14:24:39 - data_validator - WARNING - 细胞 OrgeEX053384 的decay_values被填充从 24908 到 25488
2025-09-10 14:24:39 - root - INFO - 创建了 554 × 25488 的decay矩阵
2025-09-10 14:24:39 - root - INFO - 创建AnnData对象: 554 细胞 × 25488 特征
2025-09-10 14:24:39 - root - INFO - 转换为H5AD格式 完成 - 用时: 0.3s - 内存变化: +19.4 MB
2025-09-10 14:24:39 - root - INFO - 保存H5AD文件: /Volumes/SumSung500/CSU/0_HiRES/4_contact_decay_profile_2_h5ad/json2h5ad/output/stage_EX05.h5ad
2025-09-10 14:24:41 - root - INFO - H5AD文件已保存: /Volumes/SumSung500/CSU/0_HiRES/4_contact_decay_profile_2_h5ad/json2h5ad/output/stage_EX05.h5ad (48.8 MB)
2025-09-10 14:24:41 - root - INFO - 处理摘要已保存: /Volumes/SumSung500/CSU/0_HiRES/4_contact_decay_profile_2_h5ad/json2h5ad/output/stage_EX05_summary.json
2025-09-10 14:24:41 - root - INFO - 保存H5AD文件 完成 - 用时: 1.1s - 内存变化: +7.2 MB
2025-09-10 14:24:41 - root - INFO - 处理完成: 1787.0 MB (+1548.7 MB from start)
