2025-09-10 14:24:47 - root - INFO - 日志系统初始化完成，日志文件: /Volumes/SumSung500/CSU/0_HiRES/4_contact_decay_profile_2_h5ad/json2h5ad/logs/stage_EX15_processing_20250910_142447.log
2025-09-10 14:24:47 - root - INFO - 开始处理 Stage EX15
2025-09-10 14:24:47 - root - INFO - 系统信息: {'platform': 'darwin', 'python_version': '3.12.11 | packaged by conda-forge | (main, Jun  4 2025, 14:38:53) [Clang 18.1.8 ]', 'cpu_count': 10, 'memory_total_gb': 24.0, 'memory_available_gb': 5.358123779296875, 'current_time': '2025-09-10T14:24:47.817921'}
2025-09-10 14:24:47 - metadata_processor - INFO - 加载元数据文件: /Volumes/SumSung500/CSU/0_HiRES/4_contact_decay_profile_2_h5ad/json2h5ad/GSE223917_HiRES_emb_metadata.xlsx
2025-09-10 14:24:48 - metadata_processor - INFO - 成功加载元数据: 7469 个细胞记录
2025-09-10 14:24:48 - root - INFO - 找到 545 个JSON文件
2025-09-10 14:24:50 - utils - INFO - 处理 Stage EX15 JSON文件: 100/545 (18.3%) - 已用时: 2.3s - 预计剩余: 10.4s
2025-09-10 14:24:53 - utils - INFO - 处理 Stage EX15 JSON文件: 200/545 (36.7%) - 已用时: 4.7s - 预计剩余: 8.1s
2025-09-10 14:24:55 - utils - INFO - 处理 Stage EX15 JSON文件: 300/545 (55.0%) - 已用时: 7.0s - 预计剩余: 5.8s
2025-09-10 14:24:57 - utils - INFO - 处理 Stage EX15 JSON文件: 400/545 (73.4%) - 已用时: 9.4s - 预计剩余: 3.4s
2025-09-10 14:25:00 - utils - INFO - 处理 Stage EX15 JSON文件: 500/545 (91.7%) - 已用时: 11.8s - 预计剩余: 1.1s
2025-09-10 14:25:01 - utils - INFO - 处理 Stage EX15 JSON文件: 545/545 (100.0%) - 已用时: 12.9s - 预计剩余: 0.0s
2025-09-10 14:25:01 - root - INFO - 处理了 545 个文件: 1780.4 MB (+1543.0 MB from start)
2025-09-10 14:25:01 - utils - INFO - 处理 Stage EX15 JSON文件 完成! 总用时: 12.9s
2025-09-10 14:25:01 - root - INFO - 成功处理 545 个文件
2025-09-10 14:25:01 - root - INFO - 处理 Stage EX15 的 545 个文件 完成 - 用时: 12.9s - 内存变化: +1524.3 MB
2025-09-10 14:25:01 - data_validator - WARNING - Stage EX15 distances长度差异较大: {24840: 1, 25431: 1, 25514: 1, 25504: 3, 24407: 2, 23946: 1, 24103: 1, 25652: 2, 24408: 1, 25415: 1, 24702: 1, 25644: 3, 24276: 1, 25520: 1, 25271: 2, 25327: 1, 24523: 1, 25552: 1, 25450: 4, 24838: 1, 24086: 1, 25300: 3, 25374: 2, 25384: 2, 25633: 2, 25190: 1, 24483: 1, 25680: 1, 25299: 2, 25567: 1, 25358: 1, 25672: 3, 25507: 2, 25617: 2, 25598: 2, 21865: 1, 24586: 1, 24471: 2, 25132: 1, 24379: 1, 25417: 2, 24436: 1, 24860: 1, 25674: 2, 25595: 3, 24076: 1, 25247: 1, 25341: 4, 22937: 1, 24433: 2, 24104: 2, 25519: 2, 25119: 1, 25160: 1, 25230: 2, 25670: 1, 25661: 1, 24947: 1, 23155: 1, 25218: 1, 25551: 1, 25625: 2, 25150: 1, 25632: 3, 25560: 4, 24322: 1, 25198: 1, 24163: 1, 24932: 1, 25487: 1, 25295: 1, 25539: 1, 25344: 1, 25115: 1, 25420: 1, 24047: 1, 25339: 2, 25293: 2, 25163: 1, 25590: 1, 25555: 1, 22932: 1, 25701: 1, 25565: 3, 25301: 1, 24461: 1, 25370: 1, 16637: 1, 25517: 2, 25558: 2, 25175: 1, 25389: 1, 24656: 1, 25557: 1, 25634: 1, 24936: 1, 25493: 1, 25647: 1, 25573: 1, 16731: 1, 25616: 2, 25331: 1, 24866: 1, 25477: 1, 24904: 1, 24820: 1, 25203: 2, 25649: 1, 25087: 1, 24922: 1, 25195: 2, 24558: 1, 25468: 1, 25671: 1, 25691: 1, 25495: 1, 25615: 1, 25510: 1, 25065: 1, 24464: 1, 25207: 1, 25490: 1, 25145: 2, 24805: 1, 25491: 2, 23901: 1, 25424: 1, 24780: 1, 25513: 1, 23164: 1, 24809: 1, 25114: 2, 25410: 1, 23072: 1, 24633: 1, 22465: 1, 25249: 1, 25620: 4, 25347: 1, 23243: 1, 23054: 1, 25586: 1, 25211: 1, 25332: 1, 25378: 1, 25456: 1, 25426: 1, 25624: 2, 25475: 1, 25488: 1, 21939: 1, 25007: 1, 21602: 1, 25429: 2, 23943: 1, 25103: 2, 24822: 2, 25648: 2, 24670: 1, 25413: 1, 24829: 1, 24595: 1, 25248: 3, 24908: 1, 24664: 1, 25622: 2, 25593: 1, 25499: 2, 25535: 1, 25605: 1, 23795: 1, 25637: 1, 23452: 2, 24666: 1, 25240: 1, 24782: 2, 25268: 1, 25406: 1, 25137: 1, 23501: 1, 24795: 1, 25575: 1, 25197: 1, 25311: 1, 25603: 2, 25591: 1, 24185: 1, 24484: 1, 25497: 3, 25408: 1, 22293: 1, 25258: 1, 25463: 1, 25640: 2, 24652: 1, 25515: 1, 23218: 1, 25494: 1, 25669: 1, 25458: 3, 24923: 1, 24911: 1, 24956: 1, 25142: 1, 25529: 3, 25377: 1, 21079: 1, 25104: 1, 24160: 1, 25642: 1, 25503: 1, 24301: 1, 25033: 1, 25304: 1, 24965: 1, 25651: 2, 25462: 1, 24099: 1, 24954: 1, 25283: 1, 25054: 1, 25317: 1, 25316: 1, 25694: 1, 25089: 1, 25320: 1, 25464: 1, 24739: 1, 25655: 3, 25663: 2, 25241: 1, 24727: 2, 25509: 1, 25492: 1, 25654: 2, 25623: 3, 25574: 1, 21236: 1, 24816: 1, 25354: 1, 25486: 1, 25019: 1, 25096: 1, 25685: 2, 25667: 1, 25584: 3, 24388: 1, 24812: 1, 25280: 1, 24917: 1, 25228: 1, 25643: 3, 24957: 1, 25547: 1, 25342: 3, 25668: 1, 24930: 1, 25136: 1, 25282: 1, 24736: 1, 25423: 1, 25549: 2, 25684: 1, 23613: 1, 24964: 1, 24431: 1, 25407: 2, 25064: 1, 24747: 1, 21622: 1, 24694: 1, 24916: 1, 24828: 1, 25385: 1, 25461: 2, 25223: 1, 25325: 1, 24701: 1, 25579: 1, 23709: 1, 25577: 2, 25627: 2, 22245: 1, 25682: 1, 25460: 1, 25416: 1, 25469: 1, 25352: 2, 25356: 1, 25185: 1, 25323: 1, 22075: 1, 24837: 1, 25351: 1, 25662: 1, 25312: 1, 24545: 1, 15254: 1, 22855: 1, 25409: 1, 25034: 1, 25442: 1, 25602: 1, 24402: 1, 25267: 2, 25277: 1, 25660: 1, 25412: 1, 24995: 1, 25159: 1, 22881: 1, 25683: 1, 23882: 1, 25438: 1, 25188: 1, 24270: 1, 24348: 1, 25278: 1, 23796: 1, 25350: 1, 25572: 2, 23634: 1, 24349: 1, 23520: 1, 24073: 1, 25418: 1, 25544: 2, 23608: 1, 25452: 1, 25626: 1, 24975: 1, 25472: 1, 24692: 1, 21032: 1, 25292: 1, 25078: 1, 24572: 1, 25121: 1, 25516: 1, 25362: 1, 24832: 1, 24984: 2, 25508: 2, 24152: 1, 24849: 1, 25608: 1, 24998: 1, 25538: 1, 25563: 1, 23848: 1, 22183: 1, 25394: 2, 25092: 1, 25005: 1, 25446: 1, 25653: 1, 21356: 1, 25255: 1, 25075: 1, 23859: 1, 25076: 1, 24401: 1, 23365: 1, 25319: 1, 25165: 1, 25100: 1, 25396: 1, 24961: 1, 24520: 1, 25231: 1, 25542: 1, 24950: 1, 24544: 1, 25091: 1, 25193: 1, 25430: 1, 25234: 1, 24198: 1, 24146: 1, 25433: 1, 24725: 1, 23523: 1, 25432: 1, 24480: 1, 24770: 1, 23359: 1, 24810: 1, 25174: 1, 24928: 1, 25329: 1, 25224: 1, 25296: 1, 25017: 2, 25506: 1, 25445: 1, 25481: 1, 25349: 1, 25040: 1, 25310: 1, 24985: 1, 25259: 1, 23059: 1, 25314: 1, 24156: 1, 24350: 1, 25630: 1, 24032: 1, 25425: 1, 23042: 1, 24021: 1, 23987: 1, 25215: 1, 25578: 1, 25650: 1, 25522: 1, 24237: 1, 25214: 1, 24853: 1, 24762: 1, 24934: 1, 21153: 1, 17974: 1, 25428: 1, 22887: 1, 25289: 1, 25272: 1, 25208: 1, 20541: 1, 24903: 1, 25599: 1, 25135: 1, 24742: 1, 24835: 1, 22868: 1, 25273: 1, 25176: 1, 25569: 1, 25162: 1, 25403: 1, 25210: 1, 20486: 1, 25343: 1, 24859: 1, 24729: 1}
2025-09-10 14:25:01 - root - INFO - Stage EX15 统计信息:
2025-09-10 14:25:01 - root - INFO -   细胞数量: 545
2025-09-10 14:25:01 - root - INFO -   距离长度范围: (15254, 25701)
2025-09-10 14:25:01 - root - INFO -   最常见长度: (25450, 4)
2025-09-10 14:25:01 - root - INFO -   分辨率: [100000]
2025-09-10 14:25:01 - root - INFO -   总contacts范围: (9, 13)
2025-09-10 14:25:01 - root - INFO -   平均contacts: 10.6
2025-09-10 14:25:01 - data_validator - WARNING - 验证发现 1 个警告:
2025-09-10 14:25:01 - data_validator - WARNING -   - Stage EX15 distances长度差异较大: {24840: 1, 25431: 1, 25514: 1, 25504: 3, 24407: 2, 23946: 1, 24103: 1, 25652: 2, 24408: 1, 25415: 1, 24702: 1, 25644: 3, 24276: 1, 25520: 1, 25271: 2, 25327: 1, 24523: 1, 25552: 1, 25450: 4, 24838: 1, 24086: 1, 25300: 3, 25374: 2, 25384: 2, 25633: 2, 25190: 1, 24483: 1, 25680: 1, 25299: 2, 25567: 1, 25358: 1, 25672: 3, 25507: 2, 25617: 2, 25598: 2, 21865: 1, 24586: 1, 24471: 2, 25132: 1, 24379: 1, 25417: 2, 24436: 1, 24860: 1, 25674: 2, 25595: 3, 24076: 1, 25247: 1, 25341: 4, 22937: 1, 24433: 2, 24104: 2, 25519: 2, 25119: 1, 25160: 1, 25230: 2, 25670: 1, 25661: 1, 24947: 1, 23155: 1, 25218: 1, 25551: 1, 25625: 2, 25150: 1, 25632: 3, 25560: 4, 24322: 1, 25198: 1, 24163: 1, 24932: 1, 25487: 1, 25295: 1, 25539: 1, 25344: 1, 25115: 1, 25420: 1, 24047: 1, 25339: 2, 25293: 2, 25163: 1, 25590: 1, 25555: 1, 22932: 1, 25701: 1, 25565: 3, 25301: 1, 24461: 1, 25370: 1, 16637: 1, 25517: 2, 25558: 2, 25175: 1, 25389: 1, 24656: 1, 25557: 1, 25634: 1, 24936: 1, 25493: 1, 25647: 1, 25573: 1, 16731: 1, 25616: 2, 25331: 1, 24866: 1, 25477: 1, 24904: 1, 24820: 1, 25203: 2, 25649: 1, 25087: 1, 24922: 1, 25195: 2, 24558: 1, 25468: 1, 25671: 1, 25691: 1, 25495: 1, 25615: 1, 25510: 1, 25065: 1, 24464: 1, 25207: 1, 25490: 1, 25145: 2, 24805: 1, 25491: 2, 23901: 1, 25424: 1, 24780: 1, 25513: 1, 23164: 1, 24809: 1, 25114: 2, 25410: 1, 23072: 1, 24633: 1, 22465: 1, 25249: 1, 25620: 4, 25347: 1, 23243: 1, 23054: 1, 25586: 1, 25211: 1, 25332: 1, 25378: 1, 25456: 1, 25426: 1, 25624: 2, 25475: 1, 25488: 1, 21939: 1, 25007: 1, 21602: 1, 25429: 2, 23943: 1, 25103: 2, 24822: 2, 25648: 2, 24670: 1, 25413: 1, 24829: 1, 24595: 1, 25248: 3, 24908: 1, 24664: 1, 25622: 2, 25593: 1, 25499: 2, 25535: 1, 25605: 1, 23795: 1, 25637: 1, 23452: 2, 24666: 1, 25240: 1, 24782: 2, 25268: 1, 25406: 1, 25137: 1, 23501: 1, 24795: 1, 25575: 1, 25197: 1, 25311: 1, 25603: 2, 25591: 1, 24185: 1, 24484: 1, 25497: 3, 25408: 1, 22293: 1, 25258: 1, 25463: 1, 25640: 2, 24652: 1, 25515: 1, 23218: 1, 25494: 1, 25669: 1, 25458: 3, 24923: 1, 24911: 1, 24956: 1, 25142: 1, 25529: 3, 25377: 1, 21079: 1, 25104: 1, 24160: 1, 25642: 1, 25503: 1, 24301: 1, 25033: 1, 25304: 1, 24965: 1, 25651: 2, 25462: 1, 24099: 1, 24954: 1, 25283: 1, 25054: 1, 25317: 1, 25316: 1, 25694: 1, 25089: 1, 25320: 1, 25464: 1, 24739: 1, 25655: 3, 25663: 2, 25241: 1, 24727: 2, 25509: 1, 25492: 1, 25654: 2, 25623: 3, 25574: 1, 21236: 1, 24816: 1, 25354: 1, 25486: 1, 25019: 1, 25096: 1, 25685: 2, 25667: 1, 25584: 3, 24388: 1, 24812: 1, 25280: 1, 24917: 1, 25228: 1, 25643: 3, 24957: 1, 25547: 1, 25342: 3, 25668: 1, 24930: 1, 25136: 1, 25282: 1, 24736: 1, 25423: 1, 25549: 2, 25684: 1, 23613: 1, 24964: 1, 24431: 1, 25407: 2, 25064: 1, 24747: 1, 21622: 1, 24694: 1, 24916: 1, 24828: 1, 25385: 1, 25461: 2, 25223: 1, 25325: 1, 24701: 1, 25579: 1, 23709: 1, 25577: 2, 25627: 2, 22245: 1, 25682: 1, 25460: 1, 25416: 1, 25469: 1, 25352: 2, 25356: 1, 25185: 1, 25323: 1, 22075: 1, 24837: 1, 25351: 1, 25662: 1, 25312: 1, 24545: 1, 15254: 1, 22855: 1, 25409: 1, 25034: 1, 25442: 1, 25602: 1, 24402: 1, 25267: 2, 25277: 1, 25660: 1, 25412: 1, 24995: 1, 25159: 1, 22881: 1, 25683: 1, 23882: 1, 25438: 1, 25188: 1, 24270: 1, 24348: 1, 25278: 1, 23796: 1, 25350: 1, 25572: 2, 23634: 1, 24349: 1, 23520: 1, 24073: 1, 25418: 1, 25544: 2, 23608: 1, 25452: 1, 25626: 1, 24975: 1, 25472: 1, 24692: 1, 21032: 1, 25292: 1, 25078: 1, 24572: 1, 25121: 1, 25516: 1, 25362: 1, 24832: 1, 24984: 2, 25508: 2, 24152: 1, 24849: 1, 25608: 1, 24998: 1, 25538: 1, 25563: 1, 23848: 1, 22183: 1, 25394: 2, 25092: 1, 25005: 1, 25446: 1, 25653: 1, 21356: 1, 25255: 1, 25075: 1, 23859: 1, 25076: 1, 24401: 1, 23365: 1, 25319: 1, 25165: 1, 25100: 1, 25396: 1, 24961: 1, 24520: 1, 25231: 1, 25542: 1, 24950: 1, 24544: 1, 25091: 1, 25193: 1, 25430: 1, 25234: 1, 24198: 1, 24146: 1, 25433: 1, 24725: 1, 23523: 1, 25432: 1, 24480: 1, 24770: 1, 23359: 1, 24810: 1, 25174: 1, 24928: 1, 25329: 1, 25224: 1, 25296: 1, 25017: 2, 25506: 1, 25445: 1, 25481: 1, 25349: 1, 25040: 1, 25310: 1, 24985: 1, 25259: 1, 23059: 1, 25314: 1, 24156: 1, 24350: 1, 25630: 1, 24032: 1, 25425: 1, 23042: 1, 24021: 1, 23987: 1, 25215: 1, 25578: 1, 25650: 1, 25522: 1, 24237: 1, 25214: 1, 24853: 1, 24762: 1, 24934: 1, 21153: 1, 17974: 1, 25428: 1, 22887: 1, 25289: 1, 25272: 1, 25208: 1, 20541: 1, 24903: 1, 25599: 1, 25135: 1, 24742: 1, 24835: 1, 22868: 1, 25273: 1, 25176: 1, 25569: 1, 25162: 1, 25403: 1, 25210: 1, 20486: 1, 25343: 1, 24859: 1, 24729: 1}
2025-09-10 14:25:01 - root - INFO - 验证和对齐数据 完成 - 用时: 0.0s - 内存变化: +0.0 MB
2025-09-10 14:25:01 - data_validator - INFO - 统一distances长度为: 25450
2025-09-10 14:25:01 - data_validator - WARNING - 细胞 OrgaEX151001 的decay_values被填充从 24840 到 25450
2025-09-10 14:25:01 - data_validator - WARNING - 细胞 OrgaEX151002 的decay_values被填充从 25431 到 25450
2025-09-10 14:25:01 - data_validator - WARNING - 细胞 OrgaEX151003 的decay_values被截断从 25514 到 25450
2025-09-10 14:25:01 - data_validator - WARNING - 细胞 OrgaEX151004 的decay_values被截断从 25504 到 25450
2025-09-10 14:25:01 - data_validator - WARNING - 细胞 OrgaEX151005 的decay_values被填充从 24407 到 25450
2025-09-10 14:25:01 - data_validator - WARNING - 细胞 OrgaEX151006 的decay_values被填充从 23946 到 25450
2025-09-10 14:25:01 - data_validator - WARNING - 细胞 OrgaEX151007 的decay_values被填充从 24103 到 25450
2025-09-10 14:25:01 - data_validator - WARNING - 细胞 OrgaEX151008 的decay_values被截断从 25652 到 25450
2025-09-10 14:25:01 - data_validator - WARNING - 细胞 OrgaEX151009 的decay_values被填充从 24408 到 25450
2025-09-10 14:25:01 - data_validator - WARNING - 细胞 OrgaEX151010 的decay_values被填充从 25415 到 25450
2025-09-10 14:25:01 - data_validator - WARNING - 细胞 OrgaEX151011 的decay_values被填充从 24702 到 25450
2025-09-10 14:25:01 - data_validator - WARNING - 细胞 OrgaEX151012 的decay_values被截断从 25644 到 25450
2025-09-10 14:25:01 - data_validator - WARNING - 细胞 OrgaEX151013 的decay_values被填充从 24276 到 25450
2025-09-10 14:25:01 - data_validator - WARNING - 细胞 OrgaEX151014 的decay_values被截断从 25520 到 25450
2025-09-10 14:25:01 - data_validator - WARNING - 细胞 OrgaEX151015 的decay_values被填充从 25271 到 25450
2025-09-10 14:25:01 - data_validator - WARNING - 细胞 OrgaEX151016 的decay_values被填充从 25327 到 25450
2025-09-10 14:25:01 - data_validator - WARNING - 细胞 OrgaEX151017 的decay_values被填充从 24523 到 25450
2025-09-10 14:25:01 - data_validator - WARNING - 细胞 OrgaEX151018 的decay_values被截断从 25552 到 25450
2025-09-10 14:25:01 - data_validator - WARNING - 细胞 OrgaEX151020 的decay_values被填充从 24838 到 25450
2025-09-10 14:25:01 - data_validator - WARNING - 细胞 OrgaEX151021 的decay_values被填充从 24086 到 25450
2025-09-10 14:25:01 - data_validator - WARNING - 细胞 OrgaEX151022 的decay_values被填充从 25300 到 25450
2025-09-10 14:25:01 - data_validator - WARNING - 细胞 OrgaEX151023 的decay_values被填充从 25374 到 25450
2025-09-10 14:25:01 - data_validator - WARNING - 细胞 OrgaEX151024 的decay_values被填充从 25384 到 25450
2025-09-10 14:25:01 - data_validator - WARNING - 细胞 OrgaEX151025 的decay_values被截断从 25633 到 25450
2025-09-10 14:25:01 - data_validator - WARNING - 细胞 OrgaEX151026 的decay_values被填充从 25190 到 25450
2025-09-10 14:25:01 - data_validator - WARNING - 细胞 OrgaEX151027 的decay_values被填充从 24483 到 25450
2025-09-10 14:25:01 - data_validator - WARNING - 细胞 OrgaEX151028 的decay_values被截断从 25680 到 25450
2025-09-10 14:25:01 - data_validator - WARNING - 细胞 OrgaEX151029 的decay_values被填充从 25299 到 25450
2025-09-10 14:25:01 - data_validator - WARNING - 细胞 OrgaEX151030 的decay_values被截断从 25567 到 25450
2025-09-10 14:25:01 - data_validator - WARNING - 细胞 OrgaEX151032 的decay_values被填充从 25358 到 25450
2025-09-10 14:25:01 - data_validator - WARNING - 细胞 OrgaEX151034 的decay_values被截断从 25672 到 25450
2025-09-10 14:25:01 - data_validator - WARNING - 细胞 OrgaEX151035 的decay_values被截断从 25507 到 25450
2025-09-10 14:25:01 - data_validator - WARNING - 细胞 OrgaEX151036 的decay_values被截断从 25617 到 25450
2025-09-10 14:25:01 - data_validator - WARNING - 细胞 OrgaEX151037 的decay_values被截断从 25598 到 25450
2025-09-10 14:25:01 - data_validator - WARNING - 细胞 OrgaEX151038 的decay_values被填充从 21865 到 25450
2025-09-10 14:25:01 - data_validator - WARNING - 细胞 OrgaEX151039 的decay_values被填充从 24586 到 25450
2025-09-10 14:25:01 - data_validator - WARNING - 细胞 OrgaEX151040 的decay_values被填充从 24471 到 25450
2025-09-10 14:25:01 - data_validator - WARNING - 细胞 OrgaEX151042 的decay_values被填充从 25132 到 25450
2025-09-10 14:25:01 - data_validator - WARNING - 细胞 OrgaEX151043 的decay_values被填充从 24379 到 25450
2025-09-10 14:25:01 - data_validator - WARNING - 细胞 OrgaEX151044 的decay_values被填充从 25417 到 25450
2025-09-10 14:25:01 - data_validator - WARNING - 细胞 OrgaEX151045 的decay_values被填充从 24436 到 25450
2025-09-10 14:25:01 - data_validator - WARNING - 细胞 OrgaEX151046 的decay_values被填充从 24860 到 25450
2025-09-10 14:25:01 - data_validator - WARNING - 细胞 OrgaEX151047 的decay_values被截断从 25674 到 25450
2025-09-10 14:25:01 - data_validator - WARNING - 细胞 OrgaEX151048 的decay_values被截断从 25672 到 25450
2025-09-10 14:25:01 - data_validator - WARNING - 细胞 OrgaEX151049 的decay_values被截断从 25595 到 25450
2025-09-10 14:25:01 - data_validator - WARNING - 细胞 OrgaEX151050 的decay_values被填充从 24076 到 25450
2025-09-10 14:25:01 - data_validator - WARNING - 细胞 OrgaEX151051 的decay_values被填充从 25247 到 25450
2025-09-10 14:25:01 - data_validator - WARNING - 细胞 OrgaEX151052 的decay_values被填充从 25341 到 25450
2025-09-10 14:25:01 - data_validator - WARNING - 细胞 OrgaEX151053 的decay_values被填充从 22937 到 25450
2025-09-10 14:25:01 - data_validator - WARNING - 细胞 OrgaEX151054 的decay_values被截断从 25507 到 25450
2025-09-10 14:25:01 - data_validator - WARNING - 细胞 OrgaEX151055 的decay_values被填充从 24433 到 25450
2025-09-10 14:25:01 - data_validator - WARNING - 细胞 OrgaEX151057 的decay_values被填充从 24104 到 25450
2025-09-10 14:25:01 - data_validator - WARNING - 细胞 OrgaEX151058 的decay_values被截断从 25652 到 25450
2025-09-10 14:25:01 - data_validator - WARNING - 细胞 OrgaEX151059 的decay_values被截断从 25519 到 25450
2025-09-10 14:25:01 - data_validator - WARNING - 细胞 OrgaEX151060 的decay_values被填充从 25119 到 25450
2025-09-10 14:25:01 - data_validator - WARNING - 细胞 OrgaEX151061 的decay_values被填充从 25160 到 25450
2025-09-10 14:25:01 - data_validator - WARNING - 细胞 OrgaEX151062 的decay_values被填充从 25230 到 25450
2025-09-10 14:25:01 - data_validator - WARNING - 细胞 OrgaEX151063 的decay_values被填充从 25374 到 25450
2025-09-10 14:25:01 - data_validator - WARNING - 细胞 OrgaEX151064 的decay_values被截断从 25670 到 25450
2025-09-10 14:25:01 - data_validator - WARNING - 细胞 OrgaEX151065 的decay_values被截断从 25661 到 25450
2025-09-10 14:25:01 - data_validator - WARNING - 细胞 OrgaEX151066 的decay_values被填充从 24947 到 25450
2025-09-10 14:25:01 - data_validator - WARNING - 细胞 OrgaEX151067 的decay_values被填充从 23155 到 25450
2025-09-10 14:25:01 - data_validator - WARNING - 细胞 OrgaEX151068 的decay_values被填充从 24471 到 25450
2025-09-10 14:25:01 - data_validator - WARNING - 细胞 OrgaEX151069 的decay_values被填充从 25218 到 25450
2025-09-10 14:25:01 - data_validator - WARNING - 细胞 OrgaEX151070 的decay_values被截断从 25551 到 25450
2025-09-10 14:25:01 - data_validator - WARNING - 细胞 OrgaEX151071 的decay_values被截断从 25625 到 25450
2025-09-10 14:25:01 - data_validator - WARNING - 细胞 OrgaEX151073 的decay_values被填充从 25150 到 25450
2025-09-10 14:25:01 - data_validator - WARNING - 细胞 OrgaEX151074 的decay_values被截断从 25632 到 25450
2025-09-10 14:25:01 - data_validator - WARNING - 细胞 OrgaEX151075 的decay_values被截断从 25560 到 25450
2025-09-10 14:25:01 - data_validator - WARNING - 细胞 OrgaEX151076 的decay_values被填充从 24322 到 25450
2025-09-10 14:25:01 - data_validator - WARNING - 细胞 OrgaEX151077 的decay_values被填充从 25198 到 25450
2025-09-10 14:25:01 - data_validator - WARNING - 细胞 OrgaEX151078 的decay_values被填充从 24163 到 25450
2025-09-10 14:25:01 - data_validator - WARNING - 细胞 OrgaEX151079 的decay_values被填充从 24932 到 25450
2025-09-10 14:25:01 - data_validator - WARNING - 细胞 OrgaEX151080 的decay_values被截断从 25487 到 25450
2025-09-10 14:25:01 - data_validator - WARNING - 细胞 OrgaEX151081 的decay_values被填充从 25295 到 25450
2025-09-10 14:25:01 - data_validator - WARNING - 细胞 OrgaEX151082 的decay_values被截断从 25539 到 25450
2025-09-10 14:25:01 - data_validator - WARNING - 细胞 OrgaEX151083 的decay_values被填充从 25344 到 25450
2025-09-10 14:25:01 - data_validator - WARNING - 细胞 OrgaEX151084 的decay_values被填充从 25115 到 25450
2025-09-10 14:25:01 - data_validator - WARNING - 细胞 OrgaEX151085 的decay_values被填充从 25420 到 25450
2025-09-10 14:25:01 - data_validator - WARNING - 细胞 OrgaEX151086 的decay_values被填充从 24047 到 25450
2025-09-10 14:25:01 - data_validator - WARNING - 细胞 OrgaEX151087 的decay_values被填充从 25339 到 25450
2025-09-10 14:25:01 - data_validator - WARNING - 细胞 OrgaEX151088 的decay_values被填充从 25293 到 25450
2025-09-10 14:25:01 - data_validator - WARNING - 细胞 OrgaEX151089 的decay_values被填充从 25163 到 25450
2025-09-10 14:25:01 - data_validator - WARNING - 细胞 OrgaEX151090 的decay_values被截断从 25590 到 25450
2025-09-10 14:25:01 - data_validator - WARNING - 细胞 OrgaEX151091 的decay_values被截断从 25560 到 25450
2025-09-10 14:25:01 - data_validator - WARNING - 细胞 OrgaEX151092 的decay_values被截断从 25555 到 25450
2025-09-10 14:25:01 - data_validator - WARNING - 细胞 OrgaEX151094 的decay_values被填充从 22932 到 25450
2025-09-10 14:25:01 - data_validator - WARNING - 细胞 OrgaEX151095 的decay_values被截断从 25701 到 25450
2025-09-10 14:25:01 - data_validator - WARNING - 细胞 OrgaEX151096 的decay_values被填充从 25384 到 25450
2025-09-10 14:25:01 - data_validator - WARNING - 细胞 OrgaEX151097 的decay_values被截断从 25565 到 25450
2025-09-10 14:25:01 - data_validator - WARNING - 细胞 OrgaEX151098 的decay_values被填充从 25301 到 25450
2025-09-10 14:25:01 - data_validator - WARNING - 细胞 OrgaEX151099 的decay_values被填充从 24461 到 25450
2025-09-10 14:25:01 - data_validator - WARNING - 细胞 OrgaEX151100 的decay_values被填充从 25370 到 25450
2025-09-10 14:25:01 - data_validator - WARNING - 细胞 OrgaEX151101 的decay_values被填充从 16637 到 25450
2025-09-10 14:25:01 - data_validator - WARNING - 细胞 OrgaEX151102 的decay_values被截断从 25517 到 25450
2025-09-10 14:25:01 - data_validator - WARNING - 细胞 OrgaEX151103 的decay_values被截断从 25558 到 25450
2025-09-10 14:25:01 - data_validator - WARNING - 细胞 OrgaEX151104 的decay_values被填充从 25175 到 25450
2025-09-10 14:25:01 - data_validator - WARNING - 细胞 OrgaEX151105 的decay_values被填充从 25389 到 25450
2025-09-10 14:25:01 - data_validator - WARNING - 细胞 OrgaEX151106 的decay_values被填充从 24656 到 25450
2025-09-10 14:25:01 - data_validator - WARNING - 细胞 OrgaEX151107 的decay_values被截断从 25557 到 25450
2025-09-10 14:25:01 - data_validator - WARNING - 细胞 OrgaEX151108 的decay_values被截断从 25634 到 25450
2025-09-10 14:25:01 - data_validator - WARNING - 细胞 OrgaEX151109 的decay_values被截断从 25519 到 25450
2025-09-10 14:25:01 - data_validator - WARNING - 细胞 OrgaEX151110 的decay_values被填充从 24936 到 25450
2025-09-10 14:25:01 - data_validator - WARNING - 细胞 OrgaEX151111 的decay_values被截断从 25493 到 25450
2025-09-10 14:25:01 - data_validator - WARNING - 细胞 OrgaEX151113 的decay_values被截断从 25647 到 25450
2025-09-10 14:25:01 - data_validator - WARNING - 细胞 OrgaEX151114 的decay_values被截断从 25573 到 25450
2025-09-10 14:25:01 - data_validator - WARNING - 细胞 OrgaEX151115 的decay_values被填充从 16731 到 25450
2025-09-10 14:25:01 - data_validator - WARNING - 细胞 OrgaEX151116 的decay_values被截断从 25616 到 25450
2025-09-10 14:25:01 - data_validator - WARNING - 细胞 OrgaEX151117 的decay_values被填充从 25331 到 25450
2025-09-10 14:25:01 - data_validator - WARNING - 细胞 OrgaEX151118 的decay_values被填充从 24866 到 25450
2025-09-10 14:25:01 - data_validator - WARNING - 细胞 OrgaEX151119 的decay_values被截断从 25477 到 25450
2025-09-10 14:25:01 - data_validator - WARNING - 细胞 OrgaEX151120 的decay_values被填充从 24904 到 25450
2025-09-10 14:25:01 - data_validator - WARNING - 细胞 OrgaEX151121 的decay_values被填充从 24820 到 25450
2025-09-10 14:25:01 - data_validator - WARNING - 细胞 OrgaEX151122 的decay_values被填充从 25203 到 25450
2025-09-10 14:25:01 - data_validator - WARNING - 细胞 OrgaEX151123 的decay_values被截断从 25649 到 25450
2025-09-10 14:25:01 - data_validator - WARNING - 细胞 OrgaEX151124 的decay_values被填充从 25087 到 25450
2025-09-10 14:25:01 - data_validator - WARNING - 细胞 OrgaEX151125 的decay_values被填充从 24922 到 25450
2025-09-10 14:25:01 - data_validator - WARNING - 细胞 OrgaEX151126 的decay_values被填充从 25195 到 25450
2025-09-10 14:25:01 - data_validator - WARNING - 细胞 OrgaEX151127 的decay_values被填充从 24558 到 25450
2025-09-10 14:25:01 - data_validator - WARNING - 细胞 OrgaEX151129 的decay_values被截断从 25468 到 25450
2025-09-10 14:25:01 - data_validator - WARNING - 细胞 OrgaEX151130 的decay_values被截断从 25671 到 25450
2025-09-10 14:25:01 - data_validator - WARNING - 细胞 OrgaEX151131 的decay_values被截断从 25616 到 25450
2025-09-10 14:25:01 - data_validator - WARNING - 细胞 OrgaEX151132 的decay_values被截断从 25691 到 25450
2025-09-10 14:25:01 - data_validator - WARNING - 细胞 OrgaEX151133 的decay_values被截断从 25495 到 25450
2025-09-10 14:25:01 - data_validator - WARNING - 细胞 OrgaEX151134 的decay_values被截断从 25615 到 25450
2025-09-10 14:25:01 - data_validator - WARNING - 细胞 OrgaEX151135 的decay_values被截断从 25510 到 25450
2025-09-10 14:25:01 - data_validator - WARNING - 细胞 OrgaEX151136 的decay_values被填充从 25065 到 25450
2025-09-10 14:25:01 - data_validator - WARNING - 细胞 OrgaEX151137 的decay_values被填充从 24464 到 25450
2025-09-10 14:25:01 - data_validator - WARNING - 细胞 OrgaEX151138 的decay_values被填充从 25207 到 25450
2025-09-10 14:25:01 - data_validator - WARNING - 细胞 OrgaEX151139 的decay_values被截断从 25490 到 25450
2025-09-10 14:25:01 - data_validator - WARNING - 细胞 OrgaEX151140 的decay_values被填充从 25145 到 25450
2025-09-10 14:25:01 - data_validator - WARNING - 细胞 OrgaEX151141 的decay_values被填充从 24805 到 25450
2025-09-10 14:25:01 - data_validator - WARNING - 细胞 OrgaEX151142 的decay_values被截断从 25491 到 25450
2025-09-10 14:25:01 - data_validator - WARNING - 细胞 OrgaEX151143 的decay_values被填充从 23901 到 25450
2025-09-10 14:25:01 - data_validator - WARNING - 细胞 OrgaEX151145 的decay_values被填充从 25424 到 25450
2025-09-10 14:25:01 - data_validator - WARNING - 细胞 OrgaEX151146 的decay_values被填充从 24780 到 25450
2025-09-10 14:25:01 - data_validator - WARNING - 细胞 OrgaEX151147 的decay_values被截断从 25513 到 25450
2025-09-10 14:25:01 - data_validator - WARNING - 细胞 OrgaEX151148 的decay_values被填充从 23164 到 25450
2025-09-10 14:25:01 - data_validator - WARNING - 细胞 OrgaEX151149 的decay_values被填充从 24809 到 25450
2025-09-10 14:25:01 - data_validator - WARNING - 细胞 OrgaEX151150 的decay_values被填充从 25114 到 25450
2025-09-10 14:25:01 - data_validator - WARNING - 细胞 OrgaEX151151 的decay_values被填充从 25410 到 25450
2025-09-10 14:25:01 - data_validator - WARNING - 细胞 OrgaEX151152 的decay_values被填充从 23072 到 25450
2025-09-10 14:25:01 - data_validator - WARNING - 细胞 OrgaEX151153 的decay_values被填充从 24633 到 25450
2025-09-10 14:25:01 - data_validator - WARNING - 细胞 OrgaEX151154 的decay_values被填充从 22465 到 25450
2025-09-10 14:25:01 - data_validator - WARNING - 细胞 OrgaEX151155 的decay_values被填充从 25417 到 25450
2025-09-10 14:25:01 - data_validator - WARNING - 细胞 OrgaEX151156 的decay_values被填充从 25249 到 25450
2025-09-10 14:25:01 - data_validator - WARNING - 细胞 OrgaEX151157 的decay_values被截断从 25620 到 25450
2025-09-10 14:25:01 - data_validator - WARNING - 细胞 OrgaEX151158 的decay_values被填充从 25347 到 25450
2025-09-10 14:25:01 - data_validator - WARNING - 细胞 OrgaEX151159 的decay_values被填充从 23243 到 25450
2025-09-10 14:25:01 - data_validator - WARNING - 细胞 OrgaEX151160 的decay_values被填充从 23054 到 25450
2025-09-10 14:25:01 - data_validator - WARNING - 细胞 OrgaEX151161 的decay_values被截断从 25586 到 25450
2025-09-10 14:25:01 - data_validator - WARNING - 细胞 OrgaEX151162 的decay_values被填充从 25211 到 25450
2025-09-10 14:25:01 - data_validator - WARNING - 细胞 OrgaEX151163 的decay_values被填充从 25332 到 25450
2025-09-10 14:25:01 - data_validator - WARNING - 细胞 OrgaEX151164 的decay_values被填充从 25378 到 25450
2025-09-10 14:25:01 - data_validator - WARNING - 细胞 OrgaEX151165 的decay_values被截断从 25456 到 25450
2025-09-10 14:25:01 - data_validator - WARNING - 细胞 OrgaEX151166 的decay_values被填充从 25426 到 25450
2025-09-10 14:25:01 - data_validator - WARNING - 细胞 OrgaEX151167 的decay_values被截断从 25624 到 25450
2025-09-10 14:25:01 - data_validator - WARNING - 细胞 OrgaEX151168 的decay_values被截断从 25475 到 25450
2025-09-10 14:25:01 - data_validator - WARNING - 细胞 OrgaEX151169 的decay_values被截断从 25488 到 25450
2025-09-10 14:25:01 - data_validator - WARNING - 细胞 OrgaEX151170 的decay_values被填充从 21939 到 25450
2025-09-10 14:25:01 - data_validator - WARNING - 细胞 OrgaEX151171 的decay_values被填充从 25007 到 25450
2025-09-10 14:25:01 - data_validator - WARNING - 细胞 OrgaEX151172 的decay_values被填充从 21602 到 25450
2025-09-10 14:25:01 - data_validator - WARNING - 细胞 OrgaEX151173 的decay_values被填充从 25429 到 25450
2025-09-10 14:25:01 - data_validator - WARNING - 细胞 OrgaEX151174 的decay_values被填充从 25195 到 25450
2025-09-10 14:25:01 - data_validator - WARNING - 细胞 OrgaEX151175 的decay_values被填充从 23943 到 25450
2025-09-10 14:25:01 - data_validator - WARNING - 细胞 OrgaEX151176 的decay_values被截断从 25633 到 25450
2025-09-10 14:25:01 - data_validator - WARNING - 细胞 OrgaEX151178 的decay_values被截断从 25565 到 25450
2025-09-10 14:25:01 - data_validator - WARNING - 细胞 OrgaEX151179 的decay_values被填充从 25103 到 25450
2025-09-10 14:25:01 - data_validator - WARNING - 细胞 OrgaEX151180 的decay_values被填充从 24822 到 25450
2025-09-10 14:25:01 - data_validator - WARNING - 细胞 OrgaEX151181 的decay_values被截断从 25648 到 25450
2025-09-10 14:25:01 - data_validator - WARNING - 细胞 OrgaEX151182 的decay_values被填充从 24670 到 25450
2025-09-10 14:25:01 - data_validator - WARNING - 细胞 OrgaEX151183 的decay_values被填充从 25413 到 25450
2025-09-10 14:25:01 - data_validator - WARNING - 细胞 OrgaEX151184 的decay_values被填充从 24829 到 25450
2025-09-10 14:25:01 - data_validator - WARNING - 细胞 OrgaEX151185 的decay_values被填充从 24595 到 25450
2025-09-10 14:25:01 - data_validator - WARNING - 细胞 OrgaEX151186 的decay_values被填充从 25248 到 25450
2025-09-10 14:25:01 - data_validator - WARNING - 细胞 OrgaEX151187 的decay_values被截断从 25504 到 25450
2025-09-10 14:25:01 - data_validator - WARNING - 细胞 OrgaEX151188 的decay_values被填充从 24908 到 25450
2025-09-10 14:25:01 - data_validator - WARNING - 细胞 OrgaEX151189 的decay_values被填充从 24664 到 25450
2025-09-10 14:25:01 - data_validator - WARNING - 细胞 OrgaEX151190 的decay_values被截断从 25622 到 25450
2025-09-10 14:25:01 - data_validator - WARNING - 细胞 OrgaEX151191 的decay_values被截断从 25593 到 25450
2025-09-10 14:25:01 - data_validator - WARNING - 细胞 OrgaEX151192 的decay_values被截断从 25499 到 25450
2025-09-10 14:25:01 - data_validator - WARNING - 细胞 OrgaEX151193 的decay_values被截断从 25535 到 25450
2025-09-10 14:25:01 - data_validator - WARNING - 细胞 OrgaEX151194 的decay_values被填充从 24104 到 25450
2025-09-10 14:25:01 - data_validator - WARNING - 细胞 OrgaEX151195 的decay_values被截断从 25605 到 25450
2025-09-10 14:25:01 - data_validator - WARNING - 细胞 OrgaEX151196 的decay_values被填充从 23795 到 25450
2025-09-10 14:25:01 - data_validator - WARNING - 细胞 OrgaEX151197 的decay_values被截断从 25637 到 25450
2025-09-10 14:25:01 - data_validator - WARNING - 细胞 OrgaEX151198 的decay_values被填充从 23452 到 25450
2025-09-10 14:25:01 - data_validator - WARNING - 细胞 OrgaEX151199 的decay_values被填充从 24666 到 25450
2025-09-10 14:25:01 - data_validator - WARNING - 细胞 OrgaEX151201 的decay_values被填充从 25240 到 25450
2025-09-10 14:25:01 - data_validator - WARNING - 细胞 OrgaEX151202 的decay_values被填充从 24782 到 25450
2025-09-10 14:25:01 - data_validator - WARNING - 细胞 OrgaEX151203 的decay_values被填充从 25268 到 25450
2025-09-10 14:25:01 - data_validator - WARNING - 细胞 OrgaEX151204 的decay_values被填充从 25406 到 25450
2025-09-10 14:25:01 - data_validator - WARNING - 细胞 OrgaEX151205 的decay_values被填充从 25137 到 25450
2025-09-10 14:25:01 - data_validator - WARNING - 细胞 OrgaEX151206 的decay_values被填充从 23501 到 25450
2025-09-10 14:25:01 - data_validator - WARNING - 细胞 OrgaEX151207 的decay_values被填充从 24795 到 25450
2025-09-10 14:25:01 - data_validator - WARNING - 细胞 OrgaEX151208 的decay_values被截断从 25575 到 25450
2025-09-10 14:25:01 - data_validator - WARNING - 细胞 OrgaEX151209 的decay_values被填充从 25197 到 25450
2025-09-10 14:25:01 - data_validator - WARNING - 细胞 OrgaEX151210 的decay_values被填充从 25311 到 25450
2025-09-10 14:25:01 - data_validator - WARNING - 细胞 OrgaEX151211 的decay_values被填充从 25203 到 25450
2025-09-10 14:25:01 - data_validator - WARNING - 细胞 OrgaEX151212 的decay_values被截断从 25603 到 25450
2025-09-10 14:25:01 - data_validator - WARNING - 细胞 OrgaEX151213 的decay_values被截断从 25591 到 25450
2025-09-10 14:25:01 - data_validator - WARNING - 细胞 OrgaEX151214 的decay_values被填充从 24185 到 25450
2025-09-10 14:25:01 - data_validator - WARNING - 细胞 OrgaEX151215 的decay_values被填充从 24484 到 25450
2025-09-10 14:25:01 - data_validator - WARNING - 细胞 OrgaEX151216 的decay_values被截断从 25497 到 25450
2025-09-10 14:25:01 - data_validator - WARNING - 细胞 OrgaEX151217 的decay_values被填充从 25408 到 25450
2025-09-10 14:25:01 - data_validator - WARNING - 细胞 OrgaEX151218 的decay_values被填充从 22293 到 25450
2025-09-10 14:25:01 - data_validator - WARNING - 细胞 OrgaEX151219 的decay_values被填充从 25258 到 25450
2025-09-10 14:25:01 - data_validator - WARNING - 细胞 OrgaEX151221 的decay_values被截断从 25463 到 25450
2025-09-10 14:25:01 - data_validator - WARNING - 细胞 OrgaEX151222 的decay_values被截断从 25640 到 25450
2025-09-10 14:25:01 - data_validator - WARNING - 细胞 OrgaEX151223 的decay_values被填充从 24652 到 25450
2025-09-10 14:25:01 - data_validator - WARNING - 细胞 OrgaEX151224 的decay_values被截断从 25515 到 25450
2025-09-10 14:25:01 - data_validator - WARNING - 细胞 OrgaEX151225 的decay_values被填充从 23218 到 25450
2025-09-10 14:25:01 - data_validator - WARNING - 细胞 OrgaEX151226 的decay_values被截断从 25494 到 25450
2025-09-10 14:25:01 - data_validator - WARNING - 细胞 OrgaEX151227 的decay_values被截断从 25669 到 25450
2025-09-10 14:25:01 - data_validator - WARNING - 细胞 OrgaEX151228 的decay_values被截断从 25458 到 25450
2025-09-10 14:25:01 - data_validator - WARNING - 细胞 OrgaEX151229 的decay_values被截断从 25517 到 25450
2025-09-10 14:25:01 - data_validator - WARNING - 细胞 OrgaEX151230 的decay_values被填充从 24923 到 25450
2025-09-10 14:25:01 - data_validator - WARNING - 细胞 OrgaEX151231 的decay_values被填充从 24911 到 25450
2025-09-10 14:25:01 - data_validator - WARNING - 细胞 OrgaEX151232 的decay_values被截断从 25598 到 25450
2025-09-10 14:25:01 - data_validator - WARNING - 细胞 OrgaEX151233 的decay_values被填充从 24956 到 25450
2025-09-10 14:25:01 - data_validator - WARNING - 细胞 OrgaEX151234 的decay_values被填充从 25142 到 25450
2025-09-10 14:25:01 - data_validator - WARNING - 细胞 OrgaEX151235 的decay_values被截断从 25529 到 25450
2025-09-10 14:25:01 - data_validator - WARNING - 细胞 OrgaEX151236 的decay_values被截断从 25497 到 25450
2025-09-10 14:25:01 - data_validator - WARNING - 细胞 OrgaEX151237 的decay_values被填充从 25377 到 25450
2025-09-10 14:25:01 - data_validator - WARNING - 细胞 OrgaEX151238 的decay_values被截断从 25529 到 25450
2025-09-10 14:25:01 - data_validator - WARNING - 细胞 OrgaEX151239 的decay_values被截断从 25458 到 25450
2025-09-10 14:25:01 - data_validator - WARNING - 细胞 OrgaEX151240 的decay_values被填充从 21079 到 25450
2025-09-10 14:25:01 - data_validator - WARNING - 细胞 OrgaEX151242 的decay_values被填充从 25104 到 25450
2025-09-10 14:25:01 - data_validator - WARNING - 细胞 OrgaEX151243 的decay_values被填充从 24160 到 25450
2025-09-10 14:25:01 - data_validator - WARNING - 细胞 OrgaEX151244 的decay_values被截断从 25642 到 25450
2025-09-10 14:25:01 - data_validator - WARNING - 细胞 OrgaEX151246 的decay_values被填充从 25248 到 25450
2025-09-10 14:25:01 - data_validator - WARNING - 细胞 OrgaEX151247 的decay_values被截断从 25503 到 25450
2025-09-10 14:25:01 - data_validator - WARNING - 细胞 OrgaEX151248 的decay_values被填充从 24301 到 25450
2025-09-10 14:25:01 - data_validator - WARNING - 细胞 OrgaEX151249 的decay_values被填充从 25033 到 25450
2025-09-10 14:25:01 - data_validator - WARNING - 细胞 OrgaEX151250 的decay_values被填充从 25304 到 25450
2025-09-10 14:25:01 - data_validator - WARNING - 细胞 OrgaEX151251 的decay_values被填充从 24965 到 25450
2025-09-10 14:25:01 - data_validator - WARNING - 细胞 OrgaEX151252 的decay_values被截断从 25651 到 25450
2025-09-10 14:25:01 - data_validator - WARNING - 细胞 OrgaEX151253 的decay_values被填充从 24782 到 25450
2025-09-10 14:25:01 - data_validator - WARNING - 细胞 OrgaEX151254 的decay_values被截断从 25462 到 25450
2025-09-10 14:25:01 - data_validator - WARNING - 细胞 OrgaEX151255 的decay_values被填充从 24099 到 25450
2025-09-10 14:25:01 - data_validator - WARNING - 细胞 OrgaEX151256 的decay_values被填充从 24822 到 25450
2025-09-10 14:25:01 - data_validator - WARNING - 细胞 OrgaEX151258 的decay_values被填充从 24954 到 25450
2025-09-10 14:25:01 - data_validator - WARNING - 细胞 OrgaEX151259 的decay_values被填充从 24407 到 25450
2025-09-10 14:25:01 - data_validator - WARNING - 细胞 OrgaEX151260 的decay_values被填充从 25283 到 25450
2025-09-10 14:25:01 - data_validator - WARNING - 细胞 OrgaEX151261 的decay_values被填充从 25054 到 25450
2025-09-10 14:25:01 - data_validator - WARNING - 细胞 OrgaEX151262 的decay_values被填充从 25317 到 25450
2025-09-10 14:25:01 - data_validator - WARNING - 细胞 OrgaEX151263 的decay_values被截断从 25620 到 25450
2025-09-10 14:25:01 - data_validator - WARNING - 细胞 OrgaEX151264 的decay_values被填充从 25316 到 25450
2025-09-10 14:25:01 - data_validator - WARNING - 细胞 OrgaEX151265 的decay_values被截断从 25624 到 25450
2025-09-10 14:25:01 - data_validator - WARNING - 细胞 OrgaEX151266 的decay_values被截断从 25620 到 25450
2025-09-10 14:25:01 - data_validator - WARNING - 细胞 OrgaEX151267 的decay_values被截断从 25694 到 25450
2025-09-10 14:25:01 - data_validator - WARNING - 细胞 OrgaEX151268 的decay_values被填充从 25089 到 25450
2025-09-10 14:25:01 - data_validator - WARNING - 细胞 OrgaEX151269 的decay_values被填充从 25320 到 25450
2025-09-10 14:25:01 - data_validator - WARNING - 细胞 OrgaEX151270 的decay_values被截断从 25464 到 25450
2025-09-10 14:25:01 - data_validator - WARNING - 细胞 OrgaEX151271 的decay_values被填充从 25300 到 25450
2025-09-10 14:25:01 - data_validator - WARNING - 细胞 OrgaEX151272 的decay_values被填充从 24739 到 25450
2025-09-10 14:25:01 - data_validator - WARNING - 细胞 OrgaEX151273 的decay_values被截断从 25655 到 25450
2025-09-10 14:25:01 - data_validator - WARNING - 细胞 OrgaEX151274 的decay_values被截断从 25663 到 25450
2025-09-10 14:25:01 - data_validator - WARNING - 细胞 OrgaEX151275 的decay_values被填充从 25241 到 25450
2025-09-10 14:25:01 - data_validator - WARNING - 细胞 OrgaEX151276 的decay_values被截断从 25672 到 25450
2025-09-10 14:25:01 - data_validator - WARNING - 细胞 OrgaEX151277 的decay_values被填充从 24727 到 25450
2025-09-10 14:25:01 - data_validator - WARNING - 细胞 OrgaEX151279 的decay_values被截断从 25509 到 25450
2025-09-10 14:25:01 - data_validator - WARNING - 细胞 OrgaEX151280 的decay_values被截断从 25492 到 25450
2025-09-10 14:25:01 - data_validator - WARNING - 细胞 OrgaEX151281 的decay_values被截断从 25654 到 25450
2025-09-10 14:25:01 - data_validator - WARNING - 细胞 OrgaEX151282 的decay_values被截断从 25623 到 25450
2025-09-10 14:25:01 - data_validator - WARNING - 细胞 OrgaEX151283 的decay_values被截断从 25574 到 25450
2025-09-10 14:25:01 - data_validator - WARNING - 细胞 OrgaEX151284 的decay_values被填充从 21236 到 25450
2025-09-10 14:25:01 - data_validator - WARNING - 细胞 OrgaEX151285 的decay_values被填充从 24816 到 25450
2025-09-10 14:25:01 - data_validator - WARNING - 细胞 OrgaEX151286 的decay_values被填充从 25354 到 25450
2025-09-10 14:25:01 - data_validator - WARNING - 细胞 OrgaEX151287 的decay_values被填充从 25103 到 25450
2025-09-10 14:25:01 - data_validator - WARNING - 细胞 OrgaEX151288 的decay_values被截断从 25486 到 25450
2025-09-10 14:25:01 - data_validator - WARNING - 细胞 OrgaEX151289 的decay_values被填充从 25019 到 25450
2025-09-10 14:25:01 - data_validator - WARNING - 细胞 OrgaEX151290 的decay_values被填充从 25248 到 25450
2025-09-10 14:25:01 - data_validator - WARNING - 细胞 OrgaEX151291 的decay_values被填充从 25096 到 25450
2025-09-10 14:25:01 - data_validator - WARNING - 细胞 OrgaEX151292 的decay_values被截断从 25685 到 25450
2025-09-10 14:25:01 - data_validator - WARNING - 细胞 OrgaEX151293 的decay_values被截断从 25667 到 25450
2025-09-10 14:25:01 - data_validator - WARNING - 细胞 OrgaEX151294 的decay_values被截断从 25663 到 25450
2025-09-10 14:25:01 - data_validator - WARNING - 细胞 OrgaEX151295 的decay_values被填充从 25145 到 25450
2025-09-10 14:25:01 - data_validator - WARNING - 细胞 OrgaEX151296 的decay_values被截断从 25584 到 25450
2025-09-10 14:25:01 - data_validator - WARNING - 细胞 OrgaEX151297 的decay_values被填充从 24388 到 25450
2025-09-10 14:25:01 - data_validator - WARNING - 细胞 OrgaEX151298 的decay_values被填充从 24812 到 25450
2025-09-10 14:25:01 - data_validator - WARNING - 细胞 OrgaEX151299 的decay_values被填充从 25280 到 25450
2025-09-10 14:25:01 - data_validator - WARNING - 细胞 OrgaEX151300 的decay_values被填充从 24917 到 25450
2025-09-10 14:25:01 - data_validator - WARNING - 细胞 OrgaEX151301 的decay_values被填充从 25228 到 25450
2025-09-10 14:25:01 - data_validator - WARNING - 细胞 OrgaEX151302 的decay_values被截断从 25643 到 25450
2025-09-10 14:25:01 - data_validator - WARNING - 细胞 OrgaEX151303 的decay_values被填充从 24957 到 25450
2025-09-10 14:25:01 - data_validator - WARNING - 细胞 OrgaEX151304 的decay_values被截断从 25547 到 25450
2025-09-10 14:25:01 - data_validator - WARNING - 细胞 OrgaEX151305 的decay_values被截断从 25685 到 25450
2025-09-10 14:25:01 - data_validator - WARNING - 细胞 OrgaEX151306 的decay_values被填充从 25342 到 25450
2025-09-10 14:25:01 - data_validator - WARNING - 细胞 OrgaEX151307 的decay_values被截断从 25654 到 25450
2025-09-10 14:25:01 - data_validator - WARNING - 细胞 OrgaEX151308 的decay_values被截断从 25655 到 25450
2025-09-10 14:25:01 - data_validator - WARNING - 细胞 OrgaEX151309 的decay_values被填充从 25293 到 25450
2025-09-10 14:25:01 - data_validator - WARNING - 细胞 OrgaEX151310 的decay_values被截断从 25529 到 25450
2025-09-10 14:25:01 - data_validator - WARNING - 细胞 OrgaEX151311 的decay_values被截断从 25668 到 25450
2025-09-10 14:25:01 - data_validator - WARNING - 细胞 OrgaEX151312 的decay_values被填充从 24930 到 25450
2025-09-10 14:25:01 - data_validator - WARNING - 细胞 OrgaEX151313 的decay_values被截断从 25648 到 25450
2025-09-10 14:25:01 - data_validator - WARNING - 细胞 OrgaEX151314 的decay_values被填充从 25136 到 25450
2025-09-10 14:25:01 - data_validator - WARNING - 细胞 OrgaEX151315 的decay_values被填充从 25282 到 25450
2025-09-10 14:25:01 - data_validator - WARNING - 细胞 OrgaEX151316 的decay_values被填充从 24736 到 25450
2025-09-10 14:25:01 - data_validator - WARNING - 细胞 OrgaEX151317 的decay_values被填充从 25423 到 25450
2025-09-10 14:25:01 - data_validator - WARNING - 细胞 OrgaEX151318 的decay_values被截断从 25549 到 25450
2025-09-10 14:25:01 - data_validator - WARNING - 细胞 OrgaEX151320 的decay_values被截断从 25684 到 25450
2025-09-10 14:25:01 - data_validator - WARNING - 细胞 OrgaEX151321 的decay_values被填充从 23613 到 25450
2025-09-10 14:25:01 - data_validator - WARNING - 细胞 OrgaEX151322 的decay_values被填充从 24964 到 25450
2025-09-10 14:25:01 - data_validator - WARNING - 细胞 OrgaEX151324 的decay_values被填充从 24431 到 25450
2025-09-10 14:25:01 - data_validator - WARNING - 细胞 OrgaEX151325 的decay_values被截断从 25560 到 25450
2025-09-10 14:25:01 - data_validator - WARNING - 细胞 OrgaEX151326 的decay_values被填充从 25407 到 25450
2025-09-10 14:25:01 - data_validator - WARNING - 细胞 OrgaEX151327 的decay_values被填充从 25064 到 25450
2025-09-10 14:25:01 - data_validator - WARNING - 细胞 OrgaEX151328 的decay_values被填充从 24747 到 25450
2025-09-10 14:25:01 - data_validator - WARNING - 细胞 OrgaEX151329 的decay_values被填充从 21622 到 25450
2025-09-10 14:25:01 - data_validator - WARNING - 细胞 OrgaEX151330 的decay_values被填充从 24694 到 25450
2025-09-10 14:25:01 - data_validator - WARNING - 细胞 OrgaEX151331 的decay_values被填充从 24916 到 25450
2025-09-10 14:25:01 - data_validator - WARNING - 细胞 OrgaEX151332 的decay_values被填充从 24828 到 25450
2025-09-10 14:25:01 - data_validator - WARNING - 细胞 OrgaEX151333 的decay_values被填充从 25385 到 25450
2025-09-10 14:25:01 - data_validator - WARNING - 细胞 OrgaEX151334 的decay_values被截断从 25461 到 25450
2025-09-10 14:25:01 - data_validator - WARNING - 细胞 OrgaEX151336 的decay_values被填充从 25223 到 25450
2025-09-10 14:25:01 - data_validator - WARNING - 细胞 OrgaEX151337 的decay_values被填充从 25325 到 25450
2025-09-10 14:25:01 - data_validator - WARNING - 细胞 OrgaEX151338 的decay_values被填充从 24701 到 25450
2025-09-10 14:25:01 - data_validator - WARNING - 细胞 OrgaEX151339 的decay_values被截断从 25579 到 25450
2025-09-10 14:25:01 - data_validator - WARNING - 细胞 OrgaEX151340 的decay_values被填充从 23709 到 25450
2025-09-10 14:25:01 - data_validator - WARNING - 细胞 OrgaEX151341 的decay_values被截断从 25577 到 25450
2025-09-10 14:25:01 - data_validator - WARNING - 细胞 OrgaEX151342 的decay_values被截断从 25627 到 25450
2025-09-10 14:25:01 - data_validator - WARNING - 细胞 OrgaEX151343 的decay_values被填充从 22245 到 25450
2025-09-10 14:25:01 - data_validator - WARNING - 细胞 OrgaEX151345 的decay_values被截断从 25682 到 25450
2025-09-10 14:25:01 - data_validator - WARNING - 细胞 OrgaEX151346 的decay_values被截断从 25655 到 25450
2025-09-10 14:25:01 - data_validator - WARNING - 细胞 OrgaEX151347 的decay_values被截断从 25460 到 25450
2025-09-10 14:25:01 - data_validator - WARNING - 细胞 OrgaEX151348 的decay_values被填充从 25416 到 25450
2025-09-10 14:25:01 - data_validator - WARNING - 细胞 OrgaEX151349 的decay_values被截断从 25469 到 25450
2025-09-10 14:25:01 - data_validator - WARNING - 细胞 OrgaEX151350 的decay_values被填充从 25352 到 25450
2025-09-10 14:25:01 - data_validator - WARNING - 细胞 OrgaEX151351 的decay_values被填充从 25356 到 25450
2025-09-10 14:25:01 - data_validator - WARNING - 细胞 OrgaEX151352 的decay_values被填充从 25185 到 25450
2025-09-10 14:25:01 - data_validator - WARNING - 细胞 OrgaEX151353 的decay_values被填充从 25323 到 25450
2025-09-10 14:25:01 - data_validator - WARNING - 细胞 OrgaEX151354 的decay_values被截断从 25674 到 25450
2025-09-10 14:25:01 - data_validator - WARNING - 细胞 OrgaEX151355 的decay_values被填充从 22075 到 25450
2025-09-10 14:25:01 - data_validator - WARNING - 细胞 OrgaEX151356 的decay_values被填充从 24837 到 25450
2025-09-10 14:25:01 - data_validator - WARNING - 细胞 OrgaEX151357 的decay_values被填充从 25351 到 25450
2025-09-10 14:25:01 - data_validator - WARNING - 细胞 OrgaEX151358 的decay_values被截断从 25644 到 25450
2025-09-10 14:25:01 - data_validator - WARNING - 细胞 OrgaEX151359 的decay_values被截断从 25662 到 25450
2025-09-10 14:25:01 - data_validator - WARNING - 细胞 OrgaEX151360 的decay_values被填充从 25312 到 25450
2025-09-10 14:25:01 - data_validator - WARNING - 细胞 OrgaEX151361 的decay_values被填充从 24545 到 25450
2025-09-10 14:25:01 - data_validator - WARNING - 细胞 OrgaEX151362 的decay_values被截断从 25625 到 25450
2025-09-10 14:25:01 - data_validator - WARNING - 细胞 OrgaEX151363 的decay_values被填充从 25342 到 25450
2025-09-10 14:25:01 - data_validator - WARNING - 细胞 OrgaEX151364 的decay_values被填充从 15254 到 25450
2025-09-10 14:25:01 - data_validator - WARNING - 细胞 OrgaEX151365 的decay_values被填充从 22855 到 25450
2025-09-10 14:25:01 - data_validator - WARNING - 细胞 OrgaEX151366 的decay_values被填充从 25409 到 25450
2025-09-10 14:25:01 - data_validator - WARNING - 细胞 OrgaEX151367 的decay_values被填充从 25034 到 25450
2025-09-10 14:25:01 - data_validator - WARNING - 细胞 OrgaEX151368 的decay_values被截断从 25504 到 25450
2025-09-10 14:25:01 - data_validator - WARNING - 细胞 OrgaEX151369 的decay_values被填充从 25442 到 25450
2025-09-10 14:25:01 - data_validator - WARNING - 细胞 OrgaEX151370 的decay_values被截断从 25632 到 25450
2025-09-10 14:25:01 - data_validator - WARNING - 细胞 OrgaEX151371 的decay_values被截断从 25602 到 25450
2025-09-10 14:25:01 - data_validator - WARNING - 细胞 OrgaEX151372 的decay_values被填充从 24402 到 25450
2025-09-10 14:25:01 - data_validator - WARNING - 细胞 OrgaEX151373 的decay_values被填充从 25267 到 25450
2025-09-10 14:25:01 - data_validator - WARNING - 细胞 OrgaEX151374 的decay_values被填充从 25277 到 25450
2025-09-10 14:25:01 - data_validator - WARNING - 细胞 OrgaEX151375 的decay_values被截断从 25660 到 25450
2025-09-10 14:25:01 - data_validator - WARNING - 细胞 OrgaEX151376 的decay_values被填充从 25412 到 25450
2025-09-10 14:25:01 - data_validator - WARNING - 细胞 OrgaEX151377 的decay_values被截断从 25643 到 25450
2025-09-10 14:25:01 - data_validator - WARNING - 细胞 OrgaEX151378 的decay_values被截断从 25643 到 25450
2025-09-10 14:25:01 - data_validator - WARNING - 细胞 OrgaEX151379 的decay_values被填充从 24995 到 25450
2025-09-10 14:25:01 - data_validator - WARNING - 细胞 OrgaEX151380 的decay_values被填充从 24433 到 25450
2025-09-10 14:25:01 - data_validator - WARNING - 细胞 OrgaEX151381 的decay_values被填充从 25159 到 25450
2025-09-10 14:25:01 - data_validator - WARNING - 细胞 OrgaEX151382 的decay_values被截断从 25595 到 25450
2025-09-10 14:25:01 - data_validator - WARNING - 细胞 OrgaEX151383 的decay_values被填充从 22881 到 25450
2025-09-10 14:25:01 - data_validator - WARNING - 细胞 OrgaEX151384 的decay_values被截断从 25683 到 25450
2025-09-10 14:25:01 - data_validator - WARNING - 细胞 OrgbEX152073 的decay_values被填充从 23882 到 25450
2025-09-10 14:25:01 - data_validator - WARNING - 细胞 OrgbEX152088 的decay_values被填充从 25438 到 25450
2025-09-10 14:25:01 - data_validator - WARNING - 细胞 OrgbEX152093 的decay_values被填充从 25188 到 25450
2025-09-10 14:25:01 - data_validator - WARNING - 细胞 OrgbEX152101 的decay_values被填充从 24270 到 25450
2025-09-10 14:25:01 - data_validator - WARNING - 细胞 OrgbEX152109 的decay_values被填充从 23452 到 25450
2025-09-10 14:25:01 - data_validator - WARNING - 细胞 OrgbEX152129 的decay_values被填充从 24348 到 25450
2025-09-10 14:25:01 - data_validator - WARNING - 细胞 OrgbEX152164 的decay_values被填充从 25278 到 25450
2025-09-10 14:25:01 - data_validator - WARNING - 细胞 OrgbEX152200 的decay_values被填充从 23796 到 25450
2025-09-10 14:25:01 - data_validator - WARNING - 细胞 OrgbEX152201 的decay_values被填充从 25350 到 25450
2025-09-10 14:25:01 - data_validator - WARNING - 细胞 OrgbEX152224 的decay_values被截断从 25572 到 25450
2025-09-10 14:25:01 - data_validator - WARNING - 细胞 OrgbEX152229 的decay_values被填充从 23634 到 25450
2025-09-10 14:25:01 - data_validator - WARNING - 细胞 OrgbEX152239 的decay_values被填充从 24349 到 25450
2025-09-10 14:25:01 - data_validator - WARNING - 细胞 OrgbEX152248 的decay_values被填充从 23520 到 25450
2025-09-10 14:25:01 - data_validator - WARNING - 细胞 OrgbEX152250 的decay_values被填充从 24073 到 25450
2025-09-10 14:25:01 - data_validator - WARNING - 细胞 OrgbEX152262 的decay_values被填充从 25418 到 25450
2025-09-10 14:25:01 - data_validator - WARNING - 细胞 OrgbEX152278 的decay_values被截断从 25544 到 25450
2025-09-10 14:25:01 - data_validator - WARNING - 细胞 OrgbEX152290 的decay_values被填充从 23608 到 25450
2025-09-10 14:25:01 - data_validator - WARNING - 细胞 OrgbEX152297 的decay_values被截断从 25452 到 25450
2025-09-10 14:25:01 - data_validator - WARNING - 细胞 OrgbEX152338 的decay_values被截断从 25572 到 25450
2025-09-10 14:25:01 - data_validator - WARNING - 细胞 OrgbEX152347 的decay_values被截断从 25626 到 25450
2025-09-10 14:25:01 - data_validator - WARNING - 细胞 OrgbEX152352 的decay_values被填充从 24975 到 25450
2025-09-10 14:25:01 - data_validator - WARNING - 细胞 OrgbEX152365 的decay_values被截断从 25472 到 25450
2025-09-10 14:25:01 - data_validator - WARNING - 细胞 OrgbEX152366 的decay_values被填充从 24692 到 25450
2025-09-10 14:25:01 - data_validator - WARNING - 细胞 OrgcEX154001 的decay_values被填充从 21032 到 25450
2025-09-10 14:25:01 - data_validator - WARNING - 细胞 OrgcEX154002 的decay_values被截断从 25491 到 25450
2025-09-10 14:25:01 - data_validator - WARNING - 细胞 OrgcEX154003 的decay_values被填充从 25300 到 25450
2025-09-10 14:25:01 - data_validator - WARNING - 细胞 OrgcEX154004 的decay_values被填充从 25292 到 25450
2025-09-10 14:25:01 - data_validator - WARNING - 细胞 OrgcEX154005 的decay_values被填充从 25341 到 25450
2025-09-10 14:25:01 - data_validator - WARNING - 细胞 OrgcEX154012 的decay_values被填充从 25078 到 25450
2025-09-10 14:25:01 - data_validator - WARNING - 细胞 OrgcEX154014 的decay_values被填充从 24572 到 25450
2025-09-10 14:25:01 - data_validator - WARNING - 细胞 OrgcEX154016 的decay_values被截断从 25617 到 25450
2025-09-10 14:25:01 - data_validator - WARNING - 细胞 OrgcEX154023 的decay_values被填充从 25121 到 25450
2025-09-10 14:25:01 - data_validator - WARNING - 细胞 OrgcEX154024 的decay_values被截断从 25516 到 25450
2025-09-10 14:25:01 - data_validator - WARNING - 细胞 OrgcEX154027 的decay_values被填充从 25362 到 25450
2025-09-10 14:25:01 - data_validator - WARNING - 细胞 OrgcEX154028 的decay_values被填充从 24832 到 25450
2025-09-10 14:25:01 - data_validator - WARNING - 细胞 OrgcEX154029 的decay_values被填充从 24984 到 25450
2025-09-10 14:25:01 - data_validator - WARNING - 细胞 OrgcEX154032 的decay_values被截断从 25508 到 25450
2025-09-10 14:25:01 - data_validator - WARNING - 细胞 OrgcEX154036 的decay_values被截断从 25620 到 25450
2025-09-10 14:25:01 - data_validator - WARNING - 细胞 OrgcEX154041 的decay_values被填充从 24152 到 25450
2025-09-10 14:25:01 - data_validator - WARNING - 细胞 OrgcEX154042 的decay_values被截断从 25644 到 25450
2025-09-10 14:25:01 - data_validator - WARNING - 细胞 OrgcEX154044 的decay_values被填充从 25342 到 25450
2025-09-10 14:25:01 - data_validator - WARNING - 细胞 OrgcEX154046 的decay_values被填充从 24849 到 25450
2025-09-10 14:25:01 - data_validator - WARNING - 细胞 OrgcEX154047 的decay_values被填充从 25299 到 25450
2025-09-10 14:25:01 - data_validator - WARNING - 细胞 OrgcEX154049 的decay_values被截断从 25608 到 25450
2025-09-10 14:25:01 - data_validator - WARNING - 细胞 OrgcEX154051 的decay_values被填充从 24998 到 25450
2025-09-10 14:25:01 - data_validator - WARNING - 细胞 OrgcEX154053 的decay_values被截断从 25538 到 25450
2025-09-10 14:25:01 - data_validator - WARNING - 细胞 OrgcEX154056 的decay_values被截断从 25563 到 25450
2025-09-10 14:25:01 - data_validator - WARNING - 细胞 OrgcEX154065 的decay_values被填充从 23848 到 25450
2025-09-10 14:25:01 - data_validator - WARNING - 细胞 OrgcEX154067 的decay_values被填充从 22183 到 25450
2025-09-10 14:25:01 - data_validator - WARNING - 细胞 OrgcEX154073 的decay_values被填充从 25394 到 25450
2025-09-10 14:25:01 - data_validator - WARNING - 细胞 OrgcEX154074 的decay_values被填充从 25092 到 25450
2025-09-10 14:25:01 - data_validator - WARNING - 细胞 OrgcEX154076 的decay_values被截断从 25565 到 25450
2025-09-10 14:25:01 - data_validator - WARNING - 细胞 OrgcEX154078 的decay_values被截断从 25544 到 25450
2025-09-10 14:25:01 - data_validator - WARNING - 细胞 OrgcEX154080 的decay_values被填充从 25005 到 25450
2025-09-10 14:25:01 - data_validator - WARNING - 细胞 OrgcEX154082 的decay_values被填充从 25267 到 25450
2025-09-10 14:25:01 - data_validator - WARNING - 细胞 OrgcEX154083 的decay_values被填充从 25446 到 25450
2025-09-10 14:25:01 - data_validator - WARNING - 细胞 OrgcEX154084 的decay_values被截断从 25653 到 25450
2025-09-10 14:25:01 - data_validator - WARNING - 细胞 OrgcEX154085 的decay_values被填充从 21356 到 25450
2025-09-10 14:25:01 - data_validator - WARNING - 细胞 OrgcEX154089 的decay_values被填充从 25255 到 25450
2025-09-10 14:25:01 - data_validator - WARNING - 细胞 OrgcEX154091 的decay_values被填充从 25075 到 25450
2025-09-10 14:25:01 - data_validator - WARNING - 细胞 OrgcEX154092 的decay_values被填充从 23859 到 25450
2025-09-10 14:25:01 - data_validator - WARNING - 细胞 OrgcEX154093 的decay_values被填充从 25076 到 25450
2025-09-10 14:25:01 - data_validator - WARNING - 细胞 OrgcEX154095 的decay_values被填充从 24401 到 25450
2025-09-10 14:25:01 - data_validator - WARNING - 细胞 OrgcEX154097 的decay_values被截断从 25497 到 25450
2025-09-10 14:25:01 - data_validator - WARNING - 细胞 OrgcEX154098 的decay_values被截断从 25499 到 25450
2025-09-10 14:25:01 - data_validator - WARNING - 细胞 OrgcEX154100 的decay_values被截断从 25623 到 25450
2025-09-10 14:25:01 - data_validator - WARNING - 细胞 OrgcEX154102 的decay_values被填充从 23365 到 25450
2025-09-10 14:25:01 - data_validator - WARNING - 细胞 OrgcEX154103 的decay_values被截断从 25549 到 25450
2025-09-10 14:25:01 - data_validator - WARNING - 细胞 OrgcEX154104 的decay_values被填充从 25319 到 25450
2025-09-10 14:25:01 - data_validator - WARNING - 细胞 OrgcEX154106 的decay_values被填充从 25165 到 25450
2025-09-10 14:25:01 - data_validator - WARNING - 细胞 OrgcEX154107 的decay_values被填充从 25100 到 25450
2025-09-10 14:25:01 - data_validator - WARNING - 细胞 OrgcEX154108 的decay_values被截断从 25651 到 25450
2025-09-10 14:25:01 - data_validator - WARNING - 细胞 OrgcEX154111 的decay_values被填充从 25396 到 25450
2025-09-10 14:25:01 - data_validator - WARNING - 细胞 OrgcEX154112 的decay_values被填充从 24961 到 25450
2025-09-10 14:25:01 - data_validator - WARNING - 细胞 OrgcEX154113 的decay_values被填充从 24520 到 25450
2025-09-10 14:25:01 - data_validator - WARNING - 细胞 OrgcEX154115 的decay_values被填充从 25231 到 25450
2025-09-10 14:25:01 - data_validator - WARNING - 细胞 OrgcEX154121 的decay_values被截断从 25542 到 25450
2025-09-10 14:25:01 - data_validator - WARNING - 细胞 OrgcEX154126 的decay_values被填充从 24950 到 25450
2025-09-10 14:25:01 - data_validator - WARNING - 细胞 OrgcEX154129 的decay_values被截断从 25558 到 25450
2025-09-10 14:25:01 - data_validator - WARNING - 细胞 OrgcEX154135 的decay_values被填充从 24544 到 25450
2025-09-10 14:25:01 - data_validator - WARNING - 细胞 OrgcEX154136 的decay_values被填充从 25091 到 25450
2025-09-10 14:25:01 - data_validator - WARNING - 细胞 OrgcEX154137 的decay_values被截断从 25577 到 25450
2025-09-10 14:25:01 - data_validator - WARNING - 细胞 OrgcEX154141 的decay_values被填充从 25429 到 25450
2025-09-10 14:25:01 - data_validator - WARNING - 细胞 OrgcEX154144 的decay_values被填充从 25193 到 25450
2025-09-10 14:25:01 - data_validator - WARNING - 细胞 OrgcEX154148 的decay_values被填充从 25430 到 25450
2025-09-10 14:25:01 - data_validator - WARNING - 细胞 OrgcEX154154 的decay_values被填充从 25234 到 25450
2025-09-10 14:25:01 - data_validator - WARNING - 细胞 OrgcEX154155 的decay_values被填充从 24198 到 25450
2025-09-10 14:25:01 - data_validator - WARNING - 细胞 OrgcEX154156 的decay_values被填充从 25230 到 25450
2025-09-10 14:25:01 - data_validator - WARNING - 细胞 OrgcEX154161 的decay_values被截断从 25623 到 25450
2025-09-10 14:25:01 - data_validator - WARNING - 细胞 OrgcEX154162 的decay_values被填充从 24146 到 25450
2025-09-10 14:25:01 - data_validator - WARNING - 细胞 OrgcEX154166 的decay_values被填充从 24727 到 25450
2025-09-10 14:25:01 - data_validator - WARNING - 细胞 OrgcEX154167 的decay_values被填充从 25433 到 25450
2025-09-10 14:25:01 - data_validator - WARNING - 细胞 OrgcEX154168 的decay_values被填充从 25394 到 25450
2025-09-10 14:25:01 - data_validator - WARNING - 细胞 OrgcEX154175 的decay_values被填充从 24725 到 25450
2025-09-10 14:25:01 - data_validator - WARNING - 细胞 OrgcEX154176 的decay_values被填充从 23523 到 25450
2025-09-10 14:25:01 - data_validator - WARNING - 细胞 OrgcEX154177 的decay_values被截断从 25622 到 25450
2025-09-10 14:25:01 - data_validator - WARNING - 细胞 OrgcEX154178 的decay_values被填充从 25432 到 25450
2025-09-10 14:25:01 - data_validator - WARNING - 细胞 OrgcEX154179 的decay_values被截断从 25640 到 25450
2025-09-10 14:25:01 - data_validator - WARNING - 细胞 OrgcEX154180 的decay_values被填充从 24480 到 25450
2025-09-10 14:25:01 - data_validator - WARNING - 细胞 OrgcEX154182 的decay_values被填充从 24770 到 25450
2025-09-10 14:25:01 - data_validator - WARNING - 细胞 OrgcEX154183 的decay_values被填充从 23359 到 25450
2025-09-10 14:25:01 - data_validator - WARNING - 细胞 OrgcEX154184 的decay_values被截断从 25461 到 25450
2025-09-10 14:25:01 - data_validator - WARNING - 细胞 OrgcEX154186 的decay_values被填充从 24810 到 25450
2025-09-10 14:25:01 - data_validator - WARNING - 细胞 OrgcEX154187 的decay_values被填充从 25174 到 25450
2025-09-10 14:25:01 - data_validator - WARNING - 细胞 OrgcEX154188 的decay_values被填充从 24928 到 25450
2025-09-10 14:25:01 - data_validator - WARNING - 细胞 OrgcEX154189 的decay_values被截断从 25632 到 25450
2025-09-10 14:25:01 - data_validator - WARNING - 细胞 OrgcEX154190 的decay_values被填充从 25271 到 25450
2025-09-10 14:25:01 - data_validator - WARNING - 细胞 OrgcEX154192 的decay_values被填充从 25329 到 25450
2025-09-10 14:25:01 - data_validator - WARNING - 细胞 OrgcEX154193 的decay_values被填充从 25339 到 25450
2025-09-10 14:25:01 - data_validator - WARNING - 细胞 OrgcEX154195 的decay_values被填充从 25224 到 25450
2025-09-10 14:25:01 - data_validator - WARNING - 细胞 OrgcEX154196 的decay_values被填充从 25296 到 25450
2025-09-10 14:25:01 - data_validator - WARNING - 细胞 OrgcEX154197 的decay_values被填充从 25017 到 25450
2025-09-10 14:25:01 - data_validator - WARNING - 细胞 OrgcEX154200 的decay_values被截断从 25506 到 25450
2025-09-10 14:25:01 - data_validator - WARNING - 细胞 OrgcEX154201 的decay_values被截断从 25458 到 25450
2025-09-10 14:25:01 - data_validator - WARNING - 细胞 OrgcEX154202 的decay_values被填充从 25445 到 25450
2025-09-10 14:25:01 - data_validator - WARNING - 细胞 OrgcEX154203 的decay_values被截断从 25481 到 25450
2025-09-10 14:25:01 - data_validator - WARNING - 细胞 OrgcEX154204 的decay_values被填充从 25349 到 25450
2025-09-10 14:25:01 - data_validator - WARNING - 细胞 OrgcEX154207 的decay_values被填充从 25040 到 25450
2025-09-10 14:25:01 - data_validator - WARNING - 细胞 OrgcEX154209 的decay_values被填充从 25310 到 25450
2025-09-10 14:25:01 - data_validator - WARNING - 细胞 OrgcEX154210 的decay_values被填充从 24985 到 25450
2025-09-10 14:25:01 - data_validator - WARNING - 细胞 OrgcEX154216 的decay_values被填充从 25259 到 25450
2025-09-10 14:25:01 - data_validator - WARNING - 细胞 OrgcEX154217 的decay_values被填充从 23059 到 25450
2025-09-10 14:25:01 - data_validator - WARNING - 细胞 OrgcEX154219 的decay_values被填充从 25314 到 25450
2025-09-10 14:25:01 - data_validator - WARNING - 细胞 OrgcEX154225 的decay_values被填充从 24984 到 25450
2025-09-10 14:25:01 - data_validator - WARNING - 细胞 OrgcEX154226 的decay_values被填充从 24156 到 25450
2025-09-10 14:25:01 - data_validator - WARNING - 细胞 OrgcEX154227 的decay_values被填充从 24350 到 25450
2025-09-10 14:25:01 - data_validator - WARNING - 细胞 OrgcEX154232 的decay_values被截断从 25630 到 25450
2025-09-10 14:25:01 - data_validator - WARNING - 细胞 OrgcEX154238 的decay_values被截断从 25560 到 25450
2025-09-10 14:25:01 - data_validator - WARNING - 细胞 OrgcEX154245 的decay_values被填充从 24032 到 25450
2025-09-10 14:25:01 - data_validator - WARNING - 细胞 OrgcEX154253 的decay_values被填充从 25425 到 25450
2025-09-10 14:25:01 - data_validator - WARNING - 细胞 OrgcEX154267 的decay_values被填充从 25341 到 25450
2025-09-10 14:25:01 - data_validator - WARNING - 细胞 OrgcEX154271 的decay_values被填充从 23042 到 25450
2025-09-10 14:25:01 - data_validator - WARNING - 细胞 OrgcEX154272 的decay_values被填充从 24021 到 25450
2025-09-10 14:25:01 - data_validator - WARNING - 细胞 OrgcEX154274 的decay_values被填充从 23987 到 25450
2025-09-10 14:25:01 - data_validator - WARNING - 细胞 OrgcEX154275 的decay_values被填充从 25215 到 25450
2025-09-10 14:25:01 - data_validator - WARNING - 细胞 OrgcEX154278 的decay_values被填充从 25114 到 25450
2025-09-10 14:25:01 - data_validator - WARNING - 细胞 OrgcEX154280 的decay_values被截断从 25578 到 25450
2025-09-10 14:25:01 - data_validator - WARNING - 细胞 OrgcEX154281 的decay_values被截断从 25650 到 25450
2025-09-10 14:25:01 - data_validator - WARNING - 细胞 OrgcEX154282 的decay_values被截断从 25522 到 25450
2025-09-10 14:25:01 - data_validator - WARNING - 细胞 OrgcEX154284 的decay_values被填充从 25017 到 25450
2025-09-10 14:25:01 - data_validator - WARNING - 细胞 OrgcEX154286 的decay_values被截断从 25508 到 25450
2025-09-10 14:25:01 - data_validator - WARNING - 细胞 OrgcEX154287 的decay_values被填充从 25407 到 25450
2025-09-10 14:25:01 - data_validator - WARNING - 细胞 OrgcEX154288 的decay_values被填充从 24237 到 25450
2025-09-10 14:25:01 - data_validator - WARNING - 细胞 OrgcEX154292 的decay_values被填充从 25214 到 25450
2025-09-10 14:25:01 - data_validator - WARNING - 细胞 OrgcEX154293 的decay_values被截断从 25603 到 25450
2025-09-10 14:25:01 - data_validator - WARNING - 细胞 OrgcEX154294 的decay_values被填充从 24853 到 25450
2025-09-10 14:25:01 - data_validator - WARNING - 细胞 OrgcEX154295 的decay_values被填充从 24762 到 25450
2025-09-10 14:25:01 - data_validator - WARNING - 细胞 OrgcEX154296 的decay_values被填充从 24934 到 25450
2025-09-10 14:25:01 - data_validator - WARNING - 细胞 OrgcEX154297 的decay_values被填充从 21153 到 25450
2025-09-10 14:25:01 - data_validator - WARNING - 细胞 OrgcEX154304 的decay_values被填充从 17974 到 25450
2025-09-10 14:25:01 - data_validator - WARNING - 细胞 OrgcEX154307 的decay_values被填充从 25428 到 25450
2025-09-10 14:25:01 - data_validator - WARNING - 细胞 OrgcEX154312 的decay_values被填充从 22887 到 25450
2025-09-10 14:25:01 - data_validator - WARNING - 细胞 OrgcEX154314 的decay_values被填充从 25289 到 25450
2025-09-10 14:25:01 - data_validator - WARNING - 细胞 OrgcEX154315 的decay_values被填充从 25272 到 25450
2025-09-10 14:25:01 - data_validator - WARNING - 细胞 OrgcEX154321 的decay_values被填充从 25208 到 25450
2025-09-10 14:25:01 - data_validator - WARNING - 细胞 OrgcEX154323 的decay_values被截断从 25584 到 25450
2025-09-10 14:25:01 - data_validator - WARNING - 细胞 OrgcEX154326 的decay_values被填充从 20541 到 25450
2025-09-10 14:25:01 - data_validator - WARNING - 细胞 OrgcEX154331 的decay_values被填充从 24903 到 25450
2025-09-10 14:25:01 - data_validator - WARNING - 细胞 OrgcEX154336 的decay_values被截断从 25599 到 25450
2025-09-10 14:25:01 - data_validator - WARNING - 细胞 OrgcEX154337 的decay_values被填充从 25135 到 25450
2025-09-10 14:25:01 - data_validator - WARNING - 细胞 OrgcEX154338 的decay_values被填充从 24742 到 25450
2025-09-10 14:25:01 - data_validator - WARNING - 细胞 OrgcEX154350 的decay_values被填充从 25352 到 25450
2025-09-10 14:25:01 - data_validator - WARNING - 细胞 OrgcEX154353 的decay_values被截断从 25627 到 25450
2025-09-10 14:25:01 - data_validator - WARNING - 细胞 OrgcEX154356 的decay_values被截断从 25595 到 25450
2025-09-10 14:25:01 - data_validator - WARNING - 细胞 OrgcEX154361 的decay_values被截断从 25584 到 25450
2025-09-10 14:25:01 - data_validator - WARNING - 细胞 OrgcEX154364 的decay_values被填充从 24835 到 25450
2025-09-10 14:25:01 - data_validator - WARNING - 细胞 OrgcEX154367 的decay_values被填充从 22868 到 25450
2025-09-10 14:25:01 - data_validator - WARNING - 细胞 OrgcEX154368 的decay_values被填充从 25273 到 25450
2025-09-10 14:25:01 - data_validator - WARNING - 细胞 OrgcEX154370 的decay_values被填充从 25341 到 25450
2025-09-10 14:25:01 - data_validator - WARNING - 细胞 OrgcEX154372 的decay_values被填充从 25176 到 25450
2025-09-10 14:25:01 - data_validator - WARNING - 细胞 OrgcEX154373 的decay_values被截断从 25569 到 25450
2025-09-10 14:25:01 - data_validator - WARNING - 细胞 OrgcEX154375 的decay_values被填充从 25162 到 25450
2025-09-10 14:25:01 - data_validator - WARNING - 细胞 OrgcEX154376 的decay_values被填充从 25403 到 25450
2025-09-10 14:25:01 - data_validator - WARNING - 细胞 OrgcEX154377 的decay_values被填充从 25210 到 25450
2025-09-10 14:25:01 - data_validator - WARNING - 细胞 OrgcEX154380 的decay_values被填充从 20486 到 25450
2025-09-10 14:25:01 - data_validator - WARNING - 细胞 OrgcEX154381 的decay_values被填充从 25343 到 25450
2025-09-10 14:25:01 - data_validator - WARNING - 细胞 OrgcEX154382 的decay_values被填充从 24859 到 25450
2025-09-10 14:25:01 - data_validator - WARNING - 细胞 OrgcEX154383 的decay_values被填充从 24729 到 25450
2025-09-10 14:25:01 - root - INFO - 创建了 545 × 25450 的decay矩阵
2025-09-10 14:25:01 - root - INFO - 创建AnnData对象: 545 细胞 × 25450 特征
2025-09-10 14:25:01 - root - INFO - 转换为H5AD格式 完成 - 用时: 0.3s - 内存变化: +157.2 MB
2025-09-10 14:25:01 - root - INFO - 保存H5AD文件: /Volumes/SumSung500/CSU/0_HiRES/4_contact_decay_profile_2_h5ad/json2h5ad/output/stage_EX15.h5ad
2025-09-10 14:25:02 - root - INFO - H5AD文件已保存: /Volumes/SumSung500/CSU/0_HiRES/4_contact_decay_profile_2_h5ad/json2h5ad/output/stage_EX15.h5ad (48.3 MB)
2025-09-10 14:25:02 - root - INFO - 处理摘要已保存: /Volumes/SumSung500/CSU/0_HiRES/4_contact_decay_profile_2_h5ad/json2h5ad/output/stage_EX15_summary.json
2025-09-10 14:25:02 - root - INFO - 保存H5AD文件 完成 - 用时: 1.1s - 内存变化: +6.1 MB
2025-09-10 14:25:02 - root - INFO - 处理完成: 1943.7 MB (+1706.3 MB from start)
