2025-09-10 14:24:04 - root - INFO - 日志系统初始化完成，日志文件: /Volumes/SumSung500/CSU/0_HiRES/4_contact_decay_profile_2_h5ad/json2h5ad/logs/stage_E95_processing_20250910_142404.log
2025-09-10 14:24:04 - root - INFO - 开始处理 Stage E95
2025-09-10 14:24:04 - root - INFO - 系统信息: {'platform': 'darwin', 'python_version': '3.12.11 | packaged by conda-forge | (main, Jun  4 2025, 14:38:53) [Clang 18.1.8 ]', 'cpu_count': 10, 'memory_total_gb': 24.0, 'memory_available_gb': 5.4097137451171875, 'current_time': '2025-09-10T14:24:04.746190'}
2025-09-10 14:24:04 - metadata_processor - INFO - 加载元数据文件: /Volumes/SumSung500/CSU/0_HiRES/4_contact_decay_profile_2_h5ad/json2h5ad/GSE223917_HiRES_emb_metadata.xlsx
2025-09-10 14:24:05 - metadata_processor - INFO - 成功加载元数据: 7469 个细胞记录
2025-09-10 14:24:05 - root - INFO - 找到 467 个JSON文件
2025-09-10 14:24:08 - utils - INFO - 处理 Stage E95 JSON文件: 100/467 (21.4%) - 已用时: 2.8s - 预计剩余: 10.2s
2025-09-10 14:24:10 - utils - INFO - 处理 Stage E95 JSON文件: 200/467 (42.8%) - 已用时: 5.1s - 预计剩余: 6.9s
2025-09-10 14:24:12 - utils - INFO - 处理 Stage E95 JSON文件: 300/467 (64.2%) - 已用时: 7.5s - 预计剩余: 4.2s
2025-09-10 14:24:15 - utils - INFO - 处理 Stage E95 JSON文件: 400/467 (85.7%) - 已用时: 10.0s - 预计剩余: 1.7s
2025-09-10 14:24:17 - utils - INFO - 处理 Stage E95 JSON文件: 467/467 (100.0%) - 已用时: 11.6s - 预计剩余: 0.0s
2025-09-10 14:24:17 - utils - INFO - 处理 Stage E95 JSON文件 完成! 总用时: 11.6s
2025-09-10 14:24:17 - root - INFO - 成功处理 467 个文件
2025-09-10 14:24:17 - root - INFO - 处理 Stage E95 的 467 个文件 完成 - 用时: 11.6s - 内存变化: +876.8 MB
2025-09-10 14:24:17 - data_validator - WARNING - Stage E95 distances长度差异较大: {24784: 1, 24035: 1, 24182: 1, 24864: 1, 23353: 1, 20731: 1, 19172: 1, 23444: 3, 24000: 1, 21731: 1, 24902: 2, 25494: 1, 22694: 1, 22385: 1, 23282: 1, 24899: 1, 25502: 1, 22079: 1, 24936: 1, 24633: 2, 16807: 1, 23274: 1, 25197: 1, 22617: 2, 23803: 1, 25383: 1, 24180: 1, 23227: 1, 25480: 1, 25501: 1, 24474: 1, 23878: 1, 22361: 1, 24295: 1, 25278: 1, 22541: 1, 23699: 1, 25576: 1, 25417: 1, 21941: 1, 23320: 1, 25518: 1, 24674: 1, 22424: 1, 25359: 1, 24701: 2, 25528: 2, 25072: 1, 24586: 1, 23673: 1, 25193: 1, 25418: 1, 23149: 1, 24065: 1, 25194: 2, 24574: 1, 21478: 1, 21692: 1, 25513: 1, 24961: 1, 23311: 1, 23439: 1, 25358: 3, 23145: 1, 24519: 1, 23021: 1, 24385: 1, 24934: 1, 25542: 1, 24528: 1, 22522: 1, 25601: 1, 25352: 1, 24507: 1, 25023: 1, 25428: 1, 24554: 1, 24787: 1, 19953: 1, 21823: 1, 25123: 1, 23938: 1, 23329: 1, 23988: 1, 24616: 1, 22728: 1, 24040: 1, 23852: 1, 25262: 1, 25591: 1, 25409: 1, 23922: 1, 20292: 1, 24233: 1, 23638: 2, 25459: 2, 25658: 2, 25462: 1, 23167: 1, 25568: 2, 25569: 1, 22946: 1, 23566: 2, 20101: 1, 24722: 1, 25593: 1, 21259: 1, 24264: 1, 23515: 1, 25198: 1, 22987: 1, 24347: 1, 25003: 1, 22180: 1, 24911: 1, 25537: 2, 24491: 1, 22770: 1, 25286: 1, 25285: 1, 24827: 1, 23621: 1, 22844: 1, 24311: 1, 22645: 1, 24555: 1, 25314: 1, 25508: 1, 24600: 2, 25447: 1, 24397: 1, 24517: 1, 23854: 1, 23970: 2, 24663: 2, 23742: 1, 23626: 1, 24017: 1, 25192: 1, 25128: 1, 25030: 2, 22351: 1, 18844: 1, 22984: 1, 23943: 1, 25236: 1, 25158: 1, 22857: 1, 23297: 1, 25264: 2, 25012: 1, 24750: 1, 23602: 1, 24392: 1, 25536: 1, 24957: 1, 25645: 1, 24759: 1, 25074: 1, 25690: 1, 24981: 1, 24344: 1, 23835: 1, 25450: 1, 25240: 1, 24594: 1, 25228: 1, 25679: 1, 25688: 1, 24411: 2, 23658: 1, 25090: 1, 24537: 1, 22227: 1, 25622: 1, 24839: 2, 25646: 1, 25298: 1, 25112: 1, 24892: 1, 25181: 1, 24318: 1, 24183: 1, 25700: 1, 24112: 1, 25263: 1, 25681: 1, 23256: 1, 25445: 1, 25677: 2, 24085: 1, 25341: 1, 23071: 2, 25676: 1, 25575: 1, 25699: 1, 23557: 1, 25465: 2, 24810: 1, 25689: 1, 25639: 1, 25297: 1, 25036: 1, 24613: 1, 24856: 1, 24893: 1, 18156: 1, 25698: 1, 25616: 1, 23015: 1, 23104: 1, 25609: 1, 24932: 1, 25507: 1, 25682: 1, 25207: 1, 24724: 1, 24621: 1, 25627: 1, 25292: 1, 25148: 2, 22559: 1, 22518: 1, 22739: 1, 23180: 1, 25427: 1, 22887: 1, 24913: 1, 22113: 1, 23898: 1, 24091: 1, 24948: 2, 25641: 1, 24123: 1, 25311: 1, 25659: 2, 25120: 2, 24712: 1, 25640: 1, 25394: 1, 25035: 1, 22223: 1, 24019: 1, 25485: 3, 23459: 1, 23494: 1, 25293: 1, 23845: 1, 22427: 1, 25652: 1, 23507: 1, 24577: 1, 24320: 1, 24345: 1, 23360: 1, 25320: 1, 23479: 1, 24888: 1, 25364: 1, 24636: 1, 24244: 1, 24978: 1, 25648: 1, 25053: 1, 22915: 1, 23722: 1, 22627: 1, 24572: 1, 24876: 1, 24992: 1, 25271: 1, 25660: 1, 25029: 1, 24564: 1, 24376: 1, 24847: 1, 24854: 1, 24946: 1, 25675: 1, 23844: 1, 21832: 1, 25562: 1, 24305: 1, 23492: 1, 20913: 1, 23730: 1, 24230: 1, 23097: 1, 25597: 1, 23072: 1, 25512: 1, 25489: 1, 24427: 2, 24777: 1, 21385: 1, 25280: 1, 24919: 1, 24588: 1, 22280: 1, 24769: 1, 23795: 1, 24702: 1, 22732: 1, 25268: 1, 23170: 1, 23259: 1, 24668: 1, 25076: 1, 25588: 1, 25429: 1, 23614: 1, 24289: 1, 24752: 1, 23979: 1, 24498: 1, 25310: 1, 24997: 1, 25372: 1, 23304: 1, 24001: 1, 25007: 1, 24429: 1, 23234: 1, 23966: 1, 24535: 1, 22590: 1, 23622: 1, 25266: 1, 24658: 1, 24053: 1, 23464: 1, 24115: 1, 24689: 1, 24671: 1, 23088: 1, 25602: 1, 24782: 1, 25326: 1, 23911: 1, 25004: 2, 23928: 1, 25362: 2, 24072: 2, 23156: 1, 21855: 1, 25665: 1, 24983: 1, 24630: 1, 24435: 1, 25313: 1, 24811: 1, 23416: 1, 24545: 1, 24591: 1, 24013: 1, 23254: 1, 24150: 1, 24008: 1, 25272: 1, 25579: 1, 23985: 2, 25070: 1, 24828: 1, 22656: 1, 23462: 1, 23482: 1, 24199: 1, 24990: 1, 24579: 1, 25497: 1, 24079: 1, 24142: 1, 25202: 2, 24151: 1, 25167: 1, 24882: 1, 20135: 1, 22222: 1, 23471: 1, 22903: 1, 24189: 1, 25434: 1, 24158: 1, 25238: 1, 25183: 1, 23807: 1, 22527: 1, 25581: 1, 25477: 1, 24222: 1, 23907: 1, 25674: 1, 23382: 1, 25461: 1, 23913: 1, 25668: 1, 22439: 1, 23581: 1, 24490: 1, 25647: 1, 24623: 1, 22502: 1, 25087: 1, 24154: 1, 23209: 1, 24788: 1, 23073: 1, 24483: 1, 24453: 1, 24556: 1, 24610: 1, 23972: 1, 25373: 1, 23292: 1, 25276: 1, 25374: 1, 23880: 1, 24447: 1, 23354: 1, 23314: 1, 24408: 1, 24754: 1, 24595: 1, 25431: 1, 24153: 1, 24898: 1, 23689: 1, 25037: 1, 24838: 1}
2025-09-10 14:24:17 - root - INFO - Stage E95 统计信息:
2025-09-10 14:24:17 - root - INFO -   细胞数量: 467
2025-09-10 14:24:17 - root - INFO -   距离长度范围: (16807, 25700)
2025-09-10 14:24:17 - root - INFO -   最常见长度: (23444, 3)
2025-09-10 14:24:17 - root - INFO -   分辨率: [100000]
2025-09-10 14:24:17 - root - INFO -   总contacts范围: (8, 13)
2025-09-10 14:24:17 - root - INFO -   平均contacts: 10.1
2025-09-10 14:24:17 - data_validator - WARNING - 验证发现 1 个警告:
2025-09-10 14:24:17 - data_validator - WARNING -   - Stage E95 distances长度差异较大: {24784: 1, 24035: 1, 24182: 1, 24864: 1, 23353: 1, 20731: 1, 19172: 1, 23444: 3, 24000: 1, 21731: 1, 24902: 2, 25494: 1, 22694: 1, 22385: 1, 23282: 1, 24899: 1, 25502: 1, 22079: 1, 24936: 1, 24633: 2, 16807: 1, 23274: 1, 25197: 1, 22617: 2, 23803: 1, 25383: 1, 24180: 1, 23227: 1, 25480: 1, 25501: 1, 24474: 1, 23878: 1, 22361: 1, 24295: 1, 25278: 1, 22541: 1, 23699: 1, 25576: 1, 25417: 1, 21941: 1, 23320: 1, 25518: 1, 24674: 1, 22424: 1, 25359: 1, 24701: 2, 25528: 2, 25072: 1, 24586: 1, 23673: 1, 25193: 1, 25418: 1, 23149: 1, 24065: 1, 25194: 2, 24574: 1, 21478: 1, 21692: 1, 25513: 1, 24961: 1, 23311: 1, 23439: 1, 25358: 3, 23145: 1, 24519: 1, 23021: 1, 24385: 1, 24934: 1, 25542: 1, 24528: 1, 22522: 1, 25601: 1, 25352: 1, 24507: 1, 25023: 1, 25428: 1, 24554: 1, 24787: 1, 19953: 1, 21823: 1, 25123: 1, 23938: 1, 23329: 1, 23988: 1, 24616: 1, 22728: 1, 24040: 1, 23852: 1, 25262: 1, 25591: 1, 25409: 1, 23922: 1, 20292: 1, 24233: 1, 23638: 2, 25459: 2, 25658: 2, 25462: 1, 23167: 1, 25568: 2, 25569: 1, 22946: 1, 23566: 2, 20101: 1, 24722: 1, 25593: 1, 21259: 1, 24264: 1, 23515: 1, 25198: 1, 22987: 1, 24347: 1, 25003: 1, 22180: 1, 24911: 1, 25537: 2, 24491: 1, 22770: 1, 25286: 1, 25285: 1, 24827: 1, 23621: 1, 22844: 1, 24311: 1, 22645: 1, 24555: 1, 25314: 1, 25508: 1, 24600: 2, 25447: 1, 24397: 1, 24517: 1, 23854: 1, 23970: 2, 24663: 2, 23742: 1, 23626: 1, 24017: 1, 25192: 1, 25128: 1, 25030: 2, 22351: 1, 18844: 1, 22984: 1, 23943: 1, 25236: 1, 25158: 1, 22857: 1, 23297: 1, 25264: 2, 25012: 1, 24750: 1, 23602: 1, 24392: 1, 25536: 1, 24957: 1, 25645: 1, 24759: 1, 25074: 1, 25690: 1, 24981: 1, 24344: 1, 23835: 1, 25450: 1, 25240: 1, 24594: 1, 25228: 1, 25679: 1, 25688: 1, 24411: 2, 23658: 1, 25090: 1, 24537: 1, 22227: 1, 25622: 1, 24839: 2, 25646: 1, 25298: 1, 25112: 1, 24892: 1, 25181: 1, 24318: 1, 24183: 1, 25700: 1, 24112: 1, 25263: 1, 25681: 1, 23256: 1, 25445: 1, 25677: 2, 24085: 1, 25341: 1, 23071: 2, 25676: 1, 25575: 1, 25699: 1, 23557: 1, 25465: 2, 24810: 1, 25689: 1, 25639: 1, 25297: 1, 25036: 1, 24613: 1, 24856: 1, 24893: 1, 18156: 1, 25698: 1, 25616: 1, 23015: 1, 23104: 1, 25609: 1, 24932: 1, 25507: 1, 25682: 1, 25207: 1, 24724: 1, 24621: 1, 25627: 1, 25292: 1, 25148: 2, 22559: 1, 22518: 1, 22739: 1, 23180: 1, 25427: 1, 22887: 1, 24913: 1, 22113: 1, 23898: 1, 24091: 1, 24948: 2, 25641: 1, 24123: 1, 25311: 1, 25659: 2, 25120: 2, 24712: 1, 25640: 1, 25394: 1, 25035: 1, 22223: 1, 24019: 1, 25485: 3, 23459: 1, 23494: 1, 25293: 1, 23845: 1, 22427: 1, 25652: 1, 23507: 1, 24577: 1, 24320: 1, 24345: 1, 23360: 1, 25320: 1, 23479: 1, 24888: 1, 25364: 1, 24636: 1, 24244: 1, 24978: 1, 25648: 1, 25053: 1, 22915: 1, 23722: 1, 22627: 1, 24572: 1, 24876: 1, 24992: 1, 25271: 1, 25660: 1, 25029: 1, 24564: 1, 24376: 1, 24847: 1, 24854: 1, 24946: 1, 25675: 1, 23844: 1, 21832: 1, 25562: 1, 24305: 1, 23492: 1, 20913: 1, 23730: 1, 24230: 1, 23097: 1, 25597: 1, 23072: 1, 25512: 1, 25489: 1, 24427: 2, 24777: 1, 21385: 1, 25280: 1, 24919: 1, 24588: 1, 22280: 1, 24769: 1, 23795: 1, 24702: 1, 22732: 1, 25268: 1, 23170: 1, 23259: 1, 24668: 1, 25076: 1, 25588: 1, 25429: 1, 23614: 1, 24289: 1, 24752: 1, 23979: 1, 24498: 1, 25310: 1, 24997: 1, 25372: 1, 23304: 1, 24001: 1, 25007: 1, 24429: 1, 23234: 1, 23966: 1, 24535: 1, 22590: 1, 23622: 1, 25266: 1, 24658: 1, 24053: 1, 23464: 1, 24115: 1, 24689: 1, 24671: 1, 23088: 1, 25602: 1, 24782: 1, 25326: 1, 23911: 1, 25004: 2, 23928: 1, 25362: 2, 24072: 2, 23156: 1, 21855: 1, 25665: 1, 24983: 1, 24630: 1, 24435: 1, 25313: 1, 24811: 1, 23416: 1, 24545: 1, 24591: 1, 24013: 1, 23254: 1, 24150: 1, 24008: 1, 25272: 1, 25579: 1, 23985: 2, 25070: 1, 24828: 1, 22656: 1, 23462: 1, 23482: 1, 24199: 1, 24990: 1, 24579: 1, 25497: 1, 24079: 1, 24142: 1, 25202: 2, 24151: 1, 25167: 1, 24882: 1, 20135: 1, 22222: 1, 23471: 1, 22903: 1, 24189: 1, 25434: 1, 24158: 1, 25238: 1, 25183: 1, 23807: 1, 22527: 1, 25581: 1, 25477: 1, 24222: 1, 23907: 1, 25674: 1, 23382: 1, 25461: 1, 23913: 1, 25668: 1, 22439: 1, 23581: 1, 24490: 1, 25647: 1, 24623: 1, 22502: 1, 25087: 1, 24154: 1, 23209: 1, 24788: 1, 23073: 1, 24483: 1, 24453: 1, 24556: 1, 24610: 1, 23972: 1, 25373: 1, 23292: 1, 25276: 1, 25374: 1, 23880: 1, 24447: 1, 23354: 1, 23314: 1, 24408: 1, 24754: 1, 24595: 1, 25431: 1, 24153: 1, 24898: 1, 23689: 1, 25037: 1, 24838: 1}
2025-09-10 14:24:17 - root - INFO - 验证和对齐数据 完成 - 用时: 0.0s - 内存变化: +2.4 MB
2025-09-10 14:24:17 - data_validator - INFO - 统一distances长度为: 23444
2025-09-10 14:24:17 - data_validator - WARNING - 细胞 OrgaE952004 的decay_values被截断从 24784 到 23444
2025-09-10 14:24:17 - data_validator - WARNING - 细胞 OrgaE952007 的decay_values被截断从 24035 到 23444
2025-09-10 14:24:17 - data_validator - WARNING - 细胞 OrgaE952010 的decay_values被截断从 24182 到 23444
2025-09-10 14:24:17 - data_validator - WARNING - 细胞 OrgaE952015 的decay_values被截断从 24864 到 23444
2025-09-10 14:24:17 - data_validator - WARNING - 细胞 OrgaE952016 的decay_values被填充从 23353 到 23444
2025-09-10 14:24:17 - data_validator - WARNING - 细胞 OrgaE952017 的decay_values被填充从 20731 到 23444
2025-09-10 14:24:17 - data_validator - WARNING - 细胞 OrgaE952018 的decay_values被填充从 19172 到 23444
2025-09-10 14:24:17 - data_validator - WARNING - 细胞 OrgaE952023 的decay_values被截断从 24000 到 23444
2025-09-10 14:24:17 - data_validator - WARNING - 细胞 OrgaE952025 的decay_values被填充从 21731 到 23444
2025-09-10 14:24:17 - data_validator - WARNING - 细胞 OrgaE952026 的decay_values被截断从 24902 到 23444
2025-09-10 14:24:17 - data_validator - WARNING - 细胞 OrgaE952030 的decay_values被截断从 25494 到 23444
2025-09-10 14:24:17 - data_validator - WARNING - 细胞 OrgaE952035 的decay_values被填充从 22694 到 23444
2025-09-10 14:24:17 - data_validator - WARNING - 细胞 OrgaE952036 的decay_values被填充从 22385 到 23444
2025-09-10 14:24:17 - data_validator - WARNING - 细胞 OrgaE952038 的decay_values被填充从 23282 到 23444
2025-09-10 14:24:17 - data_validator - WARNING - 细胞 OrgaE952039 的decay_values被截断从 24899 到 23444
2025-09-10 14:24:17 - data_validator - WARNING - 细胞 OrgaE952040 的decay_values被截断从 25502 到 23444
2025-09-10 14:24:17 - data_validator - WARNING - 细胞 OrgaE952043 的decay_values被填充从 22079 到 23444
2025-09-10 14:24:17 - data_validator - WARNING - 细胞 OrgaE952044 的decay_values被截断从 24936 到 23444
2025-09-10 14:24:17 - data_validator - WARNING - 细胞 OrgaE952046 的decay_values被截断从 24633 到 23444
2025-09-10 14:24:17 - data_validator - WARNING - 细胞 OrgaE952048 的decay_values被截断从 24902 到 23444
2025-09-10 14:24:17 - data_validator - WARNING - 细胞 OrgaE952050 的decay_values被填充从 16807 到 23444
2025-09-10 14:24:17 - data_validator - WARNING - 细胞 OrgaE952052 的decay_values被填充从 23274 到 23444
2025-09-10 14:24:17 - data_validator - WARNING - 细胞 OrgaE952055 的decay_values被截断从 25197 到 23444
2025-09-10 14:24:17 - data_validator - WARNING - 细胞 OrgaE952057 的decay_values被填充从 22617 到 23444
2025-09-10 14:24:17 - data_validator - WARNING - 细胞 OrgaE952058 的decay_values被截断从 23803 到 23444
2025-09-10 14:24:17 - data_validator - WARNING - 细胞 OrgaE952061 的decay_values被截断从 25383 到 23444
2025-09-10 14:24:17 - data_validator - WARNING - 细胞 OrgaE952062 的decay_values被截断从 24180 到 23444
2025-09-10 14:24:17 - data_validator - WARNING - 细胞 OrgaE952065 的decay_values被填充从 23227 到 23444
2025-09-10 14:24:17 - data_validator - WARNING - 细胞 OrgaE952067 的decay_values被截断从 25480 到 23444
2025-09-10 14:24:17 - data_validator - WARNING - 细胞 OrgaE952071 的decay_values被截断从 25501 到 23444
2025-09-10 14:24:17 - data_validator - WARNING - 细胞 OrgaE952073 的decay_values被截断从 24474 到 23444
2025-09-10 14:24:17 - data_validator - WARNING - 细胞 OrgaE952074 的decay_values被截断从 23878 到 23444
2025-09-10 14:24:17 - data_validator - WARNING - 细胞 OrgaE952076 的decay_values被填充从 22361 到 23444
2025-09-10 14:24:17 - data_validator - WARNING - 细胞 OrgaE952077 的decay_values被截断从 24295 到 23444
2025-09-10 14:24:17 - data_validator - WARNING - 细胞 OrgaE952084 的decay_values被截断从 25278 到 23444
2025-09-10 14:24:17 - data_validator - WARNING - 细胞 OrgaE952085 的decay_values被填充从 22541 到 23444
2025-09-10 14:24:17 - data_validator - WARNING - 细胞 OrgaE952086 的decay_values被截断从 23699 到 23444
2025-09-10 14:24:17 - data_validator - WARNING - 细胞 OrgaE952088 的decay_values被截断从 25576 到 23444
2025-09-10 14:24:17 - data_validator - WARNING - 细胞 OrgaE952094 的decay_values被截断从 25417 到 23444
2025-09-10 14:24:17 - data_validator - WARNING - 细胞 OrgaE952095 的decay_values被填充从 21941 到 23444
2025-09-10 14:24:17 - data_validator - WARNING - 细胞 OrgaE952096 的decay_values被填充从 23320 到 23444
2025-09-10 14:24:17 - data_validator - WARNING - 细胞 OrgaE952099 的decay_values被截断从 25518 到 23444
2025-09-10 14:24:17 - data_validator - WARNING - 细胞 OrgaE952101 的decay_values被截断从 24674 到 23444
2025-09-10 14:24:17 - data_validator - WARNING - 细胞 OrgaE952102 的decay_values被填充从 22424 到 23444
2025-09-10 14:24:17 - data_validator - WARNING - 细胞 OrgaE952104 的decay_values被截断从 25359 到 23444
2025-09-10 14:24:17 - data_validator - WARNING - 细胞 OrgaE952105 的decay_values被截断从 24701 到 23444
2025-09-10 14:24:17 - data_validator - WARNING - 细胞 OrgaE952106 的decay_values被截断从 25528 到 23444
2025-09-10 14:24:17 - data_validator - WARNING - 细胞 OrgaE952107 的decay_values被截断从 25072 到 23444
2025-09-10 14:24:17 - data_validator - WARNING - 细胞 OrgaE952111 的decay_values被截断从 24586 到 23444
2025-09-10 14:24:17 - data_validator - WARNING - 细胞 OrgaE952114 的decay_values被截断从 23673 到 23444
2025-09-10 14:24:17 - data_validator - WARNING - 细胞 OrgaE952115 的decay_values被截断从 25193 到 23444
2025-09-10 14:24:17 - data_validator - WARNING - 细胞 OrgaE952123 的decay_values被截断从 25418 到 23444
2025-09-10 14:24:17 - data_validator - WARNING - 细胞 OrgaE952124 的decay_values被填充从 23149 到 23444
2025-09-10 14:24:17 - data_validator - WARNING - 细胞 OrgaE952127 的decay_values被截断从 24065 到 23444
2025-09-10 14:24:17 - data_validator - WARNING - 细胞 OrgaE952129 的decay_values被截断从 25194 到 23444
2025-09-10 14:24:17 - data_validator - WARNING - 细胞 OrgaE952132 的decay_values被截断从 24574 到 23444
2025-09-10 14:24:17 - data_validator - WARNING - 细胞 OrgaE952135 的decay_values被填充从 21478 到 23444
2025-09-10 14:24:17 - data_validator - WARNING - 细胞 OrgaE952139 的decay_values被填充从 21692 到 23444
2025-09-10 14:24:17 - data_validator - WARNING - 细胞 OrgaE952143 的decay_values被截断从 25513 到 23444
2025-09-10 14:24:17 - data_validator - WARNING - 细胞 OrgaE952147 的decay_values被截断从 24961 到 23444
2025-09-10 14:24:17 - data_validator - WARNING - 细胞 OrgaE952151 的decay_values被填充从 23311 到 23444
2025-09-10 14:24:17 - data_validator - WARNING - 细胞 OrgaE952152 的decay_values被填充从 23439 到 23444
2025-09-10 14:24:17 - data_validator - WARNING - 细胞 OrgaE952169 的decay_values被截断从 25358 到 23444
2025-09-10 14:24:17 - data_validator - WARNING - 细胞 OrgaE952170 的decay_values被填充从 23145 到 23444
2025-09-10 14:24:17 - data_validator - WARNING - 细胞 OrgaE952172 的decay_values被截断从 24519 到 23444
2025-09-10 14:24:17 - data_validator - WARNING - 细胞 OrgaE952173 的decay_values被填充从 23021 到 23444
2025-09-10 14:24:17 - data_validator - WARNING - 细胞 OrgaE952179 的decay_values被截断从 24385 到 23444
2025-09-10 14:24:17 - data_validator - WARNING - 细胞 OrgaE952182 的decay_values被截断从 24934 到 23444
2025-09-10 14:24:17 - data_validator - WARNING - 细胞 OrgaE952183 的decay_values被截断从 25542 到 23444
2025-09-10 14:24:17 - data_validator - WARNING - 细胞 OrgaE952184 的decay_values被截断从 24528 到 23444
2025-09-10 14:24:17 - data_validator - WARNING - 细胞 OrgaE952186 的decay_values被填充从 22522 到 23444
2025-09-10 14:24:17 - data_validator - WARNING - 细胞 OrgaE952187 的decay_values被截断从 25601 到 23444
2025-09-10 14:24:17 - data_validator - WARNING - 细胞 OrgaE952190 的decay_values被截断从 25352 到 23444
2025-09-10 14:24:17 - data_validator - WARNING - 细胞 OrgaE952191 的decay_values被截断从 24507 到 23444
2025-09-10 14:24:17 - data_validator - WARNING - 细胞 OrgaE952192 的decay_values被截断从 25023 到 23444
2025-09-10 14:24:17 - data_validator - WARNING - 细胞 OrgaE952196 的decay_values被截断从 25428 到 23444
2025-09-10 14:24:17 - data_validator - WARNING - 细胞 OrgaE952199 的decay_values被截断从 24554 到 23444
2025-09-10 14:24:17 - data_validator - WARNING - 细胞 OrgaE952201 的decay_values被截断从 24787 到 23444
2025-09-10 14:24:17 - data_validator - WARNING - 细胞 OrgaE952203 的decay_values被填充从 19953 到 23444
2025-09-10 14:24:17 - data_validator - WARNING - 细胞 OrgaE952204 的decay_values被填充从 21823 到 23444
2025-09-10 14:24:17 - data_validator - WARNING - 细胞 OrgaE952205 的decay_values被截断从 25123 到 23444
2025-09-10 14:24:17 - data_validator - WARNING - 细胞 OrgaE952206 的decay_values被截断从 23938 到 23444
2025-09-10 14:24:17 - data_validator - WARNING - 细胞 OrgaE952207 的decay_values被填充从 23329 到 23444
2025-09-10 14:24:17 - data_validator - WARNING - 细胞 OrgaE952208 的decay_values被截断从 23988 到 23444
2025-09-10 14:24:17 - data_validator - WARNING - 细胞 OrgaE952209 的decay_values被截断从 24616 到 23444
2025-09-10 14:24:17 - data_validator - WARNING - 细胞 OrgaE952210 的decay_values被填充从 22728 到 23444
2025-09-10 14:24:17 - data_validator - WARNING - 细胞 OrgaE952211 的decay_values被截断从 24040 到 23444
2025-09-10 14:24:17 - data_validator - WARNING - 细胞 OrgaE952212 的decay_values被截断从 23852 到 23444
2025-09-10 14:24:17 - data_validator - WARNING - 细胞 OrgaE952216 的decay_values被截断从 25262 到 23444
2025-09-10 14:24:17 - data_validator - WARNING - 细胞 OrgaE952217 的decay_values被截断从 25591 到 23444
2025-09-10 14:24:17 - data_validator - WARNING - 细胞 OrgaE952220 的decay_values被截断从 25409 到 23444
2025-09-10 14:24:17 - data_validator - WARNING - 细胞 OrgaE952222 的decay_values被截断从 23922 到 23444
2025-09-10 14:24:17 - data_validator - WARNING - 细胞 OrgaE952224 的decay_values被填充从 20292 到 23444
2025-09-10 14:24:17 - data_validator - WARNING - 细胞 OrgaE952226 的decay_values被截断从 24233 到 23444
2025-09-10 14:24:17 - data_validator - WARNING - 细胞 OrgaE952230 的decay_values被截断从 23638 到 23444
2025-09-10 14:24:17 - data_validator - WARNING - 细胞 OrgaE952231 的decay_values被截断从 25459 到 23444
2025-09-10 14:24:17 - data_validator - WARNING - 细胞 OrgaE952232 的decay_values被截断从 25658 到 23444
2025-09-10 14:24:17 - data_validator - WARNING - 细胞 OrgaE952233 的decay_values被截断从 25462 到 23444
2025-09-10 14:24:17 - data_validator - WARNING - 细胞 OrgaE952235 的decay_values被填充从 23167 到 23444
2025-09-10 14:24:17 - data_validator - WARNING - 细胞 OrgaE952238 的decay_values被截断从 25568 到 23444
2025-09-10 14:24:17 - data_validator - WARNING - 细胞 OrgaE952239 的decay_values被截断从 25569 到 23444
2025-09-10 14:24:17 - data_validator - WARNING - 细胞 OrgaE952242 的decay_values被填充从 22946 到 23444
2025-09-10 14:24:17 - data_validator - WARNING - 细胞 OrgaE952244 的decay_values被截断从 23566 到 23444
2025-09-10 14:24:17 - data_validator - WARNING - 细胞 OrgaE952249 的decay_values被填充从 20101 到 23444
2025-09-10 14:24:17 - data_validator - WARNING - 细胞 OrgaE952250 的decay_values被截断从 24722 到 23444
2025-09-10 14:24:17 - data_validator - WARNING - 细胞 OrgaE952255 的decay_values被截断从 25593 到 23444
2025-09-10 14:24:17 - data_validator - WARNING - 细胞 OrgaE952256 的decay_values被填充从 21259 到 23444
2025-09-10 14:24:17 - data_validator - WARNING - 细胞 OrgaE952260 的decay_values被截断从 24264 到 23444
2025-09-10 14:24:17 - data_validator - WARNING - 细胞 OrgaE952269 的decay_values被截断从 23515 到 23444
2025-09-10 14:24:17 - data_validator - WARNING - 细胞 OrgaE952271 的decay_values被截断从 25198 到 23444
2025-09-10 14:24:17 - data_validator - WARNING - 细胞 OrgaE952272 的decay_values被填充从 22987 到 23444
2025-09-10 14:24:17 - data_validator - WARNING - 细胞 OrgaE952276 的decay_values被截断从 24347 到 23444
2025-09-10 14:24:17 - data_validator - WARNING - 细胞 OrgaE952279 的decay_values被截断从 25459 到 23444
2025-09-10 14:24:17 - data_validator - WARNING - 细胞 OrgaE952280 的decay_values被截断从 25003 到 23444
2025-09-10 14:24:17 - data_validator - WARNING - 细胞 OrgaE952281 的decay_values被填充从 22180 到 23444
2025-09-10 14:24:17 - data_validator - WARNING - 细胞 OrgaE952287 的decay_values被截断从 24911 到 23444
2025-09-10 14:24:17 - data_validator - WARNING - 细胞 OrgaE952290 的decay_values被截断从 25537 到 23444
2025-09-10 14:24:17 - data_validator - WARNING - 细胞 OrgaE952293 的decay_values被截断从 24491 到 23444
2025-09-10 14:24:17 - data_validator - WARNING - 细胞 OrgaE952297 的decay_values被填充从 22770 到 23444
2025-09-10 14:24:17 - data_validator - WARNING - 细胞 OrgaE952300 的decay_values被截断从 25286 到 23444
2025-09-10 14:24:17 - data_validator - WARNING - 细胞 OrgaE952301 的decay_values被截断从 25285 到 23444
2025-09-10 14:24:17 - data_validator - WARNING - 细胞 OrgaE952309 的decay_values被截断从 24827 到 23444
2025-09-10 14:24:17 - data_validator - WARNING - 细胞 OrgaE952310 的decay_values被截断从 23621 到 23444
2025-09-10 14:24:17 - data_validator - WARNING - 细胞 OrgaE952312 的decay_values被填充从 22844 到 23444
2025-09-10 14:24:17 - data_validator - WARNING - 细胞 OrgaE952314 的decay_values被截断从 24311 到 23444
2025-09-10 14:24:17 - data_validator - WARNING - 细胞 OrgaE952320 的decay_values被填充从 22645 到 23444
2025-09-10 14:24:17 - data_validator - WARNING - 细胞 OrgaE952321 的decay_values被截断从 24555 到 23444
2025-09-10 14:24:17 - data_validator - WARNING - 细胞 OrgaE952322 的decay_values被截断从 25314 到 23444
2025-09-10 14:24:17 - data_validator - WARNING - 细胞 OrgaE952323 的decay_values被截断从 25508 到 23444
2025-09-10 14:24:17 - data_validator - WARNING - 细胞 OrgaE952324 的decay_values被截断从 24600 到 23444
2025-09-10 14:24:17 - data_validator - WARNING - 细胞 OrgaE952328 的decay_values被截断从 25447 到 23444
2025-09-10 14:24:17 - data_validator - WARNING - 细胞 OrgaE952329 的decay_values被截断从 24397 到 23444
2025-09-10 14:24:17 - data_validator - WARNING - 细胞 OrgaE952330 的decay_values被截断从 24517 到 23444
2025-09-10 14:24:17 - data_validator - WARNING - 细胞 OrgaE952335 的decay_values被截断从 23854 到 23444
2025-09-10 14:24:17 - data_validator - WARNING - 细胞 OrgaE952336 的decay_values被截断从 23970 到 23444
2025-09-10 14:24:17 - data_validator - WARNING - 细胞 OrgaE952337 的decay_values被截断从 24663 到 23444
2025-09-10 14:24:17 - data_validator - WARNING - 细胞 OrgaE952338 的decay_values被截断从 23742 到 23444
2025-09-10 14:24:17 - data_validator - WARNING - 细胞 OrgaE952340 的decay_values被截断从 23626 到 23444
2025-09-10 14:24:17 - data_validator - WARNING - 细胞 OrgaE952341 的decay_values被截断从 24017 到 23444
2025-09-10 14:24:17 - data_validator - WARNING - 细胞 OrgaE952342 的decay_values被截断从 25192 到 23444
2025-09-10 14:24:17 - data_validator - WARNING - 细胞 OrgaE952349 的decay_values被截断从 25128 到 23444
2025-09-10 14:24:17 - data_validator - WARNING - 细胞 OrgaE952350 的decay_values被截断从 25030 到 23444
2025-09-10 14:24:17 - data_validator - WARNING - 细胞 OrgaE952354 的decay_values被填充从 22351 到 23444
2025-09-10 14:24:17 - data_validator - WARNING - 细胞 OrgaE952355 的decay_values被填充从 18844 到 23444
2025-09-10 14:24:17 - data_validator - WARNING - 细胞 OrgaE952356 的decay_values被填充从 22984 到 23444
2025-09-10 14:24:17 - data_validator - WARNING - 细胞 OrgaE952359 的decay_values被截断从 23943 到 23444
2025-09-10 14:24:17 - data_validator - WARNING - 细胞 OrgaE952366 的decay_values被截断从 25236 到 23444
2025-09-10 14:24:17 - data_validator - WARNING - 细胞 OrgaE952368 的decay_values被截断从 25158 到 23444
2025-09-10 14:24:17 - data_validator - WARNING - 细胞 OrgaE952369 的decay_values被填充从 22857 到 23444
2025-09-10 14:24:17 - data_validator - WARNING - 细胞 OrgaE952379 的decay_values被填充从 23297 到 23444
2025-09-10 14:24:17 - data_validator - WARNING - 细胞 OrgaE952381 的decay_values被截断从 25264 到 23444
2025-09-10 14:24:17 - data_validator - WARNING - 细胞 OrgcE952002 的decay_values被截断从 25012 到 23444
2025-09-10 14:24:17 - data_validator - WARNING - 细胞 OrgcE952007 的decay_values被截断从 25528 到 23444
2025-09-10 14:24:17 - data_validator - WARNING - 细胞 OrgcE952010 的decay_values被截断从 24750 到 23444
2025-09-10 14:24:17 - data_validator - WARNING - 细胞 OrgcE952012 的decay_values被截断从 23602 到 23444
2025-09-10 14:24:17 - data_validator - WARNING - 细胞 OrgcE952013 的decay_values被截断从 24392 到 23444
2025-09-10 14:24:17 - data_validator - WARNING - 细胞 OrgcE952017 的decay_values被截断从 25536 到 23444
2025-09-10 14:24:17 - data_validator - WARNING - 细胞 OrgcE952019 的decay_values被截断从 24957 到 23444
2025-09-10 14:24:17 - data_validator - WARNING - 细胞 OrgcE952022 的decay_values被填充从 22617 到 23444
2025-09-10 14:24:17 - data_validator - WARNING - 细胞 OrgcE952025 的decay_values被截断从 25645 到 23444
2025-09-10 14:24:17 - data_validator - WARNING - 细胞 OrgcE952026 的decay_values被截断从 24759 到 23444
2025-09-10 14:24:17 - data_validator - WARNING - 细胞 OrgcE952029 的decay_values被截断从 25074 到 23444
2025-09-10 14:24:17 - data_validator - WARNING - 细胞 OrgcE952035 的decay_values被截断从 25690 到 23444
2025-09-10 14:24:17 - data_validator - WARNING - 细胞 OrgcE952037 的decay_values被截断从 24981 到 23444
2025-09-10 14:24:17 - data_validator - WARNING - 细胞 OrgcE952039 的decay_values被截断从 24344 到 23444
2025-09-10 14:24:17 - data_validator - WARNING - 细胞 OrgcE952045 的decay_values被截断从 23835 到 23444
2025-09-10 14:24:17 - data_validator - WARNING - 细胞 OrgcE952050 的decay_values被截断从 25450 到 23444
2025-09-10 14:24:17 - data_validator - WARNING - 细胞 OrgcE952051 的decay_values被截断从 25240 到 23444
2025-09-10 14:24:17 - data_validator - WARNING - 细胞 OrgcE952052 的decay_values被截断从 24594 到 23444
2025-09-10 14:24:17 - data_validator - WARNING - 细胞 OrgcE952053 的decay_values被截断从 25228 到 23444
2025-09-10 14:24:17 - data_validator - WARNING - 细胞 OrgcE952054 的decay_values被截断从 25679 到 23444
2025-09-10 14:24:17 - data_validator - WARNING - 细胞 OrgcE952055 的decay_values被截断从 25688 到 23444
2025-09-10 14:24:17 - data_validator - WARNING - 细胞 OrgcE952058 的decay_values被截断从 24411 到 23444
2025-09-10 14:24:17 - data_validator - WARNING - 细胞 OrgcE952059 的decay_values被截断从 23658 到 23444
2025-09-10 14:24:17 - data_validator - WARNING - 细胞 OrgcE952061 的decay_values被截断从 25090 到 23444
2025-09-10 14:24:17 - data_validator - WARNING - 细胞 OrgcE952071 的decay_values被截断从 24537 到 23444
2025-09-10 14:24:17 - data_validator - WARNING - 细胞 OrgcE952072 的decay_values被填充从 22227 到 23444
2025-09-10 14:24:17 - data_validator - WARNING - 细胞 OrgcE952075 的decay_values被截断从 25622 到 23444
2025-09-10 14:24:17 - data_validator - WARNING - 细胞 OrgcE952076 的decay_values被截断从 24839 到 23444
2025-09-10 14:24:17 - data_validator - WARNING - 细胞 OrgcE952081 的decay_values被截断从 25646 到 23444
2025-09-10 14:24:17 - data_validator - WARNING - 细胞 OrgcE952082 的decay_values被截断从 25298 到 23444
2025-09-10 14:24:17 - data_validator - WARNING - 细胞 OrgcE952084 的decay_values被截断从 25112 到 23444
2025-09-10 14:24:17 - data_validator - WARNING - 细胞 OrgcE952085 的decay_values被截断从 24892 到 23444
2025-09-10 14:24:17 - data_validator - WARNING - 细胞 OrgcE952088 的decay_values被截断从 25181 到 23444
2025-09-10 14:24:17 - data_validator - WARNING - 细胞 OrgcE952090 的decay_values被截断从 24318 到 23444
2025-09-10 14:24:17 - data_validator - WARNING - 细胞 OrgcE952091 的decay_values被截断从 24183 到 23444
2025-09-10 14:24:17 - data_validator - WARNING - 细胞 OrgcE952092 的decay_values被截断从 25700 到 23444
2025-09-10 14:24:17 - data_validator - WARNING - 细胞 OrgcE952093 的decay_values被截断从 24112 到 23444
2025-09-10 14:24:17 - data_validator - WARNING - 细胞 OrgcE952104 的decay_values被截断从 25263 到 23444
2025-09-10 14:24:17 - data_validator - WARNING - 细胞 OrgcE952107 的decay_values被截断从 25681 到 23444
2025-09-10 14:24:17 - data_validator - WARNING - 细胞 OrgcE952112 的decay_values被填充从 23256 到 23444
2025-09-10 14:24:17 - data_validator - WARNING - 细胞 OrgcE952113 的decay_values被截断从 25445 到 23444
2025-09-10 14:24:17 - data_validator - WARNING - 细胞 OrgcE952114 的decay_values被截断从 24839 到 23444
2025-09-10 14:24:17 - data_validator - WARNING - 细胞 OrgcE952118 的decay_values被截断从 25677 到 23444
2025-09-10 14:24:17 - data_validator - WARNING - 细胞 OrgcE952120 的decay_values被截断从 24085 到 23444
2025-09-10 14:24:17 - data_validator - WARNING - 细胞 OrgcE952122 的decay_values被截断从 25341 到 23444
2025-09-10 14:24:17 - data_validator - WARNING - 细胞 OrgcE952127 的decay_values被填充从 23071 到 23444
2025-09-10 14:24:17 - data_validator - WARNING - 细胞 OrgcE952129 的decay_values被截断从 25676 到 23444
2025-09-10 14:24:17 - data_validator - WARNING - 细胞 OrgcE952137 的decay_values被截断从 25575 到 23444
2025-09-10 14:24:17 - data_validator - WARNING - 细胞 OrgcE952139 的decay_values被截断从 25699 到 23444
2025-09-10 14:24:17 - data_validator - WARNING - 细胞 OrgcE952145 的decay_values被截断从 23557 到 23444
2025-09-10 14:24:17 - data_validator - WARNING - 细胞 OrgcE952146 的decay_values被截断从 25465 到 23444
2025-09-10 14:24:17 - data_validator - WARNING - 细胞 OrgcE952151 的decay_values被截断从 24810 到 23444
2025-09-10 14:24:17 - data_validator - WARNING - 细胞 OrgcE952156 的decay_values被截断从 25689 到 23444
2025-09-10 14:24:17 - data_validator - WARNING - 细胞 OrgcE952160 的decay_values被截断从 25639 到 23444
2025-09-10 14:24:17 - data_validator - WARNING - 细胞 OrgcE952162 的decay_values被截断从 25297 到 23444
2025-09-10 14:24:17 - data_validator - WARNING - 细胞 OrgcE952163 的decay_values被截断从 25036 到 23444
2025-09-10 14:24:17 - data_validator - WARNING - 细胞 OrgcE952164 的decay_values被截断从 24613 到 23444
2025-09-10 14:24:17 - data_validator - WARNING - 细胞 OrgcE952169 的decay_values被截断从 24856 到 23444
2025-09-10 14:24:17 - data_validator - WARNING - 细胞 OrgcE952171 的decay_values被截断从 24893 到 23444
2025-09-10 14:24:17 - data_validator - WARNING - 细胞 OrgcE952172 的decay_values被填充从 18156 到 23444
2025-09-10 14:24:17 - data_validator - WARNING - 细胞 OrgcE952176 的decay_values被截断从 25698 到 23444
2025-09-10 14:24:17 - data_validator - WARNING - 细胞 OrgcE952180 的decay_values被截断从 25616 到 23444
2025-09-10 14:24:17 - data_validator - WARNING - 细胞 OrgcE952182 的decay_values被填充从 23015 到 23444
2025-09-10 14:24:17 - data_validator - WARNING - 细胞 OrgcE952185 的decay_values被填充从 23104 到 23444
2025-09-10 14:24:17 - data_validator - WARNING - 细胞 OrgcE952186 的decay_values被截断从 25609 到 23444
2025-09-10 14:24:17 - data_validator - WARNING - 细胞 OrgcE952190 的decay_values被截断从 24932 到 23444
2025-09-10 14:24:17 - data_validator - WARNING - 细胞 OrgcE952191 的decay_values被截断从 25507 到 23444
2025-09-10 14:24:17 - data_validator - WARNING - 细胞 OrgcE952193 的decay_values被截断从 25264 到 23444
2025-09-10 14:24:17 - data_validator - WARNING - 细胞 OrgcE952196 的decay_values被截断从 25682 到 23444
2025-09-10 14:24:17 - data_validator - WARNING - 细胞 OrgcE952200 的decay_values被截断从 25207 到 23444
2025-09-10 14:24:17 - data_validator - WARNING - 细胞 OrgcE952202 的decay_values被截断从 24724 到 23444
2025-09-10 14:24:17 - data_validator - WARNING - 细胞 OrgcE952208 的decay_values被截断从 24621 到 23444
2025-09-10 14:24:17 - data_validator - WARNING - 细胞 OrgcE952211 的decay_values被截断从 25627 到 23444
2025-09-10 14:24:17 - data_validator - WARNING - 细胞 OrgcE952216 的decay_values被截断从 25292 到 23444
2025-09-10 14:24:17 - data_validator - WARNING - 细胞 OrgcE952218 的decay_values被截断从 25148 到 23444
2025-09-10 14:24:17 - data_validator - WARNING - 细胞 OrgcE952220 的decay_values被填充从 22559 到 23444
2025-09-10 14:24:17 - data_validator - WARNING - 细胞 OrgcE952222 的decay_values被填充从 22518 到 23444
2025-09-10 14:24:17 - data_validator - WARNING - 细胞 OrgcE952226 的decay_values被填充从 22739 到 23444
2025-09-10 14:24:17 - data_validator - WARNING - 细胞 OrgcE952228 的decay_values被填充从 23180 到 23444
2025-09-10 14:24:17 - data_validator - WARNING - 细胞 OrgcE952230 的decay_values被截断从 25427 到 23444
2025-09-10 14:24:17 - data_validator - WARNING - 细胞 OrgcE952235 的decay_values被填充从 22887 到 23444
2025-09-10 14:24:17 - data_validator - WARNING - 细胞 OrgcE952237 的decay_values被截断从 24913 到 23444
2025-09-10 14:24:17 - data_validator - WARNING - 细胞 OrgcE952242 的decay_values被填充从 22113 到 23444
2025-09-10 14:24:17 - data_validator - WARNING - 细胞 OrgcE952247 的decay_values被截断从 23898 到 23444
2025-09-10 14:24:17 - data_validator - WARNING - 细胞 OrgcE952249 的decay_values被截断从 24091 到 23444
2025-09-10 14:24:17 - data_validator - WARNING - 细胞 OrgcE952250 的decay_values被截断从 24948 到 23444
2025-09-10 14:24:17 - data_validator - WARNING - 细胞 OrgcE952252 的decay_values被截断从 25641 到 23444
2025-09-10 14:24:17 - data_validator - WARNING - 细胞 OrgcE952258 的decay_values被截断从 25658 到 23444
2025-09-10 14:24:17 - data_validator - WARNING - 细胞 OrgcE952261 的decay_values被截断从 25030 到 23444
2025-09-10 14:24:17 - data_validator - WARNING - 细胞 OrgcE952264 的decay_values被截断从 24123 到 23444
2025-09-10 14:24:17 - data_validator - WARNING - 细胞 OrgcE952265 的decay_values被截断从 25311 到 23444
2025-09-10 14:24:17 - data_validator - WARNING - 细胞 OrgcE952266 的decay_values被截断从 25659 到 23444
2025-09-10 14:24:17 - data_validator - WARNING - 细胞 OrgcE952271 的decay_values被截断从 25120 到 23444
2025-09-10 14:24:17 - data_validator - WARNING - 细胞 OrgcE952274 的decay_values被截断从 24712 到 23444
2025-09-10 14:24:17 - data_validator - WARNING - 细胞 OrgcE952276 的decay_values被截断从 25640 到 23444
2025-09-10 14:24:17 - data_validator - WARNING - 细胞 OrgcE952280 的decay_values被截断从 24701 到 23444
2025-09-10 14:24:17 - data_validator - WARNING - 细胞 OrgcE952289 的decay_values被截断从 25394 到 23444
2025-09-10 14:24:17 - data_validator - WARNING - 细胞 OrgcE952293 的decay_values被截断从 25035 到 23444
2025-09-10 14:24:17 - data_validator - WARNING - 细胞 OrgcE952295 的decay_values被填充从 22223 到 23444
2025-09-10 14:24:17 - data_validator - WARNING - 细胞 OrgcE952298 的decay_values被截断从 24019 到 23444
2025-09-10 14:24:17 - data_validator - WARNING - 细胞 OrgcE952305 的decay_values被截断从 25485 到 23444
2025-09-10 14:24:17 - data_validator - WARNING - 细胞 OrgcE952306 的decay_values被截断从 25485 到 23444
2025-09-10 14:24:17 - data_validator - WARNING - 细胞 OrgcE952308 的decay_values被截断从 23459 到 23444
2025-09-10 14:24:17 - data_validator - WARNING - 细胞 OrgcE952312 的decay_values被截断从 23494 到 23444
2025-09-10 14:24:17 - data_validator - WARNING - 细胞 OrgcE952313 的decay_values被截断从 25293 到 23444
2025-09-10 14:24:17 - data_validator - WARNING - 细胞 OrgcE952316 的decay_values被截断从 23845 到 23444
2025-09-10 14:24:17 - data_validator - WARNING - 细胞 OrgcE952318 的decay_values被填充从 22427 到 23444
2025-09-10 14:24:17 - data_validator - WARNING - 细胞 OrgcE952319 的decay_values被截断从 25652 到 23444
2025-09-10 14:24:17 - data_validator - WARNING - 细胞 OrgcE952321 的decay_values被截断从 23507 到 23444
2025-09-10 14:24:17 - data_validator - WARNING - 细胞 OrgcE952324 的decay_values被截断从 24577 到 23444
2025-09-10 14:24:17 - data_validator - WARNING - 细胞 OrgcE952326 的decay_values被截断从 24320 到 23444
2025-09-10 14:24:17 - data_validator - WARNING - 细胞 OrgcE952329 的decay_values被截断从 24345 到 23444
2025-09-10 14:24:17 - data_validator - WARNING - 细胞 OrgcE952331 的decay_values被填充从 23360 到 23444
2025-09-10 14:24:17 - data_validator - WARNING - 细胞 OrgcE952333 的decay_values被截断从 25320 到 23444
2025-09-10 14:24:17 - data_validator - WARNING - 细胞 OrgcE952334 的decay_values被截断从 23479 到 23444
2025-09-10 14:24:17 - data_validator - WARNING - 细胞 OrgcE952335 的decay_values被截断从 24888 到 23444
2025-09-10 14:24:17 - data_validator - WARNING - 细胞 OrgcE952337 的decay_values被截断从 25364 到 23444
2025-09-10 14:24:17 - data_validator - WARNING - 细胞 OrgcE952340 的decay_values被截断从 24636 到 23444
2025-09-10 14:24:17 - data_validator - WARNING - 细胞 OrgcE952347 的decay_values被填充从 23071 到 23444
2025-09-10 14:24:17 - data_validator - WARNING - 细胞 OrgcE952348 的decay_values被截断从 24244 到 23444
2025-09-10 14:24:17 - data_validator - WARNING - 细胞 OrgcE952350 的decay_values被截断从 24978 到 23444
2025-09-10 14:24:17 - data_validator - WARNING - 细胞 OrgcE952354 的decay_values被截断从 25648 到 23444
2025-09-10 14:24:17 - data_validator - WARNING - 细胞 OrgcE952355 的decay_values被截断从 25053 到 23444
2025-09-10 14:24:17 - data_validator - WARNING - 细胞 OrgcE952356 的decay_values被填充从 22915 到 23444
2025-09-10 14:24:17 - data_validator - WARNING - 细胞 OrgcE952360 的decay_values被截断从 23722 到 23444
2025-09-10 14:24:17 - data_validator - WARNING - 细胞 OrgcE952361 的decay_values被填充从 22627 到 23444
2025-09-10 14:24:17 - data_validator - WARNING - 细胞 OrgcE952363 的decay_values被截断从 24572 到 23444
2025-09-10 14:24:17 - data_validator - WARNING - 细胞 OrgcE952364 的decay_values被截断从 24876 到 23444
2025-09-10 14:24:17 - data_validator - WARNING - 细胞 OrgcE952365 的decay_values被截断从 24992 到 23444
2025-09-10 14:24:17 - data_validator - WARNING - 细胞 OrgcE952373 的decay_values被截断从 25271 到 23444
2025-09-10 14:24:17 - data_validator - WARNING - 细胞 OrgcE952375 的decay_values被截断从 25660 到 23444
2025-09-10 14:24:17 - data_validator - WARNING - 细胞 OrgcE952377 的decay_values被截断从 25029 到 23444
2025-09-10 14:24:17 - data_validator - WARNING - 细胞 OrgcE952380 的decay_values被截断从 24564 到 23444
2025-09-10 14:24:17 - data_validator - WARNING - 细胞 OrgcE952381 的decay_values被截断从 24376 到 23444
2025-09-10 14:24:17 - data_validator - WARNING - 细胞 OrgcE953004 的decay_values被截断从 24847 到 23444
2025-09-10 14:24:17 - data_validator - WARNING - 细胞 OrgcE953006 的decay_values被截断从 24854 到 23444
2025-09-10 14:24:17 - data_validator - WARNING - 细胞 OrgcE953009 的decay_values被截断从 24946 到 23444
2025-09-10 14:24:17 - data_validator - WARNING - 细胞 OrgcE953012 的decay_values被截断从 25675 到 23444
2025-09-10 14:24:17 - data_validator - WARNING - 细胞 OrgcE953017 的decay_values被截断从 23844 到 23444
2025-09-10 14:24:17 - data_validator - WARNING - 细胞 OrgcE953020 的decay_values被填充从 21832 到 23444
2025-09-10 14:24:17 - data_validator - WARNING - 细胞 OrgcE953022 的decay_values被截断从 25562 到 23444
2025-09-10 14:24:17 - data_validator - WARNING - 细胞 OrgcE953024 的decay_values被截断从 24305 到 23444
2025-09-10 14:24:17 - data_validator - WARNING - 细胞 OrgcE953025 的decay_values被截断从 23492 到 23444
2025-09-10 14:24:17 - data_validator - WARNING - 细胞 OrgcE953027 的decay_values被填充从 20913 到 23444
2025-09-10 14:24:17 - data_validator - WARNING - 细胞 OrgcE953030 的decay_values被截断从 23730 到 23444
2025-09-10 14:24:17 - data_validator - WARNING - 细胞 OrgcE953031 的decay_values被截断从 24230 到 23444
2025-09-10 14:24:17 - data_validator - WARNING - 细胞 OrgcE953034 的decay_values被填充从 23097 到 23444
2025-09-10 14:24:17 - data_validator - WARNING - 细胞 OrgcE953035 的decay_values被截断从 25597 到 23444
2025-09-10 14:24:17 - data_validator - WARNING - 细胞 OrgcE953036 的decay_values被填充从 23072 到 23444
2025-09-10 14:24:17 - data_validator - WARNING - 细胞 OrgcE953037 的decay_values被截断从 25512 到 23444
2025-09-10 14:24:17 - data_validator - WARNING - 细胞 OrgcE953040 的decay_values被截断从 25489 到 23444
2025-09-10 14:24:17 - data_validator - WARNING - 细胞 OrgcE953041 的decay_values被截断从 24427 到 23444
2025-09-10 14:24:17 - data_validator - WARNING - 细胞 OrgcE953043 的decay_values被截断从 24777 到 23444
2025-09-10 14:24:17 - data_validator - WARNING - 细胞 OrgcE953045 的decay_values被截断从 25537 到 23444
2025-09-10 14:24:17 - data_validator - WARNING - 细胞 OrgcE953046 的decay_values被填充从 21385 到 23444
2025-09-10 14:24:17 - data_validator - WARNING - 细胞 OrgcE953049 的decay_values被截断从 25280 到 23444
2025-09-10 14:24:17 - data_validator - WARNING - 细胞 OrgcE953052 的decay_values被截断从 24919 到 23444
2025-09-10 14:24:17 - data_validator - WARNING - 细胞 OrgcE953055 的decay_values被截断从 24588 到 23444
2025-09-10 14:24:17 - data_validator - WARNING - 细胞 OrgcE953056 的decay_values被填充从 22280 到 23444
2025-09-10 14:24:17 - data_validator - WARNING - 细胞 OrgcE953058 的decay_values被截断从 24769 到 23444
2025-09-10 14:24:17 - data_validator - WARNING - 细胞 OrgcE953060 的decay_values被截断从 23795 到 23444
2025-09-10 14:24:17 - data_validator - WARNING - 细胞 OrgcE953061 的decay_values被截断从 24702 到 23444
2025-09-10 14:24:17 - data_validator - WARNING - 细胞 OrgcE953062 的decay_values被填充从 22732 到 23444
2025-09-10 14:24:17 - data_validator - WARNING - 细胞 OrgcE953066 的decay_values被截断从 25268 到 23444
2025-09-10 14:24:17 - data_validator - WARNING - 细胞 OrgcE953069 的decay_values被填充从 23170 到 23444
2025-09-10 14:24:17 - data_validator - WARNING - 细胞 OrgcE953071 的decay_values被填充从 23259 到 23444
2025-09-10 14:24:17 - data_validator - WARNING - 细胞 OrgcE953073 的decay_values被截断从 24668 到 23444
2025-09-10 14:24:17 - data_validator - WARNING - 细胞 OrgcE953075 的decay_values被截断从 25076 到 23444
2025-09-10 14:24:17 - data_validator - WARNING - 细胞 OrgcE953078 的decay_values被截断从 25588 到 23444
2025-09-10 14:24:17 - data_validator - WARNING - 细胞 OrgcE953080 的decay_values被截断从 25429 到 23444
2025-09-10 14:24:17 - data_validator - WARNING - 细胞 OrgcE953081 的decay_values被截断从 23614 到 23444
2025-09-10 14:24:17 - data_validator - WARNING - 细胞 OrgcE953083 的decay_values被截断从 23638 到 23444
2025-09-10 14:24:17 - data_validator - WARNING - 细胞 OrgcE953084 的decay_values被截断从 24289 到 23444
2025-09-10 14:24:17 - data_validator - WARNING - 细胞 OrgcE953086 的decay_values被截断从 24752 到 23444
2025-09-10 14:24:17 - data_validator - WARNING - 细胞 OrgcE953087 的decay_values被截断从 23979 到 23444
2025-09-10 14:24:17 - data_validator - WARNING - 细胞 OrgcE953093 的decay_values被截断从 24498 到 23444
2025-09-10 14:24:17 - data_validator - WARNING - 细胞 OrgcE953094 的decay_values被截断从 25310 到 23444
2025-09-10 14:24:17 - data_validator - WARNING - 细胞 OrgcE953095 的decay_values被截断从 24997 到 23444
2025-09-10 14:24:17 - data_validator - WARNING - 细胞 OrgcE953096 的decay_values被截断从 25372 到 23444
2025-09-10 14:24:17 - data_validator - WARNING - 细胞 OrgcE953097 的decay_values被填充从 23304 到 23444
2025-09-10 14:24:17 - data_validator - WARNING - 细胞 OrgcE953098 的decay_values被截断从 25194 到 23444
2025-09-10 14:24:17 - data_validator - WARNING - 细胞 OrgcE953100 的decay_values被截断从 24001 到 23444
2025-09-10 14:24:17 - data_validator - WARNING - 细胞 OrgcE953103 的decay_values被截断从 25485 到 23444
2025-09-10 14:24:17 - data_validator - WARNING - 细胞 OrgcE953104 的decay_values被截断从 25007 到 23444
2025-09-10 14:24:17 - data_validator - WARNING - 细胞 OrgcE953106 的decay_values被截断从 24429 到 23444
2025-09-10 14:24:17 - data_validator - WARNING - 细胞 OrgcE953107 的decay_values被填充从 23234 到 23444
2025-09-10 14:24:17 - data_validator - WARNING - 细胞 OrgcE953109 的decay_values被截断从 23966 到 23444
2025-09-10 14:24:17 - data_validator - WARNING - 细胞 OrgcE953110 的decay_values被截断从 25465 到 23444
2025-09-10 14:24:17 - data_validator - WARNING - 细胞 OrgcE953112 的decay_values被截断从 25358 到 23444
2025-09-10 14:24:17 - data_validator - WARNING - 细胞 OrgcE953113 的decay_values被截断从 24535 到 23444
2025-09-10 14:24:17 - data_validator - WARNING - 细胞 OrgcE953115 的decay_values被填充从 22590 到 23444
2025-09-10 14:24:17 - data_validator - WARNING - 细胞 OrgcE953120 的decay_values被截断从 23622 到 23444
2025-09-10 14:24:17 - data_validator - WARNING - 细胞 OrgcE953123 的decay_values被截断从 25266 到 23444
2025-09-10 14:24:17 - data_validator - WARNING - 细胞 OrgcE953124 的decay_values被截断从 24658 到 23444
2025-09-10 14:24:17 - data_validator - WARNING - 细胞 OrgcE953127 的decay_values被截断从 24053 到 23444
2025-09-10 14:24:17 - data_validator - WARNING - 细胞 OrgcE953128 的decay_values被截断从 23464 到 23444
2025-09-10 14:24:17 - data_validator - WARNING - 细胞 OrgcE953129 的decay_values被截断从 24115 到 23444
2025-09-10 14:24:17 - data_validator - WARNING - 细胞 OrgcE953130 的decay_values被截断从 24689 到 23444
2025-09-10 14:24:17 - data_validator - WARNING - 细胞 OrgcE953132 的decay_values被截断从 24671 到 23444
2025-09-10 14:24:17 - data_validator - WARNING - 细胞 OrgcE953136 的decay_values被填充从 23088 到 23444
2025-09-10 14:24:17 - data_validator - WARNING - 细胞 OrgcE953138 的decay_values被截断从 25602 到 23444
2025-09-10 14:24:17 - data_validator - WARNING - 细胞 OrgcE953139 的decay_values被截断从 24782 到 23444
2025-09-10 14:24:17 - data_validator - WARNING - 细胞 OrgcE953140 的decay_values被截断从 25326 到 23444
2025-09-10 14:24:17 - data_validator - WARNING - 细胞 OrgcE953142 的decay_values被截断从 23911 到 23444
2025-09-10 14:24:17 - data_validator - WARNING - 细胞 OrgcE953144 的decay_values被截断从 25004 到 23444
2025-09-10 14:24:17 - data_validator - WARNING - 细胞 OrgcE953145 的decay_values被截断从 23928 到 23444
2025-09-10 14:24:17 - data_validator - WARNING - 细胞 OrgcE953146 的decay_values被截断从 25362 到 23444
2025-09-10 14:24:17 - data_validator - WARNING - 细胞 OrgcE953147 的decay_values被截断从 25148 到 23444
2025-09-10 14:24:17 - data_validator - WARNING - 细胞 OrgcE953149 的decay_values被截断从 24072 到 23444
2025-09-10 14:24:17 - data_validator - WARNING - 细胞 OrgcE953155 的decay_values被填充从 23156 到 23444
2025-09-10 14:24:17 - data_validator - WARNING - 细胞 OrgcE953156 的decay_values被填充从 21855 到 23444
2025-09-10 14:24:17 - data_validator - WARNING - 细胞 OrgcE953157 的decay_values被截断从 25665 到 23444
2025-09-10 14:24:17 - data_validator - WARNING - 细胞 OrgcE953158 的decay_values被截断从 24983 到 23444
2025-09-10 14:24:17 - data_validator - WARNING - 细胞 OrgcE953159 的decay_values被截断从 24630 到 23444
2025-09-10 14:24:17 - data_validator - WARNING - 细胞 OrgcE953160 的decay_values被截断从 24435 到 23444
2025-09-10 14:24:17 - data_validator - WARNING - 细胞 OrgcE953161 的decay_values被截断从 25313 到 23444
2025-09-10 14:24:17 - data_validator - WARNING - 细胞 OrgcE953163 的decay_values被截断从 24811 到 23444
2025-09-10 14:24:17 - data_validator - WARNING - 细胞 OrgcE953164 的decay_values被填充从 23416 到 23444
2025-09-10 14:24:17 - data_validator - WARNING - 细胞 OrgcE953165 的decay_values被截断从 24545 到 23444
2025-09-10 14:24:17 - data_validator - WARNING - 细胞 OrgcE953166 的decay_values被截断从 24411 到 23444
2025-09-10 14:24:17 - data_validator - WARNING - 细胞 OrgcE953170 的decay_values被截断从 24591 到 23444
2025-09-10 14:24:17 - data_validator - WARNING - 细胞 OrgcE953171 的decay_values被截断从 24013 到 23444
2025-09-10 14:24:17 - data_validator - WARNING - 细胞 OrgcE953172 的decay_values被填充从 23254 到 23444
2025-09-10 14:24:17 - data_validator - WARNING - 细胞 OrgcE953176 的decay_values被截断从 24150 到 23444
2025-09-10 14:24:17 - data_validator - WARNING - 细胞 OrgcE953178 的decay_values被截断从 24008 到 23444
2025-09-10 14:24:17 - data_validator - WARNING - 细胞 OrgcE953181 的decay_values被截断从 25272 到 23444
2025-09-10 14:24:17 - data_validator - WARNING - 细胞 OrgcE953183 的decay_values被截断从 25579 到 23444
2025-09-10 14:24:17 - data_validator - WARNING - 细胞 OrgcE953185 的decay_values被截断从 23985 到 23444
2025-09-10 14:24:17 - data_validator - WARNING - 细胞 OrgcE953188 的decay_values被截断从 25070 到 23444
2025-09-10 14:24:17 - data_validator - WARNING - 细胞 OrgcE953191 的decay_values被截断从 24828 到 23444
2025-09-10 14:24:17 - data_validator - WARNING - 细胞 OrgcE953192 的decay_values被填充从 22656 到 23444
2025-09-10 14:24:17 - data_validator - WARNING - 细胞 OrgcE953193 的decay_values被截断从 23462 到 23444
2025-09-10 14:24:17 - data_validator - WARNING - 细胞 OrgcE953194 的decay_values被截断从 23482 到 23444
2025-09-10 14:24:17 - data_validator - WARNING - 细胞 OrgcE953195 的decay_values被截断从 24199 到 23444
2025-09-10 14:24:17 - data_validator - WARNING - 细胞 OrgcE953196 的decay_values被截断从 24990 到 23444
2025-09-10 14:24:17 - data_validator - WARNING - 细胞 OrgcE953197 的decay_values被截断从 24579 到 23444
2025-09-10 14:24:17 - data_validator - WARNING - 细胞 OrgcE953200 的decay_values被截断从 25497 到 23444
2025-09-10 14:24:17 - data_validator - WARNING - 细胞 OrgcE953203 的decay_values被截断从 24079 到 23444
2025-09-10 14:24:17 - data_validator - WARNING - 细胞 OrgcE953204 的decay_values被截断从 24142 到 23444
2025-09-10 14:24:17 - data_validator - WARNING - 细胞 OrgcE953209 的decay_values被截断从 25202 到 23444
2025-09-10 14:24:17 - data_validator - WARNING - 细胞 OrgcE953210 的decay_values被截断从 24151 到 23444
2025-09-10 14:24:17 - data_validator - WARNING - 细胞 OrgcE953212 的decay_values被截断从 25167 到 23444
2025-09-10 14:24:17 - data_validator - WARNING - 细胞 OrgcE953213 的decay_values被截断从 24882 到 23444
2025-09-10 14:24:17 - data_validator - WARNING - 细胞 OrgcE953215 的decay_values被截断从 24427 到 23444
2025-09-10 14:24:17 - data_validator - WARNING - 细胞 OrgcE953217 的decay_values被填充从 20135 到 23444
2025-09-10 14:24:17 - data_validator - WARNING - 细胞 OrgcE953218 的decay_values被填充从 22222 到 23444
2025-09-10 14:24:17 - data_validator - WARNING - 细胞 OrgcE953220 的decay_values被截断从 23471 到 23444
2025-09-10 14:24:17 - data_validator - WARNING - 细胞 OrgcE953221 的decay_values被截断从 24072 到 23444
2025-09-10 14:24:17 - data_validator - WARNING - 细胞 OrgcE953223 的decay_values被填充从 22903 到 23444
2025-09-10 14:24:17 - data_validator - WARNING - 细胞 OrgcE953235 的decay_values被截断从 24633 到 23444
2025-09-10 14:24:17 - data_validator - WARNING - 细胞 OrgcE953236 的decay_values被截断从 24189 到 23444
2025-09-10 14:24:17 - data_validator - WARNING - 细胞 OrgcE953244 的decay_values被截断从 23566 到 23444
2025-09-10 14:24:17 - data_validator - WARNING - 细胞 OrgcE953245 的decay_values被截断从 25434 到 23444
2025-09-10 14:24:17 - data_validator - WARNING - 细胞 OrgcE953246 的decay_values被截断从 25568 到 23444
2025-09-10 14:24:17 - data_validator - WARNING - 细胞 OrgcE953247 的decay_values被截断从 24158 到 23444
2025-09-10 14:24:17 - data_validator - WARNING - 细胞 OrgcE953249 的decay_values被截断从 25238 到 23444
2025-09-10 14:24:17 - data_validator - WARNING - 细胞 OrgcE953251 的decay_values被截断从 25183 到 23444
2025-09-10 14:24:17 - data_validator - WARNING - 细胞 OrgcE953256 的decay_values被截断从 23807 到 23444
2025-09-10 14:24:17 - data_validator - WARNING - 细胞 OrgcE953260 的decay_values被填充从 22527 到 23444
2025-09-10 14:24:17 - data_validator - WARNING - 细胞 OrgcE953263 的decay_values被截断从 25581 到 23444
2025-09-10 14:24:17 - data_validator - WARNING - 细胞 OrgcE953264 的decay_values被截断从 25477 到 23444
2025-09-10 14:24:17 - data_validator - WARNING - 细胞 OrgcE953265 的decay_values被截断从 24222 到 23444
2025-09-10 14:24:17 - data_validator - WARNING - 细胞 OrgcE953266 的decay_values被截断从 23907 到 23444
2025-09-10 14:24:17 - data_validator - WARNING - 细胞 OrgcE953267 的decay_values被截断从 25674 到 23444
2025-09-10 14:24:17 - data_validator - WARNING - 细胞 OrgcE953269 的decay_values被截断从 24600 到 23444
2025-09-10 14:24:17 - data_validator - WARNING - 细胞 OrgcE953270 的decay_values被填充从 23382 到 23444
2025-09-10 14:24:17 - data_validator - WARNING - 细胞 OrgcE953275 的decay_values被截断从 23970 到 23444
2025-09-10 14:24:17 - data_validator - WARNING - 细胞 OrgcE953277 的decay_values被截断从 25461 到 23444
2025-09-10 14:24:17 - data_validator - WARNING - 细胞 OrgcE953278 的decay_values被截断从 23913 到 23444
2025-09-10 14:24:17 - data_validator - WARNING - 细胞 OrgcE953279 的decay_values被截断从 25668 到 23444
2025-09-10 14:24:17 - data_validator - WARNING - 细胞 OrgcE953280 的decay_values被填充从 22439 到 23444
2025-09-10 14:24:17 - data_validator - WARNING - 细胞 OrgcE953285 的decay_values被截断从 23581 到 23444
2025-09-10 14:24:17 - data_validator - WARNING - 细胞 OrgcE953287 的decay_values被截断从 24490 到 23444
2025-09-10 14:24:17 - data_validator - WARNING - 细胞 OrgcE953288 的decay_values被截断从 25647 到 23444
2025-09-10 14:24:17 - data_validator - WARNING - 细胞 OrgcE953289 的decay_values被截断从 24623 到 23444
2025-09-10 14:24:17 - data_validator - WARNING - 细胞 OrgcE953290 的decay_values被填充从 22502 到 23444
2025-09-10 14:24:17 - data_validator - WARNING - 细胞 OrgcE953291 的decay_values被截断从 25087 到 23444
2025-09-10 14:24:17 - data_validator - WARNING - 细胞 OrgcE953292 的decay_values被截断从 24154 到 23444
2025-09-10 14:24:17 - data_validator - WARNING - 细胞 OrgcE953293 的decay_values被填充从 23209 到 23444
2025-09-10 14:24:17 - data_validator - WARNING - 细胞 OrgcE953294 的decay_values被截断从 25120 到 23444
2025-09-10 14:24:17 - data_validator - WARNING - 细胞 OrgcE953295 的decay_values被截断从 24788 到 23444
2025-09-10 14:24:17 - data_validator - WARNING - 细胞 OrgcE953296 的decay_values被填充从 23073 到 23444
2025-09-10 14:24:17 - data_validator - WARNING - 细胞 OrgcE953299 的decay_values被截断从 24483 到 23444
2025-09-10 14:24:17 - data_validator - WARNING - 细胞 OrgcE953303 的decay_values被截断从 24453 到 23444
2025-09-10 14:24:17 - data_validator - WARNING - 细胞 OrgcE953304 的decay_values被截断从 24556 到 23444
2025-09-10 14:24:17 - data_validator - WARNING - 细胞 OrgcE953305 的decay_values被截断从 25677 到 23444
2025-09-10 14:24:17 - data_validator - WARNING - 细胞 OrgcE953309 的decay_values被截断从 24610 到 23444
2025-09-10 14:24:17 - data_validator - WARNING - 细胞 OrgcE953313 的decay_values被截断从 23972 到 23444
2025-09-10 14:24:17 - data_validator - WARNING - 细胞 OrgcE953314 的decay_values被截断从 25004 到 23444
2025-09-10 14:24:17 - data_validator - WARNING - 细胞 OrgcE953316 的decay_values被截断从 25373 到 23444
2025-09-10 14:24:17 - data_validator - WARNING - 细胞 OrgcE953320 的decay_values被截断从 24663 到 23444
2025-09-10 14:24:17 - data_validator - WARNING - 细胞 OrgcE953321 的decay_values被填充从 23292 到 23444
2025-09-10 14:24:17 - data_validator - WARNING - 细胞 OrgcE953323 的decay_values被截断从 25276 到 23444
2025-09-10 14:24:17 - data_validator - WARNING - 细胞 OrgcE953325 的decay_values被截断从 24948 到 23444
2025-09-10 14:24:17 - data_validator - WARNING - 细胞 OrgcE953327 的decay_values被截断从 25374 到 23444
2025-09-10 14:24:17 - data_validator - WARNING - 细胞 OrgcE953329 的decay_values被截断从 23880 到 23444
2025-09-10 14:24:17 - data_validator - WARNING - 细胞 OrgcE953332 的decay_values被截断从 25358 到 23444
2025-09-10 14:24:17 - data_validator - WARNING - 细胞 OrgcE953334 的decay_values被截断从 25202 到 23444
2025-09-10 14:24:17 - data_validator - WARNING - 细胞 OrgcE953338 的decay_values被截断从 24447 到 23444
2025-09-10 14:24:17 - data_validator - WARNING - 细胞 OrgcE953344 的decay_values被填充从 23354 到 23444
2025-09-10 14:24:17 - data_validator - WARNING - 细胞 OrgcE953345 的decay_values被填充从 23314 到 23444
2025-09-10 14:24:17 - data_validator - WARNING - 细胞 OrgcE953350 的decay_values被截断从 24408 到 23444
2025-09-10 14:24:17 - data_validator - WARNING - 细胞 OrgcE953351 的decay_values被截断从 24754 到 23444
2025-09-10 14:24:17 - data_validator - WARNING - 细胞 OrgcE953357 的decay_values被截断从 24595 到 23444
2025-09-10 14:24:17 - data_validator - WARNING - 细胞 OrgcE953358 的decay_values被截断从 25362 到 23444
2025-09-10 14:24:17 - data_validator - WARNING - 细胞 OrgcE953361 的decay_values被截断从 25431 到 23444
2025-09-10 14:24:17 - data_validator - WARNING - 细胞 OrgcE953365 的decay_values被截断从 25659 到 23444
2025-09-10 14:24:17 - data_validator - WARNING - 细胞 OrgcE953371 的decay_values被截断从 23985 到 23444
2025-09-10 14:24:17 - data_validator - WARNING - 细胞 OrgcE953372 的decay_values被截断从 24153 到 23444
2025-09-10 14:24:17 - data_validator - WARNING - 细胞 OrgcE953373 的decay_values被截断从 24898 到 23444
2025-09-10 14:24:17 - data_validator - WARNING - 细胞 OrgcE953379 的decay_values被截断从 23689 到 23444
2025-09-10 14:24:17 - data_validator - WARNING - 细胞 OrgcE953380 的decay_values被截断从 25037 到 23444
2025-09-10 14:24:17 - data_validator - WARNING - 细胞 OrgcE953382 的decay_values被截断从 24838 到 23444
2025-09-10 14:24:17 - root - INFO - 创建了 467 × 23444 的decay矩阵
2025-09-10 14:24:17 - root - INFO - 创建AnnData对象: 467 细胞 × 23444 特征
2025-09-10 14:24:17 - root - INFO - 转换为H5AD格式 完成 - 用时: 0.3s - 内存变化: +210.2 MB
2025-09-10 14:24:17 - root - INFO - 保存H5AD文件: /Volumes/SumSung500/CSU/0_HiRES/4_contact_decay_profile_2_h5ad/json2h5ad/output/stage_E95.h5ad
2025-09-10 14:24:18 - root - INFO - H5AD文件已保存: /Volumes/SumSung500/CSU/0_HiRES/4_contact_decay_profile_2_h5ad/json2h5ad/output/stage_E95.h5ad (39.0 MB)
2025-09-10 14:24:18 - root - INFO - 处理摘要已保存: /Volumes/SumSung500/CSU/0_HiRES/4_contact_decay_profile_2_h5ad/json2h5ad/output/stage_E95_summary.json
2025-09-10 14:24:18 - root - INFO - 保存H5AD文件 完成 - 用时: 0.9s - 内存变化: +16.1 MB
2025-09-10 14:24:18 - root - INFO - 处理完成: 1365.1 MB (+1126.3 MB from start)
