2025-09-10 14:22:58 - root - INFO - 日志系统初始化完成，日志文件: /Volumes/SumSung500/CSU/0_HiRES/4_contact_decay_profile_2_h5ad/json2h5ad/logs/stage_E75_processing_20250910_142258.log
2025-09-10 14:22:58 - root - INFO - 开始处理 Stage E75
2025-09-10 14:22:58 - root - INFO - 系统信息: {'platform': 'darwin', 'python_version': '3.12.11 | packaged by conda-forge | (main, Jun  4 2025, 14:38:53) [Clang 18.1.8 ]', 'cpu_count': 10, 'memory_total_gb': 24.0, 'memory_available_gb': 5.1878204345703125, 'current_time': '2025-09-10T14:22:58.689942'}
2025-09-10 14:22:58 - metadata_processor - INFO - 加载元数据文件: /Volumes/SumSung500/CSU/0_HiRES/4_contact_decay_profile_2_h5ad/json2h5ad/GSE223917_HiRES_emb_metadata.xlsx
2025-09-10 14:22:59 - metadata_processor - INFO - 成功加载元数据: 7469 个细胞记录
2025-09-10 14:22:59 - root - INFO - 找到 729 个JSON文件
2025-09-10 14:23:01 - utils - INFO - 处理 Stage E75 JSON文件: 100/729 (13.7%) - 已用时: 2.3s - 预计剩余: 14.2s
2025-09-10 14:23:03 - utils - INFO - 处理 Stage E75 JSON文件: 200/729 (27.4%) - 已用时: 4.6s - 预计剩余: 12.1s
2025-09-10 14:23:06 - utils - INFO - 处理 Stage E75 JSON文件: 300/729 (41.2%) - 已用时: 7.0s - 预计剩余: 10.1s
2025-09-10 14:23:08 - utils - INFO - 处理 Stage E75 JSON文件: 400/729 (54.9%) - 已用时: 9.4s - 预计剩余: 7.7s
2025-09-10 14:23:11 - utils - INFO - 处理 Stage E75 JSON文件: 500/729 (68.6%) - 已用时: 11.7s - 预计剩余: 5.4s
2025-09-10 14:23:13 - utils - INFO - 处理 Stage E75 JSON文件: 600/729 (82.3%) - 已用时: 14.1s - 预计剩余: 3.0s
2025-09-10 14:23:13 - root - INFO - 处理了 600 个文件: 1642.8 MB (+1402.8 MB from start)
2025-09-10 14:23:15 - utils - INFO - 处理 Stage E75 JSON文件: 700/729 (96.0%) - 已用时: 16.6s - 预计剩余: 0.7s
2025-09-10 14:23:16 - utils - INFO - 处理 Stage E75 JSON文件: 729/729 (100.0%) - 已用时: 17.2s - 预计剩余: 0.0s
2025-09-10 14:23:16 - utils - INFO - 处理 Stage E75 JSON文件 完成! 总用时: 17.2s
2025-09-10 14:23:16 - root - INFO - 成功处理 729 个文件
2025-09-10 14:23:16 - root - INFO - 处理 Stage E75 的 729 个文件 完成 - 用时: 17.2s - 内存变化: +1769.3 MB
2025-09-10 14:23:16 - data_validator - WARNING - Stage E75 distances长度差异较大: {22881: 1, 24510: 1, 24614: 1, 21357: 1, 21883: 1, 21827: 1, 23660: 1, 21832: 2, 24535: 1, 25079: 2, 21740: 1, 24011: 1, 24790: 1, 22704: 2, 22605: 1, 25595: 1, 19443: 1, 25020: 1, 24666: 1, 24109: 1, 23428: 1, 23629: 2, 22728: 1, 25531: 1, 23944: 1, 23398: 1, 24273: 1, 23566: 1, 24945: 1, 24010: 1, 25132: 1, 24785: 2, 22725: 1, 25352: 1, 21717: 1, 22080: 1, 23312: 1, 22030: 1, 23442: 1, 23064: 1, 24629: 1, 23600: 2, 23437: 2, 23762: 1, 23400: 1, 19425: 1, 22194: 1, 24739: 1, 20719: 1, 23635: 1, 24130: 1, 23614: 1, 23129: 1, 22086: 1, 24441: 1, 24088: 3, 22523: 1, 24885: 1, 25273: 1, 19203: 1, 23784: 2, 23206: 1, 19630: 1, 22985: 1, 23467: 1, 23279: 1, 23753: 1, 23052: 1, 24284: 2, 22625: 1, 21639: 2, 24859: 1, 22661: 1, 21852: 1, 20948: 1, 23347: 1, 25236: 1, 22042: 1, 23105: 2, 22831: 1, 22991: 1, 22640: 3, 22128: 1, 25369: 1, 20493: 1, 25054: 1, 22880: 1, 22574: 1, 22817: 1, 23414: 1, 22764: 1, 14052: 1, 23950: 1, 24023: 1, 24490: 1, 25502: 1, 24688: 1, 24195: 1, 25051: 2, 23975: 1, 25155: 2, 24091: 1, 23109: 1, 24484: 1, 25221: 1, 24427: 2, 24960: 1, 24386: 1, 23732: 2, 24196: 1, 22864: 1, 22036: 1, 23202: 1, 23645: 2, 23780: 1, 20991: 1, 22645: 1, 24857: 1, 23453: 2, 24583: 1, 24905: 1, 25394: 1, 21797: 1, 23106: 1, 23193: 2, 24621: 1, 24078: 1, 22376: 1, 24783: 1, 24198: 1, 23778: 1, 23964: 2, 22139: 1, 22306: 1, 21842: 1, 22292: 1, 21024: 1, 24740: 2, 23995: 1, 23379: 1, 22827: 1, 25341: 1, 22188: 1, 23747: 1, 24193: 1, 20983: 1, 20070: 1, 22845: 2, 23647: 1, 21356: 2, 22693: 1, 23571: 1, 23686: 1, 22452: 1, 23124: 1, 24006: 1, 24899: 1, 24238: 1, 24668: 2, 21239: 1, 21159: 1, 24912: 1, 21231: 1, 22296: 1, 22587: 1, 24519: 1, 24958: 1, 24472: 1, 24282: 1, 24549: 2, 24539: 1, 22562: 1, 21113: 1, 23246: 1, 23336: 1, 24209: 1, 22632: 1, 24257: 1, 24717: 1, 21506: 1, 21838: 1, 22474: 1, 22102: 1, 22470: 1, 22090: 1, 23993: 1, 23249: 1, 23294: 1, 23960: 1, 25511: 1, 25159: 1, 24798: 1, 24777: 1, 19864: 1, 23903: 1, 22669: 1, 23715: 1, 23523: 1, 24805: 1, 25106: 1, 22448: 1, 23556: 1, 24136: 1, 25209: 2, 24328: 1, 22945: 1, 22093: 1, 23581: 2, 17813: 1, 22779: 1, 24299: 1, 21324: 1, 23260: 1, 21188: 1, 23454: 1, 22594: 1, 24319: 1, 24594: 1, 24392: 1, 22736: 1, 22614: 1, 22912: 1, 23912: 2, 21970: 1, 21342: 1, 23922: 1, 22430: 1, 23085: 1, 22705: 1, 24604: 2, 23510: 1, 19320: 1, 23393: 1, 25179: 1, 24990: 1, 25036: 1, 24050: 1, 23939: 2, 24503: 1, 22869: 1, 24955: 1, 23772: 1, 22931: 1, 24428: 1, 23615: 2, 21721: 2, 24204: 1, 22646: 1, 24248: 1, 25296: 1, 23695: 1, 23170: 1, 23745: 1, 22348: 1, 23918: 1, 23729: 1, 23811: 1, 21758: 1, 24137: 1, 22029: 1, 24726: 1, 23306: 1, 24537: 1, 22235: 1, 23770: 1, 25516: 1, 25370: 1, 24387: 1, 23319: 1, 22818: 1, 23141: 1, 24853: 1, 24281: 1, 23389: 1, 22829: 1, 24555: 1, 24557: 1, 24867: 1, 21650: 1, 24637: 1, 23368: 1, 19163: 1, 24296: 2, 23951: 1, 23769: 1, 24374: 1, 24894: 1, 23888: 1, 24563: 1, 24247: 1, 23019: 1, 23656: 1, 21652: 1, 24358: 1, 24843: 1, 24948: 1, 24128: 1, 23204: 1, 25136: 1, 24880: 1, 22226: 1, 23608: 1, 25384: 1, 16282: 1, 25279: 1, 24420: 1, 22056: 2, 24175: 1, 21752: 1, 22978: 2, 25247: 1, 24784: 1, 24953: 1, 23730: 1, 25446: 1, 24340: 1, 24311: 2, 23377: 1, 24902: 1, 25324: 1, 23609: 1, 21746: 1, 23207: 1, 23259: 1, 22101: 1, 22069: 1, 24788: 2, 23191: 1, 25077: 1, 23706: 1, 23582: 1, 23907: 1, 23381: 1, 23744: 1, 22247: 1, 22778: 1, 21384: 1, 24054: 3, 22317: 1, 21017: 1, 18760: 1, 21045: 1, 24222: 1, 24294: 1, 24279: 1, 23737: 1, 25355: 1, 25068: 1, 25076: 1, 22649: 1, 23409: 1, 23924: 1, 22989: 1, 24854: 1, 23943: 1, 23983: 1, 24327: 2, 24333: 1, 24291: 1, 20696: 1, 24670: 1, 24699: 1, 24642: 3, 25495: 1, 25071: 1, 23934: 2, 25064: 1, 22355: 1, 25318: 1, 24276: 1, 25681: 1, 25657: 1, 23553: 2, 23257: 1, 23214: 1, 22321: 2, 24561: 1, 23140: 1, 24230: 2, 24082: 2, 23869: 1, 23103: 1, 24991: 1, 24099: 1, 24323: 2, 24183: 1, 23649: 1, 22813: 1, 24682: 2, 24360: 1, 23459: 1, 24617: 1, 24363: 1, 23557: 1, 25248: 1, 22444: 2, 22749: 1, 25335: 1, 22003: 1, 23210: 1, 22400: 1, 24293: 1, 23957: 1, 24378: 1, 25637: 1, 25110: 1, 24450: 1, 22041: 1, 24152: 1, 23865: 1, 24093: 1, 24480: 2, 25472: 1, 25227: 1, 24081: 1, 24786: 1, 23213: 1, 24841: 1, 23261: 1, 25128: 1, 24129: 1, 24444: 1, 23632: 1, 24218: 1, 23909: 1, 16766: 1, 24528: 2, 24034: 1, 25201: 1, 23527: 1, 23973: 1, 25683: 1, 24171: 1, 24674: 1, 23599: 1, 24978: 1, 24317: 1, 24388: 1, 21525: 1, 23848: 1, 22495: 1, 21934: 1, 21474: 1, 24462: 1, 25114: 1, 25040: 2, 22924: 1, 24285: 1, 24242: 1, 23300: 1, 24835: 1, 24170: 1, 23418: 1, 24286: 2, 22571: 1, 23916: 1, 24189: 1, 22907: 1, 23189: 1, 24329: 1, 24993: 1, 23435: 1, 23606: 1, 24459: 1, 24831: 1, 24396: 1, 24759: 1, 23542: 1, 23508: 1, 25067: 1, 21563: 1, 24094: 1, 25006: 1, 24419: 1, 23304: 1, 21759: 1, 23408: 1, 24044: 1, 24892: 1, 23194: 1, 25353: 1, 24830: 1, 24547: 1, 22596: 1, 23443: 1, 23324: 1, 24274: 1, 24433: 1, 21259: 1, 23988: 1, 20037: 1, 24875: 1, 24145: 1, 24597: 1, 23201: 1, 23886: 1, 23574: 1, 24295: 1, 25113: 1, 24534: 1, 24289: 1, 22592: 2, 23982: 1, 24205: 1, 24063: 1, 24799: 1, 24733: 1, 23883: 1, 24919: 1, 25185: 1, 22243: 1, 24346: 1, 23038: 1, 23835: 1, 23267: 1, 24437: 1, 24131: 1, 23965: 1, 21500: 1, 21777: 1, 23953: 2, 24949: 1, 23717: 1, 25107: 1, 22582: 1, 24966: 1, 22517: 1, 22863: 1, 20837: 1, 23007: 1, 25423: 1, 21707: 1, 23900: 2, 22800: 1, 22654: 1, 22798: 1, 23116: 1, 19636: 1, 20461: 1, 22273: 1, 19644: 1, 24610: 1, 22855: 1, 24698: 1, 24779: 1, 23926: 1, 24742: 1, 23913: 1, 24574: 1, 23342: 1, 23633: 1, 22844: 1, 23423: 1, 20403: 1, 20809: 1, 23651: 1, 24143: 1, 22155: 1, 22125: 1, 24921: 1, 23871: 1, 22457: 1, 24141: 1, 24024: 1, 24823: 1, 22189: 1, 20760: 1, 24344: 1, 22396: 1, 25005: 1, 24057: 1, 25553: 1, 25103: 1, 23904: 1, 22084: 1, 25033: 1, 25497: 1, 24262: 1, 22286: 1, 24832: 1, 22122: 1, 21907: 1, 23182: 1, 23864: 1, 22264: 1, 23310: 1, 25623: 1, 25000: 1, 24048: 1, 25263: 1, 24768: 1, 23915: 1, 22115: 1, 22794: 1, 23908: 1, 24678: 1, 23704: 1, 24476: 1, 22606: 1, 24381: 1, 25252: 1, 24260: 1, 23962: 1, 23801: 1, 21880: 1, 23925: 1, 24728: 1, 25438: 1, 22229: 1, 22469: 1, 22300: 1, 23539: 1, 14662: 1, 22759: 1, 23356: 1, 22570: 1, 23345: 1, 23529: 1, 25148: 1, 21679: 1, 23516: 1, 21115: 1, 23559: 1, 24086: 1, 21983: 1, 18587: 1, 25065: 1, 23080: 1, 23293: 1, 22461: 1, 21949: 1, 23146: 1, 23687: 1, 25216: 1, 21668: 1, 21769: 1, 20805: 1, 21521: 1, 21571: 1, 21853: 1, 25022: 1, 25285: 1, 20057: 1, 24335: 1, 23739: 1, 22807: 1, 22677: 1, 20942: 1, 23648: 1, 24789: 1, 23023: 1, 23417: 1, 24408: 1, 22314: 1, 22666: 1, 20803: 1, 25483: 1, 23936: 1, 24215: 1, 23873: 1, 22447: 1, 24579: 1, 23974: 1, 23455: 1, 22535: 1, 23958: 1, 22955: 1, 19689: 1, 20475: 1}
2025-09-10 14:23:16 - root - INFO - Stage E75 统计信息:
2025-09-10 14:23:16 - root - INFO -   细胞数量: 729
2025-09-10 14:23:16 - root - INFO -   距离长度范围: (14052, 25683)
2025-09-10 14:23:16 - root - INFO -   最常见长度: (24088, 3)
2025-09-10 14:23:16 - root - INFO -   分辨率: [100000]
2025-09-10 14:23:16 - root - INFO -   总contacts范围: (7, 12)
2025-09-10 14:23:16 - root - INFO -   平均contacts: 9.5
2025-09-10 14:23:16 - data_validator - WARNING - 验证发现 1 个警告:
2025-09-10 14:23:16 - data_validator - WARNING -   - Stage E75 distances长度差异较大: {22881: 1, 24510: 1, 24614: 1, 21357: 1, 21883: 1, 21827: 1, 23660: 1, 21832: 2, 24535: 1, 25079: 2, 21740: 1, 24011: 1, 24790: 1, 22704: 2, 22605: 1, 25595: 1, 19443: 1, 25020: 1, 24666: 1, 24109: 1, 23428: 1, 23629: 2, 22728: 1, 25531: 1, 23944: 1, 23398: 1, 24273: 1, 23566: 1, 24945: 1, 24010: 1, 25132: 1, 24785: 2, 22725: 1, 25352: 1, 21717: 1, 22080: 1, 23312: 1, 22030: 1, 23442: 1, 23064: 1, 24629: 1, 23600: 2, 23437: 2, 23762: 1, 23400: 1, 19425: 1, 22194: 1, 24739: 1, 20719: 1, 23635: 1, 24130: 1, 23614: 1, 23129: 1, 22086: 1, 24441: 1, 24088: 3, 22523: 1, 24885: 1, 25273: 1, 19203: 1, 23784: 2, 23206: 1, 19630: 1, 22985: 1, 23467: 1, 23279: 1, 23753: 1, 23052: 1, 24284: 2, 22625: 1, 21639: 2, 24859: 1, 22661: 1, 21852: 1, 20948: 1, 23347: 1, 25236: 1, 22042: 1, 23105: 2, 22831: 1, 22991: 1, 22640: 3, 22128: 1, 25369: 1, 20493: 1, 25054: 1, 22880: 1, 22574: 1, 22817: 1, 23414: 1, 22764: 1, 14052: 1, 23950: 1, 24023: 1, 24490: 1, 25502: 1, 24688: 1, 24195: 1, 25051: 2, 23975: 1, 25155: 2, 24091: 1, 23109: 1, 24484: 1, 25221: 1, 24427: 2, 24960: 1, 24386: 1, 23732: 2, 24196: 1, 22864: 1, 22036: 1, 23202: 1, 23645: 2, 23780: 1, 20991: 1, 22645: 1, 24857: 1, 23453: 2, 24583: 1, 24905: 1, 25394: 1, 21797: 1, 23106: 1, 23193: 2, 24621: 1, 24078: 1, 22376: 1, 24783: 1, 24198: 1, 23778: 1, 23964: 2, 22139: 1, 22306: 1, 21842: 1, 22292: 1, 21024: 1, 24740: 2, 23995: 1, 23379: 1, 22827: 1, 25341: 1, 22188: 1, 23747: 1, 24193: 1, 20983: 1, 20070: 1, 22845: 2, 23647: 1, 21356: 2, 22693: 1, 23571: 1, 23686: 1, 22452: 1, 23124: 1, 24006: 1, 24899: 1, 24238: 1, 24668: 2, 21239: 1, 21159: 1, 24912: 1, 21231: 1, 22296: 1, 22587: 1, 24519: 1, 24958: 1, 24472: 1, 24282: 1, 24549: 2, 24539: 1, 22562: 1, 21113: 1, 23246: 1, 23336: 1, 24209: 1, 22632: 1, 24257: 1, 24717: 1, 21506: 1, 21838: 1, 22474: 1, 22102: 1, 22470: 1, 22090: 1, 23993: 1, 23249: 1, 23294: 1, 23960: 1, 25511: 1, 25159: 1, 24798: 1, 24777: 1, 19864: 1, 23903: 1, 22669: 1, 23715: 1, 23523: 1, 24805: 1, 25106: 1, 22448: 1, 23556: 1, 24136: 1, 25209: 2, 24328: 1, 22945: 1, 22093: 1, 23581: 2, 17813: 1, 22779: 1, 24299: 1, 21324: 1, 23260: 1, 21188: 1, 23454: 1, 22594: 1, 24319: 1, 24594: 1, 24392: 1, 22736: 1, 22614: 1, 22912: 1, 23912: 2, 21970: 1, 21342: 1, 23922: 1, 22430: 1, 23085: 1, 22705: 1, 24604: 2, 23510: 1, 19320: 1, 23393: 1, 25179: 1, 24990: 1, 25036: 1, 24050: 1, 23939: 2, 24503: 1, 22869: 1, 24955: 1, 23772: 1, 22931: 1, 24428: 1, 23615: 2, 21721: 2, 24204: 1, 22646: 1, 24248: 1, 25296: 1, 23695: 1, 23170: 1, 23745: 1, 22348: 1, 23918: 1, 23729: 1, 23811: 1, 21758: 1, 24137: 1, 22029: 1, 24726: 1, 23306: 1, 24537: 1, 22235: 1, 23770: 1, 25516: 1, 25370: 1, 24387: 1, 23319: 1, 22818: 1, 23141: 1, 24853: 1, 24281: 1, 23389: 1, 22829: 1, 24555: 1, 24557: 1, 24867: 1, 21650: 1, 24637: 1, 23368: 1, 19163: 1, 24296: 2, 23951: 1, 23769: 1, 24374: 1, 24894: 1, 23888: 1, 24563: 1, 24247: 1, 23019: 1, 23656: 1, 21652: 1, 24358: 1, 24843: 1, 24948: 1, 24128: 1, 23204: 1, 25136: 1, 24880: 1, 22226: 1, 23608: 1, 25384: 1, 16282: 1, 25279: 1, 24420: 1, 22056: 2, 24175: 1, 21752: 1, 22978: 2, 25247: 1, 24784: 1, 24953: 1, 23730: 1, 25446: 1, 24340: 1, 24311: 2, 23377: 1, 24902: 1, 25324: 1, 23609: 1, 21746: 1, 23207: 1, 23259: 1, 22101: 1, 22069: 1, 24788: 2, 23191: 1, 25077: 1, 23706: 1, 23582: 1, 23907: 1, 23381: 1, 23744: 1, 22247: 1, 22778: 1, 21384: 1, 24054: 3, 22317: 1, 21017: 1, 18760: 1, 21045: 1, 24222: 1, 24294: 1, 24279: 1, 23737: 1, 25355: 1, 25068: 1, 25076: 1, 22649: 1, 23409: 1, 23924: 1, 22989: 1, 24854: 1, 23943: 1, 23983: 1, 24327: 2, 24333: 1, 24291: 1, 20696: 1, 24670: 1, 24699: 1, 24642: 3, 25495: 1, 25071: 1, 23934: 2, 25064: 1, 22355: 1, 25318: 1, 24276: 1, 25681: 1, 25657: 1, 23553: 2, 23257: 1, 23214: 1, 22321: 2, 24561: 1, 23140: 1, 24230: 2, 24082: 2, 23869: 1, 23103: 1, 24991: 1, 24099: 1, 24323: 2, 24183: 1, 23649: 1, 22813: 1, 24682: 2, 24360: 1, 23459: 1, 24617: 1, 24363: 1, 23557: 1, 25248: 1, 22444: 2, 22749: 1, 25335: 1, 22003: 1, 23210: 1, 22400: 1, 24293: 1, 23957: 1, 24378: 1, 25637: 1, 25110: 1, 24450: 1, 22041: 1, 24152: 1, 23865: 1, 24093: 1, 24480: 2, 25472: 1, 25227: 1, 24081: 1, 24786: 1, 23213: 1, 24841: 1, 23261: 1, 25128: 1, 24129: 1, 24444: 1, 23632: 1, 24218: 1, 23909: 1, 16766: 1, 24528: 2, 24034: 1, 25201: 1, 23527: 1, 23973: 1, 25683: 1, 24171: 1, 24674: 1, 23599: 1, 24978: 1, 24317: 1, 24388: 1, 21525: 1, 23848: 1, 22495: 1, 21934: 1, 21474: 1, 24462: 1, 25114: 1, 25040: 2, 22924: 1, 24285: 1, 24242: 1, 23300: 1, 24835: 1, 24170: 1, 23418: 1, 24286: 2, 22571: 1, 23916: 1, 24189: 1, 22907: 1, 23189: 1, 24329: 1, 24993: 1, 23435: 1, 23606: 1, 24459: 1, 24831: 1, 24396: 1, 24759: 1, 23542: 1, 23508: 1, 25067: 1, 21563: 1, 24094: 1, 25006: 1, 24419: 1, 23304: 1, 21759: 1, 23408: 1, 24044: 1, 24892: 1, 23194: 1, 25353: 1, 24830: 1, 24547: 1, 22596: 1, 23443: 1, 23324: 1, 24274: 1, 24433: 1, 21259: 1, 23988: 1, 20037: 1, 24875: 1, 24145: 1, 24597: 1, 23201: 1, 23886: 1, 23574: 1, 24295: 1, 25113: 1, 24534: 1, 24289: 1, 22592: 2, 23982: 1, 24205: 1, 24063: 1, 24799: 1, 24733: 1, 23883: 1, 24919: 1, 25185: 1, 22243: 1, 24346: 1, 23038: 1, 23835: 1, 23267: 1, 24437: 1, 24131: 1, 23965: 1, 21500: 1, 21777: 1, 23953: 2, 24949: 1, 23717: 1, 25107: 1, 22582: 1, 24966: 1, 22517: 1, 22863: 1, 20837: 1, 23007: 1, 25423: 1, 21707: 1, 23900: 2, 22800: 1, 22654: 1, 22798: 1, 23116: 1, 19636: 1, 20461: 1, 22273: 1, 19644: 1, 24610: 1, 22855: 1, 24698: 1, 24779: 1, 23926: 1, 24742: 1, 23913: 1, 24574: 1, 23342: 1, 23633: 1, 22844: 1, 23423: 1, 20403: 1, 20809: 1, 23651: 1, 24143: 1, 22155: 1, 22125: 1, 24921: 1, 23871: 1, 22457: 1, 24141: 1, 24024: 1, 24823: 1, 22189: 1, 20760: 1, 24344: 1, 22396: 1, 25005: 1, 24057: 1, 25553: 1, 25103: 1, 23904: 1, 22084: 1, 25033: 1, 25497: 1, 24262: 1, 22286: 1, 24832: 1, 22122: 1, 21907: 1, 23182: 1, 23864: 1, 22264: 1, 23310: 1, 25623: 1, 25000: 1, 24048: 1, 25263: 1, 24768: 1, 23915: 1, 22115: 1, 22794: 1, 23908: 1, 24678: 1, 23704: 1, 24476: 1, 22606: 1, 24381: 1, 25252: 1, 24260: 1, 23962: 1, 23801: 1, 21880: 1, 23925: 1, 24728: 1, 25438: 1, 22229: 1, 22469: 1, 22300: 1, 23539: 1, 14662: 1, 22759: 1, 23356: 1, 22570: 1, 23345: 1, 23529: 1, 25148: 1, 21679: 1, 23516: 1, 21115: 1, 23559: 1, 24086: 1, 21983: 1, 18587: 1, 25065: 1, 23080: 1, 23293: 1, 22461: 1, 21949: 1, 23146: 1, 23687: 1, 25216: 1, 21668: 1, 21769: 1, 20805: 1, 21521: 1, 21571: 1, 21853: 1, 25022: 1, 25285: 1, 20057: 1, 24335: 1, 23739: 1, 22807: 1, 22677: 1, 20942: 1, 23648: 1, 24789: 1, 23023: 1, 23417: 1, 24408: 1, 22314: 1, 22666: 1, 20803: 1, 25483: 1, 23936: 1, 24215: 1, 23873: 1, 22447: 1, 24579: 1, 23974: 1, 23455: 1, 22535: 1, 23958: 1, 22955: 1, 19689: 1, 20475: 1}
2025-09-10 14:23:16 - root - INFO - 验证和对齐数据 完成 - 用时: 0.0s - 内存变化: +1.3 MB
2025-09-10 14:23:16 - data_validator - INFO - 统一distances长度为: 24088
2025-09-10 14:23:16 - data_validator - WARNING - 细胞 GasaE751001 的decay_values被填充从 22881 到 24088
2025-09-10 14:23:16 - data_validator - WARNING - 细胞 GasaE751006 的decay_values被截断从 24510 到 24088
2025-09-10 14:23:16 - data_validator - WARNING - 细胞 GasaE751008 的decay_values被截断从 24614 到 24088
2025-09-10 14:23:16 - data_validator - WARNING - 细胞 GasaE751010 的decay_values被填充从 21357 到 24088
2025-09-10 14:23:16 - data_validator - WARNING - 细胞 GasaE751011 的decay_values被填充从 21883 到 24088
2025-09-10 14:23:16 - data_validator - WARNING - 细胞 GasaE751013 的decay_values被填充从 21827 到 24088
2025-09-10 14:23:16 - data_validator - WARNING - 细胞 GasaE751016 的decay_values被填充从 23660 到 24088
2025-09-10 14:23:16 - data_validator - WARNING - 细胞 GasaE751017 的decay_values被填充从 21832 到 24088
2025-09-10 14:23:16 - data_validator - WARNING - 细胞 GasaE751020 的decay_values被截断从 24535 到 24088
2025-09-10 14:23:16 - data_validator - WARNING - 细胞 GasaE751023 的decay_values被截断从 25079 到 24088
2025-09-10 14:23:16 - data_validator - WARNING - 细胞 GasaE751025 的decay_values被填充从 21740 到 24088
2025-09-10 14:23:16 - data_validator - WARNING - 细胞 GasaE751026 的decay_values被填充从 24011 到 24088
2025-09-10 14:23:16 - data_validator - WARNING - 细胞 GasaE751031 的decay_values被截断从 24790 到 24088
2025-09-10 14:23:16 - data_validator - WARNING - 细胞 GasaE751033 的decay_values被填充从 22704 到 24088
2025-09-10 14:23:16 - data_validator - WARNING - 细胞 GasaE751034 的decay_values被填充从 22605 到 24088
2025-09-10 14:23:16 - data_validator - WARNING - 细胞 GasaE751038 的decay_values被截断从 25595 到 24088
2025-09-10 14:23:16 - data_validator - WARNING - 细胞 GasaE751039 的decay_values被填充从 19443 到 24088
2025-09-10 14:23:16 - data_validator - WARNING - 细胞 GasaE751040 的decay_values被截断从 25020 到 24088
2025-09-10 14:23:16 - data_validator - WARNING - 细胞 GasaE751043 的decay_values被截断从 24666 到 24088
2025-09-10 14:23:16 - data_validator - WARNING - 细胞 GasaE751045 的decay_values被截断从 24109 到 24088
2025-09-10 14:23:16 - data_validator - WARNING - 细胞 GasaE751046 的decay_values被填充从 23428 到 24088
2025-09-10 14:23:16 - data_validator - WARNING - 细胞 GasaE751047 的decay_values被填充从 23629 到 24088
2025-09-10 14:23:16 - data_validator - WARNING - 细胞 GasaE751054 的decay_values被填充从 22728 到 24088
2025-09-10 14:23:16 - data_validator - WARNING - 细胞 GasaE751055 的decay_values被截断从 25531 到 24088
2025-09-10 14:23:16 - data_validator - WARNING - 细胞 GasaE751056 的decay_values被填充从 23944 到 24088
2025-09-10 14:23:16 - data_validator - WARNING - 细胞 GasaE751057 的decay_values被填充从 23398 到 24088
2025-09-10 14:23:16 - data_validator - WARNING - 细胞 GasaE751058 的decay_values被截断从 24273 到 24088
2025-09-10 14:23:16 - data_validator - WARNING - 细胞 GasaE751059 的decay_values被填充从 23566 到 24088
2025-09-10 14:23:16 - data_validator - WARNING - 细胞 GasaE751061 的decay_values被截断从 24945 到 24088
2025-09-10 14:23:16 - data_validator - WARNING - 细胞 GasaE751062 的decay_values被填充从 24010 到 24088
2025-09-10 14:23:16 - data_validator - WARNING - 细胞 GasaE751064 的decay_values被截断从 25132 到 24088
2025-09-10 14:23:16 - data_validator - WARNING - 细胞 GasaE751067 的decay_values被截断从 24785 到 24088
2025-09-10 14:23:16 - data_validator - WARNING - 细胞 GasaE751071 的decay_values被填充从 22725 到 24088
2025-09-10 14:23:16 - data_validator - WARNING - 细胞 GasaE751072 的decay_values被截断从 25352 到 24088
2025-09-10 14:23:16 - data_validator - WARNING - 细胞 GasaE751073 的decay_values被填充从 21717 到 24088
2025-09-10 14:23:16 - data_validator - WARNING - 细胞 GasaE751074 的decay_values被填充从 22080 到 24088
2025-09-10 14:23:16 - data_validator - WARNING - 细胞 GasaE751076 的decay_values被填充从 23312 到 24088
2025-09-10 14:23:16 - data_validator - WARNING - 细胞 GasaE751081 的decay_values被填充从 22030 到 24088
2025-09-10 14:23:16 - data_validator - WARNING - 细胞 GasaE751084 的decay_values被填充从 23442 到 24088
2025-09-10 14:23:16 - data_validator - WARNING - 细胞 GasaE751085 的decay_values被填充从 23064 到 24088
2025-09-10 14:23:16 - data_validator - WARNING - 细胞 GasaE751086 的decay_values被截断从 24629 到 24088
2025-09-10 14:23:16 - data_validator - WARNING - 细胞 GasaE751088 的decay_values被填充从 23600 到 24088
2025-09-10 14:23:16 - data_validator - WARNING - 细胞 GasaE751089 的decay_values被填充从 23437 到 24088
2025-09-10 14:23:16 - data_validator - WARNING - 细胞 GasaE751094 的decay_values被填充从 23762 到 24088
2025-09-10 14:23:16 - data_validator - WARNING - 细胞 GasaE751095 的decay_values被填充从 23400 到 24088
2025-09-10 14:23:16 - data_validator - WARNING - 细胞 GasaE751096 的decay_values被填充从 19425 到 24088
2025-09-10 14:23:16 - data_validator - WARNING - 细胞 GasaE751097 的decay_values被填充从 22194 到 24088
2025-09-10 14:23:16 - data_validator - WARNING - 细胞 GasaE751101 的decay_values被截断从 24739 到 24088
2025-09-10 14:23:16 - data_validator - WARNING - 细胞 GasaE751102 的decay_values被填充从 20719 到 24088
2025-09-10 14:23:16 - data_validator - WARNING - 细胞 GasaE751103 的decay_values被填充从 23635 到 24088
2025-09-10 14:23:16 - data_validator - WARNING - 细胞 GasaE751105 的decay_values被截断从 24130 到 24088
2025-09-10 14:23:16 - data_validator - WARNING - 细胞 GasaE751107 的decay_values被填充从 23614 到 24088
2025-09-10 14:23:16 - data_validator - WARNING - 细胞 GasaE751108 的decay_values被填充从 23129 到 24088
2025-09-10 14:23:16 - data_validator - WARNING - 细胞 GasaE751109 的decay_values被填充从 22086 到 24088
2025-09-10 14:23:16 - data_validator - WARNING - 细胞 GasaE751114 的decay_values被截断从 24441 到 24088
2025-09-10 14:23:16 - data_validator - WARNING - 细胞 GasaE751116 的decay_values被填充从 22523 到 24088
2025-09-10 14:23:16 - data_validator - WARNING - 细胞 GasaE751117 的decay_values被截断从 24885 到 24088
2025-09-10 14:23:16 - data_validator - WARNING - 细胞 GasaE751118 的decay_values被截断从 25273 到 24088
2025-09-10 14:23:16 - data_validator - WARNING - 细胞 GasaE751120 的decay_values被填充从 19203 到 24088
2025-09-10 14:23:16 - data_validator - WARNING - 细胞 GasaE751121 的decay_values被填充从 23784 到 24088
2025-09-10 14:23:16 - data_validator - WARNING - 细胞 GasaE751122 的decay_values被填充从 23206 到 24088
2025-09-10 14:23:16 - data_validator - WARNING - 细胞 GasaE751123 的decay_values被填充从 19630 到 24088
2025-09-10 14:23:16 - data_validator - WARNING - 细胞 GasaE751125 的decay_values被填充从 22985 到 24088
2025-09-10 14:23:16 - data_validator - WARNING - 细胞 GasaE751128 的decay_values被填充从 23467 到 24088
2025-09-10 14:23:16 - data_validator - WARNING - 细胞 GasaE751130 的decay_values被填充从 23279 到 24088
2025-09-10 14:23:16 - data_validator - WARNING - 细胞 GasaE751134 的decay_values被填充从 23753 到 24088
2025-09-10 14:23:16 - data_validator - WARNING - 细胞 GasaE751135 的decay_values被填充从 23052 到 24088
2025-09-10 14:23:16 - data_validator - WARNING - 细胞 GasaE751139 的decay_values被截断从 24284 到 24088
2025-09-10 14:23:16 - data_validator - WARNING - 细胞 GasaE751140 的decay_values被填充从 22625 到 24088
2025-09-10 14:23:16 - data_validator - WARNING - 细胞 GasaE751143 的decay_values被填充从 21639 到 24088
2025-09-10 14:23:16 - data_validator - WARNING - 细胞 GasaE751144 的decay_values被截断从 24859 到 24088
2025-09-10 14:23:16 - data_validator - WARNING - 细胞 GasaE751145 的decay_values被填充从 22661 到 24088
2025-09-10 14:23:16 - data_validator - WARNING - 细胞 GasaE751146 的decay_values被填充从 21852 到 24088
2025-09-10 14:23:16 - data_validator - WARNING - 细胞 GasaE751147 的decay_values被填充从 20948 到 24088
2025-09-10 14:23:16 - data_validator - WARNING - 细胞 GasaE751149 的decay_values被填充从 23347 到 24088
2025-09-10 14:23:16 - data_validator - WARNING - 细胞 GasaE751150 的decay_values被截断从 25236 到 24088
2025-09-10 14:23:16 - data_validator - WARNING - 细胞 GasaE751153 的decay_values被填充从 22042 到 24088
2025-09-10 14:23:16 - data_validator - WARNING - 细胞 GasaE751154 的decay_values被填充从 23105 到 24088
2025-09-10 14:23:16 - data_validator - WARNING - 细胞 GasaE751155 的decay_values被填充从 22831 到 24088
2025-09-10 14:23:16 - data_validator - WARNING - 细胞 GasaE751157 的decay_values被填充从 22991 到 24088
2025-09-10 14:23:16 - data_validator - WARNING - 细胞 GasaE751158 的decay_values被填充从 22640 到 24088
2025-09-10 14:23:16 - data_validator - WARNING - 细胞 GasaE751161 的decay_values被填充从 22128 到 24088
2025-09-10 14:23:16 - data_validator - WARNING - 细胞 GasaE751162 的decay_values被截断从 25369 到 24088
2025-09-10 14:23:16 - data_validator - WARNING - 细胞 GasaE751163 的decay_values被填充从 20493 到 24088
2025-09-10 14:23:16 - data_validator - WARNING - 细胞 GasaE751165 的decay_values被截断从 25054 到 24088
2025-09-10 14:23:16 - data_validator - WARNING - 细胞 GasaE751167 的decay_values被填充从 22880 到 24088
2025-09-10 14:23:16 - data_validator - WARNING - 细胞 GasaE751169 的decay_values被填充从 22574 到 24088
2025-09-10 14:23:16 - data_validator - WARNING - 细胞 GasaE751171 的decay_values被填充从 22817 到 24088
2025-09-10 14:23:16 - data_validator - WARNING - 细胞 GasaE751172 的decay_values被填充从 23414 到 24088
2025-09-10 14:23:16 - data_validator - WARNING - 细胞 GasaE751173 的decay_values被填充从 22764 到 24088
2025-09-10 14:23:16 - data_validator - WARNING - 细胞 GasaE751175 的decay_values被填充从 14052 到 24088
2025-09-10 14:23:16 - data_validator - WARNING - 细胞 GasaE751180 的decay_values被填充从 23950 到 24088
2025-09-10 14:23:16 - data_validator - WARNING - 细胞 GasaE751185 的decay_values被填充从 24023 到 24088
2025-09-10 14:23:16 - data_validator - WARNING - 细胞 GasaE751189 的decay_values被截断从 24490 到 24088
2025-09-10 14:23:16 - data_validator - WARNING - 细胞 GasaE751191 的decay_values被截断从 25502 到 24088
2025-09-10 14:23:16 - data_validator - WARNING - 细胞 GasaE751192 的decay_values被截断从 24688 到 24088
2025-09-10 14:23:16 - data_validator - WARNING - 细胞 GasaE751194 的decay_values被截断从 24195 到 24088
2025-09-10 14:23:16 - data_validator - WARNING - 细胞 GasaE751195 的decay_values被截断从 25051 到 24088
2025-09-10 14:23:16 - data_validator - WARNING - 细胞 GasaE751196 的decay_values被填充从 23975 到 24088
2025-09-10 14:23:16 - data_validator - WARNING - 细胞 GasaE751197 的decay_values被截断从 25155 到 24088
2025-09-10 14:23:16 - data_validator - WARNING - 细胞 GasaE751198 的decay_values被截断从 24091 到 24088
2025-09-10 14:23:16 - data_validator - WARNING - 细胞 GasaE751199 的decay_values被填充从 23109 到 24088
2025-09-10 14:23:16 - data_validator - WARNING - 细胞 GasaE751205 的decay_values被截断从 24484 到 24088
2025-09-10 14:23:16 - data_validator - WARNING - 细胞 GasaE751207 的decay_values被截断从 25221 到 24088
2025-09-10 14:23:16 - data_validator - WARNING - 细胞 GasaE751209 的decay_values被截断从 24427 到 24088
2025-09-10 14:23:16 - data_validator - WARNING - 细胞 GasaE751212 的decay_values被截断从 24960 到 24088
2025-09-10 14:23:16 - data_validator - WARNING - 细胞 GasaE751216 的decay_values被截断从 24386 到 24088
2025-09-10 14:23:16 - data_validator - WARNING - 细胞 GasaE751220 的decay_values被填充从 23732 到 24088
2025-09-10 14:23:16 - data_validator - WARNING - 细胞 GasaE751222 的decay_values被截断从 24196 到 24088
2025-09-10 14:23:16 - data_validator - WARNING - 细胞 GasaE751223 的decay_values被填充从 22864 到 24088
2025-09-10 14:23:16 - data_validator - WARNING - 细胞 GasaE751232 的decay_values被填充从 22036 到 24088
2025-09-10 14:23:16 - data_validator - WARNING - 细胞 GasaE751234 的decay_values被填充从 23202 到 24088
2025-09-10 14:23:16 - data_validator - WARNING - 细胞 GasaE751236 的decay_values被填充从 23645 到 24088
2025-09-10 14:23:16 - data_validator - WARNING - 细胞 GasaE751239 的decay_values被填充从 23780 到 24088
2025-09-10 14:23:16 - data_validator - WARNING - 细胞 GasaE751242 的decay_values被填充从 20991 到 24088
2025-09-10 14:23:16 - data_validator - WARNING - 细胞 GasaE751246 的decay_values被填充从 23732 到 24088
2025-09-10 14:23:16 - data_validator - WARNING - 细胞 GasaE751252 的decay_values被填充从 22645 到 24088
2025-09-10 14:23:16 - data_validator - WARNING - 细胞 GasaE751254 的decay_values被填充从 23629 到 24088
2025-09-10 14:23:16 - data_validator - WARNING - 细胞 GasaE751260 的decay_values被截断从 24857 到 24088
2025-09-10 14:23:16 - data_validator - WARNING - 细胞 GasaE751262 的decay_values被填充从 23453 到 24088
2025-09-10 14:23:16 - data_validator - WARNING - 细胞 GasaE751263 的decay_values被截断从 24583 到 24088
2025-09-10 14:23:16 - data_validator - WARNING - 细胞 GasaE751266 的decay_values被截断从 24905 到 24088
2025-09-10 14:23:16 - data_validator - WARNING - 细胞 GasaE751267 的decay_values被截断从 25394 到 24088
2025-09-10 14:23:16 - data_validator - WARNING - 细胞 GasaE751269 的decay_values被填充从 21797 到 24088
2025-09-10 14:23:16 - data_validator - WARNING - 细胞 GasaE751272 的decay_values被填充从 23106 到 24088
2025-09-10 14:23:16 - data_validator - WARNING - 细胞 GasaE751273 的decay_values被填充从 23193 到 24088
2025-09-10 14:23:16 - data_validator - WARNING - 细胞 GasaE751277 的decay_values被截断从 24621 到 24088
2025-09-10 14:23:16 - data_validator - WARNING - 细胞 GasaE751278 的decay_values被填充从 24078 到 24088
2025-09-10 14:23:16 - data_validator - WARNING - 细胞 GasaE751279 的decay_values被填充从 22376 到 24088
2025-09-10 14:23:16 - data_validator - WARNING - 细胞 GasaE751281 的decay_values被截断从 24783 到 24088
2025-09-10 14:23:16 - data_validator - WARNING - 细胞 GasaE751283 的decay_values被截断从 24198 到 24088
2025-09-10 14:23:16 - data_validator - WARNING - 细胞 GasaE751288 的decay_values被填充从 23778 到 24088
2025-09-10 14:23:16 - data_validator - WARNING - 细胞 GasaE751291 的decay_values被填充从 23964 到 24088
2025-09-10 14:23:16 - data_validator - WARNING - 细胞 GasaE751292 的decay_values被填充从 22139 到 24088
2025-09-10 14:23:16 - data_validator - WARNING - 细胞 GasaE751294 的decay_values被填充从 22306 到 24088
2025-09-10 14:23:16 - data_validator - WARNING - 细胞 GasaE751295 的decay_values被填充从 21842 到 24088
2025-09-10 14:23:16 - data_validator - WARNING - 细胞 GasaE751298 的decay_values被填充从 22292 到 24088
2025-09-10 14:23:16 - data_validator - WARNING - 细胞 GasaE751299 的decay_values被填充从 21024 到 24088
2025-09-10 14:23:16 - data_validator - WARNING - 细胞 GasaE751301 的decay_values被截断从 24740 到 24088
2025-09-10 14:23:16 - data_validator - WARNING - 细胞 GasaE751304 的decay_values被填充从 23995 到 24088
2025-09-10 14:23:16 - data_validator - WARNING - 细胞 GasaE751305 的decay_values被填充从 23379 到 24088
2025-09-10 14:23:16 - data_validator - WARNING - 细胞 GasaE751306 的decay_values被填充从 22827 到 24088
2025-09-10 14:23:16 - data_validator - WARNING - 细胞 GasaE751311 的decay_values被截断从 25341 到 24088
2025-09-10 14:23:16 - data_validator - WARNING - 细胞 GasaE751312 的decay_values被填充从 22188 到 24088
2025-09-10 14:23:16 - data_validator - WARNING - 细胞 GasaE751314 的decay_values被截断从 24427 到 24088
2025-09-10 14:23:16 - data_validator - WARNING - 细胞 GasaE751315 的decay_values被填充从 23747 到 24088
2025-09-10 14:23:16 - data_validator - WARNING - 细胞 GasaE751317 的decay_values被截断从 24193 到 24088
2025-09-10 14:23:16 - data_validator - WARNING - 细胞 GasaE751318 的decay_values被填充从 20983 到 24088
2025-09-10 14:23:16 - data_validator - WARNING - 细胞 GasaE751322 的decay_values被填充从 20070 到 24088
2025-09-10 14:23:16 - data_validator - WARNING - 细胞 GasaE751323 的decay_values被填充从 22845 到 24088
2025-09-10 14:23:16 - data_validator - WARNING - 细胞 GasaE751325 的decay_values被填充从 23647 到 24088
2025-09-10 14:23:16 - data_validator - WARNING - 细胞 GasaE751333 的decay_values被填充从 21356 到 24088
2025-09-10 14:23:16 - data_validator - WARNING - 细胞 GasaE751336 的decay_values被填充从 22693 到 24088
2025-09-10 14:23:16 - data_validator - WARNING - 细胞 GasaE751337 的decay_values被填充从 23571 到 24088
2025-09-10 14:23:16 - data_validator - WARNING - 细胞 GasaE751338 的decay_values被填充从 23686 到 24088
2025-09-10 14:23:16 - data_validator - WARNING - 细胞 GasaE751340 的decay_values被填充从 22452 到 24088
2025-09-10 14:23:16 - data_validator - WARNING - 细胞 GasaE751341 的decay_values被填充从 23124 到 24088
2025-09-10 14:23:16 - data_validator - WARNING - 细胞 GasaE751344 的decay_values被填充从 24006 到 24088
2025-09-10 14:23:16 - data_validator - WARNING - 细胞 GasaE751345 的decay_values被截断从 24899 到 24088
2025-09-10 14:23:16 - data_validator - WARNING - 细胞 GasaE751347 的decay_values被截断从 24238 到 24088
2025-09-10 14:23:16 - data_validator - WARNING - 细胞 GasaE751350 的decay_values被截断从 24668 到 24088
2025-09-10 14:23:16 - data_validator - WARNING - 细胞 GasaE751351 的decay_values被填充从 21239 到 24088
2025-09-10 14:23:16 - data_validator - WARNING - 细胞 GasaE751353 的decay_values被填充从 21159 到 24088
2025-09-10 14:23:16 - data_validator - WARNING - 细胞 GasaE751354 的decay_values被截断从 24912 到 24088
2025-09-10 14:23:16 - data_validator - WARNING - 细胞 GasaE751359 的decay_values被填充从 21231 到 24088
2025-09-10 14:23:16 - data_validator - WARNING - 细胞 GasaE751361 的decay_values被填充从 22296 到 24088
2025-09-10 14:23:16 - data_validator - WARNING - 细胞 GasaE751363 的decay_values被填充从 22587 到 24088
2025-09-10 14:23:16 - data_validator - WARNING - 细胞 GasaE751366 的decay_values被填充从 22640 到 24088
2025-09-10 14:23:16 - data_validator - WARNING - 细胞 GasaE751372 的decay_values被截断从 24519 到 24088
2025-09-10 14:23:16 - data_validator - WARNING - 细胞 GasaE751373 的decay_values被截断从 24958 到 24088
2025-09-10 14:23:16 - data_validator - WARNING - 细胞 GasaE751376 的decay_values被截断从 24472 到 24088
2025-09-10 14:23:16 - data_validator - WARNING - 细胞 GasaE751377 的decay_values被截断从 24282 到 24088
2025-09-10 14:23:16 - data_validator - WARNING - 细胞 GasaE751378 的decay_values被截断从 24549 到 24088
2025-09-10 14:23:16 - data_validator - WARNING - 细胞 GasaE751379 的decay_values被截断从 24539 到 24088
2025-09-10 14:23:16 - data_validator - WARNING - 细胞 GasaE751380 的decay_values被填充从 22562 到 24088
2025-09-10 14:23:16 - data_validator - WARNING - 细胞 GasaE751381 的decay_values被填充从 21113 到 24088
2025-09-10 14:23:16 - data_validator - WARNING - 细胞 GasaE751383 的decay_values被填充从 23246 到 24088
2025-09-10 14:23:16 - data_validator - WARNING - 细胞 GasaE751384 的decay_values被填充从 23336 到 24088
2025-09-10 14:23:16 - data_validator - WARNING - 细胞 GasbE751011 的decay_values被填充从 22704 到 24088
2025-09-10 14:23:16 - data_validator - WARNING - 细胞 GasbE751019 的decay_values被截断从 24209 到 24088
2025-09-10 14:23:16 - data_validator - WARNING - 细胞 GasbE751023 的decay_values被填充从 22632 到 24088
2025-09-10 14:23:16 - data_validator - WARNING - 细胞 GasbE751024 的decay_values被截断从 24257 到 24088
2025-09-10 14:23:16 - data_validator - WARNING - 细胞 GasbE751027 的decay_values被截断从 24717 到 24088
2025-09-10 14:23:16 - data_validator - WARNING - 细胞 GasbE751030 的decay_values被填充从 21506 到 24088
2025-09-10 14:23:16 - data_validator - WARNING - 细胞 GasbE751031 的decay_values被填充从 21838 到 24088
2025-09-10 14:23:16 - data_validator - WARNING - 细胞 GasbE751032 的decay_values被填充从 22474 到 24088
2025-09-10 14:23:16 - data_validator - WARNING - 细胞 GasbE751033 的decay_values被填充从 22102 到 24088
2025-09-10 14:23:16 - data_validator - WARNING - 细胞 GasbE751036 的decay_values被填充从 21356 到 24088
2025-09-10 14:23:16 - data_validator - WARNING - 细胞 GasbE751041 的decay_values被填充从 22470 到 24088
2025-09-10 14:23:16 - data_validator - WARNING - 细胞 GasbE751043 的decay_values被填充从 22090 到 24088
2025-09-10 14:23:16 - data_validator - WARNING - 细胞 GasbE751050 的decay_values被截断从 24740 到 24088
2025-09-10 14:23:16 - data_validator - WARNING - 细胞 GasbE751051 的decay_values被填充从 23993 到 24088
2025-09-10 14:23:16 - data_validator - WARNING - 细胞 GasbE751054 的decay_values被填充从 23249 到 24088
2025-09-10 14:23:16 - data_validator - WARNING - 细胞 GasbE751058 的decay_values被填充从 23294 到 24088
2025-09-10 14:23:16 - data_validator - WARNING - 细胞 GasbE751060 的decay_values被填充从 23960 到 24088
2025-09-10 14:23:16 - data_validator - WARNING - 细胞 GasbE751064 的decay_values被截断从 25511 到 24088
2025-09-10 14:23:16 - data_validator - WARNING - 细胞 GasbE751065 的decay_values被截断从 25159 到 24088
2025-09-10 14:23:16 - data_validator - WARNING - 细胞 GasbE751069 的decay_values被截断从 24798 到 24088
2025-09-10 14:23:16 - data_validator - WARNING - 细胞 GasbE751070 的decay_values被填充从 23105 到 24088
2025-09-10 14:23:16 - data_validator - WARNING - 细胞 GasbE751075 的decay_values被截断从 24777 到 24088
2025-09-10 14:23:16 - data_validator - WARNING - 细胞 GasbE751078 的decay_values被填充从 19864 到 24088
2025-09-10 14:23:16 - data_validator - WARNING - 细胞 GasbE751080 的decay_values被填充从 23903 到 24088
2025-09-10 14:23:16 - data_validator - WARNING - 细胞 GasbE751082 的decay_values被填充从 22669 到 24088
2025-09-10 14:23:16 - data_validator - WARNING - 细胞 GasbE751085 的decay_values被填充从 23715 到 24088
2025-09-10 14:23:16 - data_validator - WARNING - 细胞 GasbE751090 的decay_values被填充从 23523 到 24088
2025-09-10 14:23:16 - data_validator - WARNING - 细胞 GasbE751092 的decay_values被截断从 24805 到 24088
2025-09-10 14:23:16 - data_validator - WARNING - 细胞 GasbE751097 的decay_values被截断从 25106 到 24088
2025-09-10 14:23:16 - data_validator - WARNING - 细胞 GasbE751101 的decay_values被填充从 22448 到 24088
2025-09-10 14:23:16 - data_validator - WARNING - 细胞 GasbE751103 的decay_values被填充从 23556 到 24088
2025-09-10 14:23:16 - data_validator - WARNING - 细胞 GasbE751104 的decay_values被截断从 24136 到 24088
2025-09-10 14:23:16 - data_validator - WARNING - 细胞 GasbE751109 的decay_values被截断从 25209 到 24088
2025-09-10 14:23:16 - data_validator - WARNING - 细胞 GasbE751110 的decay_values被截断从 24328 到 24088
2025-09-10 14:23:16 - data_validator - WARNING - 细胞 GasbE751113 的decay_values被填充从 22945 到 24088
2025-09-10 14:23:16 - data_validator - WARNING - 细胞 GasbE751120 的decay_values被填充从 22093 到 24088
2025-09-10 14:23:16 - data_validator - WARNING - 细胞 GasbE751121 的decay_values被填充从 23581 到 24088
2025-09-10 14:23:16 - data_validator - WARNING - 细胞 GasbE751129 的decay_values被填充从 17813 到 24088
2025-09-10 14:23:16 - data_validator - WARNING - 细胞 GasbE751131 的decay_values被填充从 22779 到 24088
2025-09-10 14:23:16 - data_validator - WARNING - 细胞 GasbE751133 的decay_values被截断从 24299 到 24088
2025-09-10 14:23:16 - data_validator - WARNING - 细胞 GasbE751139 的decay_values被填充从 21324 到 24088
2025-09-10 14:23:16 - data_validator - WARNING - 细胞 GasbE751140 的decay_values被填充从 23260 到 24088
2025-09-10 14:23:16 - data_validator - WARNING - 细胞 GasbE751141 的decay_values被填充从 21188 到 24088
2025-09-10 14:23:16 - data_validator - WARNING - 细胞 GasbE751147 的decay_values被填充从 23454 到 24088
2025-09-10 14:23:16 - data_validator - WARNING - 细胞 GasbE751148 的decay_values被填充从 22594 到 24088
2025-09-10 14:23:16 - data_validator - WARNING - 细胞 GasbE751151 的decay_values被截断从 24319 到 24088
2025-09-10 14:23:16 - data_validator - WARNING - 细胞 GasbE751153 的decay_values被截断从 24594 到 24088
2025-09-10 14:23:16 - data_validator - WARNING - 细胞 GasbE751163 的decay_values被截断从 24392 到 24088
2025-09-10 14:23:16 - data_validator - WARNING - 细胞 GasbE751164 的decay_values被填充从 22736 到 24088
2025-09-10 14:23:16 - data_validator - WARNING - 细胞 GasbE751166 的decay_values被填充从 22614 到 24088
2025-09-10 14:23:16 - data_validator - WARNING - 细胞 GasbE751180 的decay_values被填充从 22912 到 24088
2025-09-10 14:23:16 - data_validator - WARNING - 细胞 GasbE751181 的decay_values被填充从 23912 到 24088
2025-09-10 14:23:16 - data_validator - WARNING - 细胞 GasbE751190 的decay_values被填充从 21970 到 24088
2025-09-10 14:23:16 - data_validator - WARNING - 细胞 GasbE751191 的decay_values被填充从 21342 到 24088
2025-09-10 14:23:16 - data_validator - WARNING - 细胞 GasbE751195 的decay_values被填充从 23922 到 24088
2025-09-10 14:23:16 - data_validator - WARNING - 细胞 GasbE751196 的decay_values被填充从 22430 到 24088
2025-09-10 14:23:16 - data_validator - WARNING - 细胞 GasbE751197 的decay_values被填充从 23085 到 24088
2025-09-10 14:23:16 - data_validator - WARNING - 细胞 GasbE751202 的decay_values被填充从 22705 到 24088
2025-09-10 14:23:16 - data_validator - WARNING - 细胞 GasbE751203 的decay_values被截断从 24604 到 24088
2025-09-10 14:23:16 - data_validator - WARNING - 细胞 GasbE751204 的decay_values被填充从 23510 到 24088
2025-09-10 14:23:16 - data_validator - WARNING - 细胞 GasbE751208 的decay_values被填充从 19320 到 24088
2025-09-10 14:23:16 - data_validator - WARNING - 细胞 GasbE751210 的decay_values被填充从 23393 到 24088
2025-09-10 14:23:16 - data_validator - WARNING - 细胞 GasbE751214 的decay_values被截断从 25179 到 24088
2025-09-10 14:23:16 - data_validator - WARNING - 细胞 GasbE751215 的decay_values被截断从 24990 到 24088
2025-09-10 14:23:16 - data_validator - WARNING - 细胞 GasbE751216 的decay_values被截断从 25036 到 24088
2025-09-10 14:23:16 - data_validator - WARNING - 细胞 GasbE751218 的decay_values被填充从 24050 到 24088
2025-09-10 14:23:16 - data_validator - WARNING - 细胞 GasbE751220 的decay_values被填充从 23939 到 24088
2025-09-10 14:23:16 - data_validator - WARNING - 细胞 GasbE751222 的decay_values被截断从 24503 到 24088
2025-09-10 14:23:16 - data_validator - WARNING - 细胞 GasbE751223 的decay_values被填充从 22869 到 24088
2025-09-10 14:23:16 - data_validator - WARNING - 细胞 GasbE751224 的decay_values被截断从 24955 到 24088
2025-09-10 14:23:16 - data_validator - WARNING - 细胞 GasbE751225 的decay_values被填充从 23772 到 24088
2025-09-10 14:23:16 - data_validator - WARNING - 细胞 GasbE751227 的decay_values被填充从 22931 到 24088
2025-09-10 14:23:16 - data_validator - WARNING - 细胞 GasbE751228 的decay_values被截断从 24428 到 24088
2025-09-10 14:23:16 - data_validator - WARNING - 细胞 GasbE751229 的decay_values被填充从 23615 到 24088
2025-09-10 14:23:16 - data_validator - WARNING - 细胞 GasbE751230 的decay_values被填充从 21721 到 24088
2025-09-10 14:23:16 - data_validator - WARNING - 细胞 GasbE751231 的decay_values被截断从 24204 到 24088
2025-09-10 14:23:16 - data_validator - WARNING - 细胞 GasbE751232 的decay_values被填充从 22646 到 24088
2025-09-10 14:23:16 - data_validator - WARNING - 细胞 GasbE751233 的decay_values被截断从 24248 到 24088
2025-09-10 14:23:16 - data_validator - WARNING - 细胞 GasbE751234 的decay_values被填充从 23784 到 24088
2025-09-10 14:23:16 - data_validator - WARNING - 细胞 GasbE751235 的decay_values被截断从 25296 到 24088
2025-09-10 14:23:16 - data_validator - WARNING - 细胞 GasbE751237 的decay_values被填充从 23695 到 24088
2025-09-10 14:23:16 - data_validator - WARNING - 细胞 GasbE751240 的decay_values被填充从 23170 到 24088
2025-09-10 14:23:16 - data_validator - WARNING - 细胞 GasbE751241 的decay_values被填充从 23745 到 24088
2025-09-10 14:23:16 - data_validator - WARNING - 细胞 GasbE751243 的decay_values被填充从 22348 到 24088
2025-09-10 14:23:16 - data_validator - WARNING - 细胞 GasbE751244 的decay_values被填充从 23918 到 24088
2025-09-10 14:23:16 - data_validator - WARNING - 细胞 GasbE751245 的decay_values被填充从 23729 到 24088
2025-09-10 14:23:16 - data_validator - WARNING - 细胞 GasbE751247 的decay_values被截断从 25079 到 24088
2025-09-10 14:23:16 - data_validator - WARNING - 细胞 GasbE751255 的decay_values被填充从 23811 到 24088
2025-09-10 14:23:16 - data_validator - WARNING - 细胞 GasbE751256 的decay_values被填充从 21758 到 24088
2025-09-10 14:23:16 - data_validator - WARNING - 细胞 GasbE751258 的decay_values被截断从 24137 到 24088
2025-09-10 14:23:16 - data_validator - WARNING - 细胞 GasbE751259 的decay_values被填充从 22029 到 24088
2025-09-10 14:23:16 - data_validator - WARNING - 细胞 GasbE751260 的decay_values被截断从 24726 到 24088
2025-09-10 14:23:16 - data_validator - WARNING - 细胞 GasbE751261 的decay_values被填充从 23306 到 24088
2025-09-10 14:23:16 - data_validator - WARNING - 细胞 GasbE751264 的decay_values被截断从 24537 到 24088
2025-09-10 14:23:16 - data_validator - WARNING - 细胞 GasbE751266 的decay_values被填充从 22235 到 24088
2025-09-10 14:23:16 - data_validator - WARNING - 细胞 GasbE751267 的decay_values被填充从 23770 到 24088
2025-09-10 14:23:16 - data_validator - WARNING - 细胞 GasbE751268 的decay_values被填充从 21721 到 24088
2025-09-10 14:23:16 - data_validator - WARNING - 细胞 GasbE751275 的decay_values被截断从 25516 到 24088
2025-09-10 14:23:16 - data_validator - WARNING - 细胞 GasbE751276 的decay_values被截断从 25370 到 24088
2025-09-10 14:23:16 - data_validator - WARNING - 细胞 GasbE751277 的decay_values被截断从 24387 到 24088
2025-09-10 14:23:16 - data_validator - WARNING - 细胞 GasbE751279 的decay_values被填充从 23319 到 24088
2025-09-10 14:23:16 - data_validator - WARNING - 细胞 GasbE751286 的decay_values被填充从 22818 到 24088
2025-09-10 14:23:16 - data_validator - WARNING - 细胞 GasbE751293 的decay_values被填充从 23141 到 24088
2025-09-10 14:23:16 - data_validator - WARNING - 细胞 GasbE751296 的decay_values被截断从 24853 到 24088
2025-09-10 14:23:16 - data_validator - WARNING - 细胞 GasbE751297 的decay_values被截断从 24281 到 24088
2025-09-10 14:23:16 - data_validator - WARNING - 细胞 GasbE751298 的decay_values被填充从 23645 到 24088
2025-09-10 14:23:16 - data_validator - WARNING - 细胞 GasbE751299 的decay_values被填充从 23389 到 24088
2025-09-10 14:23:16 - data_validator - WARNING - 细胞 GasbE751300 的decay_values被填充从 22829 到 24088
2025-09-10 14:23:16 - data_validator - WARNING - 细胞 GasbE751303 的decay_values被截断从 24555 到 24088
2025-09-10 14:23:16 - data_validator - WARNING - 细胞 GasbE751306 的decay_values被截断从 24557 到 24088
2025-09-10 14:23:16 - data_validator - WARNING - 细胞 GasbE751307 的decay_values被截断从 24867 到 24088
2025-09-10 14:23:16 - data_validator - WARNING - 细胞 GasbE751310 的decay_values被填充从 21650 到 24088
2025-09-10 14:23:16 - data_validator - WARNING - 细胞 GasbE751311 的decay_values被截断从 24637 到 24088
2025-09-10 14:23:16 - data_validator - WARNING - 细胞 GasbE751312 的decay_values被填充从 23368 到 24088
2025-09-10 14:23:16 - data_validator - WARNING - 细胞 GasbE751317 的decay_values被填充从 19163 到 24088
2025-09-10 14:23:16 - data_validator - WARNING - 细胞 GasbE751320 的decay_values被截断从 24296 到 24088
2025-09-10 14:23:16 - data_validator - WARNING - 细胞 GasbE751321 的decay_values被填充从 23951 到 24088
2025-09-10 14:23:16 - data_validator - WARNING - 细胞 GasbE751322 的decay_values被填充从 23769 到 24088
2025-09-10 14:23:16 - data_validator - WARNING - 细胞 GasbE751323 的decay_values被截断从 24374 到 24088
2025-09-10 14:23:16 - data_validator - WARNING - 细胞 GasbE751331 的decay_values被截断从 24894 到 24088
2025-09-10 14:23:16 - data_validator - WARNING - 细胞 GasbE751334 的decay_values被填充从 23888 到 24088
2025-09-10 14:23:16 - data_validator - WARNING - 细胞 GasbE751335 的decay_values被截断从 24563 到 24088
2025-09-10 14:23:16 - data_validator - WARNING - 细胞 GasbE751337 的decay_values被截断从 24247 到 24088
2025-09-10 14:23:16 - data_validator - WARNING - 细胞 GasbE751338 的decay_values被填充从 23019 到 24088
2025-09-10 14:23:16 - data_validator - WARNING - 细胞 GasbE751339 的decay_values被填充从 23656 到 24088
2025-09-10 14:23:16 - data_validator - WARNING - 细胞 GasbE751340 的decay_values被填充从 21652 到 24088
2025-09-10 14:23:16 - data_validator - WARNING - 细胞 GasbE751341 的decay_values被截断从 24358 到 24088
2025-09-10 14:23:16 - data_validator - WARNING - 细胞 GasbE751342 的decay_values被截断从 24843 到 24088
2025-09-10 14:23:16 - data_validator - WARNING - 细胞 GasbE751344 的decay_values被截断从 24948 到 24088
2025-09-10 14:23:16 - data_validator - WARNING - 细胞 GasbE751345 的decay_values被截断从 24128 到 24088
2025-09-10 14:23:16 - data_validator - WARNING - 细胞 GasbE751349 的decay_values被填充从 23204 到 24088
2025-09-10 14:23:16 - data_validator - WARNING - 细胞 GasbE751350 的decay_values被截断从 25136 到 24088
2025-09-10 14:23:16 - data_validator - WARNING - 细胞 GasbE751351 的decay_values被截断从 24880 到 24088
2025-09-10 14:23:16 - data_validator - WARNING - 细胞 GasbE751353 的decay_values被填充从 22226 到 24088
2025-09-10 14:23:16 - data_validator - WARNING - 细胞 GasbE751354 的decay_values被填充从 23608 到 24088
2025-09-10 14:23:16 - data_validator - WARNING - 细胞 GasbE751357 的decay_values被截断从 25384 到 24088
2025-09-10 14:23:16 - data_validator - WARNING - 细胞 GasbE751358 的decay_values被填充从 16282 到 24088
2025-09-10 14:23:16 - data_validator - WARNING - 细胞 GasbE751359 的decay_values被截断从 25279 到 24088
2025-09-10 14:23:16 - data_validator - WARNING - 细胞 GasbE751361 的decay_values被填充从 23453 到 24088
2025-09-10 14:23:16 - data_validator - WARNING - 细胞 GasbE751362 的decay_values被截断从 24420 到 24088
2025-09-10 14:23:16 - data_validator - WARNING - 细胞 GasbE751365 的decay_values被填充从 22056 到 24088
2025-09-10 14:23:16 - data_validator - WARNING - 细胞 GasbE751366 的decay_values被截断从 24175 到 24088
2025-09-10 14:23:16 - data_validator - WARNING - 细胞 GasbE751367 的decay_values被填充从 21752 到 24088
2025-09-10 14:23:16 - data_validator - WARNING - 细胞 GasbE751368 的decay_values被填充从 22978 到 24088
2025-09-10 14:23:16 - data_validator - WARNING - 细胞 GasbE751371 的decay_values被截断从 25247 到 24088
2025-09-10 14:23:16 - data_validator - WARNING - 细胞 GasbE751372 的decay_values被截断从 24784 到 24088
2025-09-10 14:23:16 - data_validator - WARNING - 细胞 GasbE751375 的decay_values被截断从 24953 到 24088
2025-09-10 14:23:16 - data_validator - WARNING - 细胞 GasbE751377 的decay_values被填充从 23730 到 24088
2025-09-10 14:23:16 - data_validator - WARNING - 细胞 GasbE751378 的decay_values被截断从 25446 到 24088
2025-09-10 14:23:16 - data_validator - WARNING - 细胞 GasbE751380 的decay_values被截断从 24340 到 24088
2025-09-10 14:23:16 - data_validator - WARNING - 细胞 GasbE751381 的decay_values被截断从 24311 到 24088
2025-09-10 14:23:16 - data_validator - WARNING - 细胞 GascE753001 的decay_values被填充从 23377 到 24088
2025-09-10 14:23:16 - data_validator - WARNING - 细胞 GascE753002 的decay_values被截断从 24902 到 24088
2025-09-10 14:23:16 - data_validator - WARNING - 细胞 GascE753012 的decay_values被截断从 25324 到 24088
2025-09-10 14:23:16 - data_validator - WARNING - 细胞 GascE753021 的decay_values被填充从 23609 到 24088
2025-09-10 14:23:16 - data_validator - WARNING - 细胞 GascE753026 的decay_values被填充从 21746 到 24088
2025-09-10 14:23:16 - data_validator - WARNING - 细胞 GascE753028 的decay_values被填充从 23207 到 24088
2025-09-10 14:23:16 - data_validator - WARNING - 细胞 GascE753029 的decay_values被填充从 23259 到 24088
2025-09-10 14:23:16 - data_validator - WARNING - 细胞 GascE753036 的decay_values被填充从 22101 到 24088
2025-09-10 14:23:16 - data_validator - WARNING - 细胞 GascE753040 的decay_values被填充从 22069 到 24088
2025-09-10 14:23:16 - data_validator - WARNING - 细胞 GascE753054 的decay_values被截断从 24788 到 24088
2025-09-10 14:23:16 - data_validator - WARNING - 细胞 GascE753055 的decay_values被填充从 23191 到 24088
2025-09-10 14:23:16 - data_validator - WARNING - 细胞 GascE753085 的decay_values被截断从 25077 到 24088
2025-09-10 14:23:16 - data_validator - WARNING - 细胞 GascE753093 的decay_values被填充从 23706 到 24088
2025-09-10 14:23:16 - data_validator - WARNING - 细胞 GascE753097 的decay_values被填充从 23582 到 24088
2025-09-10 14:23:16 - data_validator - WARNING - 细胞 GascE753098 的decay_values被填充从 23907 到 24088
2025-09-10 14:23:16 - data_validator - WARNING - 细胞 GascE753101 的decay_values被填充从 23381 到 24088
2025-09-10 14:23:16 - data_validator - WARNING - 细胞 GascE753108 的decay_values被填充从 23744 到 24088
2025-09-10 14:23:16 - data_validator - WARNING - 细胞 GascE753112 的decay_values被填充从 22247 到 24088
2025-09-10 14:23:16 - data_validator - WARNING - 细胞 GascE753116 的decay_values被填充从 22778 到 24088
2025-09-10 14:23:16 - data_validator - WARNING - 细胞 GascE753119 的decay_values被填充从 21384 到 24088
2025-09-10 14:23:16 - data_validator - WARNING - 细胞 GascE753120 的decay_values被填充从 24054 到 24088
2025-09-10 14:23:16 - data_validator - WARNING - 细胞 GascE753124 的decay_values被填充从 22317 到 24088
2025-09-10 14:23:16 - data_validator - WARNING - 细胞 GascE753125 的decay_values被填充从 21017 到 24088
2025-09-10 14:23:16 - data_validator - WARNING - 细胞 GascE753130 的decay_values被填充从 18760 到 24088
2025-09-10 14:23:16 - data_validator - WARNING - 细胞 GascE753136 的decay_values被填充从 21045 到 24088
2025-09-10 14:23:16 - data_validator - WARNING - 细胞 GascE753140 的decay_values被截断从 24222 到 24088
2025-09-10 14:23:16 - data_validator - WARNING - 细胞 GaseE751001 的decay_values被截断从 24294 到 24088
2025-09-10 14:23:16 - data_validator - WARNING - 细胞 GaseE751002 的decay_values被截断从 24279 到 24088
2025-09-10 14:23:16 - data_validator - WARNING - 细胞 GaseE751005 的decay_values被填充从 23737 到 24088
2025-09-10 14:23:16 - data_validator - WARNING - 细胞 GaseE751006 的decay_values被截断从 25355 到 24088
2025-09-10 14:23:16 - data_validator - WARNING - 细胞 GaseE751010 的decay_values被截断从 25068 到 24088
2025-09-10 14:23:16 - data_validator - WARNING - 细胞 GaseE751011 的decay_values被截断从 25076 到 24088
2025-09-10 14:23:16 - data_validator - WARNING - 细胞 GaseE751016 的decay_values被填充从 22649 到 24088
2025-09-10 14:23:16 - data_validator - WARNING - 细胞 GaseE751023 的decay_values被填充从 23409 到 24088
2025-09-10 14:23:16 - data_validator - WARNING - 细胞 GaseE751029 的decay_values被填充从 23924 到 24088
2025-09-10 14:23:16 - data_validator - WARNING - 细胞 GaseE751030 的decay_values被填充从 22989 到 24088
2025-09-10 14:23:16 - data_validator - WARNING - 细胞 GaseE751031 的decay_values被截断从 24854 到 24088
2025-09-10 14:23:16 - data_validator - WARNING - 细胞 GaseE751042 的decay_values被填充从 23943 到 24088
2025-09-10 14:23:16 - data_validator - WARNING - 细胞 GaseE751044 的decay_values被填充从 23983 到 24088
2025-09-10 14:23:16 - data_validator - WARNING - 细胞 GaseE751046 的decay_values被截断从 24668 到 24088
2025-09-10 14:23:16 - data_validator - WARNING - 细胞 GaseE751051 的decay_values被截断从 24327 到 24088
2025-09-10 14:23:16 - data_validator - WARNING - 细胞 GaseE751057 的decay_values被截断从 24333 到 24088
2025-09-10 14:23:16 - data_validator - WARNING - 细胞 GaseE751059 的decay_values被截断从 24291 到 24088
2025-09-10 14:23:16 - data_validator - WARNING - 细胞 GaseE751066 的decay_values被填充从 20696 到 24088
2025-09-10 14:23:16 - data_validator - WARNING - 细胞 GaseE751069 的decay_values被截断从 24670 到 24088
2025-09-10 14:23:16 - data_validator - WARNING - 细胞 GaseE751072 的decay_values被截断从 24699 到 24088
2025-09-10 14:23:16 - data_validator - WARNING - 细胞 GaseE751076 的decay_values被截断从 24642 到 24088
2025-09-10 14:23:16 - data_validator - WARNING - 细胞 GaseE751077 的decay_values被截断从 25495 到 24088
2025-09-10 14:23:16 - data_validator - WARNING - 细胞 GaseE751080 的decay_values被截断从 25071 到 24088
2025-09-10 14:23:16 - data_validator - WARNING - 细胞 GaseE751084 的decay_values被填充从 23934 到 24088
2025-09-10 14:23:16 - data_validator - WARNING - 细胞 GaseE751085 的decay_values被截断从 25064 到 24088
2025-09-10 14:23:16 - data_validator - WARNING - 细胞 GaseE751086 的decay_values被填充从 22355 到 24088
2025-09-10 14:23:16 - data_validator - WARNING - 细胞 GaseE751090 的decay_values被截断从 25318 到 24088
2025-09-10 14:23:16 - data_validator - WARNING - 细胞 GaseE751091 的decay_values被截断从 24276 到 24088
2025-09-10 14:23:16 - data_validator - WARNING - 细胞 GaseE751092 的decay_values被截断从 25681 到 24088
2025-09-10 14:23:16 - data_validator - WARNING - 细胞 GaseE751095 的decay_values被填充从 22640 到 24088
2025-09-10 14:23:16 - data_validator - WARNING - 细胞 GaseE751096 的decay_values被截断从 25657 到 24088
2025-09-10 14:23:16 - data_validator - WARNING - 细胞 GaseE751098 的decay_values被填充从 23553 到 24088
2025-09-10 14:23:16 - data_validator - WARNING - 细胞 GaseE751099 的decay_values被填充从 23257 到 24088
2025-09-10 14:23:16 - data_validator - WARNING - 细胞 GaseE751100 的decay_values被填充从 23214 到 24088
2025-09-10 14:23:16 - data_validator - WARNING - 细胞 GaseE751105 的decay_values被填充从 22321 到 24088
2025-09-10 14:23:16 - data_validator - WARNING - 细胞 GaseE751106 的decay_values被填充从 23600 到 24088
2025-09-10 14:23:16 - data_validator - WARNING - 细胞 GaseE751108 的decay_values被截断从 24561 到 24088
2025-09-10 14:23:16 - data_validator - WARNING - 细胞 GaseE751110 的decay_values被填充从 23140 到 24088
2025-09-10 14:23:16 - data_validator - WARNING - 细胞 GaseE751111 的decay_values被截断从 24230 到 24088
2025-09-10 14:23:16 - data_validator - WARNING - 细胞 GaseE751113 的decay_values被填充从 24082 到 24088
2025-09-10 14:23:16 - data_validator - WARNING - 细胞 GaseE751114 的decay_values被填充从 23869 到 24088
2025-09-10 14:23:16 - data_validator - WARNING - 细胞 GaseE751115 的decay_values被填充从 23103 到 24088
2025-09-10 14:23:16 - data_validator - WARNING - 细胞 GaseE751123 的decay_values被填充从 23934 到 24088
2025-09-10 14:23:16 - data_validator - WARNING - 细胞 GaseE751124 的decay_values被截断从 24991 到 24088
2025-09-10 14:23:16 - data_validator - WARNING - 细胞 GaseE751125 的decay_values被截断从 24099 到 24088
2025-09-10 14:23:16 - data_validator - WARNING - 细胞 GaseE751126 的decay_values被截断从 24323 到 24088
2025-09-10 14:23:16 - data_validator - WARNING - 细胞 GaseE751127 的decay_values被截断从 24183 到 24088
2025-09-10 14:23:16 - data_validator - WARNING - 细胞 GaseE751130 的decay_values被填充从 23649 到 24088
2025-09-10 14:23:16 - data_validator - WARNING - 细胞 GaseE751134 的decay_values被填充从 22813 到 24088
2025-09-10 14:23:16 - data_validator - WARNING - 细胞 GaseE751135 的decay_values被截断从 24682 到 24088
2025-09-10 14:23:16 - data_validator - WARNING - 细胞 GaseE751141 的decay_values被截断从 24360 到 24088
2025-09-10 14:23:16 - data_validator - WARNING - 细胞 GaseE751143 的decay_values被填充从 23459 到 24088
2025-09-10 14:23:16 - data_validator - WARNING - 细胞 GaseE751144 的decay_values被截断从 24617 到 24088
2025-09-10 14:23:16 - data_validator - WARNING - 细胞 GaseE751149 的decay_values被截断从 24363 到 24088
2025-09-10 14:23:16 - data_validator - WARNING - 细胞 GaseE751151 的decay_values被填充从 23557 到 24088
2025-09-10 14:23:16 - data_validator - WARNING - 细胞 GaseE751152 的decay_values被截断从 25248 到 24088
2025-09-10 14:23:16 - data_validator - WARNING - 细胞 GaseE751154 的decay_values被填充从 22444 到 24088
2025-09-10 14:23:16 - data_validator - WARNING - 细胞 GaseE751158 的decay_values被填充从 22749 到 24088
2025-09-10 14:23:16 - data_validator - WARNING - 细胞 GaseE751160 的decay_values被截断从 25335 到 24088
2025-09-10 14:23:16 - data_validator - WARNING - 细胞 GaseE751162 的decay_values被填充从 22003 到 24088
2025-09-10 14:23:16 - data_validator - WARNING - 细胞 GaseE751164 的decay_values被填充从 23210 到 24088
2025-09-10 14:23:16 - data_validator - WARNING - 细胞 GaseE751167 的decay_values被填充从 22400 到 24088
2025-09-10 14:23:16 - data_validator - WARNING - 细胞 GaseE751168 的decay_values被截断从 24293 到 24088
2025-09-10 14:23:16 - data_validator - WARNING - 细胞 GaseE751169 的decay_values被填充从 23957 到 24088
2025-09-10 14:23:16 - data_validator - WARNING - 细胞 GaseE751176 的decay_values被截断从 24378 到 24088
2025-09-10 14:23:16 - data_validator - WARNING - 细胞 GaseE751177 的decay_values被截断从 25637 到 24088
2025-09-10 14:23:16 - data_validator - WARNING - 细胞 GaseE751179 的decay_values被截断从 25110 到 24088
2025-09-10 14:23:16 - data_validator - WARNING - 细胞 GaseE751180 的decay_values被截断从 24450 到 24088
2025-09-10 14:23:16 - data_validator - WARNING - 细胞 GaseE751182 的decay_values被填充从 22041 到 24088
2025-09-10 14:23:16 - data_validator - WARNING - 细胞 GaseE751186 的decay_values被截断从 24152 到 24088
2025-09-10 14:23:16 - data_validator - WARNING - 细胞 GaseE751189 的decay_values被填充从 23865 到 24088
2025-09-10 14:23:16 - data_validator - WARNING - 细胞 GaseE751190 的decay_values被填充从 24054 到 24088
2025-09-10 14:23:16 - data_validator - WARNING - 细胞 GaseE751191 的decay_values被截断从 24642 到 24088
2025-09-10 14:23:16 - data_validator - WARNING - 细胞 GaseE751192 的decay_values被截断从 24093 到 24088
2025-09-10 14:23:16 - data_validator - WARNING - 细胞 GaseE751194 的decay_values被截断从 24480 到 24088
2025-09-10 14:23:16 - data_validator - WARNING - 细胞 GaseE751196 的decay_values被截断从 25472 到 24088
2025-09-10 14:23:16 - data_validator - WARNING - 细胞 GaseE751199 的decay_values被截断从 25227 到 24088
2025-09-10 14:23:16 - data_validator - WARNING - 细胞 GaseE751201 的decay_values被填充从 24081 到 24088
2025-09-10 14:23:16 - data_validator - WARNING - 细胞 GaseE751203 的decay_values被截断从 24786 到 24088
2025-09-10 14:23:16 - data_validator - WARNING - 细胞 GaseE751204 的decay_values被填充从 23213 到 24088
2025-09-10 14:23:16 - data_validator - WARNING - 细胞 GaseE751205 的decay_values被截断从 24841 到 24088
2025-09-10 14:23:16 - data_validator - WARNING - 细胞 GaseE751208 的decay_values被填充从 23261 到 24088
2025-09-10 14:23:16 - data_validator - WARNING - 细胞 GaseE751212 的decay_values被截断从 25128 到 24088
2025-09-10 14:23:16 - data_validator - WARNING - 细胞 GaseE751214 的decay_values被截断从 24129 到 24088
2025-09-10 14:23:16 - data_validator - WARNING - 细胞 GaseE751216 的decay_values被截断从 24444 到 24088
2025-09-10 14:23:16 - data_validator - WARNING - 细胞 GaseE751219 的decay_values被填充从 23632 到 24088
2025-09-10 14:23:16 - data_validator - WARNING - 细胞 GaseE751220 的decay_values被填充从 21832 到 24088
2025-09-10 14:23:16 - data_validator - WARNING - 细胞 GaseE751222 的decay_values被截断从 24218 到 24088
2025-09-10 14:23:16 - data_validator - WARNING - 细胞 GaseE751224 的decay_values被填充从 23909 到 24088
2025-09-10 14:23:16 - data_validator - WARNING - 细胞 GaseE751225 的decay_values被填充从 16766 到 24088
2025-09-10 14:23:16 - data_validator - WARNING - 细胞 GaseE751226 的decay_values被填充从 24054 到 24088
2025-09-10 14:23:16 - data_validator - WARNING - 细胞 GaseE751230 的decay_values被截断从 24528 到 24088
2025-09-10 14:23:16 - data_validator - WARNING - 细胞 GaseE751232 的decay_values被填充从 24034 到 24088
2025-09-10 14:23:16 - data_validator - WARNING - 细胞 GaseE751233 的decay_values被截断从 25201 到 24088
2025-09-10 14:23:16 - data_validator - WARNING - 细胞 GaseE751234 的decay_values被填充从 23527 到 24088
2025-09-10 14:23:16 - data_validator - WARNING - 细胞 GaseE751242 的decay_values被填充从 23973 到 24088
2025-09-10 14:23:16 - data_validator - WARNING - 细胞 GaseE751244 的decay_values被截断从 25683 到 24088
2025-09-10 14:23:16 - data_validator - WARNING - 细胞 GaseE751245 的decay_values被截断从 24171 到 24088
2025-09-10 14:23:16 - data_validator - WARNING - 细胞 GaseE751251 的decay_values被截断从 24674 到 24088
2025-09-10 14:23:16 - data_validator - WARNING - 细胞 GaseE751253 的decay_values被填充从 23599 到 24088
2025-09-10 14:23:16 - data_validator - WARNING - 细胞 GaseE751258 的decay_values被截断从 24978 到 24088
2025-09-10 14:23:16 - data_validator - WARNING - 细胞 GaseE751260 的decay_values被截断从 25051 到 24088
2025-09-10 14:23:16 - data_validator - WARNING - 细胞 GaseE751263 的decay_values被截断从 24317 到 24088
2025-09-10 14:23:16 - data_validator - WARNING - 细胞 GaseE751265 的decay_values被截断从 24388 到 24088
2025-09-10 14:23:16 - data_validator - WARNING - 细胞 GaseE751268 的decay_values被填充从 21525 到 24088
2025-09-10 14:23:16 - data_validator - WARNING - 细胞 GaseE751270 的decay_values被填充从 23848 到 24088
2025-09-10 14:23:16 - data_validator - WARNING - 细胞 GaseE751271 的decay_values被填充从 22495 到 24088
2025-09-10 14:23:16 - data_validator - WARNING - 细胞 GaseE751273 的decay_values被填充从 21934 到 24088
2025-09-10 14:23:16 - data_validator - WARNING - 细胞 GaseE751274 的decay_values被填充从 21474 到 24088
2025-09-10 14:23:16 - data_validator - WARNING - 细胞 GaseE751276 的decay_values被截断从 24462 到 24088
2025-09-10 14:23:16 - data_validator - WARNING - 细胞 GaseE751277 的decay_values被截断从 25114 到 24088
2025-09-10 14:23:16 - data_validator - WARNING - 细胞 GaseE751278 的decay_values被截断从 25040 到 24088
2025-09-10 14:23:16 - data_validator - WARNING - 细胞 GaseE751290 的decay_values被填充从 22924 到 24088
2025-09-10 14:23:16 - data_validator - WARNING - 细胞 GaseE751293 的decay_values被截断从 24285 到 24088
2025-09-10 14:23:16 - data_validator - WARNING - 细胞 GaseE751296 的decay_values被截断从 24242 到 24088
2025-09-10 14:23:16 - data_validator - WARNING - 细胞 GaseE751298 的decay_values被截断从 25155 到 24088
2025-09-10 14:23:16 - data_validator - WARNING - 细胞 GaseE751299 的decay_values被填充从 23300 到 24088
2025-09-10 14:23:16 - data_validator - WARNING - 细胞 GaseE751302 的decay_values被截断从 24835 到 24088
2025-09-10 14:23:16 - data_validator - WARNING - 细胞 GaseE751303 的decay_values被截断从 24170 到 24088
2025-09-10 14:23:16 - data_validator - WARNING - 细胞 GaseE751307 的decay_values被填充从 23418 到 24088
2025-09-10 14:23:16 - data_validator - WARNING - 细胞 GaseE751313 的decay_values被截断从 24286 到 24088
2025-09-10 14:23:16 - data_validator - WARNING - 细胞 GaseE751322 的decay_values被填充从 22571 到 24088
2025-09-10 14:23:16 - data_validator - WARNING - 细胞 GaseE751323 的decay_values被填充从 23916 到 24088
2025-09-10 14:23:16 - data_validator - WARNING - 细胞 GaseE751325 的decay_values被截断从 24189 到 24088
2025-09-10 14:23:16 - data_validator - WARNING - 细胞 GaseE751333 的decay_values被填充从 22907 到 24088
2025-09-10 14:23:16 - data_validator - WARNING - 细胞 GaseE751338 的decay_values被填充从 23189 到 24088
2025-09-10 14:23:16 - data_validator - WARNING - 细胞 GaseE751342 的decay_values被截断从 24329 到 24088
2025-09-10 14:23:16 - data_validator - WARNING - 细胞 GaseE751345 的decay_values被截断从 24993 到 24088
2025-09-10 14:23:16 - data_validator - WARNING - 细胞 GaseE751346 的decay_values被填充从 23435 到 24088
2025-09-10 14:23:16 - data_validator - WARNING - 细胞 GaseE751347 的decay_values被填充从 23606 到 24088
2025-09-10 14:23:16 - data_validator - WARNING - 细胞 GaseE751348 的decay_values被截断从 24459 到 24088
2025-09-10 14:23:16 - data_validator - WARNING - 细胞 GaseE751349 的decay_values被截断从 24831 到 24088
2025-09-10 14:23:16 - data_validator - WARNING - 细胞 GaseE751358 的decay_values被截断从 24396 到 24088
2025-09-10 14:23:16 - data_validator - WARNING - 细胞 GaseE751359 的decay_values被截断从 24759 到 24088
2025-09-10 14:23:16 - data_validator - WARNING - 细胞 GaseE751361 的decay_values被填充从 23542 到 24088
2025-09-10 14:23:16 - data_validator - WARNING - 细胞 GaseE751362 的decay_values被填充从 23508 到 24088
2025-09-10 14:23:16 - data_validator - WARNING - 细胞 GaseE751365 的decay_values被截断从 25067 到 24088
2025-09-10 14:23:16 - data_validator - WARNING - 细胞 GaseE751366 的decay_values被填充从 21563 到 24088
2025-09-10 14:23:16 - data_validator - WARNING - 细胞 GaseE751371 的decay_values被截断从 24094 到 24088
2025-09-10 14:23:16 - data_validator - WARNING - 细胞 GaseE751377 的decay_values被截断从 25006 到 24088
2025-09-10 14:23:16 - data_validator - WARNING - 细胞 GaseE751379 的decay_values被截断从 24419 到 24088
2025-09-10 14:23:16 - data_validator - WARNING - 细胞 GaseE751383 的decay_values被填充从 23304 到 24088
2025-09-10 14:23:16 - data_validator - WARNING - 细胞 GaseE751384 的decay_values被填充从 21759 到 24088
2025-09-10 14:23:16 - data_validator - WARNING - 细胞 GaseE752003 的decay_values被填充从 23408 到 24088
2025-09-10 14:23:16 - data_validator - WARNING - 细胞 GaseE752005 的decay_values被填充从 24044 到 24088
2025-09-10 14:23:16 - data_validator - WARNING - 细胞 GaseE752006 的decay_values被截断从 24785 到 24088
2025-09-10 14:23:16 - data_validator - WARNING - 细胞 GaseE752010 的decay_values被截断从 24892 到 24088
2025-09-10 14:23:16 - data_validator - WARNING - 细胞 GaseE752030 的decay_values被填充从 23194 到 24088
2025-09-10 14:23:16 - data_validator - WARNING - 细胞 GaseE752031 的decay_values被截断从 25353 到 24088
2025-09-10 14:23:16 - data_validator - WARNING - 细胞 GaseE752036 的decay_values被截断从 24830 到 24088
2025-09-10 14:23:16 - data_validator - WARNING - 细胞 GaseE752037 的decay_values被填充从 23939 到 24088
2025-09-10 14:23:16 - data_validator - WARNING - 细胞 GaseE752038 的decay_values被截断从 24547 到 24088
2025-09-10 14:23:16 - data_validator - WARNING - 细胞 GaseE752042 的decay_values被填充从 22596 到 24088
2025-09-10 14:23:16 - data_validator - WARNING - 细胞 GaseE752054 的decay_values被填充从 23443 到 24088
2025-09-10 14:23:16 - data_validator - WARNING - 细胞 GaseE752055 的decay_values被填充从 23324 到 24088
2025-09-10 14:23:16 - data_validator - WARNING - 细胞 GaseE752056 的decay_values被截断从 24274 到 24088
2025-09-10 14:23:16 - data_validator - WARNING - 细胞 GaseE752060 的decay_values被截断从 24433 到 24088
2025-09-10 14:23:16 - data_validator - WARNING - 细胞 GaseE752066 的decay_values被填充从 21259 到 24088
2025-09-10 14:23:16 - data_validator - WARNING - 细胞 GaseE752067 的decay_values被填充从 23988 到 24088
2025-09-10 14:23:16 - data_validator - WARNING - 细胞 GaseE752068 的decay_values被填充从 20037 到 24088
2025-09-10 14:23:16 - data_validator - WARNING - 细胞 GaseE752073 的decay_values被截断从 24875 到 24088
2025-09-10 14:23:16 - data_validator - WARNING - 细胞 GaseE752076 的decay_values被截断从 24145 到 24088
2025-09-10 14:23:16 - data_validator - WARNING - 细胞 GaseE752087 的decay_values被截断从 24597 到 24088
2025-09-10 14:23:16 - data_validator - WARNING - 细胞 GaseE752091 的decay_values被填充从 23201 到 24088
2025-09-10 14:23:16 - data_validator - WARNING - 细胞 GaseE752092 的decay_values被填充从 23886 到 24088
2025-09-10 14:23:16 - data_validator - WARNING - 细胞 GaseE752098 的decay_values被填充从 23574 到 24088
2025-09-10 14:23:16 - data_validator - WARNING - 细胞 GaseE752101 的decay_values被截断从 24295 到 24088
2025-09-10 14:23:16 - data_validator - WARNING - 细胞 GaseE752103 的decay_values被填充从 23912 到 24088
2025-09-10 14:23:16 - data_validator - WARNING - 细胞 GaseE752105 的decay_values被截断从 25113 到 24088
2025-09-10 14:23:16 - data_validator - WARNING - 细胞 GaseE752110 的decay_values被截断从 24534 到 24088
2025-09-10 14:23:16 - data_validator - WARNING - 细胞 GaseE752111 的decay_values被截断从 24289 到 24088
2025-09-10 14:23:16 - data_validator - WARNING - 细胞 GaseE752118 的decay_values被填充从 22592 到 24088
2025-09-10 14:23:16 - data_validator - WARNING - 细胞 GaseE752123 的decay_values被填充从 23982 到 24088
2025-09-10 14:23:16 - data_validator - WARNING - 细胞 GaseE752125 的decay_values被截断从 24205 到 24088
2025-09-10 14:23:16 - data_validator - WARNING - 细胞 GaseE752127 的decay_values被截断从 24286 到 24088
2025-09-10 14:23:16 - data_validator - WARNING - 细胞 GaseE752130 的decay_values被填充从 23437 到 24088
2025-09-10 14:23:16 - data_validator - WARNING - 细胞 GaseE752134 的decay_values被填充从 24063 到 24088
2025-09-10 14:23:16 - data_validator - WARNING - 细胞 GaseE752137 的decay_values被截断从 24799 到 24088
2025-09-10 14:23:16 - data_validator - WARNING - 细胞 GaseE752140 的decay_values被截断从 24733 到 24088
2025-09-10 14:23:16 - data_validator - WARNING - 细胞 GaseE752141 的decay_values被填充从 23883 到 24088
2025-09-10 14:23:16 - data_validator - WARNING - 细胞 GaseE752142 的decay_values被截断从 24919 到 24088
2025-09-10 14:23:16 - data_validator - WARNING - 细胞 GaseE752144 的decay_values被截断从 25185 到 24088
2025-09-10 14:23:16 - data_validator - WARNING - 细胞 GaseE752146 的decay_values被填充从 22444 到 24088
2025-09-10 14:23:16 - data_validator - WARNING - 细胞 GaseE752147 的decay_values被填充从 22243 到 24088
2025-09-10 14:23:16 - data_validator - WARNING - 细胞 GaseE752148 的decay_values被截断从 24346 到 24088
2025-09-10 14:23:16 - data_validator - WARNING - 细胞 GaseE752151 的decay_values被填充从 23038 到 24088
2025-09-10 14:23:16 - data_validator - WARNING - 细胞 GaseE752152 的decay_values被填充从 23835 到 24088
2025-09-10 14:23:16 - data_validator - WARNING - 细胞 GaseE752154 的decay_values被填充从 23267 到 24088
2025-09-10 14:23:16 - data_validator - WARNING - 细胞 GaseE752155 的decay_values被截断从 24437 到 24088
2025-09-10 14:23:16 - data_validator - WARNING - 细胞 GaseE752158 的decay_values被截断从 24131 到 24088
2025-09-10 14:23:16 - data_validator - WARNING - 细胞 GaseE752160 的decay_values被填充从 23964 到 24088
2025-09-10 14:23:16 - data_validator - WARNING - 细胞 GaseE752162 的decay_values被填充从 23965 到 24088
2025-09-10 14:23:16 - data_validator - WARNING - 细胞 GaseE752167 的decay_values被填充从 21500 到 24088
2025-09-10 14:23:16 - data_validator - WARNING - 细胞 GaseE752172 的decay_values被填充从 21777 到 24088
2025-09-10 14:23:16 - data_validator - WARNING - 细胞 GaseE752179 的decay_values被填充从 23953 到 24088
2025-09-10 14:23:16 - data_validator - WARNING - 细胞 GaseE752181 的decay_values被截断从 24949 到 24088
2025-09-10 14:23:16 - data_validator - WARNING - 细胞 GaseE752183 的decay_values被填充从 23717 到 24088
2025-09-10 14:23:16 - data_validator - WARNING - 细胞 GaseE752185 的decay_values被截断从 25107 到 24088
2025-09-10 14:23:16 - data_validator - WARNING - 细胞 GaseE752187 的decay_values被填充从 22582 到 24088
2025-09-10 14:23:16 - data_validator - WARNING - 细胞 GaseE752188 的decay_values被截断从 24966 到 24088
2025-09-10 14:23:16 - data_validator - WARNING - 细胞 GaseE752192 的decay_values被截断从 24604 到 24088
2025-09-10 14:23:16 - data_validator - WARNING - 细胞 GaseE752195 的decay_values被填充从 22321 到 24088
2025-09-10 14:23:16 - data_validator - WARNING - 细胞 GaseE752197 的decay_values被填充从 22517 到 24088
2025-09-10 14:23:16 - data_validator - WARNING - 细胞 GaseE752218 的decay_values被填充从 22863 到 24088
2025-09-10 14:23:16 - data_validator - WARNING - 细胞 GaseE752222 的decay_values被填充从 20837 到 24088
2025-09-10 14:23:16 - data_validator - WARNING - 细胞 GaseE752227 的decay_values被截断从 24296 到 24088
2025-09-10 14:23:16 - data_validator - WARNING - 细胞 GaseE752235 的decay_values被填充从 23007 到 24088
2025-09-10 14:23:16 - data_validator - WARNING - 细胞 GaseE752240 的decay_values被截断从 25423 到 24088
2025-09-10 14:23:16 - data_validator - WARNING - 细胞 GaseE752245 的decay_values被填充从 21707 到 24088
2025-09-10 14:23:16 - data_validator - WARNING - 细胞 GaseE752246 的decay_values被填充从 23900 到 24088
2025-09-10 14:23:16 - data_validator - WARNING - 细胞 GaseE752250 的decay_values被填充从 22800 到 24088
2025-09-10 14:23:16 - data_validator - WARNING - 细胞 GaseE752252 的decay_values被填充从 22654 到 24088
2025-09-10 14:23:16 - data_validator - WARNING - 细胞 GaseE752254 的decay_values被填充从 22798 到 24088
2025-09-10 14:23:16 - data_validator - WARNING - 细胞 GaseE752255 的decay_values被填充从 23116 到 24088
2025-09-10 14:23:16 - data_validator - WARNING - 细胞 GaseE752258 的decay_values被填充从 19636 到 24088
2025-09-10 14:23:16 - data_validator - WARNING - 细胞 GaseE752260 的decay_values被填充从 20461 到 24088
2025-09-10 14:23:16 - data_validator - WARNING - 细胞 GaseE752263 的decay_values被填充从 22273 到 24088
2025-09-10 14:23:16 - data_validator - WARNING - 细胞 GaseE752264 的decay_values被截断从 24230 到 24088
2025-09-10 14:23:16 - data_validator - WARNING - 细胞 GaseE752270 的decay_values被填充从 19644 到 24088
2025-09-10 14:23:16 - data_validator - WARNING - 细胞 GaseE752273 的decay_values被截断从 24610 到 24088
2025-09-10 14:23:16 - data_validator - WARNING - 细胞 GaseE752279 的decay_values被填充从 22855 到 24088
2025-09-10 14:23:16 - data_validator - WARNING - 细胞 GaseE752280 的decay_values被截断从 24698 到 24088
2025-09-10 14:23:16 - data_validator - WARNING - 细胞 GaseE752281 的decay_values被截断从 24779 到 24088
2025-09-10 14:23:16 - data_validator - WARNING - 细胞 GaseE752282 的decay_values被填充从 23926 到 24088
2025-09-10 14:23:16 - data_validator - WARNING - 细胞 GaseE752288 的decay_values被截断从 24742 到 24088
2025-09-10 14:23:16 - data_validator - WARNING - 细胞 GaseE752289 的decay_values被填充从 23913 到 24088
2025-09-10 14:23:16 - data_validator - WARNING - 细胞 GaseE752292 的decay_values被截断从 24574 到 24088
2025-09-10 14:23:16 - data_validator - WARNING - 细胞 GaseE752297 的decay_values被填充从 23342 到 24088
2025-09-10 14:23:16 - data_validator - WARNING - 细胞 GaseE752298 的decay_values被截断从 24327 到 24088
2025-09-10 14:23:16 - data_validator - WARNING - 细胞 GaseE752303 的decay_values被填充从 23633 到 24088
2025-09-10 14:23:16 - data_validator - WARNING - 细胞 GaseE752305 的decay_values被填充从 22844 到 24088
2025-09-10 14:23:16 - data_validator - WARNING - 细胞 GaseE752307 的decay_values被填充从 23423 到 24088
2025-09-10 14:23:16 - data_validator - WARNING - 细胞 GaseE752308 的decay_values被填充从 20403 到 24088
2025-09-10 14:23:16 - data_validator - WARNING - 细胞 GaseE752309 的decay_values被填充从 20809 到 24088
2025-09-10 14:23:16 - data_validator - WARNING - 细胞 GaseE752310 的decay_values被填充从 23651 到 24088
2025-09-10 14:23:16 - data_validator - WARNING - 细胞 GaseE752317 的decay_values被截断从 24143 到 24088
2025-09-10 14:23:16 - data_validator - WARNING - 细胞 GaseE752325 的decay_values被填充从 24082 到 24088
2025-09-10 14:23:16 - data_validator - WARNING - 细胞 GaseE752334 的decay_values被截断从 24480 到 24088
2025-09-10 14:23:16 - data_validator - WARNING - 细胞 GaseE752335 的decay_values被填充从 22155 到 24088
2025-09-10 14:23:16 - data_validator - WARNING - 细胞 GaseE752338 的decay_values被填充从 22125 到 24088
2025-09-10 14:23:16 - data_validator - WARNING - 细胞 GaseE752341 的decay_values被截断从 24921 到 24088
2025-09-10 14:23:16 - data_validator - WARNING - 细胞 GaseE752342 的decay_values被填充从 23871 到 24088
2025-09-10 14:23:16 - data_validator - WARNING - 细胞 GaseE752344 的decay_values被填充从 22457 到 24088
2025-09-10 14:23:16 - data_validator - WARNING - 细胞 GaseE752345 的decay_values被截断从 24141 到 24088
2025-09-10 14:23:16 - data_validator - WARNING - 细胞 GaseE752346 的decay_values被填充从 24024 到 24088
2025-09-10 14:23:16 - data_validator - WARNING - 细胞 GaseE752350 的decay_values被截断从 24823 到 24088
2025-09-10 14:23:16 - data_validator - WARNING - 细胞 GaseE752351 的decay_values被填充从 22189 到 24088
2025-09-10 14:23:16 - data_validator - WARNING - 细胞 GaseE752352 的decay_values被填充从 20760 到 24088
2025-09-10 14:23:16 - data_validator - WARNING - 细胞 GaseE752356 的decay_values被截断从 24344 到 24088
2025-09-10 14:23:16 - data_validator - WARNING - 细胞 GaseE752357 的decay_values被填充从 22396 到 24088
2025-09-10 14:23:16 - data_validator - WARNING - 细胞 GaseE752359 的decay_values被截断从 24682 到 24088
2025-09-10 14:23:16 - data_validator - WARNING - 细胞 GaseE752361 的decay_values被截断从 25005 到 24088
2025-09-10 14:23:16 - data_validator - WARNING - 细胞 GaseE752362 的decay_values被截断从 24549 到 24088
2025-09-10 14:23:16 - data_validator - WARNING - 细胞 GaseE752363 的decay_values被填充从 24057 到 24088
2025-09-10 14:23:16 - data_validator - WARNING - 细胞 GaseE752364 的decay_values被截断从 25553 到 24088
2025-09-10 14:23:16 - data_validator - WARNING - 细胞 GaseE752374 的decay_values被截断从 25103 到 24088
2025-09-10 14:23:16 - data_validator - WARNING - 细胞 GaseE752376 的decay_values被填充从 23904 到 24088
2025-09-10 14:23:16 - data_validator - WARNING - 细胞 GaseE752379 的decay_values被截断从 24284 到 24088
2025-09-10 14:23:16 - data_validator - WARNING - 细胞 GaseE752381 的decay_values被填充从 22084 到 24088
2025-09-10 14:23:16 - data_validator - WARNING - 细胞 GaseE752384 的decay_values被截断从 24323 到 24088
2025-09-10 14:23:16 - data_validator - WARNING - 细胞 GaseE753001 的decay_values被截断从 25033 到 24088
2025-09-10 14:23:16 - data_validator - WARNING - 细胞 GaseE753002 的decay_values被截断从 25497 到 24088
2025-09-10 14:23:16 - data_validator - WARNING - 细胞 GaseE753004 的decay_values被截断从 24262 到 24088
2025-09-10 14:23:16 - data_validator - WARNING - 细胞 GaseE753005 的decay_values被截断从 24528 到 24088
2025-09-10 14:23:16 - data_validator - WARNING - 细胞 GaseE753008 的decay_values被填充从 22286 到 24088
2025-09-10 14:23:16 - data_validator - WARNING - 细胞 GaseE753010 的decay_values被截断从 24832 到 24088
2025-09-10 14:23:16 - data_validator - WARNING - 细胞 GaseE753011 的decay_values被截断从 24788 到 24088
2025-09-10 14:23:16 - data_validator - WARNING - 细胞 GaseE753014 的decay_values被填充从 22122 到 24088
2025-09-10 14:23:16 - data_validator - WARNING - 细胞 GaseE753021 的decay_values被填充从 21907 到 24088
2025-09-10 14:23:16 - data_validator - WARNING - 细胞 GaseE753022 的decay_values被填充从 23615 到 24088
2025-09-10 14:23:16 - data_validator - WARNING - 细胞 GaseE753028 的decay_values被填充从 23182 到 24088
2025-09-10 14:23:16 - data_validator - WARNING - 细胞 GaseE753029 的decay_values被填充从 23864 到 24088
2025-09-10 14:23:16 - data_validator - WARNING - 细胞 GaseE753031 的decay_values被填充从 22264 到 24088
2025-09-10 14:23:16 - data_validator - WARNING - 细胞 GaseE753036 的decay_values被填充从 23310 到 24088
2025-09-10 14:23:16 - data_validator - WARNING - 细胞 GaseE753037 的decay_values被截断从 25623 到 24088
2025-09-10 14:23:16 - data_validator - WARNING - 细胞 GaseE753038 的decay_values被截断从 24642 到 24088
2025-09-10 14:23:16 - data_validator - WARNING - 细胞 GaseE753039 的decay_values被截断从 25000 到 24088
2025-09-10 14:23:16 - data_validator - WARNING - 细胞 GaseE753041 的decay_values被填充从 24048 到 24088
2025-09-10 14:23:16 - data_validator - WARNING - 细胞 GaseE753042 的decay_values被截断从 25263 到 24088
2025-09-10 14:23:16 - data_validator - WARNING - 细胞 GaseE753043 的decay_values被截断从 24768 到 24088
2025-09-10 14:23:16 - data_validator - WARNING - 细胞 GaseE753048 的decay_values被填充从 23915 到 24088
2025-09-10 14:23:16 - data_validator - WARNING - 细胞 GaseE753049 的decay_values被填充从 22115 到 24088
2025-09-10 14:23:16 - data_validator - WARNING - 细胞 GaseE753050 的decay_values被填充从 22794 到 24088
2025-09-10 14:23:16 - data_validator - WARNING - 细胞 GaseE753051 的decay_values被填充从 23908 到 24088
2025-09-10 14:23:16 - data_validator - WARNING - 细胞 GaseE753055 的decay_values被截断从 24678 到 24088
2025-09-10 14:23:16 - data_validator - WARNING - 细胞 GaseE753056 的decay_values被填充从 23704 到 24088
2025-09-10 14:23:16 - data_validator - WARNING - 细胞 GaseE753063 的decay_values被填充从 23953 到 24088
2025-09-10 14:23:16 - data_validator - WARNING - 细胞 GaseE753064 的decay_values被截断从 25209 到 24088
2025-09-10 14:23:16 - data_validator - WARNING - 细胞 GaseE753065 的decay_values被截断从 24476 到 24088
2025-09-10 14:23:16 - data_validator - WARNING - 细胞 GaseE753066 的decay_values被填充从 22606 到 24088
2025-09-10 14:23:16 - data_validator - WARNING - 细胞 GaseE753067 的decay_values被截断从 24381 到 24088
2025-09-10 14:23:16 - data_validator - WARNING - 细胞 GaseE753071 的decay_values被截断从 25252 到 24088
2025-09-10 14:23:16 - data_validator - WARNING - 细胞 GaseE753073 的decay_values被截断从 24260 到 24088
2025-09-10 14:23:16 - data_validator - WARNING - 细胞 GaseE753080 的decay_values被填充从 23962 到 24088
2025-09-10 14:23:16 - data_validator - WARNING - 细胞 GaseE753081 的decay_values被填充从 23801 到 24088
2025-09-10 14:23:16 - data_validator - WARNING - 细胞 GaseE753084 的decay_values被填充从 21880 到 24088
2025-09-10 14:23:16 - data_validator - WARNING - 细胞 GaseE753087 的decay_values被填充从 23925 到 24088
2025-09-10 14:23:16 - data_validator - WARNING - 细胞 GaseE753088 的decay_values被截断从 24728 到 24088
2025-09-10 14:23:16 - data_validator - WARNING - 细胞 GaseE753089 的decay_values被截断从 25438 到 24088
2025-09-10 14:23:16 - data_validator - WARNING - 细胞 GaseE753099 的decay_values被填充从 22229 到 24088
2025-09-10 14:23:16 - data_validator - WARNING - 细胞 GaseE753100 的decay_values被填充从 22469 到 24088
2025-09-10 14:23:16 - data_validator - WARNING - 细胞 GaseE753111 的decay_values被填充从 22300 到 24088
2025-09-10 14:23:16 - data_validator - WARNING - 细胞 GaseE753120 的decay_values被填充从 23539 到 24088
2025-09-10 14:23:16 - data_validator - WARNING - 细胞 GaseE753126 的decay_values被填充从 14662 到 24088
2025-09-10 14:23:16 - data_validator - WARNING - 细胞 GaseE753131 的decay_values被填充从 22759 到 24088
2025-09-10 14:23:16 - data_validator - WARNING - 细胞 GaseE753132 的decay_values被截断从 24311 到 24088
2025-09-10 14:23:16 - data_validator - WARNING - 细胞 GaseE753137 的decay_values被填充从 23356 到 24088
2025-09-10 14:23:16 - data_validator - WARNING - 细胞 GaseE753139 的decay_values被填充从 22570 到 24088
2025-09-10 14:23:16 - data_validator - WARNING - 细胞 GaseE753140 的decay_values被填充从 23345 到 24088
2025-09-10 14:23:16 - data_validator - WARNING - 细胞 GaseE753141 的decay_values被填充从 23529 到 24088
2025-09-10 14:23:16 - data_validator - WARNING - 细胞 GaseE753142 的decay_values被截断从 25148 到 24088
2025-09-10 14:23:16 - data_validator - WARNING - 细胞 GaseE753147 的decay_values被填充从 21679 到 24088
2025-09-10 14:23:16 - data_validator - WARNING - 细胞 GaseE753148 的decay_values被填充从 23516 到 24088
2025-09-10 14:23:16 - data_validator - WARNING - 细胞 GaseE753149 的decay_values被填充从 21115 到 24088
2025-09-10 14:23:16 - data_validator - WARNING - 细胞 GaseE753151 的decay_values被填充从 23559 到 24088
2025-09-10 14:23:16 - data_validator - WARNING - 细胞 GaseE753155 的decay_values被填充从 24086 到 24088
2025-09-10 14:23:16 - data_validator - WARNING - 细胞 GaseE753159 的decay_values被填充从 21983 到 24088
2025-09-10 14:23:16 - data_validator - WARNING - 细胞 GaseE753162 的decay_values被截断从 25040 到 24088
2025-09-10 14:23:16 - data_validator - WARNING - 细胞 GaseE753172 的decay_values被填充从 18587 到 24088
2025-09-10 14:23:16 - data_validator - WARNING - 细胞 GaseE753174 的decay_values被填充从 21639 到 24088
2025-09-10 14:23:16 - data_validator - WARNING - 细胞 GaseE753175 的decay_values被截断从 25065 到 24088
2025-09-10 14:23:16 - data_validator - WARNING - 细胞 GaseE753177 的decay_values被填充从 23080 到 24088
2025-09-10 14:23:16 - data_validator - WARNING - 细胞 GaseE753179 的decay_values被填充从 23293 到 24088
2025-09-10 14:23:16 - data_validator - WARNING - 细胞 GaseE753182 的decay_values被填充从 22461 到 24088
2025-09-10 14:23:16 - data_validator - WARNING - 细胞 GaseE753186 的decay_values被填充从 21949 到 24088
2025-09-10 14:23:16 - data_validator - WARNING - 细胞 GaseE753188 的decay_values被填充从 23146 到 24088
2025-09-10 14:23:16 - data_validator - WARNING - 细胞 GaseE753190 的decay_values被填充从 22978 到 24088
2025-09-10 14:23:16 - data_validator - WARNING - 细胞 GaseE753191 的decay_values被填充从 23687 到 24088
2025-09-10 14:23:16 - data_validator - WARNING - 细胞 GaseE753192 的decay_values被截断从 25216 到 24088
2025-09-10 14:23:16 - data_validator - WARNING - 细胞 GaseE753194 的decay_values被填充从 21668 到 24088
2025-09-10 14:23:16 - data_validator - WARNING - 细胞 GaseE753196 的decay_values被填充从 21769 到 24088
2025-09-10 14:23:16 - data_validator - WARNING - 细胞 GaseE753197 的decay_values被填充从 23581 到 24088
2025-09-10 14:23:16 - data_validator - WARNING - 细胞 GaseE753198 的decay_values被填充从 20805 到 24088
2025-09-10 14:23:16 - data_validator - WARNING - 细胞 GaseE753199 的decay_values被填充从 21521 到 24088
2025-09-10 14:23:16 - data_validator - WARNING - 细胞 GaseE753202 的decay_values被填充从 23900 到 24088
2025-09-10 14:23:16 - data_validator - WARNING - 细胞 GaseE753203 的decay_values被填充从 21571 到 24088
2025-09-10 14:23:16 - data_validator - WARNING - 细胞 GaseE753204 的decay_values被填充从 21853 到 24088
2025-09-10 14:23:16 - data_validator - WARNING - 细胞 GaseE753205 的decay_values被截断从 25022 到 24088
2025-09-10 14:23:16 - data_validator - WARNING - 细胞 GaseE753210 的decay_values被截断从 25285 到 24088
2025-09-10 14:23:16 - data_validator - WARNING - 细胞 GaseE753212 的decay_values被填充从 20057 到 24088
2025-09-10 14:23:16 - data_validator - WARNING - 细胞 GaseE753213 的decay_values被截断从 24335 到 24088
2025-09-10 14:23:16 - data_validator - WARNING - 细胞 GaseE753215 的decay_values被填充从 23739 到 24088
2025-09-10 14:23:16 - data_validator - WARNING - 细胞 GaseE753220 的decay_values被填充从 22807 到 24088
2025-09-10 14:23:16 - data_validator - WARNING - 细胞 GaseE753221 的decay_values被填充从 23193 到 24088
2025-09-10 14:23:16 - data_validator - WARNING - 细胞 GaseE753222 的decay_values被填充从 22677 到 24088
2025-09-10 14:23:16 - data_validator - WARNING - 细胞 GaseE753223 的decay_values被填充从 20942 到 24088
2025-09-10 14:23:16 - data_validator - WARNING - 细胞 GaseE753226 的decay_values被填充从 23648 到 24088
2025-09-10 14:23:16 - data_validator - WARNING - 细胞 GaseE753227 的decay_values被截断从 24789 到 24088
2025-09-10 14:23:16 - data_validator - WARNING - 细胞 GaseE753230 的decay_values被填充从 23023 到 24088
2025-09-10 14:23:16 - data_validator - WARNING - 细胞 GaseE753234 的decay_values被填充从 23417 到 24088
2025-09-10 14:23:16 - data_validator - WARNING - 细胞 GaseE753235 的decay_values被截断从 24408 到 24088
2025-09-10 14:23:16 - data_validator - WARNING - 细胞 GaseE753238 的decay_values被填充从 22314 到 24088
2025-09-10 14:23:16 - data_validator - WARNING - 细胞 GaseE753240 的decay_values被填充从 22666 到 24088
2025-09-10 14:23:16 - data_validator - WARNING - 细胞 GaseE753242 的decay_values被填充从 20803 到 24088
2025-09-10 14:23:16 - data_validator - WARNING - 细胞 GaseE753245 的decay_values被截断从 25483 到 24088
2025-09-10 14:23:16 - data_validator - WARNING - 细胞 GaseE753246 的decay_values被填充从 22592 到 24088
2025-09-10 14:23:16 - data_validator - WARNING - 细胞 GaseE753255 的decay_values被填充从 23936 到 24088
2025-09-10 14:23:16 - data_validator - WARNING - 细胞 GaseE753258 的decay_values被截断从 24215 到 24088
2025-09-10 14:23:16 - data_validator - WARNING - 细胞 GaseE753260 的decay_values被填充从 23873 到 24088
2025-09-10 14:23:16 - data_validator - WARNING - 细胞 GaseE753265 的decay_values被填充从 23553 到 24088
2025-09-10 14:23:16 - data_validator - WARNING - 细胞 GaseE753267 的decay_values被填充从 22447 到 24088
2025-09-10 14:23:16 - data_validator - WARNING - 细胞 GaseE753268 的decay_values被截断从 24579 到 24088
2025-09-10 14:23:16 - data_validator - WARNING - 细胞 GaseE753270 的decay_values被填充从 22056 到 24088
2025-09-10 14:23:16 - data_validator - WARNING - 细胞 GaseE753271 的decay_values被填充从 22845 到 24088
2025-09-10 14:23:16 - data_validator - WARNING - 细胞 GaseE753274 的decay_values被填充从 23974 到 24088
2025-09-10 14:23:16 - data_validator - WARNING - 细胞 GaseE753275 的decay_values被填充从 23455 到 24088
2025-09-10 14:23:16 - data_validator - WARNING - 细胞 GaseE753278 的decay_values被填充从 22535 到 24088
2025-09-10 14:23:16 - data_validator - WARNING - 细胞 GaseE753279 的decay_values被填充从 23958 到 24088
2025-09-10 14:23:16 - data_validator - WARNING - 细胞 GaseE753280 的decay_values被填充从 22955 到 24088
2025-09-10 14:23:16 - data_validator - WARNING - 细胞 GaseE753283 的decay_values被填充从 19689 到 24088
2025-09-10 14:23:16 - data_validator - WARNING - 细胞 GaseE753284 的decay_values被填充从 20475 到 24088
2025-09-10 14:23:16 - root - INFO - 创建了 729 × 24088 的decay矩阵
2025-09-10 14:23:17 - root - INFO - 创建AnnData对象: 729 细胞 × 24088 特征
2025-09-10 14:23:17 - root - INFO - 转换为H5AD格式 完成 - 用时: 0.6s - 内存变化: +249.2 MB
2025-09-10 14:23:17 - root - INFO - 已创建备份文件: /Volumes/SumSung500/CSU/0_HiRES/4_contact_decay_profile_2_h5ad/json2h5ad/output/stage_E75.backup_20250910_142317
2025-09-10 14:23:17 - root - INFO - 保存H5AD文件: /Volumes/SumSung500/CSU/0_HiRES/4_contact_decay_profile_2_h5ad/json2h5ad/output/stage_E75.h5ad
2025-09-10 14:23:18 - root - INFO - H5AD文件已保存: /Volumes/SumSung500/CSU/0_HiRES/4_contact_decay_profile_2_h5ad/json2h5ad/output/stage_E75.h5ad (60.9 MB)
2025-09-10 14:23:18 - root - INFO - 处理摘要已保存: /Volumes/SumSung500/CSU/0_HiRES/4_contact_decay_profile_2_h5ad/json2h5ad/output/stage_E75_summary.json
2025-09-10 14:23:18 - root - INFO - 保存H5AD文件 完成 - 用时: 1.4s - 内存变化: -19.1 MB
2025-09-10 14:23:18 - root - INFO - 处理完成: 2258.5 MB (+2018.5 MB from start)
