2025-09-10 14:22:50 - root - INFO - 日志系统初始化完成，日志文件: /Volumes/SumSung500/CSU/0_HiRES/4_contact_decay_profile_2_h5ad/json2h5ad/logs/stage_E70_processing_20250910_142250.log
2025-09-10 14:22:50 - root - INFO - 开始处理 Stage E70
2025-09-10 14:22:50 - root - INFO - 系统信息: {'platform': 'darwin', 'python_version': '3.12.11 | packaged by conda-forge | (main, Jun  4 2025, 14:38:53) [Clang 18.1.8 ]', 'cpu_count': 10, 'memory_total_gb': 24.0, 'memory_available_gb': 5.2546844482421875, 'current_time': '2025-09-10T14:22:50.552200'}
2025-09-10 14:22:50 - metadata_processor - INFO - 加载元数据文件: /Volumes/SumSung500/CSU/0_HiRES/4_contact_decay_profile_2_h5ad/json2h5ad/GSE223917_HiRES_emb_metadata.xlsx
2025-09-10 14:22:51 - metadata_processor - INFO - 成功加载元数据: 7469 个细胞记录
2025-09-10 14:22:51 - root - INFO - 找到 49 个JSON文件
2025-09-10 14:22:52 - utils - INFO - 处理 Stage E70 JSON文件: 49/49 (100.0%) - 已用时: 1.1s - 预计剩余: 0.0s
2025-09-10 14:22:52 - utils - INFO - 处理 Stage E70 JSON文件 完成! 总用时: 1.1s
2025-09-10 14:22:52 - root - INFO - 成功处理 49 个文件
2025-09-10 14:22:52 - root - INFO - 处理 Stage E70 的 49 个文件 完成 - 用时: 1.1s - 内存变化: +123.6 MB
2025-09-10 14:22:52 - data_validator - WARNING - Stage E70 distances长度差异较大: {23801: 1, 25062: 1, 22430: 1, 23347: 1, 23979: 1, 21054: 1, 21994: 1, 21656: 2, 23387: 1, 22721: 1, 23443: 1, 23404: 1, 21686: 1, 24131: 1, 22448: 1, 21935: 1, 25518: 1, 24873: 1, 22243: 1, 22897: 1, 20113: 1, 22699: 1, 24782: 1, 23409: 1, 22565: 1, 21774: 1, 24866: 1, 22415: 1, 22183: 1, 21720: 1, 21776: 1, 22810: 1, 23989: 1, 20082: 1, 22585: 1, 23237: 1, 23636: 1, 23112: 1, 24254: 1, 24243: 1, 23651: 1, 21329: 1, 21750: 1, 20215: 1, 23479: 1, 21533: 1, 19262: 1, 24713: 1}
2025-09-10 14:22:52 - root - INFO - Stage E70 统计信息:
2025-09-10 14:22:52 - root - INFO -   细胞数量: 49
2025-09-10 14:22:52 - root - INFO -   距离长度范围: (19262, 25518)
2025-09-10 14:22:52 - root - INFO -   最常见长度: (21656, 2)
2025-09-10 14:22:52 - root - INFO -   分辨率: [100000]
2025-09-10 14:22:52 - root - INFO -   总contacts范围: (8, 12)
2025-09-10 14:22:52 - root - INFO -   平均contacts: 9.4
2025-09-10 14:22:52 - data_validator - WARNING - 验证发现 1 个警告:
2025-09-10 14:22:52 - data_validator - WARNING -   - Stage E70 distances长度差异较大: {23801: 1, 25062: 1, 22430: 1, 23347: 1, 23979: 1, 21054: 1, 21994: 1, 21656: 2, 23387: 1, 22721: 1, 23443: 1, 23404: 1, 21686: 1, 24131: 1, 22448: 1, 21935: 1, 25518: 1, 24873: 1, 22243: 1, 22897: 1, 20113: 1, 22699: 1, 24782: 1, 23409: 1, 22565: 1, 21774: 1, 24866: 1, 22415: 1, 22183: 1, 21720: 1, 21776: 1, 22810: 1, 23989: 1, 20082: 1, 22585: 1, 23237: 1, 23636: 1, 23112: 1, 24254: 1, 24243: 1, 23651: 1, 21329: 1, 21750: 1, 20215: 1, 23479: 1, 21533: 1, 19262: 1, 24713: 1}
2025-09-10 14:22:52 - root - INFO - 验证和对齐数据 完成 - 用时: 0.0s - 内存变化: +0.0 MB
2025-09-10 14:22:52 - data_validator - INFO - 统一distances长度为: 21656
2025-09-10 14:22:52 - data_validator - WARNING - 细胞 GasdE701022 的decay_values被截断从 23801 到 21656
2025-09-10 14:22:52 - data_validator - WARNING - 细胞 GasdE701023 的decay_values被截断从 25062 到 21656
2025-09-10 14:22:52 - data_validator - WARNING - 细胞 GasdE701033 的decay_values被截断从 22430 到 21656
2025-09-10 14:22:52 - data_validator - WARNING - 细胞 GasdE701039 的decay_values被截断从 23347 到 21656
2025-09-10 14:22:52 - data_validator - WARNING - 细胞 GasdE701043 的decay_values被截断从 23979 到 21656
2025-09-10 14:22:52 - data_validator - WARNING - 细胞 GasdE701046 的decay_values被填充从 21054 到 21656
2025-09-10 14:22:52 - data_validator - WARNING - 细胞 GasdE701053 的decay_values被截断从 21994 到 21656
2025-09-10 14:22:52 - data_validator - WARNING - 细胞 GasdE701062 的decay_values被截断从 23387 到 21656
2025-09-10 14:22:52 - data_validator - WARNING - 细胞 GasdE701067 的decay_values被截断从 22721 到 21656
2025-09-10 14:22:52 - data_validator - WARNING - 细胞 GasdE701072 的decay_values被截断从 23443 到 21656
2025-09-10 14:22:52 - data_validator - WARNING - 细胞 GasdE701073 的decay_values被截断从 23404 到 21656
2025-09-10 14:22:52 - data_validator - WARNING - 细胞 GasdE701094 的decay_values被截断从 21686 到 21656
2025-09-10 14:22:52 - data_validator - WARNING - 细胞 GasdE701106 的decay_values被截断从 24131 到 21656
2025-09-10 14:22:52 - data_validator - WARNING - 细胞 GasdE701135 的decay_values被截断从 22448 到 21656
2025-09-10 14:22:52 - data_validator - WARNING - 细胞 GasdE701141 的decay_values被截断从 21935 到 21656
2025-09-10 14:22:52 - data_validator - WARNING - 细胞 GasdE701173 的decay_values被截断从 25518 到 21656
2025-09-10 14:22:52 - data_validator - WARNING - 细胞 GasdE701177 的decay_values被截断从 24873 到 21656
2025-09-10 14:22:52 - data_validator - WARNING - 细胞 GasdE701185 的decay_values被截断从 22243 到 21656
2025-09-10 14:22:52 - data_validator - WARNING - 细胞 GasdE701193 的decay_values被截断从 22897 到 21656
2025-09-10 14:22:52 - data_validator - WARNING - 细胞 GasdE701198 的decay_values被填充从 20113 到 21656
2025-09-10 14:22:52 - data_validator - WARNING - 细胞 GasdE701204 的decay_values被截断从 22699 到 21656
2025-09-10 14:22:52 - data_validator - WARNING - 细胞 GasdE701239 的decay_values被截断从 24782 到 21656
2025-09-10 14:22:52 - data_validator - WARNING - 细胞 GasdE701246 的decay_values被截断从 23409 到 21656
2025-09-10 14:22:52 - data_validator - WARNING - 细胞 GasdE701281 的decay_values被截断从 22565 到 21656
2025-09-10 14:22:52 - data_validator - WARNING - 细胞 GasdE701286 的decay_values被截断从 21774 到 21656
2025-09-10 14:22:52 - data_validator - WARNING - 细胞 GasdE701293 的decay_values被截断从 24866 到 21656
2025-09-10 14:22:52 - data_validator - WARNING - 细胞 GasdE701313 的decay_values被截断从 22415 到 21656
2025-09-10 14:22:52 - data_validator - WARNING - 细胞 GasdE701318 的decay_values被截断从 22183 到 21656
2025-09-10 14:22:52 - data_validator - WARNING - 细胞 GasdE701333 的decay_values被截断从 21720 到 21656
2025-09-10 14:22:52 - data_validator - WARNING - 细胞 GasdE701368 的decay_values被截断从 21776 到 21656
2025-09-10 14:22:52 - data_validator - WARNING - 细胞 GasdE701369 的decay_values被截断从 22810 到 21656
2025-09-10 14:22:52 - data_validator - WARNING - 细胞 GasdE701370 的decay_values被截断从 23989 到 21656
2025-09-10 14:22:52 - data_validator - WARNING - 细胞 GasdE701371 的decay_values被填充从 20082 到 21656
2025-09-10 14:22:52 - data_validator - WARNING - 细胞 GasdE701384 的decay_values被截断从 22585 到 21656
2025-09-10 14:22:52 - data_validator - WARNING - 细胞 GasfE703002 的decay_values被截断从 23237 到 21656
2025-09-10 14:22:52 - data_validator - WARNING - 细胞 GasfE703017 的decay_values被截断从 23636 到 21656
2025-09-10 14:22:52 - data_validator - WARNING - 细胞 GasfE703055 的decay_values被截断从 23112 到 21656
2025-09-10 14:22:52 - data_validator - WARNING - 细胞 GasfE703057 的decay_values被截断从 24254 到 21656
2025-09-10 14:22:52 - data_validator - WARNING - 细胞 GasfE703093 的decay_values被截断从 24243 到 21656
2025-09-10 14:22:52 - data_validator - WARNING - 细胞 GasfE703122 的decay_values被截断从 23651 到 21656
2025-09-10 14:22:52 - data_validator - WARNING - 细胞 GasfE703130 的decay_values被填充从 21329 到 21656
2025-09-10 14:22:52 - data_validator - WARNING - 细胞 GasfE703154 的decay_values被截断从 21750 到 21656
2025-09-10 14:22:52 - data_validator - WARNING - 细胞 GasfE703160 的decay_values被填充从 20215 到 21656
2025-09-10 14:22:52 - data_validator - WARNING - 细胞 GasfE703163 的decay_values被截断从 23479 到 21656
2025-09-10 14:22:52 - data_validator - WARNING - 细胞 GasfE703167 的decay_values被填充从 21533 到 21656
2025-09-10 14:22:52 - data_validator - WARNING - 细胞 GasfE703172 的decay_values被填充从 19262 到 21656
2025-09-10 14:22:52 - data_validator - WARNING - 细胞 GasfE703185 的decay_values被截断从 24713 到 21656
2025-09-10 14:22:52 - root - INFO - 创建了 49 × 21656 的decay矩阵
2025-09-10 14:22:52 - root - INFO - 创建AnnData对象: 49 细胞 × 21656 特征
2025-09-10 14:22:52 - root - INFO - 转换为H5AD格式 完成 - 用时: 0.0s - 内存变化: +13.1 MB
2025-09-10 14:22:52 - root - INFO - 保存H5AD文件: /Volumes/SumSung500/CSU/0_HiRES/4_contact_decay_profile_2_h5ad/json2h5ad/output/stage_E70.h5ad
2025-09-10 14:22:52 - root - INFO - H5AD文件已保存: /Volumes/SumSung500/CSU/0_HiRES/4_contact_decay_profile_2_h5ad/json2h5ad/output/stage_E70.h5ad (4.5 MB)
2025-09-10 14:22:52 - root - INFO - 处理摘要已保存: /Volumes/SumSung500/CSU/0_HiRES/4_contact_decay_profile_2_h5ad/json2h5ad/output/stage_E70_summary.json
2025-09-10 14:22:52 - root - INFO - 保存H5AD文件 完成 - 用时: 0.1s - 内存变化: +5.6 MB
2025-09-10 14:22:52 - root - INFO - 处理完成: 397.4 MB (+160.2 MB from start)
